9
72
9
123456771
123278184
896
6
0
24192
48
200
1800
3528
315
0
24
9450
36
11664
123456597
123345657
216
121951509
2
8640
5
2352
4
123455061
9
5
20
2688
13440
9
9
60
4320
48
7
40
6
7
122133789
5
35
42
12
3
9
123456781
294
123456537
756
40
3645
28
123048549
784
123456753
448
0
48
27
512
576
40
123456429
0
35
441
1512
392
6912
4536
8
126
123451605
123456717
8
8
7200
18
252
0
9
0
63
42
256
0
15552
123456787
21
123456729
6
123456785
4
324
280
40824
15120
504
4
4
63
24
2520
0
123456765
192
9
8
123456740
32256
7
9
448
1134
96
123431701
123310989
3780
9
6
0
243000
108864
96
7560
8
123456777
90
135
123456773
81
9
4050
1120
324
1032192
123270165
8
123456786
432
16
123451389
123436629
0
8505
2430
123455169
2
123456784
9
8
123456762
245
35
5
123455439
9
2
123456709
8640
72
5292
0
432
32
123456747
144
486
123456564
504
9
5184
252
150
123456740
22680
1
617400
360
60
1944
3840
6
123456787
123456771
9
123456749
63
240
8640
672
2
4032
0
4
9
336
1
63
9
357210
0
2268
27
36
9
12096
1
3
123397989
112
0
32
69984
123454229
1728
56
972
6
63
9
9
0
72
8
9
53760
672
56
14400
1
8
123456453
123430869
2560
36
8
504
576
5
0
123456759
123456783
175
9
7
123456788
123456749
123456303
30240
48
9
6075
45
600
648
3528
123456744
5
27
2
123456779
9
1
441
8
8
72
4
5
5670
123456645
40
9
225
8
19440
123456757
121777173
3
9
81000
4
360
6
0
720
4608
16
0
0
3
72
800
224
123456781
40
136080
123456788
3402
116640
1440
3
9
600
6
123451029
896
121392405
27
5
168
30
123456453
48
16128
480
2
378
3
839808
123456465
1536
1568
4608
1458
4050
15
18
36
36
18
123456765
9
320
972
405
336
3600
123456661
16
0
72
123456546
12
504
18
2268
576
123456725
1
8748
16
420
300
0
30
2000
2304
10752
8
5
1620
63
20736
2
0
72576
123456627
729
1296
6
119070
4
80
248832
49
8
5
42
648
54
24192
118480149
8
1008
2764800
122354541
8
123456771
4
0
123456565
4320
81
13824
336
4096
0
32
648
216
63
123456788
0
3
8
1200
225
2352
54
0
30
6804
900
123456693
9072
8
2
420
32
123415965
6
123456786
2352
123456787
3
31752
6
4
480
123456781
5184
2520
6
0
123451389
238140
360
15552
9
6
9
432
123456069
123449877
625
1536
504
56
123456709
28800
128
384
3600
123456786
45
123456465
25200
24
7
24300
9
3
32
576
3
6
144
0
25
15552
3
9072
54
576
1680
0
288
995328
3
729
6
648
108
1296
280
123456573
116640
117578133
5376
54
4
216
82944
123456465
9
32
34560
123456773
176400
123456782
144
378
135
8
123456781
30
7
123456501
54
180
5488
9
123375141
192
63
123361533
16200
896
123456754
144
1120
72
9
123456775
16
20
320
8
3
27216
5
320
123456621
20
9
4096
4
123075765
315
240
420
0
8
123456783
81
160
64512
0
36
15750
6
8
79380
30
1260
123456787
0
10584
123456749
2205
16
1680
9
432
8640
123456747
24
8
4320
18
123456787
147
121590549
107520
14
123456753
25
0
2
2430
2688
123456621
16
5760
63
123456114
123308613
5376
6
648
20412
123456729
3
9
567
64
2
32
180
21
420
27
5376
36
123456465
23040
222264
16
9
0
20
392
8
123456717
54
0
15
8
0
123456787
63
108
81
504
54
8
12096
10800
9
196
123236289
45
36
2058
4704
7
49
6
5
126
8
6
0
123456788
2646
2
123452253
123456777
72
0
2580480
9
123456749
123456765
2
23520
72
360
123456769
123456597
123456757
56
123456627
3
432
1764
5
75600
3
0
3780
170100
168
4
64
0
0
392
5
36
8
45360
384
9
419904
1372
3150
8
121170645
1728
2916
98
123456249
175
45
25
9
7
35
81
8
420
5
0
123429909
10080
4
71680
448
20160
5040
8
123454197
48
3
1071630
4
64
12
72
2025
441
123456565
46656
8505
480
3645
123266277
233280
34560
7
25
224
0
54
11664
30
24
3
25920
54
288
360
27216
123293493
48
12096
60
81
384
324
0
64
36
1701
0
4
0
123456783
9600
0
2592
18
216
72
1008
2240
560
1764
123311637
1
49
49
123449229
480
1680
10584
48
3920
48
8
2
123433749
486
0
30
6
27
123315669
3
30720
9
3
123425037
65610
699840
160
5
8
30
630
244944
123439509
896
24
2
6
64
69984
0
288
84
2160
4
72
56
4032
42
675
23814
123456741
63
3810240
864
9604
42
123456741
9
0
56448
480
123456725
4
30
21
7
42
0
123245109
4608
5
72
16
13122
21
123417099
5
36
6
123454089
441
122139669
2688
280
16128
5
123446421
30
13440
48
72
56
48
9072
3888
7
72
192
18
54
48
20
32
497664
27
378
49
27
168
6
123450069
30
8
3
1152
217728
6
224
72
81
2592
0
4536
8
5760
81
123456757
210
11520
448
93312
720
27
47628
648
7
378
3600
8192
315
2100
123456397
8
3
9
448
18144
123451929
1296
0
123456771
0
123456786
81
8
9
486
486
12
123456779
123456733
45
12348
48
280
864
0
2880
2688
8
144
123456783
7
576
123456783
7
123252669
0
8
29160
2520
4
384
480
0
18
56
30
81
123456782
7
8
54
123456779
28
840
42
123456754
123454629
2240
120
210
9
8640
123456786
40320
32256
1
56
432
5
18
625
7
18
6
576
56
98304
72
1440
0
81
0
6
72
115618581
448
16
1
123456693
123456753
42
5250
6
123455817
123455109
13122
9
17010
18522
123456780
6
1728
280
288
144
30
49
392
432
7
8
302400
8
123456573
123449229
20
8
30
63
5376
0
123456775
1693440
4608
0
7560
4
144
2940
72900
6480
0
2800
11520
882
72
63
0
15
320
90
3
70560
102400
56
135
36288
0
5
9
150
123456769
9
196
1200
123456744
1008
288
12005
8
600
0
0
576
64
123456784
72
123456773
15120
0
42
0
64
288
123361533
123456780
216
72
5
192
20
8
4
5184
123447573
123456614
123456784
2520
0
0
3360
2
17496
123456786
4
240
5
189
72
45
23328
1080
123456501
45
6
128
55296
9
4
56
168
42336
7560
2016
180
5
9
30870
3456
56
123372117
6
30
756
3024
20
10800
140
15
123455169
0
123456719
39690
0
18
448
9
123456759
36
12
66150
81
576
243
6
0
123436629
2268
72
8
123410709
840
9720
123446583
192
21
17150
1440
123456788
72
123453717
123454437
2592
504
35
80
9
5
123436629
9
8
123456764
288
9408
81
123441669
45
0
0
1944
81
123455907
294
2520
0
752640
64
1728
36
252
123456779
1296
0
3528
6
384
12600
18
49
504
240
120
9
270
486
810
5120
35
123456788
108
0
123452949
12
81
252
54
196
123456757
81
6
192
846720
280
5103
0
326592
180
5184
123455925
9
123456785
2880
154350
123456785
72
2
63
9
123456677
2688
63
7560
15120
7
63
2016
72
588
0
134400
3969
995328
41472
81
211680
2
3456
9
18144
21
123434919
1512
30
7
122078979
123456565
9720
96
9
24
1728
123456740
12096
123454539
18
2177280
270
1008
504
3
336
32
2268
9
42
2
123456469
0
72
4320
81
123349269
18
6
9
576
9
35280
1620
8
123451301
504
81
9
6048
0
123450741
144
123456754
2160
6
4320
24
0
108
123456549
8
9
2352
28
7
28
6
22680
2016
24
648
243
810
175
25920
123456735
8
2592
123456357
32256
150
216
0
4
0
81
3
280
270
36288
8748
8640
1270080
8
123456765
123455349
8
0
288
123456453
0
123456753
63
3024
36
123456693
20
5
162
4
270
48
123456788
1050
6561
0
1440
0
7
3920
9
0
123093909
110592
122095989
4
36
123455277
567
7
56
729
0
23328
5
1440
20160
896
120
567
1728
7
2
4
48
63
32
15552
123446205
864
23814
224
1800
25
486
648
36
123255189
2646
108
63
3528
6
8
5
0
123456788
720
40
32
42
280
42
7938
9
3000
66150
54
4050
5
9
3500
7
7
123456705
324
7
8
8
1008
336
8
1088640
5
123452757
32
123442965
64
3
432
0
12960
0
0
20
129600
48384
72
28
0
42
10
72
0
7
576
3
90
123443349
2205
8
42
1280
0
12
169344
123456775
35280
40
432
123456114
123456785
56
1806336
486
648
9
12288
123456573
0
42
384
4
19845
4
336
504
81
27
9
123456735
11520
3024
441
294912
72
4
123404949
123456773
123229989
36
2
864
0
9
37632
48600
2016
288
2688
2160
0
48
392
40320
4
72
7
72
10368
8
0
32256
0
4
30
123456761
123238089
123425685
123456757
48
8
123402357
500
54
56
123053589
122719509
15
720
29160
123456788
3
0
123454485
123299289
43200
7
123379029
123456664
4374
0
1350
0
6
56
280
28
40
15876
192
123443829
12600
9
1
123446205
7
45
360
15
4
25920
9
81
123456429
49
84
40320
4725
245
240
1344
32
54
0
72
2880
123446583
123456783
2592
0
0
5
6
175
280
2
12
112896
123455949
0
0
14
8
6
1008
5
9
123456782
123456784
123069717
10
4
9
63504
8
24
2880
63
144
9
123311637
12
9
2880
64
315
45
123413781
8640
378
112
15876
123456788
0
64
63
0
123456645
123456768
54
4032
123456788
24192
72
252
200
14
9
2
378
2
123456769
56
28224
8
40
12192768
72
8064
6400
27
2187
288
24
63
123456779
63504
7
48
73728
123456717
189
24
123454989
1
9
17280
4725
18
7
1741824
42
123456765
378
256
28
20
7
6804
20
9
378
63
7
3265920
123456749
169344
3888
19440
7
9
1323
448
216
32256
1008
14
0
36864
12
4
384
9
4
0
648
96
123456785
5
8
123456761
56
81
123456759
160
123340149
270
378
378
9450
11664
123455445
180
123452901
2592
72
123456309
1536
0
7
441
17010
2304
1260
7
2268
6
648
1280
0
1
4374
2430
122903829
8
8
123033429
116489493
0
2916
2688
72
0
7776
8
42
7
25
5184
16
8
3456
336
5
123455709
1575
0
54
1512
144
240
2
336
72576
20736
9
336
123456733
63
0
5103
123456762
4
123455829
113400
123456627
1
6
7840
123454197
288
800
0
8
1080
8
123456785
186624
6
2
6048
123361533
540
123364629
100800
112
123456747
648
7776
1458
0
32
5
123455389
8
8
16
81
1134
123455925
15552
7
63
9
3
64
3
30
2
7
90
777600
1800
720
288
1470
40
7560
123440913
504
8
0
0
56
121908501
123375141
123454773
42
504
1080
8
123456733
0
0
81
80
4
1800
1458
8
4536
25
0
675
18
378
45
123456777
9
8
123456229
1680
20
8
123456784
9
2
1764
22680
216
123442389
9
4
115248
20736
5376
7840
0
5
0
123456785
360
123456663
0
7
0
378
1440
5
729
119693589
5184
14700
32
36
432
6
123456726
5184
2
72
96
324
2
122912469
5
16464
224
39366
2
4
3
9
123456693
8
4
0
24
448
211680
9
81
123456786
1389150
64
123456782
42
0
20
4374
0
5
567
6912
0
9
8
123456786
15
1143072
4200
35280
123456757
9
42336
56
448
50400
18
9
123316821
27
123454773
38880
123456753
1920
400
2940
12600
1400
123127509
56
64
123408405
123456740
720
8
30
123456765
48
360
9
7560
1728
9
123456759
648
12
7
1890
123456788
7
336
5
1
48
729
123456773
6
28
0
42
252
0
2688
846720
2240
7
54
63
15120
512
20160
123456781
48384
270
123376149
3
180
123456749
6
378
6
1620
34560
123456741
123456782
81
518400
92160
16200
288
2592
7
123456781
56
108864
483840
1152
80
12544
35
8
392
14
93312
5
50
9
3024
217728
48
9
4
6048
288
64
36
45360
4
56
120
6
123456669
56
123456741
25
72
96
560
240
8
3024
5
123455655
252
4032
141120
4374
35
49
320
123456785
10
6804
81
24
5
18
768
6912
45
20
6300
63
3024
360
8
7
1296
123456769
123456773
123456384
150
3024
54
123456717
5
8
123456719
56
10368
30
648
8
123456285
6048
123456786
123456788
3024
108
81
3600
37800
123456749
9
0
6720
1008
5184
8
6
36
0
8
8
30
14112
2400
6
9
7
8
2
4
40
72
6561
4374
10
7
56
0
0
21
63
24
9
23328
43008
3
123456764
9
25920
14
8
1008
504
1792
6048
123455925
216
123456784
5
9
144
144
123453114
175
1944
72
28
32
123456782
3087
123456509
9
36
2592
14
9
10800
64
98784
6
224
3840
0
81
0
28
56
0
405
5
486
290304
1323
123456663
144
735
22680
1920
8
3528
3
12
2
903168
63
6
0
7
123456277
49
1080
35
123456788
123456785
9
504
9
42525
6
1920
21870
1260
123451413
45
12
21504
0
4
123456411
3
51840
3
9
576
123456757
122407029
48
0
48
64512
864
3136
20160
315
360
504
81
480
196
0
0
288
123452415
5
32
2560
729
9072
5
315
18900
648
5
1
123456754
123450957
123429573
1440
7056
123440661
123456785
5
0
36
36
9
123455253
0
1440
198450
1080
123456519
54
216
1920
1008
0
72
9
252
3024
2
1632960
392
123456784
2352
9
9
60
5832
216
36
36288
32
14112
0
10080
123456691
5600
14112
4
6
3
37632
123264789
123456787
120
123456771
77760
576
123456779
8
64
72
840
15
20412
57600
72
4
9
192
233280
1728
72
7
63
0
25
448
48
27648
24
2
54
0
0
3780
63
9
123456784
123456785
42
42
6
0
8
35
4
320
8
9
768
28224
27
123456761
0
16
77760
54
95256
9
4032
72
864
8
3528
123456597
2058
72
123456771
17010
123456549
123453429
2
315
378
1029
9
0
123456754
123456749
8
0
123456141
40
9
3
100
6912
15120
123447717
36
8
516096
1568
123456773
216
9
12
123456663
768
72
48
60
864
600
512
42
630
9
42
192
1296
4480
2592
123456357
8
1890
49
123456621
35
123456781
504
123456761
19200
123456774
320
72
6048
189
0
4536
8064
0
123456717
123456787
1
0
123438869
15120
8
123456733
576
16
0
2835
648
1440
2
162
9
4800
32
9
64
9
6
49
96
675
2
123456773
108864
123456733
0
81
20
7
1
216
123454485
108
9408
10160640
123456303
123456579
8
945
54
25515
6
123456649
240
56
324
30
3888
5
8
0
648
20160
189
123456747
64
123439293
378
0
25
1
8
54
512
14
336
54
40
0
123333309
48
0
0
81
7290
0
123456786
91854
123456744
56
4536
6
72
8
36
123456649
16
0
9
8
5
192
72
123310989
392
123456749
61236
1008
768
384
54
0
123448725
123456465
5832
288
36864
4
28
571536
4
630
54
15
476280
123456754
9
252
1260
123456787
9
72
2560
63
30618
46656
315
512
168
35
5
720
72
6
123454989
36
180
64
290304
7
123359589
9
6
0
72
1080
81
9
7
9
96
125
480
1008
1134000
270
9450
6
4608
2688
6
6
123430869
128
16128
0
5
24
324
0
123448851
125
2160
123456780
0
6048
140
240
43200
8
123452949
3584
45
123456663
2160
4032
121590549
123456741
48
35
57600
1764
12600
72
1620
864
486
0
8
0
123456654
123456785
123394581
9
7
112
960
123456645
15552
1260
5
123456341
123456765
28
25920
16
630
35
81
123456753
6
123456549
1152
8
56
29400
48
1134
326592
504
56
0
210
3
123455493
441
30
5
54
324
3136
4
123456117
6300
30
252
0
5
17640
1152
9
9
6
1500
8
0
123456761
33600
0
56448
320
8
8
9
123455061
119070
7
9
5
5
5
12
2
180
123431701
123411429
28
5
21600
36
123456649
121123989
64
0
0
8
123456784
56
518400
58800
3456
8
123456708
63
21600
0
123456725
0
4
123456564
3
12288
1260
36
162
14
26460
20
63
2240
123456788
8
486
0
113779989
123456783
360
24
0
123455637
162
123456654
896
7
0
8
20
64
72
1050
8
192
2304
0
160
0
105
9
16
45
54000
6
54
3528
6720
13440
108453969
1
9072
96
5
864
2268
121670739
2
123456780
123207957
27
4608
7
1620
123456785
5
0
120960
42
0
2
8
123415317
1
224
24
123456785
9
64
33600
2
0
2160
4
0
18
54
56
123456781
648
252
378
995328
1701
432
0
1296
52488
56
123455781
1260
123398469
72
0
122927589
81
9
9
56
17010
36
123456213
6912
25
27
5
2520
216
8
6
2688
672
49
81
123456717
1080
35
9
6
123456733
720
4
15
72
144
17280
9
0
123453189
140
14175
16
12
8
592704
123456761
123456303
392
3
12
3528
0
3
123453333
653184
1296
1764
9
1
8
9
240
64
7
123455979
9
9
2646
2352
405
123456786
23040
81
123456788
30618
0
63
14
9
378
1280
80
40
1944
672
540
36
4
24
3528
0
123456788
14112
720
8
6
0
2
729
3528
72
64
4
123439509
123455844
0
504
1680
36
112167189
243
123456783
28224
336
677376
0
123456773
5184
123456744
36288
2
756
3
56
35
0
36
405
72
512
280
81
8400
6
432
42
640
123455613
28
42
96
2592
0
3
384
567
56
5
63
1512
2
6
0
9
32
9
5
1680
1152
576
1120
123237269
6
15
90
40320
1440
180
1890
40960
123456573
3888
123456765
94426389
270
9
1764
3240
123456693
588
72
7
32
9
81
24
9
49
123447339
6
123456141
123456780
486
1
3240
0
7
1728
8
120
42
0
32
6912
7
504
81
123456744
3402
123443829
576
0
32
81
9
8064
504
378
0
7
6048
9
15
3
32
58320
18
756
270
168
48
36
123456753
123315669
6
7
2160
123453639
441
9
123439779
4
0
5832
123371739
8
123456645
63
123456645
1960
18
30
9
8
8
0
48
128
54
162
25
980
32
5184
64
648
72
64
486
0
192
336
7
8
0
15552
0
35280
2016
123456629
0
7
384
123456549
123456779
56
123456782
9
123456573
6
216
7
123456747
207360
42
5832
28224
7840
123456783
123310989
504
5
0
4
100
5
9
0
12
5
72
80
0
40
42
123456781
200
123456781
123456439
123456773
81
48
8
63
6
216
72
30
7
72
6
8
0
504
378
43200
0
7
12096
56
123456285
42
162
12096
11520
123456762
63
5
168
123456783
123448725
123455493
123456777
0
98
0
221184
270
6
120
0
15
51840
63
40
20
9
123456733
123456765
123456725
3
6
384
9
9
200
9
10
1960
729
42
36
123456777
5
9
441
1800
7
1280
7
864
64
168
13824
1
0
245
490
0
63
1008
135
405
123430869
8
123456213
1
4608
8
35
4200
30
8
1568
123456765
180
35
48
0
225
1
307200
123453009
123160437
3024
20
6
123451389
75600
123456773
24
338688
123456645
10080
108
0
123456733
46305
0
81
3456
384
87480
123456786
336
123456741
122959125
123456495
6
9
105840
3
7290
24
4
11664
140
9
2304
10
3136
123456744
2
448
6
140
0
9
18144
161280
9
24
123456749
45
14112
6804
5
0
294
7
36
128
100
56
420
36288
48
5
0
5
150
2400
56
56
56
189
10
6
336
150
5
122424597
9
3600
64
72
21
72
5
84
63
56
15680
8
123313429
3024000
270
123456744
123456785
360
123456565
4
6
7
123454485
79380
123456780
162
4800
54
980
123456781
2688
144
4
236196
3
4200
15552
142884
504
63
9
72
336
123456645
123456573
2916
123454989
24
336
123444693
630
48020
882
6
36
160
324
123437589
900
123456753
123456786
9
123456765
56
120
35
2520
4
123456754
8
25200
2520
8
123456784
45
1568
56
123456749
32
123456699
6
54
8
150
49
9
2592
8
54
10368
504
108
123418389
123456749
36
3528
63
3402
5715360
1008
4
84
123456749
7
8820
8
84
8
112
36
60480
9
8
4
0
123456533
8
5
8
31104
9
13440
63
414720
756
136080
63
56
8
2160
1512
18
1
24
90
1008
3
64
1715
122912469
5
5
90
336
9
7
48
123456689
0
123455925
6
90
123456761
123456741
15
8
9
8
6
294
0
1715
123419925
2
7
15680
123456785
9
36
29160
175
810
54
18144
196
0
0
224
7
8
9
123453429
252
216
6
123446421
123456788
123456735
72
0
123456733
1008
72
5
36
0
10
2160
63
196
432
42
4354560
14
123455277
72
648
60
336
0
9
128
1944
504
360
1260
123456537
1512
378
15
54
9
7
45
18
123456787
0
38400
7200
63
72
123455781
123456564
9
16
2
123456600
5
12096
486
123209829
81
123456749
81
144
5
5
216
648
123436377
648
81
20480
123455445
119424789
8
1350
5
16
72
432
21
252
112
7
32
123456783
18816
1890
4
675
9
64800
25920
123456446
105
0
53760
123441429
63
2
0
72
3
31752
0
56
980
1260
123449229
144
35280
1
280
1344
653184
123456784
1
4
1176
432
123439509
9
123456645
8
168
10800
123456729
8
2
56
81
123454689
48
64
72
123456765
864
123455061
123456782
24
72
123456787
1
28
1800
324
144
8
0
1
8
0
123449439
7
7776
90720
24
338688
432
2304
123434109
280
9000
0
1680
112
320
768
504
15552
8820
120
140
20
36
864
3
192
8
7
123456753
123456783
123456600
448
14
27216
9
432
7
45
7
42
0
123456788
4
622080
5
49
9
2160
9
8
0
9
40
63
3584
2916
81
210
9000
1296
12
2646
216
10752
3
2688
63
14406
576
123456777
8
123456764
64800
27
123350949
4096
123456754
18144
9
54
7
128
240
12960
6
123456786
200
7
510300
63
9
241920
63
62208
125440
72
672
3
1
324
210
64
9450
0
0
96
72
4
400
123456691
123226389
5184
63
10976
311040
4
18
15120
9
7
6912
6
4
48
2240
123456787
49
42
2352
25
18
840
2
6
7
7
14
36
0
2
80
72
4
1143072
8
27216
8
42
162
294
9
35
233280
3
123456564
123440661
5
9
1555200
7
0
123456787
100
12
123456453
16
90720
58320
123335829
125
4300800
288
123456546
8
280
9
8
135
10
9
1
135
0
48
163296
0
6
5400
9
9
630
1296
0
6
123456501
6
7
378
42336
8
6480
122202389
4032
0
12
672
9
900
2058
6
4
72
648
42
31104
72
120
123456573
6
0
240
123455709
800
18
1296
72
123456788
0
18
4
123456783
30
123456783
324
1008
123456788
9
123239061
43200
6
27
512
123456787
18144
2205
123456495
54
315
56
63
2835
0
294
123329781
81
441
1280
81
0
81648
80640
256
123315669
5
486
216
49
123456787
5760
7200
14
42
16
123456735
324
80
0
1620
10368
123420501
40
567
4
1536
128
1215
0
6
432
122946489
20736
8
42
9
2592
50
56
24
122912469
5
72
0
504
14
58320
6
9
1
123456579
7
8
0
6804
5184
6
8
54
168
9
1000
5292
9
24
8
529200
5
123456733
123447829
3528
72
3888
49
6
1728
1
486
56
7
7
168
8
12
123353109
504
1152
645120
9
0
0
13824
54
123366069
210
1920
64
72
3360
123456705
72
0
288
123456213
12096
180
123456788
2880
768
4
5
2
288
27216
27
315
40
123456725
4
0
13122
123456735
0
1024
480
1
4608
123033429
800
6048
72
387072
432
37800
122793237
8
272160
294
123456747
25
98
16128
9
108
6
180
6
8232
123449985
4536
63
12
252
0
5832
180
86400
123433461
123456303
7
10368
420
252
140
3
7
16128
123456785
32
75600
96
62208
123456654
25920
123456609
123358485
188160
6
30
9
192
9
0
504
9
3780
405
1400
450
63
123454997
6912
147000
56
3
122368149
0
384
9
72
90
63
1680
0
211680
0
121619709
0
56
1
9
2
42
504
30
7
360
3360
9
762048
48384
11520
1764
504
5
174960
36
123456726
10080
20736
8
4
60480
8
40
123024789
123454485
1960
56
122313717
168
4
6
123416469
84672
4032
480
244944
0
8000
123450909
36
123456771
123392277
15
8
8
12960
19208
6
123456784
8
123456782
123456788
81
80
0
123456757
648
54
54432
56
192
3402
123444189
216
6300
0
1
55296
56
1944
123455169
0
1134
27
5
0
3072
280
2880
81
8
8
270
140
6
126
7875
1512
1800
63
123456785
1620
504
123456762
9
72
540
268800
48
8
0
3
123456627
63
2592
123440661
0
123456677
7
123456785
11760
3240
45
23040
0
6
123456773
12960
6480
123456777
32
42
123456693
0
0
324
448
90720
24
12800
123446549
123440589
25
6720
729
840
1
123455664
280
1
9
123456397
123454485
72
567
9
504
17280
23328
123456784
40
54
0
10
0
123456681
252
0
1008
72
28224
27
63
7
46305
14
1
4
1680
336
123456693
30
0
63
23040
3136
72
1512
105
392
35
81
6
0
35
72
336
315
252
392
86400
324
8
25920
2
336
0
9
13608
4
14580
49
144
9
8
123347925
0
43008
168
900
54
8
525
5832
84
14
9
56
123456788
8
9
5
392
7
378
123456785
150
123456784
576
123456777
9
7
9
15120
36
0
17496
225792
7
3
315
4
123448689
16
123372117
36
32
42
1224720
123456609
8
6
8
72
0
420
192
123456645
40320
63
0
3
48
0
1152
123456785
1344
32
6
2520
9
378
0
6
263424
1728
0
20
168
123456780
453600
7
7
7
40
7
54
10368
0
0
0
2257920
7
224
2016
4
9
1512
6
123456779
48
3
8
6
54
6
27216
0
123456299
7
100800
42
0
123451605
4
4032
48
4
123454269
324
64
123456759
486
123456768
4096
123456159
11520
5
21
123454521
60
9
9
28
24
123453849
35
4
0
123456663
432
180
3024
42
45360
8
123456741
4608
0
42
6804
1260
123456579
7
3402
64
8064
123456773
5184
122972949
3024
441
288
45
6
35
0
123429573
180
20
7560
0
2880
24
324
48
1259712
7
3
122337045
123447189
9
9216
123456788
0
2268
0
1512
0
123451989
32
24
6
4
36000
0
7
6804
54
0
8
81
7
42
0
750
17920
63
29160
20
48
9800
588
432
123456693
2160
1088640
62208
7
54
270
8
6
63
0
315
8
123456114
0
23328
123456597
81
123456788
0
576
6
47250
0
123456645
6
864
0
28
12
2916
6
123456645
108
123456753
4
123456771
7
5
288
54
4536
123425685
288
45
3024
6
384
123452949
8
0
0
161280
64
567
123451413
35280
123456788
216
123446709
72
8
7
648
3
1008
7
1575
7
0
840
9
2520
3456
122889789
9
0
45
7
720
123456597
7776
4
27
33600
25920
64
36
56
480
27
7
4200
7
5625
12
123425429
38880
45
34020
34560
9
324
123456788
0
16
6
123456785
123453765
0
24
136080
123455189
124416
3584
0
10976
4032
0
1
7
46656
27216
24
120
5184
588000
9
2880
48
3456
24
483840
360
122727789
3024
0
5
64
122903829
123268629
9
72
123456765
252
56
6
58320
8
48
216
9
72
3
20736
12
2160
90
6
49
0
1176
6
123451749
123425685
784
378
1
8
9
280
43200
8
1050
175
0
6
42
123456600
5400
9
123456785
0
252
2
48
4
72
9
432
42
50
1890
3402
28
0
169344
1
16
6
36
2025
9
5
7
72
168
5376
9
8
648
7
405
8
7
123456786
0
512
122666517
8
25
80
30
4
35
123456783
2304
136080
0
1260
36
1764
24
324
64
8
0
0
81
6
123456744
7
9
0
16
320
7
9
27
1
0
432
8
123003189
123422229
567
48
123434919
123434109
40
6
0
8
123295509
5
45
63
4
126
62720
5184
3456
72
4410
12544
192
10752
972
432
7
26460
123451686
8
36
2
27
9
8
6
9
0
42
11340
0
388800
6912
123444693
270
0
2688
6
123456565
25
123454143
105
63
1
0
7
256
14112
8064
448
3920
123456726
14580
9450
45
81
123456787
128
435456
15
197568
0
24
216
4608
80
64
7
192
224
123456411
1179648
2592
360
9
123456735
12096
336
168
0
60480
896
9
80
3
30
2016
123456785
15120
252
123456621
120432789
288
25200
6
9
378
20736
230496
889056
30
24
9
0
64
108
9
420
441
518400
0
21
10080
9
175
729
6
9
78732
1080
7
123456757
20160
60480
34992
497664
2688
32
16
7
1620
7
2
56
123456765
270
3732480
5
0
9
160
1008
3456
6
0
123420789
378
540
7
63
1280
123456735
9
14
81648
0
720
42
2744
6
48
3
48
28
14
729
123421509
40
3
144
18
3888
48
144
48
168
6
36
121500
135
12
192
72
13440
6
8
576
81
9
72
294
7
21168
72
9
135
720
20736
5
63
56
18
20
123456222
5
168
36
2
8
8
0
7680
7
1764
0
432
2
123456573
72
0
3456
10500
180
63
9
45
123290901
123456741
162
123456788
12
211680
224
30
0
7
1296
5
100128789
0
0
21168
56
486
7
1440
123456788
1920
8064
140
123456781
123449733
40
9
6
103680
123430869
123480
480
54
4
123456773
123456021
20
14
4096
216
81
8
123456762
1764
123456519
4
120
672
2205
135
123180309
8
123456786
280
0
2
123456768
4
2520
9
240
8
0
24
4
56
6
123456759
196
648
123456784
1536
168
0
192
123456757
5
72
48
123456719
6048
123456642
86400
270
29160
81
8
4704
288
216
7
11907
1260
72
123411429
123456781
48
4
32256
3
10368
360
123456411
123456761
112
123456773
72
945
7056
2
123456663
1728
384
3024
8
1470
123456753
1260
336
123456699
0
21504
8
18
14
126
56
32
1728
3
6
24
288
0
10
42
0
116108469
8100
2
0
6
576
7
6
56
72
123445449
1960
7
5
123446709
123456429
42
11520
3
0
123456740
0
61236
123449229
123456501
84
1728
123391179
1568
432
3072
432
392
720
63
30618
90
5
121551669
5376
42
123456769
40
64
280
16
0
144
0
0
576
123456753
1701
169344
136080
123456775
3584
19845
115991829
4
1016064
3087
123455655
1512
123447969
10
72
3
40
123453387
1536
0
336
6
5
2
0
123456781
9
280
9450
4
123456669
2430
567
72
8
5
63
5760
2048
18
63
9
95256
28
504
40
123453702
0
30
125
123456627
0
180
123456677
0
72
123401493
123456781
123455277
123456782
70
5184
1
123456749
123456780
3
1
0
123456735
0
64
123456788
6
0
123456771
42
2
2560
123456759
560
9072
81648
1680
123456784
81
720
9
5
123456149
0
56
672
123456735
5
6
576
9
123456501
14
42
193536
123456783
1
123453009
6
630
9
0
72
56
123456781
162
5292
0
123456777
3
9
24
0
504
72
6
123456453
12
7
123456783
8000
56
123456741
8
576
4
0
504
6
0
9
378
3528
0
5
392
3528
123456786
8
0
20
7
0
150
48
6
7
4860
1575
2016
28
9
9
24
15120
0
123456749
216
123456757
8
15
0
72
3
123456589
4
168
225
25
6
18432
10
9
48
42
7
9
123456693
1568
241920
56
123456782
81
45
216
48
120
123456777
972
7
121279509
4320
35
49
134400
24
4
4
42
40824
0
81
2
504
6
576
1296
224
123456609
1680
9
9
8
9
72
45360
1200
9
150
32256
8
5
70
6
24300
8100
2744
0
1620
324
123456741
288
0
123456784
2016
5
224
45
18144
6804
2401
123456769
540
168
56
72
36
0
387072
56
7
6
30
8
3024
123456786
576
200
12096
8
72
63
0
92160
4
123455829
7056
123452415
360
123456285
4
8
6
3969
9
504
0
123456788
123456489
2
17010
7
8
16128
0
324
224
252
7560
81
24
648
54
360
81
9
504
63
378
0
4032
49
123456771
7
4536
123089373
1458
4032
8
8
112
280
504
720
6
9
7
2835
15120
5
123456784
12
1600
1050
123453873
64
1620
0
14400
123456609
6
72
123452901
3
378
123456783
7
28
72
6
0
123452820
1715
504
15680
8
448
72
64
0
512
12096
10584
192
9
288
216
123455061
4608
3888
4
56
5
240
120
0
24
0
81
120
64
0
2592
384
180
72
30618
9
123134229
0
3024
1568
6
24
123420949
7
320
4
196
81
123456771
63
9072
6
5184
0
123456786
8
1800
81
48384
720
3240
28
900
15
48
0
0
3240
2
123456784
48
2646
28
160
123456777
0
140
0
123456708
16
270
9
35
21
180
4536
20
324
0
4
8
123456784
180
336
123456501
0
7
483840
211680
1296
9
9
6
8
960
1944
123456773
181440
324
60
180
123456787
123456785
9
432
58320
123456781
0
0
25
8400
0
7
18144
1400
10080
23814
21
72
18
71680
4536
6
21
256
4
24
1400
648
40
49
432
0
56
6720
28
324
8
0
64
48
294
6
57624
56
20
136080
320
2592
1728
42
20
960
1050
0
181440
123456761
7056
12960
7938
189
0
16
10206
2268
25
123456549
2016
15
0
945
0
123456759
6
8
2
1944
116489493
24
4
14
126
0
24
31752
192
7
192
4
1920
13824
504
123452589
15120
381024
54
2400
123456645
7056
123456753
2
729
24
1
6
0
0
7
1764
24
13608
4536
0
57600
122473749
4
4200
9072
124416
9
123272469
162
123456765
11760
123456546
16
36
7
4
8
123456645
224
142884
5184
0
296352
9
504
324
75
270
123456649
123456785
3240
0
5120
123448725
62208
9
63
8748
720
3
4
283500
1296
0
123456537
0
72
392
20736
0
648
123456781
140
0
40
18432
0
56
81
90
768
12096
7
504
49
126
123384213
7
729
2
2
34560
525
54
378
6048
1344
72
18
200
8
216
0
36
56
3969
0
9
8064
14175
504
840
123456780
54
123456764
81
0
123456787
0
3
0
8
36
7200
0
123455637
36
6
648
0
5
4032
0
48
9
504
0
8
9
0
243
32
810
40
38880
81
42336
6720
4
378
81
0
2700
123456501
54
270
512
98
160
123456717
3
123456663
37800
0
64
72
3087
2
123456785
2592
96
288
123456509
56
123456779
4608
84
48
24192
82944
32
123456783
20160
564480
5
123456747
123456787
49
8820
8
40320
123401493
44100
8
123456787
123429909
121234149
1296
54
4410
0
1
1200
64
23040
8
0
63
280
5
123456777
56
18
648
0
36288
6
175
254016
0
4
729
2688
4
81
123456780
54
241920
48384
8
30
123456786
9
2
1134
54
35
315
1
225
270
7200
336
180
8
324
8
8
6048
0
512
123386805
123456741
72
5
3240
123456141
123456621
123454549
0
1
8
27
123456741
82320
280
14
270
42
0
49
5
32400
0
0
504
486
123456786
8
24
4
280
210
49
5
121823829
125
4704
7938
4
0
16
350
9
123456717
0
7
6
3456
245
367416
12
20160
30
72
45
2400
486
123441237
123450069
72576
123456684
224
360
6
72
62720
28
9
244944
4
3
0
270
1296
16
378
3
54
123456389
0
6
1260
0
60
0
5
14
7
8
36
10450944
160
0
0
108
48
6
5
8
30618
18
8
567
72
5
0
510300
8
63
54
8064
1680
320
6
123456787
11520
123456788
21
123386229
378
123427629
648
147
42
24
72
7
1905120
1920
123456453
123450957
123456741
35280
96
123366069
0
9720
189
9
100
28
5
0
3024
123456669
123426549
123440589
8
5
8640
42336
27
0
168
567
0
123456649
8232
24
84
45
81
945
123456714
5184
370440
5
12150
123442677
432
3
3024
123456771
48
127008
123456717
9
145152
10584
0
94080
63
8
72
4
8
5
9450
84
378
4480
123456357
49
18144
180
4
480
9
24
5
9
12960
270
84
0
2304
27
1
63
8
112
72
123456787
980
1270080
40
392
3
9
45
1680
0
1632960
3969
175
5040
56
12
1296
48000
2430
0
21
128
123456757
123417909
3888
3
123456549
174960
864
1400
36
15876
84
2592
360
441
21
7168
24
123456771
252
23328
28
49
245
280
2
576
20
0
9
15552
36288
123456787
123456775
5
15
63
72
123456357
0
64
48
9
4
8
28
9
9
36
12096
0
9
7
123455925
123456780
2016
63
20
123438039
123456725
0
6
9
9
3
882
24
96
8
192
120968469
7
1260
123456753
63
7
42
63
144
576
35
1632960
10584
9
7
1728
288
6
123456501
26460
0
432
4
3
32
7
9
20412
0
46656
81
9216
0
486
123455445
432
0
9
21609
123456788
9
4032
72
7
504
2016
123456741
9
123456777
0
288
8
653184
729
378
123452693
168
6
123456589
56
0
180
108
19200
8
6
420
123456249
1260
123454989
123456754
48
108
123456708
24
180
107520
0
0
8064
2268
0
10080
1920
17496
240
49
6
68040
9
49
5
15120
864
9
9
6
123456684
63
15120
1440
123456693
9
40
123456621
20
49
2
0
576
0
1
123320709
81
2016
5
54
9
123447573
4
9
192
123456717
6048
6
3888
0
180
2352
7
2
123456705
1200
9
1890
46656
3240
0
8
123456782
7
36
504
40
28
123456741
210
122880
75264
32
294
432
9
36
123452693
123456741
7
2
5
123456725
0
5040
640
8820
125440
2048
123451029
7
153090
48
32
72
224
9
9
11520
6048
0
64
0
123456753
9
9
2016
123456788
7
36
3
54432
4
64
420
72
20160
8
7
5
4032
18816
3584
72
123456693
123456717
123456753
6
72
324
56
980
21504
197568
24
123456753
56
4032
72
126
6
4
3
35
9
28
84
8640
25088
6048
640
2268
1512
123456775
123456765
8
7
16
12
3
18
40
28
500
9
0
20
5
5
2835
4032
17640
123456773
4
123456649
123456787
200
123415317
82944
2268
8
123456777
123456717
756
95256
1575
288
0
1620
0
34560
3456
7
0
6
0
144
1120
40
123456309
315
123456621
4200
7
1944
21
7
145800
150
1890
150
3
0
123449013
25
567
0
68040
2016
3136
252
81
30
123456726
9
336
480
28
123456785
9
34560
55296
174960
123262389
7
28
123456645
216
15309
123456771
20736
0
567
2
6480
9
123456597
2688
63
486
123456645
123455893
4032
123456762
0
123456768
258048
18
123453429
122363289
576
36
1
123455493
175
40
7
123437589
196608
768
123456749
512
96
6
24576
252
123456786
123456609
72
123444693
123456784
72576
0
36
0
9
175
2400
8
0
6
0
0
144
72
343
216
8
72
432
122834709
2
4536
123456600
450
972
12
123455907
123381189
32
81
123456579
162
123455319
972
8960
72
63
30
288
72
123456753
123454845
123456779
7776
122599485
123456777
123456117
6
7
8
8
8
504
3
486
54
18
21
1
1008
3584
648
45
540
123451686
81
123456744
0
18
145152
35
1728
20
1920
840
224
768
0
14
5
36
56
32
8640
2
54
40
32
7
8
63
32
18144
1260
35
10
1
72
123456549
240
360
48
378
123456285
9
64
123456519
8
56
9
270
123455613
72
448
7200
0
9
15120
504
81648
35840
0
123456717
72
24
15552
8
5
5
168
42
0
0
72
56
448
123454845
14
123318549
4608
373248
3240
1920
123437973
16
42
0
12
123456661
123456699
35
28
123456762
294
952560
123456744
123433749
0
123456773
252
1200
384
7
8
122472
3675
5
48
123456786
3
20160
324
123456489
123456677
0
123445449
0
672
18
62208
450
123456141
4
40
42
81
56
123456717
48
2430
1944
123456469
63
18
233280
13824
123456469
17920
123411989
1575
120
4536
123298029
4320
6
121901589
3888
7
4320
1
9
210
102400
0
0
336
123456782
200
336
9
160
20160
120
3
72
0
123456693
4
64
63
336
6
12
123456783
392
90
7
360
64
55296
123456277
0
24
123456709
27
5
280
81
54
123454584
81
123456735
0
22680
588
4032
0
108
40
12
0
4
64
0
123456546
64
8
7
29160
56
1260
5
54
6
1800
8
72
123456645
1344
9
72576
35
20
926100
7350
1944
123456784
27648
9
9
4
1
21504
0
54
6
123083541
3
640
63
17280
384
123426069
64
123456783
123455319
9450
3888
22680
1913625
1
10080
9
114813189
286720
145152
123456783
15
72
72
160
63
0
65856
35
1728
864
3888
4
1260
123424533
0
1176
0
6400
72
1280
7
8
0
35
123447573
294
1080
200
123454485
240
123456788
2
36
123456785
540
288
8
2450
2
72
123456573
32
729
35
123456784
9
2304
36
324
64512
112
36
486
123442965
0
6804
4050
768
2520
123454197
720
2268
123456788
384
5
36288
30
4704
126
0
123456717
7
0
14112
2160
441
123456787
123456787
45
64
210
64
4
392
2016
7
144
123456384
7
2430
72
5400
2
56
1344
123453909
122005269
89600
9
68600
123456765
0
768
2160
46656
123456777
432
123456749
123456677
12
123451119
0
54
5
12000
0
123451749
123453717
252
123456222
81
2160
576
4
840
7560
384
123165189
21
54
72
123452901
123456693
640
123456753
12960
405
4
0
14
240
90
123438645
24
1
0
5
486
0
6
123456768
8
8
6860
4
1920
24
4032
36
6300
972
0
2304
123363477
81
216
161280
315
3
123327765
7
0
63504
39200
1
1152
0
1944
0
5
768
12348
160
123456537
672
4
7
0
2
49
388800
8
123433461
28
3087
123456501
63
226800
7
81
27216
1344
17280
80
32
120
123275349
10206
8400
8
49
54
279936
2160
48
123456600
119568789
648
320
6912
123389589
432
7
123456747
180
7
8
1890
729
6
123456775
13440
6
2240
207360
108
3456
7
123429573
123456740
54432
42
53760
122966901
10
123454269
42
0
8
34992
72
5760
72
2304
23040
140
960
8
945
9
4
21
102060
12
3
123441109
2
144
0
56
3087
1944
168
4096
123455061
72
23328
4
123445125
8
7
64
1296
6
123456780
112
96
1280
9
45
123456771
123456389
123455529
9
40
24
3024
1200
360
81
5
2592
4
5
2
123333309
8
1029
840
18
123456735
648
123456787
4320
123456725
64800
229376
2
123414453
18
5832
123456786
324
9
8
378
24
4
20160
700
9
123456609
18
8
9
441
28800
2688
7
1080
180
123456786
4
980
123448851
540
123448389
48
123379989
373248
17280
18
0
81
123456693
9
20736
0
123456761
352800
123408189
6
160
2116800
112
6
8
123456733
123322389
1440
123456579
40
864
0
69120
123456757
63
144
480
0
123429573
7
0
123456741
9
600
123456765
3
5
2592
1260
40
56
54
9
24192
6
48
378
121551669
6
0
6
756
5400
6615
6000
123455529
81
1512
3528
9
7
9
8
555660
280
6
8
21
7
144
123456785
1270080
144
123456411
720
0
48
123456787
243
123456788
907200
8
2
56
35
5
6804
123456781
0
7
18
9
72
31104
1008
1
60
40
0
123456213
0
0
0
7
324
9
0
7
123452757
63
8
6
33600
17640
123443069
123454485
0
324
7
9
162
10206
8
810
56
5
0
15
210
3
3500
123456786
20
2
7
18
123456684
5
121357269
1470
448
120
432
8064
12
405
0
441
20
7
123456779
48
288
3645
1905120
18
0
8
5670
5
123456549
2646
1920
70560
6144
270
12
2
196
0
1120
0
816480
0
896
123456501
36
48
17920
80
123456788
123456787
35721
270
10240
123450389
378
63
123456784
216
0
108864
288
3072
32
32
123456785
324
6144
360
6
20736
240
9
420
378
0
480
5120
9
7203
0
7
0
9
63
42
0
9
123449733
123454521
9
7
0
18900
27
12
192
216
200
9
8
1296
123455637
6
7
72
123456781
86400
10368
315
123443289
72
648
392
80640
2520
17010
967680
18
648
11907
3
18
123456614
123456717
8
70
123456788
476280
140
7200
24500
70
225000
56
0
123456788
882
123456663
54
6
21
288
3
51840
4
567
1536
81
2
165888
13608
123454197
653184
0
120
49
13440
441
42
64
181440
60
47628
4
336
20
2880
9
1
40
1600
123456733
0
81
576
4032
2
504
1512
12
18
9
2025
27
33600
3
324
756
18
2
3
486
32000
123450069
5400
9216
162
54
9
0
7
45
90
9720
3810240
576
3
35
0
80
153090
123456549
20
4
378
84
32400
8
108
0
8
256
8
7
123456783
7
252
2646
1680
18
123456681
5670
12096
21
72
45
3072
6
756
0
21
18
8
123456771
0
308700
567
4860
4
123456709
42
576
72
1512
296352
123455613
72
0
11520
567
8
8
30
8
90
6
24
0
18144
48
0
7776
56
30
45360
4
6
1008
6
9
7056
123456735
9
8
123456725
3375
123452901
123168789
10
338688
384
9
280
123426069
8
6
2160
123456397
6
6
210
7
7
123456735
2916
1215
24192
200
512
648
378
1728
63
315
120
72
252
28
6
123456773
8
3402
700
129024
9408
0
123384213
123456783
7
112
216
0
9
123456729
9
123454101
123320709
0
56
1800
123449589
268800
210
123456741
49
6
0
24
42
6
123456747
30
0
1575
240
45360
0
7200
123456411
36
0
122549589
24
0
20
10584
72
4
2160
72
123456784
288
123456765
56
18
31752
25
7
336
1296
0
0
1344
0
123456788
123455025
7056
1959552
123456785
8640
4536
123456774
324
4800
0
84
123456564
7
7
10
122472
49
123454629
0
648
1344
72
0
2916
441
9
120
123455949
12096
25
648
25
192
20160
123426414
63
6
27783
5
180
1680
123456771
729
123456733
7560
4
18
2
81
2352
123456753
54
0
360
4
0
18
40
378
0
16128
42
123456753
64512
0
750
72
648
30
0
36
0
81
158760
42
4536
729
432
63
123456759
5184
42
432
72
123456774
336
8
40
54
8
81
7
0
48
0
60
36
10
576
729
40
31360
126
8
0
8
349920
123456768
324
8
56
96
2646
8
123456735
1080
22680
45
70
192
216
45
120
123445989
16
9
72
7
3072
2016
124416
24
84
0
123456785
22680
1080
1512
0
36
8400
123455781
2400
336
0
648
10752
0
1728
54
123444639
123048549
1944
280
123455349
7
81
0
0
0
2
8
241920
56
4536
123443829
123456735
123456681
123449013
123456453
810
1680
240
123456629
1806336
2016
151200
2700
3150
12
23520
2592
13440
4
20160
9
8
3087
56
12960
504
3136
81
121908501
147
3
24
123456509
4200
8
16
28
87480
123455925
123450741
7
0
72
48
20736
14336
6
9072
123456549
21
46656
3584
8
580608
774144
7
13230
1680
192
5
1512
0
490
122793237
123456762
36
92160
42
8748
72
8100
42
123456787
123456787
9
4
123456726
36
9
112000
243
45
439040
108
54
315
800
96
9
72
1568
216
34992
6
13440
4
324
123456765
123456621
5
3888
27
49
90
12
123456783
126
35
5
46656
3
21
4
4
3
0
123456649
720
123375141
123446709
8
3
12
8
123451539
36
0
900
17640
0
123456725
64
0
24
18
1890
32
2
22680
5
3456
1323
5
8
1176
123456495
72
18816
35
5760
123398469
180
35
900
2880
81
3888
486
122834709
6720
980
123455109
123456765
1
640
428652
396900
56
2
2
0
123456761
1920
5376
20160
432
900
2
5
4608
123340149
5
504
6
0
26880
9072
36
81
18
123456783
123456787
123456681
48
2352
10
4
7
15552
1890
54
9
6
1524096
123456709
6
123456764
45
373248
8
80
122948757
1152
36
0
486
54
8
123455277
0
2
123456565
123455277
48
123456754
1800
9
123431589
4
7
9
476280
9
10
252
123386805
7290
20412
560
54
5
3072
123452757
123456741
6
123456189
42
7
123456786
7
48
6
42
5
0
540
9
120
123456213
123455169
0
576
9
480
9
16
123456788
1080
8
3
123456786
245
4802
95256
123184629
7
12
121763349
12960
25
45
38880
0
28
9
49
7
8
36
123454629
4
252
3136
24
72
123454485
200
193536
720
72
5
40
320
1
89600
1620
504
216
1016064
0
9
6144
24
2592
79380
4
25
1296
405
123370773
648
34020
0
0
378
10080
54
15
123450741
8
50
27
168
123021333
6720
17280
4200
3024
0
4
123456285
16128
4608
2835
270
252
63
8
123456741
0
189
0
486
36
1296
36
4
24
9
2352
0
123263253
7
123454521
9
123456783
123456761
0
28800
3
2
9
7
0
4644864
324
1215
0
8
40
12
3402
3
1120
6
3
576
3780
6
122965269
320
9
123456787
123456783
0
123456717
2268
30240
1680
864
6
5
17280
18
72
2268
725760
2016
123456771
123452309
7
3
36288
123442965
36
123456777
123456717
8
8
567
9
1152
567
64
123456757
105
123451605
2268
9
123444693
42
6
224
54
120
28
21
9
9
54
123456741
648
6
4
123456663
3
21
123456744
9
7
0
123456784
200
63
123455637
8
144
0
49
183708
123379029
7
48
123455925
6
2160
216
576
2240
54
0
224
123456757
7
144
252
32
16
768
0
123456781
8
7680
48
216
7
123449229
392
56
21
30
480
5
9
225
15
5
123456285
240
63
192
123439779
9
735
123455253
378
8
8
9216
129600
5
0
126
225
72
123456249
10
81
3087
648
288
54
123456780
6
420
6
36
1568
63
81
384
9072
63
192
123456621
720
196
123393285
7
252
180
32
15
123456783
7
42
0
4286520
123456768
9
10752
2
8
123220539
504
144
32
48
0
4
320
12
3780
62208
230496
0
9
192
217728
210
32
3
147
9
63
49
18
123456784
1568
123456765
9
648
1792
123442677
123455989
3
123456717
18
56
2240
7560
27648
1200
324
432
58320
56
123134229
123456777
3456
1568
3136
3600
123456784
8
123420501
1215
7
40
63
36
9
0
11340
14
392
5880
0
64
6
22680
123455529
0
16
120190869
12600
123456765
192
8820
63
123456757
42
489888
6
225
0
1920
63
10080
9
123456717
0
0
12096
0
123456609
7
576
56
1620
448
63
16
4
123456357
6
252
360
18432
72
2016
72
233280
12960
7
8
1344
486
123456213
12600
4
123456579
725760
405
729
63
123455493
40
784
224
9
2
15
5184
1792
54
128
5
9
56
84
123456788
3024
432
224
56
25
28
0
36
0
123452379
0
6
90
14
16
9
30
1176
6
32
123453873
8
580608
3456
43904
72
24
2688
36
114498837
123456285
123456771
36
24
8
1620
3456
123456309
120
81
123455925
4
8
123456369
7
168
0
378
123456735
8400
6
0
1260
32
9
3072
64512
7
123455925
378
9
123197589
8
2240
15
123425685
0
19440
4
42
42336
31104
0
123456777
123456787
252
8
1568
72
81
123448914
8
30
123456788
7680
9
3
875
77760
123408405
0
504
35
252
512
5184
648
4
18
123456783
1050
7
64
9
7
405
6
6
6
245
5
81
240
320
1890
7
123454269
7560
4286520
12800
123456787
123387669
56
250
0
144
123456786
10080
86016
56
9
123126039
123422229
6
320
7
48
189
32
35
1
123456645
6
8
3
8
0
768
20736
2
21
648
384
6
123346197
6
56
35
7560
72
9
840
1800
1125
0
0
48
64
1
7
49
42
3456
630
216
2
123456788
123456769
123456774
123456768
123456663
63
0
6
360
4032
3359232
4608
54
123456757
8
123456762
123364629
48384
123456786
576
3024
112
5760
0
18
63
0
128
123454997
6
0
451584
288
9
123452757
56
1
123456784
17280
450
0
123456781
48
441
9072
384
448
7
81
1323
42
128
6
144
2688
24
4
486
123456765
63
192
5
122866299
28
80
123456783
576
42
8
967680
121279509
1049760
123447573
6480
36
12544
123456669
1024
8
56
123381189
56700
4320
100800
6
720
123003189
1260
123456645
123450741
7
175
2268
123456753
15552
4
63
25
0
3528
378
49
63
123456781
441
24
8100
864
9
9
7
432
126
15680
30
123456785
123456780
2520
45
648
12
8
0
72
3150
16
81
2187
648
5
0
360
120231189
3780
0
9
14400
324
12960
8064
432
360
2
441
648
0
48
9
27
6
9072
123435189
123456741
2
8640
8
288
5184
4
60
1
1440
9
1280
1152
216
870912
123443069
0
22680
420
81
25920
144
11340
4
123456699
23328
123456768
3870720
9
84
123456465
5
56
84672
54
9
48
6
245
123456725
6
7
0
17280
123456669
123456757
123372117
123134229
45
1
48
64
123410133
54
18289152
9
48
10080
6
160
1280
27
123456787
10
7
5
360
9
224
160
123456777
225
32
123456786
36
9
123456781
42
315
123456749
123456519
81
35
8
54
123456389
1
95256
14700
0
3136
36
3
8
108
9
64
72
648
5
9
1152
320
35721
9
9
6
5
0
8
864
648
3
5
4480
3402
1512
123372789
5376
35
2352
405
123456765
127008
8
1
123309333
10080
123456681
504
24
18900
5184
144
1260
16128
180
4725
192
1575
1
0
1890
2592
8
0
18
8
49
180
252
123456784
123456709
64
123456717
4
8
7
35
8
8
115200
123455781
306180
123456787
414720
162
810
30
123456747
8
123456609
123454845
8
64
123168789
123456785
1600
123454485
1620
123456757
336
192
648
5
360
720
80
2160
123456777
123370773
8
504
1764
4
123454197
882
576
945
0
7
123456709
8
123456788
1680
4032
2520
123447573
3
54
882
72
8
5
3024
648
648
0
90
54
123456784
2
9
21168
135
24
7
315
0
8
16
5
180
3072
243
0
324
0
0
123455781
2
2187
123456771
1050
123448149
5
46656
25
216
1323
126
756
0
41472
52920
0
504
1296
123456762
1
200
2880
245
123388749
280
123456787
24
123456784
2
162
64
24
40
324
1080
5
1344
123456733
20160
14
28
123308613
188160
123456729
95797269
1259712
2592
90
1440
123403029
7
540
5760
54
432
36
0
8
0
192
184320
0
123456771
1050
9
444528
5
1350
81
123449229
123456781
378000
0
15
15360
3
49
123456787
40
25
28
1134
5
2880
45
24
4
4
8
123456405
4374
12348
19440
3
270
48
40
72
12
123456726
294
123453009
123456765
123456741
48
3
32805
3061800
196
0
8
6480
123388749
9
588
6
288
0
81
4
4536
123454845
9
324
56
9
3024
1152
123456733
441
123456357
123455529
7
72
7776
200
4480
280
5832
123456788
72
123403029
72900
129600
0
448
6860
0
36
123453333
0
0
45927
9
123456783
0
123427989
4480
270
147
45
4
28
1728
9
5
123456621
0
0
3780
108
567
11025
9
123455349
2
123456774
10
123456069
123456759
40
7
9
72
2268
0
5120
368640
123456765
56
1536
40
9
54
9
123451605
9
1575
3780
72576
320
7
580608
30240
18144
0
0
123456786
123456465
123456784
123456741
486
123456784
864
420
2400
36000
40
160
56
123456573
48
7
8
15680
81
0
3
8
40
123456783
9
512
144
72
16464
123442209
9
972
1536
3456
123456117
15
6480
56
35
20
270
0
4
2
4
3
30720
123456689
1600
2744
60480
1296
288
123456781
123456733
189
144
5
11340
81
120
135
7
29160
5
504
0
36
405
6
56
123456783
0
388962
16128
8
123433749
5
504
72
81
9
81
123456788
8
7
945
56
1080
9
9
3136
2520
216
0
4032
4
48
11520
123456705
5
648
7
288
1
1
96
360
2
20
144
9
123456753
1728
32
48
9
14175
5
630
9
0
0
5
72
4536
1260
0
810
5040
384
123452253
448
3600
276480
7203
9
62208
392
288
9
4
54
0
123455949
11760
6
201600
35
8
4
3456
9
200
18225
9
123456771
8
45
123372117
3
8820
123456786
123353109
0
6
0
123456729
216
123456719
120
4
6
123455925
6
86016
512
666792
12
6
1470
123456717
0
756
3
320
192
18144
2880
4
0
378
28224
9
120
6
123373845
784
56
1244160
0
9
384
2
40
0
576
36
42
61740
0
1323
96
224
140
4
7
576
567
63
123239061
42
20
7
123375141
123456781
360
5
504
8640
0
4
5
108
56
25
0
56
6
64
1
980
0
35
6048
3430
123174549
1944
45
9
0
3840
64
32
8
0
41472
6
123456785
36
8
6
40
3
123456783
123456769
5
63
6
442368
3
48
123456788
8
1
1350
1
384
11520
51030
432
7
280
30
12
27
1
20
448
4
80
6
648
5
123454989
102400
123371039
96
6
16
72
18
0
123436053
245
36
27
0
119392533
123456785
64
123456677
121085973
0
9
5040
0
0
40
8
24
123425037
486
252
2
120307509
9
7
720
192
27648
123456741
0
168
512
486
512
7
64
8
40
36
123392277
4
9
10935
2
6
84672
432
54
245760
175
72
41160
441
210
30
16
224
3
82944
9
504
336
21168
315
123456614
40
63
6
9
592704
1764
432
123456717
13720
8
4
12
7
1451520
4320
635040
56
4
192
3645
8
13230
123456741
123456753
3
123455979
672
48
0
0
112
0
64
123350949
5
10080
2
9
0
210
180
25
112
123456783
80
6
1680
7
174960
63
5
123456141
216
0
12
5
9
40
123452757
5
288
7
4
50
81
225
5
720
4862025
90
123456537
84
5
4608
123456740
54
4
16800
45
243000
6
576
96
0
122851989
2240
288
32
36
1
56
11340
0
3456
5
3
326592
0
512
34300
86400
5760
18
18
30
32
189
123456761
123456725
7
0
2370816
49
48384
56
72
14
72
123427629
45
252
128
64
8
6
0
3888
15552
0
54
252
63504
3
48
5
24
8
123455989
36
56
20
1792
441
280
77760
123456735
123456663
3240
12
64
6
1008
0
123456753
18
90
9
224
123456762
180
0
123445589
3000
138240
387072
378
1944
54
9
933120
49
64
567
123455493
9
9
9
63
40
648
123329781
123436629
486
0
3402
9
3
2352
123456777
72
3
29400
160
3528
123456774
252
4
4
378
5
9
1050
31104
0
1260
128
123452949
8
60
3888
3
320
112
123453717
4
504
12
1
0
4
8
2058
123456788
123291414
123456786
123456787
7
8
252
5184
72
54
280
56
270
0
120960
122834709
123451605
36
123456733
90
1120
123456781
252
63
64
123456781
45
123456589
9
7
378
24
2
123456788
96
45927
84
567
0
27
123456783
123420339
2688
56
0
5
4
63
9
432
123456782
320
210
81
7560
1
300
126
90
9
207360
81
112
68040
2646
8
882
2646
3
14112
160
120
288
3888
16
864
8
0
360
123454773
43200
672
2520
5
84
8064
254016
576
0
123456519
123456537
3
1
12096
168
97200
54
122484789
36288
576
123456141
7560
432
720
123453765
4
1512
7
16128
16200
18
25
5400
324
9
0
45
1333584
123456439
360
2592
0
123454899
36
567
63
12
9
1960
42
2
3
123456774
360
8
16
360
0
123358485
144
82944
123456771
0
48
40
81
6
7
625
123456744
1344
81
0
81
63
280
123456639
6
15
567
20
40
8
36288
35
46080
8
24192
103680
81
0
162
0
3240
746496
2160
9
6
243
4
123456684
123455709
6048
25200
378
9072
7
1
35
150
16
28
81
221184
123455949
72
3888
120493269
123456747
7
18432
12
81
24
84
15
14
2016
6
1
26244
4800
192
14
288
0
3600
63
7
77760
8820
8
7
123003189
123453333
7
343
6
70
324
448
30
123429573
350
9
56
8
63
123456649
0
9
81648
11760
108
432
123456609
320
196
9
972
336
4
50
0
0
63
25
30
290304
270
3
123456771
28800
1
90
51840
20
1120
5
14
123456771
9
450
4
2352
14112
6272
9
35
123456705
5
123456741
72
8
1080
180
48
11340
123456621
4
6
9216
72
360
11340
9
30
0
45
16128
17920
123456759
30
3024
1
384
360
64
123456765
5
18
2835
729
20
24
123456781
3240
123456787
18144
0
648
72
5
1
123426069
63
56
123456761
123414453
24
5
0
10080
11340
36
324
49
2352
42
81
317520
122640309
0
122005269
0
12960
196
1024
0
24
123455493
123456645
1
302400
1728
480
6
9
1344
7776
6
200
22680
49
36
20
4032
27648
30
6048
8
0
252
0
16
40
3
9216
9
25920
0
72
32
123456788
839808
6
48
69120
432
1451520
9
1029
150
1260
20
123456771
176400
9
420
123456787
3528
5
3456
1215
4
810
368640
8
3
2646
36
3
30
40320
123454845
31104
1470
571536
123288789
882
9
216
3888
123447069
123456786
108
3
100
0
123423189
63
25
3150
7
90720
211680
72
123456783
5
36
9
123332373
0
4
9
6
72
123456754
123455564
8
8
24
123456784
1152
5184
960
280
405
123456753
1944
40
2
64
35
7
0
192
123455493
4
9
11520
290304
40
9
20
2268
116640
4
2
0
45
144
3
270
175
3024
42
18
0
0
9
8
5670
3
13824
1
192
64
15
51200
123450615
81
5
600
9
48
24
108
42
8
123456769
123384213
40
7
405
123453333
729
5
960
49
123453289
54
0
3072
12348
7
7
252
21504
5
9
4
5
9
288
672
7
1458
2
81648
0
42
8
32
8640
9
1
10
81
48
512
9
160
56
72
123456609
4608
63
10080
0
15876
1
123456609
124416
630
204120
0
5
9
48
123456786
32
123456663
441
14
30
35280
9
123423861
3240
864
7
123456411
9
48
846720
9
1944
123394581
144
0
504
54
123263253
9
123456786
5
119102229
15
7
0
59535
0
5488
9
123452757
0
8
1
6
5
0
123456747
441
63
6
9
24192
3000
1680
136080
48
48
6
0
81
13440
320
0
56
2744
180
123456654
40
162
24
72
252
324
9
6
622080
9
216
56
135
0
123456761
1296
6
9
6
34560
2352
123456681
55296
448
105
12
7
4
9
18
63504
0
4860
6
81648
123456693
72
960
18
21
3200
0
32
13608
580608
6
180
252
367416
8
4608
5184
882
9
6
2
123456645
123415629
10
40
1260
48
294
6
155520
972
123455493
4704
24300
8400
6
35
1920
672
28
40
216
123456639
1575
8
126
0
3969
13720
6
6
5
123456474
56
123456735
10752
123456771
0
8
9
384
63
122212629
512
8
123455889
25
123456021
448
2
47040
4
6
72
122854677
7
9
9
864
11760
9
123452757
378
3
123456787
3
4860
216
6
1800
0
21
56
36
1
72
1680
336
56
143360
123456663
123445813
16
24
9
3402
9
729
360
216
4
5
30
123456761
126
123456786
56
49
9
0
6
82944
4
392
200
324
8
0
4
9
123456357
3
123456788
123456783
54
72
81920
72
123456788
12
81
7
9
8
7
252
567
4
0
12005
72
336
1029
122839389
432
252
123456693
1296
2
105840
0
123456786
252
0
288
40824
9
0
84
8
42
9
0
5
63
9
123456757
0
40
1185408
6
4
1200
45
15
2646
63
1944
8
7
18
360
1920
1890
63
8232
7
8
7
18
123456762
123456771
49392
24
3024
567
16128
5400
114384789
8
20736
9600
112
0
123456759
123411429
8
0
126
653184
4
123456780
6
123402357
5
84
9000
384
36
64
121551669
123456741
123456645
6
21
81
729
448
4704
121244949
224
0
8
1
5670
107520
448
7
64
13230
1800
0
3
8
84
21
15750
1
840
5
226800
9
567
123456654
432
8960
