960
6
2880
122477013
546750
8
24
567
123455655
123456769
7
48
560
0
2520
7
345600
80
2916
24
0
336
486
480
123456788
1323
25920
180
72
0
400
0
0
0
56
4032
135
1728
1680
504
5
768
441
56
0
210
123456741
122368149
123456787
0
6048
122057109
48
1400
5
276480
30
123456787
123456453
5
162
6
54
123452289
70
90
0
55566
123455253
224
8
472392
63
1764
0
30
216
20736
72
1470
432
123456348
3584
648
64
123456726
81
24
36
3456
9
123456785
4032
32
384
120
24
432
22680
63
448
36
5
567
48
7
0
123456705
200
4032
123425919
2304
1
24
756
123456787
24
123335829
240
18144
8
7
63
11520
24
960
0
3072
32928
48
56
0
40
123456786
392
4
0
8
123456759
235200
9
1120
189
576
0
2240
141120
30870
1224720
128
40
45360
7
0
9
81
72
8
81
122440725
49
9
576
5832
12960
0
12600
0
233280
123456708
8
123450309
28
7680
28
123450909
9
588000
448
123456788
72
7
72
123456645
7680
5
8192
3240
48
49
7776
123455169
40
15120
0
1
336
9
32
9
46656
123456709
2016
56
5
0
7
5
320
1680
7
96
9261
324
9
8
90
123428117
210
8
504
123456753
123134229
192
504
54
123456309
81
0
63
280
49
54
7
315
123456708
0
24
896
126
123376149
42
280
9072
2
8
13608
225
0
24
12
0
162
9
4704
25920
486
123429141
7
72
63
9
122440725
8
25
2592
0
123456786
6
225
123451119
1728
8
4
288
3150
84
28
2
0
63
8
648
2592
3
2
9
123456740
42
7776
5040
80
6
0
1890
123456213
3528
1500
9
81
360
432
120
45360
875
42
24
56
2688
32
123446709
3360
175
216
0
123456741
3920
81
7
0
504
315
9
81
35
30240
6
12
18
980
2016
112
1568
7
81648
5184
189
3
9
192
8
576
14580
4
95256
4
640
576
311040
27
123456783
270
18900
280
123311637
9
1440
952560
123456747
36
123411429
9
54
6
0
324000
504
2
7
96
8
24
13720
216
21168
32
123456788
4
12
36
49
1536
56
48
0
210
112
8
252
1451520
30
210
123456757
6
8
13440
0
0
0
3456
128
72
1344
4
123456749
123456357
28
72
3402
2916
1
72
3
123455979
6
123221589
504
0
28
64
23328
210
3
8
0
9
123456719
0
5
8
9
0
48
252
49
504
70560
3
9
5
8
14112
123454549
15
2
5
4
9
4
147
123456465
180
0
32
15552
216
123456787
120
16
123456781
5
48
123456764
123456149
30
72
128
48
123451989
64
1728
768
0
504
56
2016
28800
720
432
270
192
3
18
9072
123123393
2520
238140
123456705
5
672
378
360
123456411
123456033
8
126
123346197
36
630
2058
0
28
49
28
48
126
9
27
9
1620
1
544320
5184
248832
576
4
576
90
0
6
291600
1
12
7
123318549
86400
1350
16
192
72
720
0
2304
7
7776
20
320
0
9
35
7680
123456519
123456783
6
123456775
1440
240
960
9
123456469
54
980
49
36864
210
123442389
5400
5
120
54
123448725
1008
49
0
3528
8
72
123454845
240
6300
16
49
9
123456783
7
70
110393109
60
9
9
63
0
56
7
15
3
5184
5
18
6561
61236
123456788
12288
56
0
63
48
630
512
5
0
8
10584
4032
288
3969
0
8960
80
16464
0
4
63
60480
28224
4032
5
123456645
123456735
8
4
72
2688
123456765
648
2580480
72
121497237
105
123456564
123456663
120960
31104
8
14
7
720
123456786
123455189
54
81
0
72
1568
9
8
6
24
72
72
62208
800
243
123456579
45
2240
6
18
9
123456597
6
8
8
72
123454197
0
0
326592
24
1620
0
36
1944
9
0
123418389
1
9
1080
320
1476225
48
0
288
4
22680
123445125
6
480
15
5040
122535189
5
82944
4536
17010
441
1400
123456757
49
49
2268
123455925
28
17640
672
0
2
7
8
288
81
81
123375789
18
2268
2083725
672
24
1344
123456654
0
900
3780
123455493
21
9
27216
123366069
32
63
10800
123456649
27216
648
384
168
123456661
6
6720
24
294
12096
7
15
600
6125
2
6
1728
56
1728
64
5
448
24
768
123454899
0
123456597
1080
8
12
123454143
72
576
384
20
54
0
93312
45
216
27216
1728
34992
123447189
123456033
123456348
20
18
3
0
123166485
3024
9
190512
0
8
72
9
8
123293493
123456782
0
196
108
5
42
7
24
24
2352
192
8
2016
123451929
9
210
768
0
20
20160
0
123456753
480
36
19845
18816
504
144
72576
1
9
24
8
5000
9072
4032
9
8
72576
9720
2016
127008
362880
168
49
8
672
123456780
123456768
291600
7
45
6
0
1764
4
9
54
123456609
123452901
0
123456469
2
123451686
18
18
24
1715
0
9
2
81
270
144
1
70
9
123456769
9
63
0
270
123301269
2
8
123426549
9
12
49
5
45
5
4
24
1568
5
33600
48
40
972
27648
0
9
123456775
7
3
45
40320
56448
0
384
5
4
360
2592
5184
2520
294
48
15
378
45
6
0
0
76800
1470
0
64
567
2
23328
0
8
3840
7
800
81
196
84
20
80640
384
3402
123456775
32
7
14
47628
123445029
560
112896
123456783
384
0
9720
17640
1200
12
336
123456629
63
116640
135
9
8
540
66150
123456501
123456579
35
384
0
0
0
864
32256
16200
270
378
90
216
123456405
0
2520
576
8640
1440
196
111132
294
588
28224
0
34020
72
0
72
0
336
42
315
123275349
123456663
36288
6
0
1890
720
56
25
91125
123456782
7
960
1728
900
5
6
42
5
108
54
8
972
180
123456474
9
0
6720
5
72
123449589
27216
9
1680
123455655
960
126000
123369309
8064
882
432
20
25
0
30618
42
7
144
7
1890
1080
12
256
123218649
7
112
0
45
123456785
224
5400
3
123456779
3
756
6
123454773
3024
123456629
64
0
576
0
0
123456501
5
24192
21
72
72
5184
0
80
567
0
378000
64
6
16128
0
2
252
123456781
96
12
3
81
18
432
8
280
384
123456774
39375
144
9
441
270
1728
1600
8
54
42
54
9
40824
7
123103989
7290
45360
32256
630
448
45
7
16128
1728
3
280
252
123353109
6
8064
8
1
2
40
504
0
3584
9
15
98
1728
123456786
2592
0
4
28350
123456753
16128
123456627
122995989
123456709
12
49
448
12
576
7
34992
8
123456519
10
315
123456769
48
30
381024
3
123456597
9
140
32
123455817
875
123442677
1920
123456689
63
123456739
9
6
123454485
123456681
2
15
9450
123259959
1125
6
3136
4608
7
21
864360
35
72
123456788
8505
8
0
504
9
45
9
54
123456761
10080
2304
123435189
544320
0
90
720
9
9
123350949
6
9
300
10080
160
123456779
360
8
128
5
84
45
20
0
6
123456717
72
5
7
2304
9
72
24
123315669
6
1701
225
12096
6
123456717
2400
6
12
120190869
7875
81
1512
36
30
2099520
3888
123448851
35
432
10752
8
45
6
315
2016
432
123456573
35280
6
45
123456693
123456649
54432
9
5
9
18
378
8
270
5
42
123456741
9
16
54
80
123456777
10
7
2016
123456749
9
24
486
1008
216
432
123439149
35
210
56
7
8
90
1120
123455214
30
2
3000
72
162
6
6
49
24
9
123456544
72
145152
40
9
15
2016
123455589
134400
8
560
42
6804
4
25
72
40824
7
15
24
14
192
123456773
224
7
653184
675
567
1260
123456117
480
378
31752
9
6
81
3645
123456765
123456780
4374
5
9
9
1890
1008
16128
6
35
576
162
4
123396309
7
336
1152
3
3000
10584
42
123456717
39690
3528
0
280
15360
42
5
123431589
0
3024
63
210
0
630
48
4
64
42
1575
0
123410133
336
0
18
0
0
96
120
40
392
2304
28
30
6
3
16128
256
504
25
6
122368149
18
123456645
2880
6
20160
9
324
64
81
8
42
7
21600
1920
9
32
8
36
8
20
8
27216
9
140
24
162
2268
384
0
123456573
123456771
0
32256
200
6
123450741
4
123446709
123393789
7
4
123456786
123456565
90
864
0
162
56
123448041
1512
123456788
4860
4
576
40
1
7776
1296
3
9
9
453600
40
72
3840
123455669
123444789
63
138240
0
123453765
315
9
252
19845
1120
0
11520
0
54
210
0
3
15
18900
40
123449589
224
0
72
0
5
315
72
432
123456773
0
1
92160
28
1134
123456649
123449013
28
192
1960
0
7
9072
576
0
36
8
1512
2304
123456677
576
9
648
72
123456769
27
122027949
56
72
0
123456411
3
15
28224
123456788
45
392000
12
1680
6
81
0
117106389
81
90
64
9
123456621
123456787
7
54
123456786
1458
0
7
1344
4
56
48
72
6
9072
32
7
123454339
24
108
25
7
360
86436
120
81
54
8
9
8
56
6
56
160
2
4
16
0
123456501
720
3456
6
9
12150
5806080
800
5
16128
123456788
123445269
0
8
34300
123230997
36
0
7
105840
108864
4
123456384
144
50
240
72
5600
0
324
45
0
0
216
441
864
123456753
5
2016
123454229
123450789
8
123445029
0
7
108
1512
54
540
180
123456779
4
6
123431589
140
288
108
324
7000
2160
24
6
1764
3600
4
1512
0
123456784
8
9
32
36
540
36
320
40
84
1701
0
36
96
9
216
14
32
8
16
56
2
49
504
28672
120
123456787
0
8
9
571536
280
9
12
0
315
123456708
1440
123281829
123456786
0
123456549
756
122920974
64
0
72
123456021
2160
123456781
6804
9
5
123351813
0
123456285
42
8
1280
9
1
504
4608
123445989
123456771
2
123456537
56
26880
9
0
1185408
123454269
48
7
5
2
117741429
123456774
39200
123453387
123456753
123456717
252
63
31104
9
123456709
9
123436539
3024
810
16
1440
32
8
336
9
216
5
6
7
5760
12
196830
320
6
8
63
10800
7
560
63
20
123456501
32
21168
56
72
7
567
123456774
576
5
5832
84672
6
7
8
3888
10
30
12
714420
504
26880
28
6
1728
567
14
24192
5
192
0
25
18900
6
0
120553749
72
123456769
48
45
123453261
432
28
30
378
19440
123456747
1512
648
2560
32
72
1
48
22500
6
122553621
1536
1470
9
15
0
1
123444501
12
6
0
1680
5
3402
30
61236
123456761
8
1134
7
36
123424533
9
1080
13230
48
448
4
30240
3
1920
123456726
282240
9
123443829
4
194400
123456645
4
324
0
123449985
123456785
123453873
123456784
5
7
1620
35
221184
9
288
9
1728
72
80640
486
9
1080
300
36
123456699
123456309
9
2
18
5
240
54
1176
180
4536
8
432
6
144
123456537
12600
0
256
392
15
518400
123444189
45
360
441
168
116199189
5
9
6
224
3024
672
63
123418989
123455739
2520
24
35
24
52920
480
3528
0
36
123442389
3
123379029
2
403200
54000
123456744
16
163296
63
8
960
6750
123455709
5
81
18
35
441
28
5
6
2520
1568
123456589
67200
49
64
4480
0
9072
72576
0
315
2
0
108
2688
9
12600
123453873
80
5040
5184
9
123443349
100
1400
1881600
186624
117900189
135
194400
81
126
96
8064
139968
20
8
336
24
122940693
8
27216
6
45
123453009
9
9
121797909
4
1512
112
123417099
12096
544320
189
10290
3
48
3
12096
119786773
486
6
3
45
81
10
25
8
882
241920
225
0
54432
1680
285768
123455781
123392277
0
72
121234149
1176
25200
294
79380
224
9
1
12
56
7
0
5
7
123456573
123456733
123456781
432
35
448
504
4
123456765
1280
18
123456681
123456285
1152
360
0
56
392
2835
24
123456645
28
123456771
30
9
8
2688
7
80
6
10752
2940
0
648
7
123396309
63
8
63
123456762
729
10080
123456759
123456788
7290
81
224
180
9
18
600
123455061
64
8
243
0
3240
9
36
6
56
123456397
2744
2016
122844429
3
4
120844053
123456726
5184
18
8
27216
256
72
36
288000
36
9
2016
123456765
63
54
8
123456786
9
3456
3456
9
0
72
72
90720
123456733
302400
84
8
9
20160
4
0
45
7
5
432
64
1440
54
123456777
1
1890
8
7
0
2
296352
0
112
5120
123456744
54
336
123456519
0
4725
21
108
1344
373248
36
5
18
2880
100
64
48
8
9
123456788
126
123398469
1470
360
36
384
9
3888
448
243
0
81
210
504
288
23040
405
123456341
0
2744
123456744
8
8
7
123456054
45
512
5
5
123453765
123456785
27
210
336
6
123456773
60
1920
48
3072
8
6615
6
9
504
15876
3
48384
72
4
3888
64
40
9
54
168
9
49
8
8
7560
9
8
0
123335829
63
30
9
123456769
24
245
1575
0
128
864
123400341
36
0
123456762
12
4
4
123456788
72
285768
50
256
360
9
24
567
35
0
32
432
0
6
2160
4800
12
18
12
2835
196
5
108
123456754
7
45
123372117
6
4608
8
123036885
21
123440589
160
504
123456775
123456784
123456780
192
32
2592
72
5184
49
1
9
5832
123455907
640
98
120
225
123015789
123456429
123455349
6048
0
0
12096
504
98
108
288
66150
1920
0
24
123455709
0
6
123456747
24696
35
6
324
12
8
7000
15
123456780
60
0
10
14
326592
252
45
190512
123305589
18
576
10
4032
54
9
9
0
24300
18
7
123456597
32
42
9
96
280
30
4032
48
3240
72
28224
12
476280
36
12
9
0
1088640
123456784
8
123416469
3
24
40
200
196
0
123449733
5
56
2916
9
28800
10
0
123453009
441
4
4032
3528
576
6480
6
225
16
18
3
123456781
392
972
180
72
384
3
54
12
35
504
30
96
2835
123456627
7
64
81
7
40
42
2
36
1960
4320
4
1152
123456693
6480
1215
224000
3500
9
6
7560
122436189
123453909
2646
123429909
216
1680
252
0
448
9
72
45
0
37632
840
6
294
123446421
648
280
123456565
360
20412
8
40
123456565
4
81
54
392
100
112
0
27216
1152
27
1280
9
324
1
3
27
2
45
648
72
9
48
4410
24
3
8
210
123454773
6
648
5376
122057109
448
168
123223509
36
6
48
60480
123454269
648
123456781
0
49
12
0
92160
4
123454485
4
168
9072
720
160
12
1
123456474
12
504
5832
4
0
31752
112
1260
225
84
24696
72
5600
4860
448
0
123456782
0
8
4
216
0
36288
288
123456783
8
0
123456764
8
0
2240
7350
123456781
34020
45
6480
15
15120
123456609
5
32
123456786
432
8
840
24
211680
256
105840
104976
10
2520
5
8
512
1166886
252
0
0
9
10800
17280
5
288
9
1280
21
7
8
2744
320
1764
32
123455253
9
72576
20
32928
123456775
4
15360
3087
35
270
123454899
6
122916564
7
0
192
4
123456768
40320
0
420
8
315
81
384
1260
40
72
3
0
192
7
123447717
5
0
123456546
9
362880
324
0
9
705600
0
18432
12
123456788
224
123456771
486
7
123456786
648
2800
123454629
392
9
3969
8
112
384
7
123456787
18
486
784
40
123456757
9
504
122731029
12
108
123438645
123452253
14
72
48
123246789
9
129600
2688
80
8
25200
28
54432
34020
8
216
2800
4
126
20
2268
7
9
9
614400
70
123444639
4
1440
56
3528
64
45
16
192
288
13608
64
5
432
768
1890
63
168
189
560
180
123456787
392
240
122694741
123450909
2
123384213
3
123456762
1080
8
24
123456779
105
26880
0
123456621
16128
84672
24
123456765
36
9
504
162
81
113659029
1
0
9
9
21
18
360
48
4704
123364629
0
54
108
0
123456735
768
9
13608
72576
123255189
4480
45
3600
0
123456765
180
32
7
8
112896
45
20
336
123456573
2430
0
648
5
123456771
3360
272160
123456787
2
48
123456787
27
6
10
9
72
192
123456717
168
3
18
4032
564480
24
0
18
54432
13608
27
9
160
15876
0
45
3
6
123456741
0
1
35
6
432
81
40
123384213
56
1512
36
123456777
320
48
192
28
56448
7
3584
123455829
405
504
123454197
72
16
5
123456669
8
4
1960
28
49
64
6
30
43740
123456213
123456726
2025
3240
147
45
3
123453261
9
8
56
8
120844053
2
1200
5
196
7
123441429
8820
392
123456774
126
54
4032
7
6
0
10
12
3888
12
28350
6
8640
63504
123454229
70
123454229
1764
270
123456785
18
486
123456781
2160
280
1440
40
123456600
7
41160
576
5184
648
75600
118791189
8
3
19440
3024
20
32
123353109
54
8
0
9408
1944
1008
123424533
4
2160
48
2240
35
30240
5040
5
8
5832
45
1296
6
486
81
486
2352
315
4536
23328
3
8
123442677
56
42
9
36
27
70
648
9
756
123441669
7
12096
0
126
9
280
168
1458
1890
90
81648
252
121007349
81
486
123456717
0
2352
1296
72
145152
8
10206
123456405
50
3072
123422229
123456573
296352
45
2187
288
30
56
123456771
48
3456
9720
42
25515
2205
70560
123456740
1890
4410
280
30240
36
116640
30
56
123424389
270
48
20160
32
42
56
81
123456141
0
12
60
0
14406
24
12
336
0
1920
45
147
280
0
28224
28
1050
123456725
7
256
18
7
123456693
324
64
122912469
7200
441
10
45
4354560
6
7
5
48
14580
0
54
3087
945
123456762
14
123456769
1440
2304
16
3240
2100
16128
504
81648
453600
15120
123454197
123456780
622080
5184
123456741
2688
1512
7
6
1440
35280
81
7
123456762
48
196
48
6773760
2
168
81
24
331776
77760
30
0
54
6
24
168
64
15680
8
123455169
42
12
8064
123426549
1920
9450
8064
30
648
30
8
6
40320
1890
63
0
13230
72
3969
126
9
264600
11664
10800
3072
7
675
36
3
31104
123456729
2160
0
648
2520
123456725
7
56
945
4
2592
25
189
123456357
35
672
6
70
288
64
2646
2025
480
123456771
12096
336
108
123456765
2268
0
123456753
123456784
0
46656
42
81
123456762
24
160
46656
63
49392
123456684
7
64
24
5
20
48
1152
9600
11760
107520
0
7875
12348
4
972
123454389
50
58320
9
8
123456573
72
123456735
28350
9
0
14112
64
42
81
123455925
54
7
123430869
4
9
504
864
315
1920
93312
1715
216
123456785
20
64
1
123456777
2016
123456533
630
123444693
9
80
5
123456786
123456788
648
5
0
64
56
123456787
1512
123127509
9
21
123456663
5
524880
3
3360
2646
2304
6
12
3
7200
6
9
123456741
123456600
1890
72
7
405
35
0
7
784
294
123456788
11520
7
0
123450309
5
392
14
12096
3
42
48
123456369
53760
123456564
123456744
122927589
7
3780
21
210
108
9
147456
2
10
324
35
508032
16
123456787
123456747
432
26880
3024
8
15
1620
224
45360
0
81
17496
8
1344
1800
8100
8
360
56
0
6912
432
45
123440589
6615
6048
144
216
1600
387072
9
123411429
6
0
4
5760
1344
4
2025
168
123455349
0
49
9
0
123400089
6
123456780
6
1512
0
168
60
192
2940
9
0
7
9
1280
158760
7
72
9
0
3402
64
32
8064
36
30
6
7
123456759
9
96
123456699
63
0
2592
72
1296
123456768
56
2240
4
2
840
123456726
40
6
27
96
123456501
123456681
123456784
42
8
123456787
26460
24
0
123452901
123456783
192
123456788
1050
4
0
45
117600
0
7
290304
576
123456785
14
8
123455781
123353889
123456786
246960
123456768
6
9
432
35721
1080
9
123456397
504
4
48
423360
123456785
8
0
2
3456
108
123456285
320
1
839808
5
9
123456663
7168
72
0
9
1960
5
49
128
8
7
2304
6
0
123446549
1260
0
8
17280
5
280
6048
42
0
7
10584
3528
0
7
54
200
8
172800
1890
123456785
123456765
9
31104
9
378
30
27
32256
405
4
9
280
28
9
672
20160
288
3
576
294
48
0
140
7
6
123456357
2268
123242463
13440
0
648
5
6
2
123456725
0
0
4741632
123456768
280
280
5103
5
0
7
27
123456735
25
3
123456717
161280
8
512
432
567
3024
4
180
448
6912
123456744
123456782
123452469
123456779
0
5040
10080
576
36
8
192
144
14580
42
294
7
720
6
8
252
123456769
122866965
588
1200
2
288
9
49
112
980
7200
126
116231445
8
36
26250
1260
5
123455949
123453189
81
1296
123166485
672
54
123447717
0
0
49
4
8
9
45
108
123456788
215040
123449985
270
2352
1620
121901589
4
1
35
32
36288
8
441
1440
7
8748
5
1400
48
360
9
7
864
0
116640
75600
1512
1134
448
0
486
9408
123456787
189
123447189
26880
72
3024
8
216
5
7
123454269
21
512
72
2250
72
63
504
720
54
28
5
8100
27
0
504
0
48
81
123266277
1512
123456429
45360
123456717
180
900
34020
3
123456788
27
294
1
392
123433749
72
0
62208
9
576000
16128
120
8
123456537
123456693
40824
123456787
19845
123456777
63
123456787
120
648
3360
72
90
205800
1372
81
150
0
504
1008
63
0
123448149
4
36
6
122313717
288
288
1
480
54
7
123415317
6912
56
1728000
9
288
123454089
190512
6
192
6
2268
1152
162
7
180
6048
56
207360
32
6
63
123456788
42
63
15876
21
3456
1080
6912
7000
123456429
120916629
6
163296
3528
168
7
120
9
72
210
123456771
9
567
7
224
294
64
7
0
54432
2268
48
324
25920
9
216
8817984
123454869
45360
8
16200
9
56
105840
0
9
7
123456786
5
123456784
81
3
0
123456783
123456663
0
123456762
4
9
123143189
23040
448
123252669
1960
5
12960
72
5
30
9
128
6
490
2
384
123448389
0
3456
165888
7
567
3024
4
16128
0
1728
140
576
567
123165189
121901589
2
49
756
7
6
123456733
9
96
4
123444245
8
123229989
0
56700
0
123456733
24
123456645
123456629
1350
216
123430869
1327104
72
414720
1080
378
123456489
72
64
42000
192
45
64
6
294
21
0
6
0
2592
81
8
123456309
64
123456573
123315669
35840
0
35
72
64
5
7
7
576
98784
48
15
8
360
1
123455709
4
28
8
7
6
476280
840
54
6
2268
123456726
123456784
0
35
2352
123456786
6
123452901
54
8
9
4032
6
255150
63
4500
0
0
9
2
123456781
123456784
162
4032
18
448
1080
123456785
0
123455817
189
37632
1225
0
336
192
3456
11760
11340
72
4096
123451669
123452757
2520
6
324
7
320
49
0
336
9
123456762
81
5
168
4374
6
20
648
123456717
8
0
0
123456783
196
1920
3
7
64
36864
28
1440
7
1458
648
64
123456782
8
123456786
567
0
123456645
2016
1512
2916
508032
31752
5
18
64
144
56
180
567
123456249
0
7
12
162
8
8
21
0
72
0
36
10
840
150
123453765
36
9
4
9
245
123451189
18
864
8
3402
123454629
288
224
123396309
2
0
9600
144
8
123456629
123456453
0
123456627
5
8
123456684
5
3528
126
1200
123456677
1620
56
123452181
0
121714965
127008
123360021
1200
1377810
9
36
4
14336
588
0
24
123452757
18
960
0
63
64
56
123456117
30
3
0
70560
7840
123211845
8
2
30240
56
72
81
0
0
123456465
4200
123456405
270
864
8
9
72
378
123456783
35
2240
23040
9
72
2058
576
123229989
36
1152
448
22680
9
3
540
123455949
0
0
144
16
28
672
882000
123456765
9
338688
3024
35
3456
145152
1512
6144
11340
0
72
123456627
1152
216
123441237
8064
210
2400
123456787
64
8
123456780
123438789
144
24
123456771
8
104976
18
7
324
2646
123456753
72576
42
123255189
40
15
4
81
24
17640
8
72900
28
160
56
12960
729
5
123456749
3
8
13720
8
64
9
1152
512
123456285
225
9
23328
8
1458
24
60
8
144
141120
8
16
16
7168
0
224
123456744
5
1350
784
72
160
432
72
8820
21168
81
7
420
35
7
0
122472
28
0
168
6
7
20
1620
123327189
405
4
9
84
0
210
207360
100
8
24
6
4
126
81
123456726
18
0
21
4
123455493
4
720
8
123373845
1728
123444501
360
448
1008
1701
123456761
9072
8
486
32
3
54432
6
30
112
123403869
123456784
0
3780
6
9
12
54
112
42
0
896
588
4
8
4
252
45
8
0
25
40
20
6912
81
0
1440
69120
6
4
14336
10080
64
121742181
123456761
5184
0
123456735
9
9
64
18816
48
8
9
46080
54
2268
54
123417909
21
4
123456774
8
3
123456771
11664
7
126
21
20
7
123446421
1
252
148176
864
1440
180
108
21
5
45
90
6
84672
123456784
9
3024
0
504
4536
45
123456759
15552
45
1080
123456747
2352
63
144
13230
42336
72
123456783
117600
27
0
294
5
2
35
123456781
0
972
8
123456405
6
64
72
54
576
123456753
6
63
72
123456787
3136
0
7
8
840
5
63
63
648
1632960
160
9
1
280
18
123445125
4
4032
6144
225
1440
0
7
60
56
0
100352
4032000
12288
1008
8
10080
81
1458
123456771
13440
720
360
8
2646
0
168
64
9
54
5832
9
4
9
10080
123134229
32
123456549
12
21
123456786
36
5
0
225
0
9
336
14112
6
6804
0
24
180
32
360
224
123456573
28224
5
124416
72
4
216
123454773
40
42
123456783
20
3888
42
240
0
180
63
6
648
0
0
4
163296
35
20
165888
13720
123447069
14
123455925
56700
2
128
168
32
210
90
8
81
136080
147
6480
1323
72
729
280
486
8
123456753
243
12
0
9
504
123456761
0
0
56
240
21
45
2
486
8
1296
24192
0
672
8
56
200
5
7
8
123456749
12
115200
72
123456787
0
193536
63
576
840
9
13608
123312789
123275349
63
0
36
123456777
36
3969
9
3
3
121551669
0
8
224
56
5
9
9
72
15120
11520
12600
336
9
126
24
691200
567
63
6
3528
121763349
25
122504229
135
11760
216
18144
280
123456775
0
8
36
0
6
2
19845
4
4725
123456069
123456747
5
7
9
123456749
123456357
112
7
240
288
378
3
288
283500
254016
8
0
81648
3920
6
123455109
215040
63
122407029
10
63
122610069
123456339
64
123455655
1152
123456781
10
1440
6
254016
7
320
270
72
18
0
48
33600
81
17640
56
123425037
123456717
45
123456757
24
6
7
2430
5
6
537600
0
504
0
2
0
81
453600
123456781
6
72
6
3
5
72
9
123456717
120
24192
24192
2688
8
0
635040
4032
3024
1
8
288
9
9
360
225792
123450174
972000
8
123455925
1050
5
8
60
240
56
123456609
36
81
24000
448
552960
123366069
0
123456759
6480
64
196
288
126
70
4
123456213
0
123456726
123456777
0
5832
123299289
48
280
96
162
4
384
135
0
370440
11760
294000
45
63
7
123456788
34020
2800
7
9
117650709
540
123456782
216
648
9
9
3
31104
0
123456741
11340
123456465
123451605
240
174960
123456663
81
123454269
9
8820
3
4
882
144
6
5
840
756
123456754
4
279936
12
8
24
160
123456249
9
1111320
36
6720
240
24
72
7
1890
0
1143072
0
5184
432
2520
9
378
96
123456747
243
123392277
4050
49
8
81
6
56
0
30
20
8820
35
123456783
180
123456369
49
2
123456389
15
49
49
36
123456782
8
16
1575
72
360
336
9
24
40
188160
56
448
96
18432
648
8
3240
63
0
56
864
6048
10
70560
49
36
384
4
0
3240
150
0
729
48
81
2016
8
576
0
9
3840
123451605
72
36
8
28
81
0
21
48
343
12
7
294
123456474
20736
0
45
24
24
5
28000
112
0
480
537600
123455637
0
123456765
45
135
336
122938389
72
123456771
0
123106869
123454869
320
648
38880
8100
28
9
123456564
120960
0
64512
4
192
123456761
123456775
123456735
0
2304
0
7
4
245
9
123456429
1008
243
42
123320709
123455765
384
123456786
32
168
123456749
27
1944
7
4
20736
6
16
6
0
8
8
40
40
35
0
36
48
49
4
42
1225
123456786
35
54
168
0
1440
123456501
30
123456749
0
5832
3456
6
5
123456725
108
36
72
1620
18
72
0
255150
112
0
123456774
64
123456785
8064
0
0
23328
0
123456784
47040
123456741
5832
129024
8
36
1152
123456753
384
27
280
72
72
36
16
8
81
42
11340
2
3
108
4536
8
123456785
448
6048
5
648
1
1120
0
8
8
8640
123450228
72
10
84
63
32
8
123445449
94080
45
63
8
123456773
7
3
432
7
19440
4320
144
9
576
0
9
144
64
256
72
40
580608
56
72
10
384
48
0
12
90
123456549
384
44800
1
6400
123456621
48
16
1
0
54
7
122972949
1764
60
7
47040
123456764
1
30
0
9
0
2592
123456783
122955029
0
7
0
24
2304
6
2592
123456621
2430
123456768
270
2
3888
7
123456357
123235605
7
648
23520
54
2025
123456749
1296
120
18
0
40320
0
3
1944
7
123455739
108
7
9
120
4
17640
7
17496
0
336
768
7
360
9
3528
6
40320
486
1280
42
189
9
123454359
756
30
122553621
14175
24
123456777
28
123456781
45
10800
360
49
0
288
32
0
315
123456783
5
9072
116640
12
123456774
54
850500
42
123456788
4320
168
25920
540
123320709
288
9
8
49
3780
3
45
362880
123439509
8
123456777
14
4
640
58320
56
81
7680
5400
7
5
0
48
56
8
123456733
9
12
8748
36
6
63
9
54
8
0
8
1
1512
4
8
0
54
8
142884
8
588
123456788
729
123311637
123440661
18
34560
2880
336
10
8
123456725
72
5
28
123456765
160
42
122955029
6
6
32256
4
336
108
245
8
32
25
120704277
75
0
0
30
5
3888
360
405
123450741
2
0
123456453
123454101
1080
35
378
123442677
8
84
4320
45
972
0
28
486
180
5
123450645
60
140
3780
2800
123456774
0
6
70560
9
123446205
123456764
378
123456565
40
4725
3
123456501
28672
63
1
9
120960
123456654
2400
123449109
7
123456747
72
123456765
123456783
0
9
49
20
6272
5
0
1960
144
3456
1200
72
42
21
123390639
8
8
378
123456786
13608
8
2835
486
123456781
42
123456729
10584
0
35
105840
589824
123427629
0
5
123396309
432
0
7
28
9
123452901
8
0
123455829
7
160
72
7
36
240
49
1728
1400
144
16
2709504
123449013
378
123420789
11200
1741824
123456786
72
28
7
7
42
96
0
18
0
9
1008
123456021
123448725
123435285
6
123456629
6
210
870912
119586069
25
64
8
4860
1260
0
8
0
63
0
0
0
864
5
8
0
448
8
1920
45360
144
9
123449621
3
0
63
9
9
84
57600
2835
40
784
123456781
5
8
55566
576
210
1
18
0
4
18
243
35
123454089
322560
72
42
2
9
36
9
0
123456753
0
11340
123456784
123053589
5
6
1800
0
24
9
432
12
123446205
0
0
9
0
7
123446421
1440
6
2520
9920232
123456726
2646
6
302400
0
9
72
2430
5832
128000
123456787
25
3087
7290
3360
4
9
1944
6
360
5
0
8232
0
18144
10080
8
162
0
123417423
9
123456771
2
432
3
27
180
270
280
123456785
5
0
9450
9
18
8
486
123454197
8
1
810
123456783
4608
18
8
630
8
6
6
63
4
123393285
8
4410
123456786
9
0
10
4
0
3528
0
123456740
123456774
7
123452415
432
216
25515
123452085
121714965
1260
123456693
0
123422229
3456
123456774
45
40
123393285
144
8
768
27
336
7
0
0
324
1680
6
147
54
122585877
163296
2
123456784
123456639
123435189
81
64
8
3
62208
0
18
448
8
108
10800
123456709
123455109
1680
135
75600
5
435456
1102248
123456735
2688
56
123446709
162
0
2880
81
8
35
21
123455277
54
24
216
81
5
3
54
123404949
9072
6
123456469
4
12
123456621
63
0
18
360
252
6912
0
288
218700
567
28
4536
63
123287445
8
0
7
4
31752
108864
123454997
18
123456069
192
9
63
168
40
123456786
0
123454269
6
90720
24
645120
123033429
180
5
1260
2646
392
0
3
32
24576
4
123456726
123456645
4
240
9
11340
3584
36288
129600
123350949
123480
2667168
36
123456753
1215
123456764
48
81
123456787
1400
2520
123353109
8
40
123456769
9
0
54
123456681
48
72
0
64
123447339
1
4536
4704
648
64
24
10800
5
3528
700
15
0
0
720
3888
126
8
501760
97200
119070
121823829
301056
64
123454741
56448
64
123286689
512
224
512
567
0
3
7
16
2430
48
123318549
123456783
0
35
30
123456765
8
25920
0
42
3240
441
8
486
123456765
0
6
123456779
0
4
8
840
96768
123456689
2016
72
25
2
48
7
40
30
551124
7
384
56
30
405
8748
9
0
1296
6
3240
123421509
49
3240
1728
5
0
54
56
1701
8
54
480
72
192
9
8820
6048
24
123453333
4
123455669
126
72
7
210
864
123456761
1837080
9
1458
0
162
0
45
18
3
0
162
15120
8
10
17500
3
168
123456786
123327189
3
123456762
123442389
150
5
392
108
9000
504
168
7560
576
729
6048
7
123448725
27216
14
56
0
384
5
56
216
40
122927589
123456783
123455088
16
54
7
21609
9
0
280
123456735
1
0
6
0
122889789
2304
1512
72
123452253
3
123456787
17280
600
42
405
8640
24
72
0
135
12
311040
9
45
9
14
123418989
123456787
576
144
28
4
36
15
9216
6
181440
3
1176
0
0
123075765
8
123456149
2430
123456717
0
1024
49
11025
240
648
2016
3024
0
280
123456753
54
1260
1
45360
14580
123455781
72900
5040
200
72
0
96
123456141
1512
123456465
160
56
2520
1500
123456785
2449440
0
4
123436377
100800
122896917
3
24
1728
308700
30
6
0
45
72
40
54
168
0
13824
49
4
107163
0
567
8
96
72
123456501
8
0
123456785
168
6
3240
45
768
48
3888
123456788
123456753
36
160
123453189
560
4
0
810
0
123453414
243
259200
21
188160
183708
64
123456429
6
10368
275562
64
123235605
3024
588
3
2
123456735
64
47040
1800
4320
123456405
123456627
5184
123456627
3
1000188
0
140
30720
4
144
64
10
8
123456285
448
2592
11200
123456744
8
69984
24
0
123456786
210
123456069
0
64
63
7
123456786
30
2268
2
48
9600
56
240
540
123456411
56
0
311040
81
7
48
63
123456788
245
2
56
49
8
18
243
12800
123379989
35
72
336
24
4536
42
128
1280
49
0
18
126
583200
123449229
432
123455349
448
40
1944
875
7056
576
123456709
123455781
9
5832
5
24
25
48600
8
80
32256
162
42
504
90720
504
123456621
7
6
448
56
80640
8064
0
123456069
123455893
10
810
9
30
119586069
9
124416
3
0
7
7
7938
8
123456573
56
5
0
378
64
9
72
240
32
0
9
64
6
324
21
15120
5
1200
864
23520
123456787
1944
72
1536
54
123456780
10584
49
12
0
3359232
123450069
123451605
5184
1296
1728
216
360
84
2268
0
45
34992
162
121590549
123456784
123455925
18
63
81
1350
11664
123456787
24
7
9
0
5
64
123456784
5
36
7680
432
185220
280
0
0
120
72
315
81
63
180
1500
4032
72
32
123456782
1008
20
384
90720
0
123445764
123456546
56
9
240
63
123456725
123455925
216
7
14
1920
81
123456621
486
123449229
12
36
6720
9
360
0
2352
2
56
32256
123456141
486
1152
648
648
3
486
0
123456771
9
7
8
800
840
480
123456549
31104
4032
2268
56
7
6
252
168
54
3
2
123456781
25
56
54
28
3
400
9
123456782
453600
9
6
8
12096
123456759
0
504
5
123180309
24
1512
6
37632
6
0
123480
49
123290901
432
189
294
648
1890
36
123455669
11907
5
16
72
1
768
1
123456761
768
123409749
3456
123456786
432
896
100800
8
123444501
48
144
432
4
5
7
37800
2646
7
48
123456453
432
123456705
6
80
7
0
10080
5
13230
49
123456609
720
240
123329781
9
2835
30
3
30
839808
768
123456747
224
123456773
160
0
56
11760
58320
945
123450069
6
9
123456735
36
123439293
7
81
3024
28224
123432597
123424533
7
378
42
2520
190512
288
1200
17496
9
8
216
8
72
672
7
8
72
0
9
160
126
285768
30240
384
324
20412
343
280
72
8
36
0
8
9
27216
3024
69120
3645
567
123403869
2240
81
0
622080
6
122232069
7
12
9
123456784
256
0
123455844
123396309
9
123450069
10
2
315
3888
72
5
1
3528
123456786
756
116199189
4
32
80
30
20
6
4
8
756000
256
36
0
8
123448557
0
123455844
64
123456784
36
331776
122549589
63
6
5600
72
8
567
48
945
108
123453717
7
0
9
63
123315669
567
126
123456759
245
0
81
123456501
54
8
9
123456788
35
0
56
20
11340
54
6
600
105
3240
9
197568
14
123456765
6
72
123456785
123449589
123441669
123456749
7
252
82944
8
162
9
324
126
75
17280
2520
123456735
123456744
123432213
360
1008
123437189
81
123456689
192
0
108
4320
0
1512
9
432
560
72
155520
123335829
3024
46656
810
2352
378
144
0
7
1
8
144
1920
9
123456757
0
72
123447717
6
729
0
576
1
72
123456787
77760
441
3024
123456649
5
123454845
9
0
420
8
19200
38880
123445125
123456693
4
315
123456775
63
7290
8
123456744
6
122948757
1440
123454101
6
0
40
123456785
448
13440
0
30
25
123456786
20
4032
6
14175
18144
70
0
648
6
49
2625
116640
123456785
123456411
576
54
9
126
121497237
8
252
4
1920
123391989
9
123480
20160
3402
9
5760
63
1800
378
81
7
123456749
1568
2187
108
4374
72
9
54
108
123456788
160
123456784
0
4
8
123456717
64
2646
900
24
54
48
0
0
123436629
6
37800
1440
9
2
121932693
123456749
19200
0
84
20
1120
48
123139269
81000
36
0
1
27
810
21504
3136
200
123456788
8640
0
4
6
4
0
1200
72
49
378
123456705
0
123239061
123456785
105
123456779
45
123455277
6
567
123456784
0
567
448
1080
25920
7
123452085
123456439
1376256
4
448
320
123456677
135
72
9
48
2100
25200
123456741
24
123442677
28224
9
27216
81648
32
123456729
3
252
123042069
81
27
84
108
320
64
0
544320
4
324
126
1800
4
0
405
8
123453261
40
24
8
105
7
27648
1960
294912
15120
9
19440
6
6144
122095989
9
63
45
123456753
7
1050
252
27
48
123455061
7
63
0
123450741
0
4536
13824
123456753
123456717
5
9
123456693
3240
41160
120
123456773
22680
17010
8
13824
4
122057109
324
29160
7000
45
24
0
123456765
8
2880
3456000
72
0
9
140
6
405
324
48
3456
1512
225792
123442965
9
72
81
4
4
1
8
35
6
123456788
6
4536
72
4320
0
123456774
36
140
120
9
16128
1
1080
2560
6
14
2592
1890
2160
2520
15552
2592
1944
96
64
45
0
25
192
2940
3136
123456788
6
123456771
1152
75600
56
4
7
360
80640
1260
56
4
9
84
25
123455817
4
6
123456779
123451029
47250
54
48
51840
123456469
245
5
448
6
4
5832
36
123480
324
0
123456709
96768
123456761
10
123455277
70
46656
9
360
1000
1440
11340
7
17640
123362709
45
51450
5880
123456753
123456787
123440589
933120
0
0
18
123456411
1306368
35
1944000
9
122095989
1260
8
36
42
1440
343
0
1680
4200
123350949
36
196
0
96
126
576
0
0
1
4
735
0
8
36
123456573
8
0
8
7
0
224
224
122808789
2880
123443349
504
123456785
123456785
1800
81
224
0
3240
93312
123456677
126
9
4
63
123456784
123456761
8
8
123456729
3
6
7
20412
0
6
216
123456537
189
0
21600
11664
7
168
18432
50400
8
8
2205
123456777
123441109
5
6
40
45
123456785
360
76545
3
24
1296
123456761
48
224
0
408240
123455493
0
9
4
336
4
3024
123456747
123456453
32
3
1176
8
96
123456741
58320
0
123456777
1701
19440
2880
15
2520
210
6
81
10368
0
120916629
54
23814
476280
35
6
160
0
9450
18816
81648
123456762
6
8
123452869
45
1920
24
96
573440
8064
9
36
6
648
7
123456783
5
168
0
81648
100
540
123456691
1080
8
123455669
8
15
7560
9
0
9
28224
9
123456565
567
33600
8
123456213
5
0
60
7
9
241920
123456645
0
864
122861439
576
512
315
63
630
123409539
123456684
1120
123425685
49
8
123456784
9
8
6
49
123456740
9
36
35
123456783
125
123456787
0
1890
24
2835
144
7
8820
0
14
18
840
648
48
123092289
3024
7
79380
0
1440
7
7
54
72
123436629
123456784
40824
5
63504
123456788
123456753
54
7
1620
259200
123454485
6
45
123456509
123240789
123456733
123456757
1680
12
16128
72
0
18144
6
4
123456784
9
48
123453429
882
9
123305589
123456735
123456783
123456788
576
30
4
144
123456141
123443349
123450957
12
37800
2
48
392
131712
1920
1440
1792
96
48
504
123456741
576
4
360
54880
123456741
8
2
378
5
7776
120844053
123456469
24
81
90
3360
30
256
123456788
960
8
3
1400
1260
123429141
54
280
72
8
123456453
123456537
5
14112
136080
8
2430
5600
9
240
4
864
123456705
209952
2304
10206
0
25
123396309
0
60
6322176
123456677
25200
600
84
40
14
0
63
123456141
72
96
2304
224
123093909
45
72
48
9
210
48
160
252
120
24
560
123456781
72
324
3
45
24000
150
22680
40
123456769
123456693
123456786
123456597
504
123456725
123456775
7
45
7
72
0
81
54
8
40960
6048
5832
4032
648
54
123385347
108
160
48
0
123428789
270
40
735
2
22680
123456717
123455637
25920
84672
72
0
6
123439509
408240
0
7
0
32
9
2352
123456777
168
1728720
0
81
123413589
24
123456786
7
567
3
9
9
6
28
1890
8
123456453
5
72
2160
3402
123214869
5
81
123369309
840
63
123456717
189
0
123452253
123456453
123456501
0
14112
4032
123456783
4
16
123445125
4800
6
12
123453261
288
504
810
512
12
64
72
123451749
4
2
0
36
123456544
216
816480
123434919
3
35
122710293
20
648
54
123456708
7
7
512
168
3
0
0
9
150
11340
972
1008
15
56
72
123456785
40
448
144
210
6
9
270
8
120027573
9
246960
8
60
8
5
280
21
7
123441109
40
21000
126
22680
1125
384
7
210
504
6272
4
864
48
9
3072
8
5
7
123298029
123456681
0
123320709
8
32
36
21
123456786
48
0
264600
84
123456453
123456783
51840
122472
24
123456717
12800
64
32
120
0
540
4
27
205800
40
7
1440
72
49
140
123456717
123455277
56
42
32
123452415
18144
75
450
864
8
320
123456788
123456597
63
123154389
120
123456759
24
40
123456785
1
576
588
51840
123456773
9
441
72
360
16128
3
60
123456089
756
0
5145
123456609
9
72
432
123430545
30
1680
21
69120
32
0
30
800
150
8
1176
378
9
7776
252000
504
123456689
12
8
1575
448
8
123445029
288
123456785
5184
0
48
486
63
7
90720
123218649
7200
48
1080
0
4536
0
0
9
0
315
72
60
8
216
2160
54
6
72
7
15
4
63
1568
288
123455214
288
630
123375141
20
193536
0
102060
7
1296
8
315
0
1
1944
160
72
7840
9
4480
123456774
20
216
6
30
123456729
0
1008
56
1215
12
1
42
497664
51840
1080
123453429
216
14580
123223509
123453333
10
96
86400
123456784
0
42
0
480
1080
3645
168
6912
210
252
1701
123456117
648
13608
40
11340
324
123456573
123456786
7
6804
8
0
123340149
97200
70560
40
4
1
56
8
19200
21168
54
0
4374
4
123400341
0
1680
123456669
326592
8
0
75
56
32
2304
12
256
72
32
123456765
123456788
1890
24192
42
54
1080
0
5292
6
0
48
11520
32
27
122005269
128
8
64
324
288
8
123456465
1400
0
144
7
123429141
122919189
45
28224
123456773
5
20
7
15
7
72
123448725
32
9
1575
1944
1600
123456785
123456768
7
48
216
123424789
51030
42
9
0
7
30
9072
1920
280
5
123456775
0
23814
9
3584
81
123456741
81
2160
80
11520
48
864
16
896
54
123456779
123456785
7680
72
0
324
2016
70
123456469
384
15120
40
240
28
216
9
0
8
16128
225
6400
123455889
9
18144
48
432
175
3888
63
40
120
648
1080
120960
280
192
25
2520
252
81
105840
1944
8
24192
653184
72
122912469
0
181440
0
1680
0
0
123456663
2
241920
0
8
4
123456699
36
123456787
720
123456787
81
1728
123456786
56
0
0
123456775
8
4320
64
4032
672
5
24
123456781
1260
123389589
4
8
76545
252
7776
64
20
3
5
72
2
648
51840
123456717
61740
123448149
0
40
49
123451497
7
20580
72
81
129600
123456741
48
81
123451605
1440
168
45
0
40
2520
6048
4608
5
512
123452253
8
2646
4608
336
280
1512000
123456741
560
144
12
123449229
123021333
24
8
50
0
123456213
123456769
26244
34992
224
1728
8400
123455331
72
72
0
123456786
123456669
0
24
360
64
7560
25
1568
4
1088640
9
4
20
3
16
7875
294
28
9
9
162
16
9
2
123455925
1458
6
21
720
7
5
123456717
128
35280
0
2520
30618
123456769
123456765
30240
648
0
2940
30240
5
384
378
42
583200
123456740
123456787
9216
224
123456779
315
9
123450645
7
18
20
0
116640
20736
72
72
0
123411429
8
123456474
2016
0
24
56
5
400
123456787
9
123442965
123456788
90
123456429
9
6
250880
6
4032
123456786
123454197
123456757
32
1
12
504
1960
56
2268
6
123456781
9
15120
180
19845
111454533
6
2
5
9
123456681
504
672
7056
560
123456783
2
9
15680
17010
168
123480
360
1354752
123456781
9
128
1470
36
18432
8
3
48
0
1260
288
504
0
123456787
126
120360213
11340
90
153600
1920
100800
567
123456769
54
17280
120
2592
450
123456769
64
9
9216
4
2240
5832
3
945
108
96
9
123456773
829440
127008
0
24
49
23328
72
378
123456788
42
0
63
216
9
122549589
0
2
28
810
432
3
123455949
320
9
42
648
0
64
9
8
31752
121170645
45
123456749
72
35
123446421
6
1512
1920
108
123301269
13608
20
5292
3456
5
35
16
81
8
35
21870
48
9
162
56
123456785
123456765
49
145152
18900
0
0
504
336
9
4608
123343893
123364629
6
405
80
1
0
123456788
210
18
119374389
32256
123366069
5
648
72
6
840
123455061
9
27648
123456693
11340
10080
1792
725760
0
2205
49
5
123456741
0
123456771
54
22680
123456780
123456771
72
0
4
486
192
8
5
0
0
123456761
13440
2
18
5670
504
32
148176
12
116640
750
12096
4608
588
123456785
8
486
0
315
4
8
81
8
384
54
252
63
272160
864
504
9
245
300
14
0
5
360
9
540
3528
41472
123449013
2744
5
4
7
36
123456780
24
12
4
9
6
123454485
53760
336
0
0
102060
0
5
56
72
1008
123456544
90
123456765
9
24
0
81
60
810
123456735
123456669
1764000
2016
9
68040
1680
12
49
123456783
2646
196
123456753
6075
9
9
0
123456222
1
756
2646
4608
324
16
756
8
0
245
123455493
123456600
32
2560
567
123083541
576
72
1680
300
45360
123456749
1512
6804
1
8
12800
160
7
600
5
8
42
0
9
123456775
0
138240
720
7
123456429
5
20
48
8
245
900
1296
6
54
0
3048192
6
9
120960
2304
504
315
123456699
63
0
24
405
2016
123456753
9
63
36
245
216
0
9
27
4480
9
0
6
20736
0
9072
720
12
3
5
123425289
123456787
2
123451989
123455109
180
63
280
6
28
123456429
123456501
0
5400
392
0
40
9
1728
48
35
4032
155520
5184
147
5
81
42
5
5
123456627
123456788
64
4032
115248
8
123456309
343
123456785
122489109
123343389
252
672
576
189
576
2160
35280
120864789
9
15
3024
21
28
6144
81
123456749
16
243000
22680
20
49
2
38400
240
10
63504
123455589
51840
123381189
107163
123456681
63
6
2
699840
4
122682645
20160
270
7
0
7
49
56
123456717
56
123456781
5
123420501
8
8
193536
42
63
1
3200
240
2880
123456719
1728
15
10
123456357
225
0
432
1
2560
13824
5
123392277
56448
8640
6
14
1080
0
123456785
324
1
8
123456285
56
28
31104
1944
9216
8820
567000
7
280
123436053
0
123354729
123350949
63
123456573
4
120
9408
144
0
96
168
64
45
123456749
567
81
7
7
123456757
576
8
14336
0
648
1568
282240
123449985
8
56
175
123456747
17920
49
123255189
123456740
54
24
123456593
4536
5
729
7
72
123456788
123449013
3
126
294
7
42
20160
1296
9
123456786
122821749
400
18
216
56
27
75600
2240
123455529
648
122927589
32
448
54
9
0
48
350
20
1890
64
280
0
1920
288
122123205
0
8
378
123456549
45
241920
630
64
3360
108864
96
36
1
9
1890
5
24
0
42
32805
63
23040
576
123417909
640
7
9
123456749
1944
216
0
512
6
324
7
1764
36
72576
0
700
9
34992
123456775
5
720
18
1524096
7560
123456761
123456733
81
5
72
123455529
24
123456777
384
7056
162
840
7
123456501
123456780
1512
12
56
6
123454269
123456747
9
123451029
84
48
90
10080
4
1152
336
504
104976
72
10
123404949
16
123456573
24
3402
123456735
3456
2880
6
32
112
123456759
54
4032
108
8
1344
0
9
48600
90
384
42
90
32
1944
24
64
48
1260
1400
41472
0
8
1
6
72
4
123452757
123454731
1944
6
123456785
19208
60480
5
189000
42
3
0
12
54
6
10752
15435
56
9
1344
4
123398469
123456783
31104
9
2520
81
960
123456788
840
123454997
280
64
8
16
345600
123456741
1
5376
4374
14
2
5600
123456788
22680
49000
0
0
2
460800
9
270000
0
112
3888
6
56
28
600
7
240
248832
14
54
1
5
2940
54
49
0
56
49
16800
576
14
1575
123405339
0
504
64
217728
405
123262389
6
0
1152
1080
123456725
123456249
123116589
64
108
0
30
32
20412
63
123454629
648
8
9072
7
10800
6
30
79380
40
6
338688
28
123451029
2160
8
315
15
448
9
9
315
72
4200
9
24
18
0
123456773
46080
21
8
0
51030
0
56
2205
158760
729
405
123093909
2
8
384
1000
12544
7
141120
0
336
123454549
5
24
3072
123425685
0
32
5
30
86016
72
6912
500
45
3360
7
3240
9
1290240
9
8
120960
567
9
2048
5292
40320
123452289
1260
4
0
0
0
864
63
7
123456762
123454629
160
11664
2016
123456784
2187
107520
0
6
32
0
123118101
13720
0
72
1200
4536
324
8
48
504
200
63
56
123456768
0
210
36
123456726
112
5
486
6
30
8
123456735
100
84
1280
4
6
9
24300
9
5
54
486
9
40
9
5
123033429
5
9
9072
1715
324
20
7560
6
48
123411429
14
216
3
2304
9
123456786
53760
45927
12096
0
7
1
63
8
8
4608
567
28
5760
0
45360
5
123456669
810
6
294
123456757
123453009
9
45
123436629
2
48
56
144
8
0
57600
1
900
0
7
32
52488
6
3
122472
123456781
68040
1440
5
6
240
123456775
123454773
123456784
8
36
0
54
9
1
81
123456783
2520
18
16
1
9
320
81
122912469
54
9
2520
40
63
165888
123456749
9
123456783
0
9
54
84
455625
7
42
1440
4536
0
123406389
243
87480
8
10
180
54
7
54
5376
345600
2
1890
3149280
378
6
27216
123456609
16800
36288
13440
48
25
1
123451929
1
123431274
756
108000
123456788
3
280
96768
140
2
9
3969
6
110592
194400
8
0
0
7
5670
576
56448
123456117
123456729
360
123456787
0
6615
0
123346539
7
0
315
4
512
9072
1008
45
123456783
120822549
64
3888
537600
20
588
336
5
80
123386805
9
123456117
384
448
49
3456
123116589
56
10584
0
1215
0
123450309
31104
12
161280
123275349
9
14
6
28
5832
7
1959552
8
1280
576
81
0
9
11664
8640
870912
72
1344
648
378
20
1008
504
2835
7200
392
338688
40
2268
123456249
123456741
1680
448
64
35
2
8
784
123456777
15552
504
294
1344
2
6
54
64
0
8
2
67200
4536
5
25
123456787
24192
123456783
56
120
432
5670
123456788
8
4608
10080
81
280
123454197
27216
336
2
5
24
0
48
360
24
7
0
1512
1728
42
45
0
168
729
168
123456681
123456213
7776
45
7
5
24
0
107520
123456782
42
80
3456
25920
0
864
180
4
160
729
525
1512
123456664
0
56
43200
0
36
123456784
1680
8
57344
5
40
0
123456693
123456501
486
3
720
9720
123456773
123455781
1016064
54
2
56
123453765
225792
9720
5
31104
324
315
2
8
0
252
280
326592
0
123456285
2
72
46656
105
81
16
123280389
0
10
7
280
189
49
2
224
960
8
135
6
480
123456749
123456765
123455589
336
0
288
63000
180
432
9
648
0
56
63
172032
32
72
1728
8
25
378
3584
122849289
256
720
294
7
0
240
24
24
123456765
63
90
40
8
1
123327765
5
256
4
384
756
123456765
192
9
0
1440
6
5
108864
4608
12
64
6
0
5
123456788
7
864
123456780
7
2688
201600
123456693
1134
6
5
72
3645
123456762
9
9
14400
123456765
123456765
102060
9
64
4
35
49
54
123456600
5
3024
123456781
336
5
20160
5
36
20
878080
16
145152
233280
123456579
123456533
4032
9
123145749
42
54
630
2205
5
72
64
72
8
72
6
1960
54
5
72
1440
123436053
123455979
810
6
50
280
192
19440
123456501
7
123456788
8
123456749
0
30
225
0
25920
36
123454437
112896
0
32
54
3
161280
45
2
97200
123456788
96
2880
12
864
150
1134
280
64800
123433269
123456519
60480
0
4
0
56
6
28
8
4
123451497
64
252
7
3
123451605
12
61236
207360
123456740
1512
360
384
648
72
510300
7
123456749
35
63
123456621
7
40824
1679616
49
9
200
280
123455655
123456786
48
123456717
9
123418389
36
16
336
2880
123456787
35
40
123415317
24
980
72
0
72
31752
168
5760
6
120
5
15
123184629
0
8
123456762
120
8
216
123427989
72
0
945
24
51840
5
1260
72
7
9
18
2646
168
16128
168
144
36
1350
9
8
123456753
1728
123456762
123456717
525
86400
123337719
405
729
63
168
28
123454549
131712
8
5
72
32
3136
123456765
9
35
22050
168
8
2520
5
123456777
282240
123456749
120916629
648
0
311040
123456726
720
64
18144
720
9
3240
123453909
2
37632
432
5878656
81
243
123456741
2592
2835
1134
1008
9720
3
9
123456759
5
0
27
123024789
1176
9
42
123410133
1344
123406389
48
45
5
105840
123384789
9450
405
1306368
123456785
5
315
59535
8
11520
3
2160
135
1
8
126
2592
81
32
224
3456
150
123456775
0
576
8
123456784
54
0
123452469
4
64
8
6
36
63
72
123456754
10080
0
36
256
0
8
9
27
564480
12
21
42
123456782
123223509
108
2880
1244160
15120
6
480
5184
123455979
980
27
270
224
72
6
123456784
336
115200
280
1440
5
123456788
120517461
1344
10080
5292
12
123456788
1
56
123456465
20160
52920
57600
13824
123241749
9
0
8
288
0
123449013
123456777
564480
63
42
36
64
288
15
24
8
5
5
3
123456783
1680
896
24
7
36
2
9
23040
240
72
216
1680
93953301
9
56
123371739
217728
7
123456663
123456609
8
2744
0
240
123456654
144
1080
123456729
2400
63
10752
567
1
63
175
1008
36
42
53760
123454521
16
540
1176
2352
3
8
1200
123411429
45
63
1536
81
360
45360
4410
9
60
3024
30618
123456762
124416
168
8
17496
123456717
567
105
9
123456519
3
576
81
245
49
0
840
84
45
122337045
123456780
81
175
28
15120
123431701
56
122427789
21600
123456033
8640
11340
123456725
504
20480
49
40
48
9
140
10368
122368149
9
9
4
123069717
123456573
17010
1440
54
21
8
120
8
126
0
648
56
8
3456
0
112
81
0
4
252
2
870912
42
180
72
9
1728
28
16
168
8
5120
123453765
25
123456669
2688
123134229
9
9408
32256
123456609
302400
24
45
30870
12
6000
123456777
7
38400
3402
7
3
123456509
36
315
123456357
64
36
123454869
3
210
3
10080
1
123453909
8
50
714420
1
6
8960
392
7
54
3024
7776
640
28
123456771
1458
24
2688
9
80
0
123456411
4
20160
122666517
4
38880
6
720
4704
576
672
5
24
123456784
441
45
1152
123230997
6
7
123456787
0
123456787
121134357
2304
56
49
3024
10800
4
48
9
70
324
3
504
252
1
14
3969
4032
0
27
72
1344
123456765
378
1960
36
1890
40
72
504
30
12
0
9600
123456645
2400
567
13608
1
123456629
4536
2
1575
324
6048
8
123456614
5
4
8
108
10080
123275349
9
567
123447069
793800
1764
123456786
81
81
750
5376
1800
4032
408240
3840
25
50400
226800
128
5376
7
75600
72
288
0
54
8
9
0
135
9450
96
123447573
42
45
5
123456773
9
3200
40
1890
118011321
123456754
123456681
35
15
123456753
6720
122972949
270
5184
0
123455709
7
1
36288
123456764
42
9
40
160
12096
123454269
560
123456788
567
3
21
8
0
0
123456714
576
504
1536
420
420
384
123456765
1
123456783
15
9
4
123456753
123456357
6048
0
54
16128
0
34020
7
9450
0
1152
0
210
4
4
49
567
1715
9
84
4
3888
1
32256
5040
3
3072
123456780
60
6
8
49
294
40
122669469
9
123456787
378
197568
90
9720
810
104976
123456768
28
340200
124416
0
1344
9
384
1008
123456747
42
12
252
567
123456749
56
54
0
0
1764
20
576
9
63
0
9
0
72
0
123456533
0
18
384
123456788
123456757
123446037
18
123456645
0
9
350
360
0
56
72
29160
123449733
123456765
1120
144
0
9
5
1458
448
1764
32
35280
432
35
123455637
0
0
648
20
123456777
123440661
160
3
576
270
6
123456757
448
72
512
9
24
7200
24
42525
3528
8
123456213
2
24
9
123456786
123455061
3024
4
123456749
64670229
504
6
81648
450
9
288
35
25
63
123456069
972
7
7
54
24
123456781
1000
567
63
70
441
123456609
960
123456501
1620
378
648
123456759
576
4608
36
8
9
27
16
80
25
72
5103
25
7
123456787
1120
72
6
54
4
123456788
123456787
38400
1344
8
384
9
121687317
15552
123454197
18
7
6
123447717
72
14
0
45
2304
360
7
0
123454485
756
320
4480
1008
7
192
123454485
7
3840
559872
123456663
64
32
36
4
4
123456775
3528
36
163296
5250987
123425037
6
576
3
123456747
81
123456786
1728
648
6
72
24
54
14
8
35
720
123396309
4
15
123456757
432
0
123456764
123347925
123456788
6
4
7
123456357
588
9216
162
1728
64
0
9
7
2016
0
512
63
8
2646
8
42
35
36
840
135
142884
20160
25
72
9408
5
392
123452469
6
123456762
1728
24192
96
32
0
123445125
4
0
6
7
320
20
2520
64
123456777
4
123456784
1
1152
42
162
15
123454899
55296
3
75
9
405
17496
280
5
72
123456765
0
0
1152
9
123456357
9
0
3
27216
90720
9
0
3
27
123425037
35
18816
4
28350
4
123456717
123456741
6
576
54
123249429
0
39366
123456787
15552
160
4
3240
0
123456593
8
48
1512
288
0
6
21
123048549
0
81
27648
8
123450645
9
5
5
84
123456753
51840
192
120
7
123377409
384
512
123456677
2880
752640
45
245
9
22050
6
54
360
336
1728
280
14
216
6
42
72
39690
0
7
40
9
129600
280
90
8
5
324
432
123456779
0
9
99225
315
0
2
378
5
4
2592
144
20
123447189
1728
123412885
428652
6912
972
432
3888
112
432
2
2880
2160
1680
0
52920
123456782
1
0
216
123372789
140
60
42
392
7
56
123450069
9
123451029
10
63
8064
270
16
8
81
225
5
54
2
123456593
56
8
3402
252
0
36
81
210
7
56
9
123456597
0
16
80
7168
0
0
360
63
122424597
1512
32400
1120
1280
123456782
1749600
15120
0
123456759
5
2160
63
45
1890
3024
72
1323
9
9
882
40
1228800
63
36
4
648
0
42
8
123456405
648
48384
28
810
81
48
9
8
552960
6096384
18
126
9
0
9
126
27648
47628
1440
122368149
32
168
7
56
123456788
27
40
1
15
9
35
123456769
7
15552
4
90
672
4
34992
81
875
4
0
8
24
7
23040
123456782
64
123456784
6
6
123456788
9
4
810
1260
9
5
5
123456786
123456103
216
3
36
72
34560
123456775
49
49
2520
25
49
63
8
112
1008
72
486
240
123456753
28
625
5
11760
0
6
6
7
7
56
72
0
196
123449499
123456780
9
123455277
180
10080
10
9
123456765
2592
123456565
20
21168
40
0
486
7
5
8
1440
77175
270
123456782
0
123456787
72
0
126
45
0
168
123450741
360
12
81
8
6
192
8
123455277
9
64
72
729
192
0
120
393660
123456357
15
72
123456726
2800
81
4
0
165888
20
123456669
0
123456593
1728
45
336
5
6
0
1260
123456469
123454845
1
3600
8
4032
900
6
123456597
784
123452901
36
324
504
30
4
27
3240
486
1080
504
123456769
28
9
123448949
40
162
32
0
123455829
1800
224
96
3
8
63
123053589
16
20
0
486
162
123456788
504
9
3456
18
140
144
9
7560
1181250
50176
7560
20736
210
2352
123283989
864360
7680
126
576
486
122798229
480
9
2177280
123456621
72
123363477
84672
345600
123252669
1
567
3
123456725
123456733
8
123421797
6
3072
30
63504
2
81
2160
123456705
108760149
64
4032
7
2352
378
4
0
200
63
123451605
123455529
48
107520
288
0
1575
8
63
378
125440
0
72
7
10240
768
0
21
123456537
10368
123456777
256
36288
123456784
0
126
5
6
123456788
180
6
294
0
123456747
24
0
6
1
18
48
26460
72
87480
123456661
13824
27659520
28
36
123455781
6
122912469
9072
7168
5
600
8
8
5670
0
8
9
123411429
3600
72
0
54
567
21
32400
756
1440
123456782
6
6
6
0
192
72
45
58320
0
1244160
123456783
2646
108
123456222
1492992
123456285
63
63504
8
5878656
8
2430
9
90
6
123449229
7
9
2744
6048
7
2160
123434109
945
9
0
3483648
0
90
189
15
123456787
2058
24
123454359
9
123456537
294
24
8
7
48384
48
40
81
729
729
432
8960
123456593
2646
420
49
71442
56
9
127008
24
5
288
72
1512
138240
4608
9
217728
123456773
1512
8
3
8
123456788
9
7290
22400
12
49
25
288
123456781
324
864
0
3
0
10
10
123456733
108
7
840
0
40
3
1323
32928
7168
42
5040
2
123453387
2
9
6480
45
7
49
123456774
5
35
35
107520
45
3360
32
0
504
40
10206
3969
7200
7
648
1290240
123456714
1440
123456788
123449589
123456759
63
6272
7
17280
18
13230
48
148176
1260
107520
123456787
1296
72
27
0
12
1029
123456717
1
123456726
864
0
14400
2400
123154389
3456
7200
1260
63504
56
216
7
0
3888
123456021
38880
96
4608
123456786
245
123456213
30
40
56
0
45
