7
5
25920
123456549
0
17280
48
8
4
864
648
123456787
123456589
0
123437889
5184
123383061
123442965
60
36
0
123456753
768
7
4536
16200
0
84
0
4
216
48
39200
123456726
7
123456787
63
112
123456309
126
35721
123456788
63
25
16200
72
14112
56
3840
9
16
1470
9216
0
15120
123456788
5184
54
45
21168
0
8
123456785
123452253
35
27216
900
123456537
1800
9
63
84
123456747
123456786
504
42
16
0
4032
9
123456149
240
3024
2
8
6
4
2940
3840
270
5
2268
0
120
486
21600
0
2
144
0
5184
864
42
8
189
0
62720
27
576
64
1200
2205
252
5
9
15552
63
9
5184
9
123456277
1080
81
240
30240
16800
4480
5
3
12150
72
3456
349920
6720
483840
18
0
56448
4200
9
448
504
8
48
0
448
45
18
22680
6
123455709
14
9
6
45
420
30
123456593
14112
63
123449985
200
2016
4320
9
3
123456629
5
4
20
200
27216
1620
3
560
225
9
8
72
11340
63
123442389
8
123444693
270
5400
0
192
1920
123456783
120960
123456285
64
2016
54432
123455253
648
63
4900
8
14
4
9
8
123455529
256
3072
123439509
8
1728
6
45
123454269
1944
7
123456782
60
5
270
1296
81
13824
25200
8
360
378
324
1400
47250
882
93312
2
69120
72
123456717
18
123456771
4536
256
0
8
1536
123453429
8
123456783
288
1008
28800
4374
40
9
0
0
378
123456784
288
81
9
168
252
162
24
4
72
123456786
504
4
27
25
30
0
123451749
362880
240
24
0
123456039
540
9
3
1008
123456744
0
14400
4536
29160
60
0
123456589
3
12096
64
32
161280
9
123451929
81
123455949
123456781
3
9
123456759
9
576
1260
9
7
15
7
729
6
0
9
40
123456664
338688
0
7
280
4
3024
1
87480
123456771
3
5
8
123456021
320
2205
123456544
1440
123456782
280
123456681
1680
8
123456681
0
3
2520
13440
64
63
123456681
123405589
8
90
56
123455169
0
24
123456768
112
1008
123455529
8
0
0
123456222
0
123456627
290304
5
123456786
123456765
4200
8
123456781
5
576
1152
80
4
3456
9
5
0
18
123456788
123334317
48
1080
270
123456729
123132789
2880
5
2940
2688
84000
420
35
1008
8
560
576
0
4725
36
5
0
378
12096
504
122710293
9
123456761
56
6
6
3
0
270
28
25
72
252
6
81
1120
9
0
320
466560
6
21
9
360
63
336
4032
81
40
5
216
7
147
123425685
24
123456303
54
240
30
1134
24
576
1680
224
0
28
315
123456788
123438357
256
28
756
9
10368
7
5
63
6
540
432
8
0
180
3780
9
56
2
4
8
180
24192
180
144
0
5
123456699
8
123456757
0
4
112896
123456785
20
123455613
210
40
93312
225
123456726
29160
378
81
12960
6
0
72
7680
567
1296000
23328
14112
6272
10584
4
15120
9
63
700
7
70
784
113084469
324
5
448
28
2520
84672
123456614
756
0
9
25
0
9
48384
123384213
8
7200
5
324
5
123396309
48
7056
63
0
123456787
147
123360021
24
123453333
1536
4536
9
48
0
3150
7
28
1568
5
3240
12
160
64
7
0
0
120
2160
504
9
20412
3
70
240
48
336
18
23328
0
0
4
4032
8
123446709
20
180
1728
123456786
7
5
45
1
8
7
3136
2646
5760
0
123456705
0
22680
945
40
41472
8
123456780
13824
0
0
2592
7
7
216
30240
0
6
35
49
576
123451605
0
8
432
36
9
123452949
35
4
5
126
14400
9
336
2520
64512
45
12096
537600
72
123455765
7
3
144
8
15
768
1200
0
81
144
123456693
12
123456785
27
7000
115200
123456735
12
3528
56
123214869
123454485
5
81
979776
123456735
144
49
6
6
1
63
72
123456699
8
8
72
9
123456771
960
9
123456784
144
324
54
1680
1050
0
20
0
30
5880
123281829
15
4536
35
1344
441000
123456717
972
13122
21
168
288
9
12
3024
6
36
18144
995328
33075
56
168
504
7
0
123456786
56
81
158760
7
46656
5832
9
123456787
123439509
9
123456735
448
2519424
9
2268
6
7
9
233280
123455781
81
3528
123456691
648
123456741
62720
30
405
123456285
0
123456787
0
5
121944789
0
315
5
576
14
123456774
17280
123456773
4050
144
123429573
18432
109459989
6
48
1344
123456786
123381525
2520
49
0
6
45
9
123456788
72
6
123456708
12
0
180
17280
32
32
18144
24192
123456669
7
123456785
168
4050
123456786
14112
123454359
441
280
56
45360
28
3
648
0
6
56
378
9
63
31360
233280
8
49
123456783
42
0
7
12096
1512
333396
123456159
120960
6
6
320
63
0
123456768
123451749
6
1344
960
9
288
22680
8
405
144
448
18144
63
123456781
7
432
2
123443829
181440
810
3150
123456465
64
240
18
35
5
9
864
123456783
224
9
630
123456519
123456783
5670
2
4
144
63
123456533
42
169344
123456735
123456783
1
2016
123456768
320
123456645
12
8
49
7
70560
63
576
16800
123452949
8
4
7
56
147
72
123447789
8064
960
36
4
224
432
123456780
2560
252
1024
432
8
123456757
9
0
0
7
1134
32256
123456771
27
8
8
36
1344
89600
0
864
13608
24
6561
0
441
9
10
12
5
2016
7
3240
10
10368
0
0
972
6
12
0
72
9
6561
9
90
0
25
168
123456771
2880
123454773
6912
1344
256
5
9
378
20
9
576
280
192
26244
9
8
6
3
4
123442389
11520
9
69120
0
0
123430869
123456717
56
9
123454997
32
81
40
13608
3087
122005269
8
49
311040
20412
123456717
72
3584
0
123452253
4
8
8505
49
36
480
4032
24192
8
10206
512
5
280
24
1620
24
36000
123450309
0
123456744
7
8
35
123456741
0
0
122765589
2016
9
123456786
8
4032
2016
123455637
123454899
6
120
10976
36
567
672
54
756
432
1134
4032
226800
1536
0
1080
7
8064
768
5
2430
0
5
7
123456781
20
48
9
123456735
5
4
720
35
84
64
15
3402
1512
7
56
9
336
120553749
72
35
48
1512
81
123453873
432
0
175
200
0
378
150
32
123449013
144
5
0
6
15680
4032
2016
215040
54
9
123214869
1
25
420
486
960
0
144
270
225
9
441
40
123441669
35721
4
0
14
12150
123456787
144000
840
40
56
9
30870
0
123456717
0
0
72
64
18
72
336
9072
9
126
36
9
72
123134229
4
31752
123366069
4032
123456765
648
5
9
8
9
180
6
0
9
48
32
32400
6
8
1080
3
123456753
0
0
189
123456754
50
204120
64
42
123456773
72
36
72
3
0
35
9
2352
7
63
72
5
7560
7
123456781
2
9
123455221
2205
2744
1458
42
123456784
640
20
123456741
112
1152
3456
63
3528
24192
0
1260
123453429
6300
2268
40
7
123456663
8
238140
324
123455493
2520
54
691200
123197589
2709504
1
112
6
20
42
756
504
24
8
0
123455709
5
0
3840
3
123453549
123456771
49
6
123456785
48
49
70
9
36
63
2160
0
7
48
7
123456787
720
0
123456773
36
75264
3456
27
432
2
5184
3024
3888
800
1176
7
0
123456769
224
181440
123456709
5
0
7
8
2646
7
8
37044
1050
123075765
2160
405
56
7
123456774
34560
9
4
280
123456593
148176
35
42
576
224
123454773
6
56
40
5
540
1024
504
288
6
392
0
5
45
9
21168
8
294
81
5
72
567
123456775
6
6
0
504
3888
1152
123455709
22680
1
7
648
1792
45
0
0
56
432
36
12960
4320
123456787
200
4
2592
6
8
324
4
123456669
5
123456369
123454521
123456765
7
6
6048
144
0
12
1536
384
35
123451189
240
3
10
144
56
36
123456785
13608
135
0
42
648
6
1176
0
0
2
840
123456788
9
72
7
0
7
1440
123456764
123443989
123452757
0
20
24
168
180
6400
123456780
123456769
4
0
81
63
72
9
7
32256
123456769
1372
25920
123456397
9
648
1
18144
54
123456677
315
6
5
72
19840464
8
16128
0
0
7
1764
124416
123456627
5832
21870
123453653
100
540
1512
8
0
64
123456780
72
35
123453261
123456774
90
2916
20412
30
123456782
36
729
168
288
123456785
72
72
25
0
0
280
360
120
9
95256
36288
123400539
123456782
123290091
123404949
123456735
4
123456747
123456544
2
576
123453909
45
7
8
40
3
3240
9
63
96
216
240
6
123204789
123456787
35
45
123456249
49
4
15552
384
324
49
5
0
24
1
84
160
8
9072
126
9
72
31500
4032
8
5
150
6
28
136080
0
123456741
6
252
21168
10206
0
672
81
0
280
3
98
1224720
1701
6615
0
288
56
123456785
123456765
0
288
56
35
32
8
123456773
0
36
3969
81
120394989
12600
8
35
9
6
5120
1512
168
123456786
648
69120
56
2160
13440
105
147
2268
20
384
9
81
7
0
123441429
100800
4608
123454269
360
123455637
2
35
480
48
17496
28
32
123456777
16
123440589
36
123456753
8
72
3
81
36
4
7
123456159
3024
392
5040
42
2
14
40
6
32
9
123456787
320
3
4
144
27216
1134
2430
123456729
123166485
64
123480
123443829
20
8
2646
123456757
56
0
56
0
945
9
216
15120
3024
0
4
123456725
108
192
8575
1440
17640
1008
18
0
64
2700
1
3
24
7
123450489
1008
6
2
6144
23328
120
123456786
153090
2016
15876
162
63
1344
30240
123456783
275562
9
1440
123429573
3240
8
123456733
63
3
45
123456627
0
264600
42
288
123456754
81
63
63
320
7
14336
8
9
34560
252
108
272160
54
2160
36
4
1
42
49392
4
5
2
0
504
123456782
5
2592
3072
123456717
63
123456773
72
120
15
378
23520
1080
63
0
6400
0
63
30
121037589
23328
1792
0
24
7776
8
8
84
8
35
9
448
576
90
120
720
123375141
3
6720
3087
54
419904
18
7
8
105
14175
123456159
123456489
6048
216
123229989
123456787
9
49
123456495
123456773
72
576
123455739
0
192
61236
7
2160
378
36
0
45
144
0
48
1
81
8
123453873
252
123414453
432
9
3645
123452309
9
256
123456689
123456762
123455925
123456663
567
122186709
3
123456786
36
0
123456777
756
25
0
243
600
123456141
343
123456771
4032
123456781
123456771
123452469
8
14
63
48
294
25
2187
1764
1200
6
224
567
0
96
600
1080
25920
81
373248
432
2160
5832
64
64
8
123456729
1
2520
46656
15120
448
729
9
79380
8
11664
16
840
63
2160
435456
2
123455466
1008
7
48
175
4
9
7
16
2
0
9
0
123456021
2
64
2700
8
8
8
2688
8400
0
123456733
32
3087
216
0
1296
9
3888
3240
98784
0
28
256
8
123456781
123456739
5
240
24
9
123456785
123456397
1728
34560
54
13440
0
0
10
123456639
2646
123445449
123456783
123456787
122477013
672
181440
7
123454773
210
123456787
7200
288
192
0
405
49
0
12
25
6
49
2304
216
27
3
123456663
123432213
123456757
50400
123456773
2240
123379029
0
7
6
2520
9
58320
9
18816
2
20160
123456669
8960
0
123456069
123456609
123456788
0
8100
9
8
123033429
123139269
54
2048
384
8
288
864
1440
864
7
5
160
123382701
2880
504
123389589
56
0
480
1728
432
4
28
648
81
4
1134
1440
8
123456781
96
0
1350
123453717
72
324
7
5
123456747
5
0
123456717
64
8
756
123366069
30
3
13608
0
123456749
4
9
1176
48
14
288
30618
280
15
36
7
9
8
729
35
63
20
7
8
9408
15552
16
10800
6
27
448
214326
6048
392
207360
123455493
81
9
123456717
2520
0
0
987840
4
8
12288
4
210
14
324
72
123451605
288
5
24
10752
54
2688
210
3087
123455893
7
4
12096
122854677
108
43200
5184
7
9
0
0
8
15
252
48
7560
64
5
480
2646
123361533
6
18
123379029
64
123456285
0
84
0
432
144
20
214326
9
2700
123439293
34560
896
123456749
123455893
72
42
30720
32
9
0
54
128
3456
320
42
4
3600
45
63
1080
123456771
1764
64
123456759
280
12544
3402
840
123456708
122368149
18
16
1411200
42
360
140
9
12096
192
14112
45
25
20160
576
123456717
123456775
48
1080
7
567
9
63
5
576
9
123456285
123456573
123440661
24
9216
9
0
224
360
35
9
12
1620
121714965
1080
9072
123456781
6
9
7
123456788
123456429
123416469
2520
9
64
32
48
7
7
483840
752640
0
25088
1323
7
8
72
21
36
38880
168
81000
48
49
1
108
64
22680
194400
384
9
720
56
8
45
1440
7
123456645
9
24
0
18
123348789
25088
5
90
123166485
9
4
123456645
3456
1260
123456429
68040
324
6
5832
63
113503509
20160
6
9
123456213
72
9
24
432
504
0
6804
0
123429141
123447829
64
486
504
367416
448
30240
288
64
72576
36
36
144
54
63
0
0
8
576
81
288
9
123445989
180
0
24
123456783
8
432
1764
7
120960
336
36
9
9
2352
35
4
8
122880
20
729
1728
35
1152
9
30
8
544320
336
60480
40
48
972
840
0
1344
5184
210
8400
35
54
122972949
1944
0
1
7
24
9800
9
8
6860
0
9
5103
123480
46656
8
40
384
81
123453429
2520
0
5
0
6144
20
7
9
486
2
8
123451029
4
6
392
7
120
432
81
63
0
504
864
10
123456773
1890
122980509
1944
123456609
34560
123456771
81
2688
10368
7
81
72
8
4
1008
6
0
36
123456501
21
54
24192
2592
123453989
4
20
8
0
43008
6400
16
63
864
122523669
123456621
72
56
192
384
8
0
8
0
28
8
45
1344
0
45
42
1440
5
0
56
336
9
24
123456781
7
144
30
2
432
51030
8
8
25
123285289
123456733
324
245
18
349920
123209829
123456788
384
9
48
123453333
8
20
216
243
123456765
5
25
66150
123456693
72
123456597
30
194400
288120
49
432
9
56
123456785
3
123456735
123456249
123454437
28
123456693
27
6
588
2
217728
123456781
123350949
7
123456609
2592
48
110592
270
2352
45
3
9
270
40
3528
1536
5
140
8
72
378
5832
8
8
123456787
96
9
3
168
28
21
2
21
637875
108
504
7
18
2
72
7
24
45
81
7560
9
9
384
5760
27216
2916
3
1
864
504
5
7
12
11520
16
189
1
12960
2520
18
175
8
123456762
72
13824
123456777
280
8640
123171021
123456785
123456773
4
4536
25088
123456717
123456717
8
4
567
72
367416
123435621
0
56448
6
18
4
123453333
3024
720
10752
123456747
9
192
123456786
16128
63
96768
16
0
294
10800
35
9
123456785
25920
8
0
131712
756
48
42
123456773
12
123456303
9
240
28
4
120
288
648
141750
4800
49
96
378
9
240
5
0
30
104976
123456729
288
8
21
378
0
123456784
4
96
123360789
2520
14
240
54
8
0
123421797
384
6912
2268
81
72
1
752640
9
123456747
123456753
123456788
36
1
0
123456757
9
6615
56
18
144
72
6
1
123456788
12960
30
30
4725
81
49
640
0
105
6
0
123455781
123452757
123456757
1008
123456600
270000
8
8
4
9216
9
9
3810240
2688
72
72
2048
2646
3888
1960
280
123456213
35
432
0
84
123452253
320
123456784
120
123433749
592704
6912
6
4
42
8
6480
3240
5
6
123456777
0
6048
18
123456783
1548288
2304
24
320
126
7056
21
56
567
123456600
4536
6
40
0
6144
889056
48
15
8
81
36
392
92160
2
4
0
3024
123455493
432
24
123456762
240
18
21870
121551669
42
35
189
28
121134357
180
27216
432
1134
0
0
51840
1296
5
20
0
6
123456747
9450
35
28
123456264
12
9
12
6
123456717
175
1312200
168
0
123404949
24
4
42
56
0
405
580608
288
18816
810
7290
27
64
90
123456537
0
64
360
30
8
40
72
8640
6
123456781
123456741
87480
23040
168
12960
72
16
7
7
123255189
123456775
7
123456747
4
39690
8
2
51450
72
9
25
30
21
5040
9
122005269
0
32
32
9
0
0
5184
54
4320
216
3150
123456429
8
18
1620
270
123456729
56
42
80
5760
18
30
6
81
1080
0
123454164
280
324
1944
119070
1008
3
1
123456753
2
4
8
36578304
40
123445449
30
6
9
9
33750
48
123456786
882
123421509
123456786
27
432
7
6
378
1323
6615
64
63
123275349
4
4032
2240
9
8
735
49
3
140
324
47628
282240
210
0
139968
0
27
3456
81
189
241920
56
72
40
9
882
8
245
6
36
576
0
63
144
2
9
10
5
0
0
5
42
3
36
1080
1
8
324
0
8
896
5184
336
105840
504
504
42
288
45
90
735
8
2
0
1008
56700
81
0
123455817
72
9
105
1008
123455817
8
9
5
123456787
3528
270
8
448
123423189
9
672
28800
3456
49
256
441
123456429
123453429
123456744
90000
123456749
378
3136
2
63
324
6
1296
288
238140
24192
63
40
80640
1806336
6
1575
31752
2400
420
4032
81
81
123456753
123456775
189
540
472392
123456549
2430
252
6
123456765
11200
7
419904
25
6
48
7
648
0
0
0
63
414720
123456141
36
48
72
81
120
480
5
123447717
3
1008
144
123455655
28
2016
123456787
6
0
0
9
64
0
35
6
4
392
672
123456786
136080
3
123453289
54
504
8064
12
40
123430869
648
3360
25
0
320
6
20
139968
123376149
123456788
12
56
45
945
8
0
2
21168
0
122731029
0
4116
900
3456
7
2880
63
123456785
648
750
9
2
3150
2592
0
48
8
64
48
14
6
1176
123456765
6
648
0
9072
56
42
9
1440
8
9
4
40
2592
24192
72
576
42
576
1080
1944
5
108
25088
123456786
0
120
737280
360
96
9
81
0
225
48
72576
8
5103
270
123270165
9072
9
54
63
648
31104
123456786
123456739
123456769
387072
8
81
123445269
15120
9
1400
8
4
8
123456759
81
8
6048
960
576
9
7
8
294
9
302400
64
240
432
54
144
294
960
3150
1920
8
0
0
123456785
7
1296
123455109
20
784
32
0
48
20
1323
2
20
672
840
4410
392
288
384
315
114125589
324
10584
0
72
1512
123455637
0
18144
63
63
123456785
12
123454899
123452181
180
28
240
56
35
10080
1680
0
489888
5
430080
72
0
3
2352
7
0
3
4
56
9
8
6
12600
0
18
123456677
123456735
1680
56
0
9
23328
1680
3072
60
123456780
1344
123456787
123456777
123456765
630
20
123456787
12
9
56
600
123456669
72
1344
7
72
123456663
9
0
123440913
30618
0
120
123456781
123456779
2520
8
0
567
0
6
0
9216
9
9
32
123456645
2520
123451413
127008
20580
0
18
123453009
1792
123456384
63
7
3
9
672
123456777
252
490
7
2
28
123456788
486
1200
72
48384
576
5
123436629
559872
216
42
8
63
123456786
6174
17280
123451605
1680
10368
648
1120
729
25515
123456782
5184
123456774
270
54
87480
729
123456735
123456782
32
2
48
36
576
123456777
320
123456787
5670
216
111132
448
120
5
9
123268629
64
28
16
123456645
6
1575
9216
123456765
63
9
1260
0
0
6
123456684
280
864
4704
42336
7056
31104
0
123456249
64
56
100
123420501
81
6048
123456786
123456469
123456629
8
840
123453205
6
123454269
2016
442368
288
28
24
8
9
123372117
2304
18
0
4
729
378
128
0
8
8
240
46656
648
63504
12
5
864
123301269
7
0
122842133
123456787
123347925
9
252
123456780
0
56
384
448
1
123456775
81
0
360
24
19440
108
40320
63
72
108
54
6048
8960
23814
121742181
2016
320
123111189
252
324
420
9
12
54
9
3024
0
139968
49
123456661
1296
0
5
123456788
56
4
72
32
123456537
56
0
5
7
10584
64
7
211680
9
81
140
2592
63
7
1792
123455109
105840
1134
9
3
123456787
504
122986389
81
9
756
25200
123456788
8
123315669
36
2520
252
106310709
0
123028137
5
54
8
123450069
8
7
6
6
28
1
5880
2592
45
7
567
9
35
63
648
16
192
378
15360
336
0
123454869
75264
28
6
294
9
189
9
285768
123456788
9
8
123456661
1728
75
162
9
3
120190869
82944
7
9
144
160
0
1512
30
123456762
486
15
84
4900
123456453
147
18
9
40
16128
2
4
25920
1
123456771
123197589
72
210
15
3456
7560
123456747
486
48
12
8820
2880
0
48
56
8
1260
42
140
126
63
123456429
14580
81
1728
15360
343
192
64
123202773
2240
14
84
121777173
42
5184
360
0
123456765
123456784
567
8
42336
9
8
123456777
7
0
2
21
123435621
6
9
72
6
9
123429141
123456779
3240
2
27
18
345600
9
16
315
4
36
3456000
84672
9
63
11520
80
512
0
9
0
8
64
6
4032
9
0
27
0
123456768
9
5
123456783
1
24
6
7
24
9216
5
2
648
0
0
800
8
875
123456783
1296
123456741
1470
4
8
7
48
125
64
5040
1080
72
5184
63504
0
1344
1008
1
0
360
49
123456645
7
48
381024
0
9
24
60
56
0
3
92610
8
2
123456741
8
6
648
243
4
56700
4608
60
1176
72
9
3888
5
120
54432
4
7
0
72
63
97200
0
72
0
4
123456754
123456693
3
18144
7
192
123456773
3888
648
123456768
150
432
64
63
123443829
4
8
81
63
123456787
3
24696
123456744
72
1134
123456753
740880
20
224
123456765
80
2
768
9
36
7
24
72
12096
8
980
107163
12288
81
441
144
36
432
63
0
35
123456781
7
49
123456788
200
2
36
72
58320
123456149
215040
8100
0
2646
8
40
6
1728
32
64
0
150
648
10500
36
2
42
4320
9
8
9
1296
7
123372117
870912
123197589
56
6
123130197
162
84672
420
7
49
3
576
280
0
27
2400
192
123456303
18
63
123456787
378
72
4480
7
1944
0
54
64
72
8064
12960
123456785
336
252
840
5103
123343893
123456729
123456777
30
432
4320
81
123415317
123456781
504
9
1620
240
12
123456765
3
32
123456729
56
123447339
40
16
120
1050
12
0
360
120
123456661
63
9
54
16
56
9
0
81
123456786
8064
4
9
4050
42
392
36
123456784
11760
81648
576
0
123456781
252
648
244944
0
7
144
5
25
123456726
640
1890
63
122721957
123449109
9
270
3456
0
7560
9
36
2880
320
8064
1134
256
123456693
123456753
7
6
320
2240
9
72
0
1008
123455907
48
0
45
5
56
42
567
2939328
123455109
123455189
0
0
123145749
63
3024
441
70560
30
123456645
252
54
123456788
72
8
63
3240
16
4032
2
1440
224
3
224
3528
3456
1260
320
123454629
123456747
123456661
7
123456753
8748
672
6
63
123327189
1764
48
7
420
32
1680
2025
123456733
576
36
2160
72
2268
3
0
81
123456783
3
6000
378
28
2
24
72
840
100
9
6
123438645
0
7
10
756
2688
0
12
123453387
5
64
7776
63
504
56
324
0
123202773
0
864
58320
16
36
63
30
3136
25200
81
7
6
123456573
36
4
2520
864
6
1
9
21
9
87480
0
1960
1327104
20
81
123319589
9
72
64512
123453333
18816
1152
9
72
36
180
9
123379029
6720
75600
123455221
378
30
139968
123207957
51030
432
40
35
2160
49
6272
123456213
1960
0
8
103680
0
416745
54
280
123453909
378
1920
105
0
567
9
123456765
123083541
630
30233088
18
77760
9
12
6
48
576
18900
123455949
90
280
0
123456519
9
864
6
5
8
123456741
123456735
441
9
9
123456733
123439779
392
20160
2
32
5
405
123456787
123456774
336
8
0
0
45360
123451929
123456783
343
30
8
441
63
123456781
123456733
1400
9
123456781
648
35
45
63
7
9
8
6
3
3
32000
96
896
0
123456783
1152
1008
40
217728
21
63
4320
1296
168
504
882
6
6
30240
123456749
147
72
5
123456411
123435621
864
252
1
123456740
2
9450
123404949
123456774
1152
123456780
1333584
1296
86016
42
123419925
8
8
432
896
21
12
1344
4
123452757
123456749
22680
324
24
81
3840
123452469
6
7350
122669469
225
123456669
324
168
84
504
2016
123399189
107520
0
123456573
8
196
384
9
72
123456787
0
1653372
896
36
123456785
1
400
2
3456
1764
123396309
81
1
4536
224
56
22680
720
7
4
72
168
123456726
112
36288
123456786
17640
72
64
72
45
13608
9
64
8064
9
123414264
9
123452253
123454989
6300
123456453
4
24
8
1
2016
648
7
123456600
123456759
288
3024
768
8
9
560
72
64
123456357
6480
123455445
0
7
4
224
9
15120
123419157
576
9261
84672
576
5
72
256
5
882
123456733
126
123427629
7
12960
16
72
34992
6
48
8
31104
15120
0
72000
200
3528
2835
2
6
27
25920
72
259200
25
10
5
5
8
122150421
294
123456744
7
504
123454437
123456222
28224
2880
0
20
123456740
0
8
1575
256
1890
123456781
378
29400
9
540
9
105
9072
7
42
8
0
17010
18
123456573
8
2835
6
6
29160
1119744
729
123456669
576
13440
123456693
8
0
122793237
9
54
189
0
18
9
123456786
6
1260
5
123456741
0
5
123439779
1536
123456769
123451497
96
62208
123454521
123454197
0
4
1200
0
6
1568
5
7
18432
5184
3
123456709
432
123053589
69984
21
111844629
2592
5
7
3024
276480
0
3
2160
441
240
0
0
432
839808
123339189
0
123456117
86400
123456781
9
9
10
5
123456771
1701
9
2160
7200
4
18
175
48
28
0
0
123456489
6
1792
7
0
8
0
75
48
56
8
512
3
0
123456784
840
36000
3456
2
123456785
7
18
9
123456735
9
65856
256
18
0
8960
360
3
35
0
11664
123456744
0
432
9
123455445
72900
25
729
5
3024
196
1080
92160
2058
7
210
7
5
123456773
84672
16875
2
5
123376149
56
840
123443181
0
123456786
12600
2016
8
504
11340
126
3024
123456213
245
64
9
123456597
3888
480
432
336
123456786
0
0
123456775
63
8
123305589
0
7
8
126
81
8
648
123456783
123456741
648
123456597
18
1152
36
6912
6720
155520
5
5184
2
0
1
10584
7
123456777
60
2160
9
291600
36
123334317
15120
7
123439989
1890
0
4
20
56
123201639
486
9
35
3
0
123410709
45
35
2592
441
8
160
576
7
7
7938
123456785
72
0
0
54
90
32
42
90720
48
2352
0
4
5040
8
21168
7
123456786
7
8
0
35
0
7
27
9
18
9
144
7056
63
8
28
118791189
150
0
54
9
270
7
123456453
19440
0
9072
6
3072
81
123456754
0
36864
9
8
54
123298029
378
9
123456741
3
36288
5
7
6
294
324
123450741
5
5
123456779
123456777
1008
168
5
61236
105
32
1715
1920
36
32
144
20412
54
4608
720
123449229
648
2
324
123456429
512
392
123456357
360
2268
3456
12
123456785
123456771
87480
81
123409161
3
3402
6
3
120
24
60480
192
7
1728
123456669
6
123456357
6
1152
20
576
9
0
2592
4
3136
3024
56
5
8
336
28
1764
63
26244
80640
0
8
72
121134357
8
123456786
7
7
648
7560
1
123456788
1119744
9
72
9
81
123456771
12
0
4
272160
5
10368
123456754
6
7
18
0
2016
9
14
24
3
12096
15
123456664
144
756
40
42
123456645
540
432
2835
0
123456465
123272469
54
24696
2352
0
4608
123456781
0
144
1960
123456501
8
15
27
126
3
7
3
288
128
0
0
0
42
4374
240
108
9
3
0
0
648
9
0
123451389
1944
252
36
567
2560
8
0
6
4
1960
7168
24
123456773
9
123452757
63
45
0
123456453
8
3
81
123456784
54
357210
588
7
245
0
9
63
8
1512
0
9
123456645
0
63
42
63
8640
123444639
105
0
3528
840
288
72
640
8
18
1575
10368
0
8
30
123456782
45
720
7
72
8575
123456788
63
36
21870
8
280
4200
336
567
0
448
3265920
20
31104
71680
3645
0
0
8
864
750
3136
9
486
24
0
10368
81
6480
5
980
123443181
336
123447829
60
123453261
720
8
10
192
123456733
9
3
48
3024
30
288
1152
9
45
123455781
0
1360800
336
0
150
123021333
6860
81
42
123456681
7
72576
48
50
9
7
1296
840
14112
1200
123456784
576
72
35
20
320
12
2268
4
200
317520
1440
2688
3240
331776
8
4
1920
1458
64
729
200
123425429
96768
9
7
10
3969
8
0
20
0
384000
1344
123456309
63
42
42
123415829
0
63
8
24
8
2
23328
13824
217728
28224
9
9
63
123456786
378
1120
360
7
0
114312213
48
14112
139968
14
123456782
123455709
2
0
252
192
8
64
123456593
123453429
240
25200
13608
768
9
123456786
0
0
123456773
123456781
8640
1
123455253
2880
6
123405589
360
3136
123455979
56
64
123456761
7
1
504
480
4
2
1800
648
68040
5040
4
252
123445125
38880
3
30
123456762
720
6
1944
63
48
8
11520
49392
84
1200
378
123456784
105
23040
7
134400
18
486
123456201
9
123454197
36
123456775
4032
405
63
20
0
48
540
45
324
252
14175
9720
7
1458
123456645
48
0
35
8
12288
7
4
2240
24192
8
648
0
123069717
9
180
123453387
92160
972
9
504
15
123456762
145152
0
160
175
9
4
56
7
34560
8
432
15120
25
123455781
18
5
123456303
9072
0
504
36
64
6480
123343389
9
0
1
0
0
4
63
108
58320
864
0
189
123456621
6
192
54
112
15120
504
32
17496
0
54
4
123424533
32
24
288
288
123452064
10368
2
24
126
8
20
7776
18144
5
123456429
0
1512
448
774144
0
9
9
567
12288
3981312
8
2880
123456783
8
0
2520
392
192
123453549
6
8
5
1050
324
24696
72
0
123063129
32
0
30
42
8
1944
504
9
25920
9072
0
172800
432
123456708
7056
53760
20736
18
25920
18
2857680
123353889
60480
144
9
98784
0
1
432
3
108
54
45
14112
123347925
120789621
20
672
56
123456629
972
7
7
567
2520
63
9
0
25515
360
34992
378
28
56
117600
45
123456785
4374
96
123447969
16
40
123456765
8
1260
40
0
2016
1260
63
7
0
94080
1
49
31104
144
216
504
6048
6
108
8
504
4
945
5
123456753
49
1296
192
3528
140
8
576
9
216
4536
6
123432597
1800
9
9
7
720
0
123053589
24
336
83349
123456783
123456747
432
123456661
116640
1008
36
8
123456785
540
9
1536
123455709
9
112896
2835
4
4
45
0
63
123456699
8
160
82944
56
48
8
350
5
5
144
23040
540
108
0
54
1080
6
6
8
123456609
9
15
56
10752
63
8
8
280
4536
486
972
0
80
108
72
123456429
320
160
192
123445449
9
45
2268
1176
49
30
24
952560
9
1008
0
123456733
180
6
288
1
6
6
8
36
8
1920
18816
8
18
2400
123456642
1296
648
175
8
6
480
21
0
5
336
8
320
448
200
123455417
35
268800
900
123456788
144
8
294
123456787
72
123456579
27648
72
448
144
32
8
24
1134
480
576
9
256
420
2
4
8
0
0
4
1512
1
42
2688
123452253
72
9
24192
21
72
7
504
8
64
13230
123295509
56
72
10
0
14336
123375141
1058400
6804
672
123456709
1080
5
387072
2016
1728
123456754
123456783
9
144
1176
9
324
127008
3456
162
10206
1
414720
145152
5760
16128
64
84
105
123456645
7
6
123456753
121521429
123456753
135
3
32
123456768
4
729
15552
4374
8
2
256
2688
63
9
9
93312
35
16
448
123456777
0
8
128
6
486
8064
123455039
117455661
81
648
0
13824
123456744
240
36
6
42
45
7
18
123455844
1152
2
9
4
64
4
122472
123447829
162
90
35
5
48
5
48
72
288
6
405
123454101
192
960
6
1008
63
27
11760
2520
123455169
18
72
0
0
7
0
123396309
123456533
2352
5
123456693
56
25
1
6
180
1764
123445449
6
123456341
9
22500
8
5
27
840
18432
162
567
123429789
192
0
123456762
112259349
0
20160
0
5
123450741
123454101
8
240
2646
9
5
7
3
10
121551669
123456781
6
123456759
4
75600
288
63
4
112
224
9
8
5040
4536
16
123456779
123413589
0
2268
5
6480
45
0
972
41472
6
45
121975029
8
7
123454197
192
6
63
54
48
192
793800
25
1440
8
0
7200
30
9
48
18
123455349
3
9
144
123456779
26880
8640
20
1920
288
6
1512
10
63
35
4
72
123455529
9
3
30
35
24300
840
6
12096
6
576
280
0
5
175
123456759
28
192
0
4860
8
9
63
123456782
8
5
64
105840
72
320
48
14
72
123454869
216
5
77760
1120
25
254016
168
2
72
0
81
123411429
6
123456629
123456669
25200
123456787
16
123456783
1296
7
14112
22050
123350949
270
882
63
1
5
0
294
864
18144
54
1440
97200
378
0
270
122984397
252
122751189
6
6048
8
168
1080
1536
7
6300
840
4
450
324
2257920
64
7
0
8
9
2
42336
123456765
81
150
81
40
560
378
36864
15
315
123456537
123453205
123456069
17640
8
4
7
1680
60
10
4
243
123456565
7
123456735
8400
7
8
81
2430
9
123370389
20
2
123456780
63
9
7
240
63
405
123370773
4
38880
240
123452901
2592
576
40
123456786
9
3888
40
4608
123456501
32
123452757
2430
45
123456774
15
32
640
10
9
7
1200
123456663
0
360
7
0
6
1440
72
45
7
36
121975029
1890
2
8
120
12960
96
1
6
294
38880
18
123456740
210
7
123456693
576
11664
35
123456774
123335829
4
123455709
123456768
9
8
2
24
0
2016
864
42
123456785
256
81648
123456621
280
8
504
123456677
112
18
2
1680
240
40
0
45
11025
0
0
15
6
24
504
9
0
2352
224
123456303
63
2
123456663
9
2
15
123456544
252
1944
162
45
56
0
2160
7
8
24192
18
540
123456681
77760
24
168
54
2
123455949
123456405
6
20
6
5
123454773
10800
72
123456744
123042069
63
96
7
3
8
282240
1176
45360
5880
240
5760
112
11520
0
122972949
0
80
0
0
12
36
123456729
123454773
216
1008
123454437
6
0
123456021
1
6
35
108
24
123456705
192
123456786
504
2612736
5
4800
576
32
1680
8
9072
20
9
384
123456339
21168
8
4
180
648
1000
0
71680
280
0
210
122854677
10080
24
63
6804
123456573
8
60
123456729
123456285
1008
28
42
123455637
38880
8
0
64
9
36
6
0
7
123456733
6
41472
123456782
576
1152
123456787
15552
288
5
123171021
63
9
16
2187
48
0
48
2016
42
50
7
123456663
2304
5
96
320
49
30
0
315
64
122166549
123456785
329280
123456765
123456787
3024
7
27
56
448
84
123429789
123447069
123454521
648
9
123351813
35
2592
3
64
72
0
63
63
123456708
9
56
0
56
10
72
1125
8
123439509
504
180
6
10800
123452181
54
384
5
8
36288
11760
175
72
123456775
432
24
6480
123456771
3
6720
15
123456405
672
4536
1176
9
116640
0
8
2
0
28
6
16
972
5184
2400
8
123456786
7
243
672
1280
1
54
8
5
224
72
280
123456069
2160
7
3
6
123358005
2688
576
576
123343389
3888
0
0
21
432
7
123456779
75
7
42
162
362880
8
15
1008
2048
12
123456775
20
80640
1323
0
8
12600
0
3780
336
2304
35
875
11200
2
160
12
35
576
84
2625
15876
3
2880
9
123456749
8
162
64
0
432
420
4
5
7
1800
75600
1512
123456725
288
40
0
8
4032
729
216
7
1800
123436629
8
46656
378
5040
200
123456786
0
1296
120657429
122313717
49
0
123455709
56
36
448
63
120
720
123456782
96768
48
123456765
320
432
6718464
240
123456787
140
4704
10752
54
0
8820
123454629
3888
20
123456753
2
42
122150421
123436377
123453909
0
4
123456729
2592
192
5
168
123452181
9072
2
63
0
47040
60
42
45
0
72576
123456759
252
128
1280
20
2
32
0
47250
1470
49
405
10752
7
336
42
123012261
36
123456775
360
480
4
7
123456733
52488
72
0
4374
8
24
486
192
576
0
7
9
72
123456474
8
123456777
7200
864
960
216
123410133
3
0
1701
486
18
56
123456645
1512
0
63
123456775
123456788
49
18
123456774
192
20
123456783
540
6
8064
9
123456783
123456693
0
0
336
1344
16
123450174
112
432
48
123456783
6
36
36
18144
4
216
123456691
0
123456429
5
123456787
40
122851989
9
0
336
12
123456769
123455493
72
123456757
123456501
32
4
48
756
9
64
1512
72
42
43200
6
7
9
70
13122
3280500
720
0
123446549
48
441
21600
140
0
6
155520
0
19440
3402
5
15
32
27
6
72
5
2646
0
2304
34560
79380
42336
123078789
123456753
42
54
123433749
123452253
640
414720
63
123455637
123456784
123456779
0
0
16
35
3
123456741
3072
140
8
300
4200
7
336
123456768
13440
120190869
123456741
1134
56
448
21
90720
29400
81
0
4
7
72
9
54
123456757
56
123456775
36
9
1440
196
420
216
17640
576
9
168
1
9
720
0
36
4
2880
6
118618389
1792
72
0
2304
4
8
1080
123451749
18144
0
10240
120346389
123448041
123456501
288
8
384
105
123383061
1800
9072
0
123456777
10
4
31104
123456787
9
5
72
123396309
224
5184
123416469
72
2304
0
123456783
28
7
32
3
72
0
4032
56
123456669
123456759
864
123455829
9
6
23040
123424389
89600
123456546
500
11340
27216
48
384
5
392
1088640
128
8
122567733
0
12
756
8
123456537
144
120
20
49
700
6
3888
2700
324
0
480
123402357
96
3
420
259200
27
123454869
60
123456785
12
16128
22500
123456781
1080
405
0
756
45
5
12
224
64
9072
8
567
980
6912
192
21600
16800
123455214
175
25920
367416
4800
2
123456733
288
123456733
2
54
576
9
2143260
6
63
252
756
27
6
576
22680
42
9600
5103
756
2
4
123456733
6
7
6
6
24192
10
1
5
3200
123456537
5
378
10800
2916
14
123456405
12
0
10080
1
35
36
7
6
32
9
0
123453189
72
480
12
30
12
15552
6
6750
315
1
0
240
8
5184
270
48
432
840
12096
45
7
3528
141750
328050
4
81648
0
123456741
8
64
0
56
14336
27
0
140
504
123456779
72
648
7
123456741
6
42
1728
5
3
8
3969
192
6
6
8
2
746496
6
18
0
6480
81
30
756
243
120
1920
6
123456788
9
4
32
2016
144
252
3456
3
0
72
69120
5
576
54
10
6
2352
4
0
441
216
24
105
128
8
189
21
252
7
7
1620
81
432
63504
320
123439293
7
54
36
162
54
1620
65610
2744
8
123456735
35
121383189
2
1575
123448149
2744
123454584
123456759
63
2835
123249429
12096
45
81
5
63
45
0
123396309
0
441
15552
45360
123456761
123456005
5
2160
2
35
6
123456714
864
4032
105675669
45
1372
120
0
2916
80
26880
123456285
224
36
81
123435621
8
72
9
6912
123453333
378
9
0
72
0
14
62208
5
9408
7
123141861
0
2
4
7
3
10080
504
10
36
2352
700
42
6
9
2800
30
20580
4
0
576
56
17280
32
1440
6048
6
36
0
5184
7
3
296352
54880
40
40
123456747
9
16
252
5400
57600
1920
10584
32
36
8
123455493
648
48
567
15
49
360
17280
567
5
9
2688
0
7
2048
672
9
336
123456739
49
72
4
144
123456429
123456757
576
123454584
248832
123456775
12
63
126
48
9
35
10368
63
8
123116589
6
123456773
1344
123019389
0
2646
0
123456786
576
0
0
362880
245
63
6
378
8
24
40
3810240
150
8
7056
6
5760
252
486
6
540
2
123455637
8
945
648
6
8400
576
48
1
6
0
6
2048
2
3072
72
72
7
9
1296
112872789
504
270
4704
1296
37632
102060
9
123316821
0
1440
3
22680
540
576
48
2322432
80000
126
90
123456785
49
3
75
123441237
9
122966901
30
8
12
768
122927589
36
6
9
2916
10500
1176
2592
32
8
7
1512
2430
720
8
108
21
11760
72
315
123456357
306180
81
3
36
8
123452901
95256
28
81
192
2016
3024
0
18144
16
648
900
0
32
20
70
480
432
9
40
123386805
1890
10240
64
23040
9
17280
3240
123448149
432
30240
486
4
1728
252
0
360
9600
16
8
9
8
5184
72
51840
6
40
210
1296
5
420
1470
30000
8
15
7
6
0
7
442368
18
4
123446583
24
81
8
288
1152
1
123455925
123456787
9
1920
24
123325569
630
9
2240
56
123218649
18144
768
8
123404301
6
123456783
168
123456681
3072
9
9
0
56
25
15360
882
123400341
126
5
3429216
30
64
170100
630
6
24
123453333
42
9
12
7776
4445280
6
96
5
466560
15
9
8
64
12
11340
24
122166549
8000
123423861
0
8
119047797
2
27
8
123450489
42
9
123456783
123456783
441
123421509
12
30
0
123456786
0
2160
0
729
9
9
12
60480
56
6
567
48
9
123456757
225
37632
2646
2688
123456771
54
1296
5
0
9
0
0
2520
0
6
9
32400
15120
120
0
7560
2560
768
123452901
6
32
768
10
22050
72
944784
48
84
10
40
54
123453909
32256
360
0
163296
42
8
10800
7
64
49
36
1280
112
8
4032
5
7
30
36
8
32
2
9
9
245
3572100
2
2
60480
123456784
27648
320
123453549
8
1701
7
504
49
7
123456474
864
1568
12
9
24
123455637
311040
123450615
12
9408
672
8
27
9
2880
16
123456765
35
504
2400
72
123456474
1
123456609
384
0
4
13230
123456681
72
21
5
2
4
0
252
441
32
193536
18
2880
122731029
13230
56
0
699840
4608
123449229
3360
840
0
21
5
972
360
12600
8100
0
6
5
43218
123450309
0
63
100800
12960
3
192
32400
123456729
81
7290
77760
10368
24192
4
0
84
18
0
123456768
256
42
123227154
1344
294
729
123456785
9
48
896
8
9
49
0
25
1
123444693
35
36288
4608
80
123456781
81
0
9
123456693
6
123456775
441
7
256
5
3
123456786
1
3240
123456771
0
40320
72
123456771
4704
12
8
123456779
63
18
32
8
123446205
81
24
6
2520
7
9
1890
1152
3
4
6480
0
81
105840
126
5880
123456788
24
19200
3600
45
40
4
123456780
72576
45
15
123454773
1008
123456788
12
448
315
392
64800
672
672
123453009
448
123456780
270
9
6
81
14580
486
9
0
35
9
9
123456747
15
72
567
21870
123456621
1008
123176853
8
72
0
46080
9
48
9
567
32
200
123456519
3528
4
84
9
5103
0
5292
486
27648
4
0
9
81
9
0
42
8
144
18
72
5
54
75
93312
63
42
123456774
123454773
123451929
48600
0
123456597
1024
123456769
123456782
40
1176
5
81
8
1152
1
392
9
81
5376
39690
21168
7
1890
123455253
27
1296
123439779
336
60
5
1296
72
35
63
42
3024
320
123275349
123449789
72
56
360
315
123453333
123456775
378
216
63
1
216
450
40
3
54
123456699
123453205
9
1344
672
8
14
306180
123456661
123420339
2
123456303
2048
64
123456785
36
5
123278184
0
45
54
4096
567
102060
42
35
48
54
5376
0
123456764
8
6
0
6
127008
123237269
432
0
20
9
32256
123454437
1920
648
6
9
123456537
123456788
2822400
196
42
5
384
1728
8820
123456786
123456788
1778112
5
196
6048
72
729
6
288
123456774
8
27
2
6
7
840
244944
200
1764
0
8
7
8
27216
1920
4
84
3
3
448
540
25
9
9
6
72
123456788
15
216
123456661
0
72
272160
225
9
35
35
0
72
123455925
123456783
123446421
2
112
123456357
0
123456717
9
324
123455109
123456453
123456579
12
0
0
63504
49392
630
108
123456784
6
648
0
20736
123455829
243
8
123456733
1474560
4
123456787
217728
6804
123456579
6
252
9
9
144
2352
3528
6
144
8
72576
24696
448
16128
64
123456765
123456788
216
9
123456709
1050
123450741
5184
123456754
4320
16
3
2
2268
24
8
30
3
36
4
2304
4
9
123455061
2744
123456787
3456
54
432
6
27216
81
54
15
0
30
2000
123456733
45
9
123456783
123287445
123407397
240
160
72
0
0
123445813
123392277
280
123455844
13824
119070
576
64
576
2016
49
123456754
7
16
11520
2
240
360
6
123441480
42
240
0
56
10080
123456771
960
233280
324
4
0
9
30
4
588
123456787
169344
123456788
144
5
0
1890
864
25
8
5
5250
24
120
123456411
0
123456141
405
6300
8400
2
54
0
72
123456788
0
4860
8
42
123456747
0
9
315
0
72
18
82320
9
8
0
1080
48
20000
252
45360
8
645120
453600
224
1
123456771
90
0
2
12247200
0
123456788
560
1176
9
3024
21
4
9
8
3780
3
70560
48
64
384
8
123456785
35
2
0
6048
1960
9
432
15552
3240
8
9
81
9
123427989
0
12960
32
70
123455613
280
81
41472
576
441
1960
1260
0
123456754
49
123456621
1800
100
14
14112
0
9
36
255150
35
8
8
175
217728
1
28
0
123455529
432
48
204120
123455253
2
17010
56
40
7
3780
36
5
2646
3
9
378
144
7
9
35
6048
123454269
123139269
3200
4
3
123456627
123341589
123456589
5040
0
36
6048
0
576
31104
450
36
338688
3402
28
224
360
4
9
0
40
64
40
9
245
123449229
162
56
6804
45
8
8
441
123053589
0
0
150
9
384
1200
0
2016
567
8
24
245
63
441
8
123456429
2160
42
48
9
5
81648
1244160
72
504
48
48
1008
9
5600
7
8640
5
214326
36
32
288
60
1920
123456693
8
0
56
134456
432
160
135
123456769
0
75
0
256
8
2268
300
3
28
9072
216
23814
2304
288
9
63504
16800
336
270
24
3
0
245
336
123456775
1200
5
270
42
3402
4536
640
7
40
3
0
6
2592
12
122948757
2
896
5
120960
11340
1728
123456693
25
123456759
56
648
7
123456537
210
144
64
6
27
378
280
54
36
0
900
123456788
5
120960
288
123455925
512
120097557
7
1344
123455169
96
720
117600
36
7
81
0
123449733
405
72
7
5
288
196830
1568
3
3
512
2
108
1350
210
6
9
123431589
9
1920
0
5
18144
7
216
9
720
224
42336
123373845
28
123456788
176400
3
1400
32
1944
1
3600
123263253
123456509
23625
720
3
1440
123456741
120960
6
7
24
18144
4
123456782
40
1
147
9
9
123456761
7200
16
123456465
123456784
6615
604800
3136
5103
27
4
3087
123456784
42336
4
19440
0
45
672
36
1008
123456565
63
9
1176
3200
56
28
6
17280
0
245
448
123456777
1344
123456785
0
81
1944
6
2304
7
63
560
123275349
6
2654208
43200
72
9
1080
4480
8064
72
254016
2520
123125013
12960
2
3
1440
279936
49
12
54
448
40
0
16
12
576
4536
120553749
6
840
105
140
5
96
3969
0
216
42
123343389
27
216
123456429
4
576
448
115248
123456681
756
42
326592
144
123427389
12544
504
9800
1680
420
2016
32400
18
0
16
336
10368
5832
123453144
63
504
9
123425429
221184
4
0
64
64
3
6
8640
42
450
27
48
1200
9
123456787
2016
27216
7
9
3645
123456753
0
0
123456786
15
0
28
123441354
42
0
0
123428565
9331200
8400
123456771
9
123456787
20
2025
0
336
4
2
1350
4860
1800
300
123456788
2592
56
42
9
54
243
6
32
8
123455589
4
2
60
123456786
54
441
123454197
3
8
49
0
7
8
6
279936
123456411
42
31104
108
9
27216
4
8
123450645
9
1280
2592000
123456784
5184
36
72
7
123118101
123456597
1344
3402
0
5
1680
3
576
1792
72
162
15435
56
123455493
72
288
20736
72
31752
288
115248
240
9
42
123456717
81
63
9
10752
8
5
42
124416
2646
4480
36
192
7560
123448725
3136
8
18
0
123456285
123455979
2592
354375
180
5
123411429
123456519
324
72
123455277
576
8
6480
4064256
1152
8
103680
7
4032
648
123456788
0
6
20
0
63
123456303
6048
1280
0
123456741
81
45
36
36288
9
108
6720
4320
3240
96
72
40
123451189
7
123452415
0
72
24
54
123456033
123159114
1792
1008
123093909
500
48
9
12600
378
15120
123456754
0
5
6
0
123456787
567
0
1680
123456771
0
3
1728
10800
320
0
16
35
69984
6
9
381024
0
453600
32256
10
123456782
448
225
40320
8
123449877
123456303
123396309
12
6
45
216
5376
0
2
123329214
0
648
123456753
39690
92160
9
168
35
123341589
27
18
9
392
486
70560
42
123456749
432
540
0
81
105
63
900
0
81
972
8
123456784
60480
1944
135
6
9
18144
1701
32256
9
189
0
56
123452469
560
405
56
30
8
384
483840
45
1143072
1152
5
13824
1080
12
54
0
0
5
14
720
60
6
8
4704
40
18
48
7
123456773
96
15
54
9
123456681
123456719
9
56
9
0
960
0
672
6
0
54
384
8
123456782
40
0
5832
9
9
9
60
0
112
123358005
9
7
123456788
54
576
0
972
14700
486
18
9
8820
4320
123456783
144
2352
103680
14
1728
81
245
63
7
6
8
4200
600
72
40
324
480
288
7
123455669
20160
3456
6048
18
8
10206
0
7
0
9
6
63
81
5250
0
1134
4
6
0
6
1715
362880
10800
145152
28
63
123456785
189
5
40
0
9
5
123456141
8
111844629
8
360
57600
576
36
960
20
189
123456735
8
140
40
324
9
3
98
123455417
64
7200
200
63
8
8
144
50400
408240
360
4
138240
123456787
9
150
63
14
81
32
123339189
6
123456565
1728
7
0
2
672
123456465
123456787
63
2688
7
56
15552
123430869
1
123456784
144
36
252
233280
49
123456609
20160
3
1728
1890
81
288
45360
16
4
90
42
183708
40
3
4
123456759
252
3
378
24
7
384
432
72
34992
8
25
45
48
270
294
1
20
123456785
0
56448
9
123456717
3
123456759
0
0
9
12960
123456747
32
6
8
3024
28
0
47628
123456759
4
3087
9
123456735
1728
0
144
123456717
123456774
123454997
8
9
123456784
1944
3024
6
9
151200
2
200
30
5
72
322560
40
2016
216
72
16
0
17694720
145152
64
123452949
54
6
240
7
123454997
224
6
9
504
810
56448
54
122715909
216
648
3
123456773
0
0
8
123456117
6
1296
8
15120
216
7
448
9800
567
54
27
48384
20
24192
2916
64
123456645
14
123456117
11340
472392
54
5
54
216
6
123456771
81
13608
150
1800
123454629
136080
123456705
0
123309789
2419200
123456593
60
8748
30
123456708
30
123453989
11664
200
5
6
123456429
123446421
6
16
18
8
324
123456787
0
30
0
8
4800
4032
123362709
113400
63
123456753
8
9
9
54
25
16128
7
120
24
6
4
63
123455349
378
0
420
7
36
4
123456741
806400
30
123456786
360
81
315
123456786
30
504
7
508032
768
5
6
123456765
6
336
8
72
9
672
0
1008
0
144
324
30
10
72
756
63
9
32805
8
900
35
45
42
2304
150
9
1323
123456717
144
123398469
4
123390933
63
122523669
14580
117650709
5
123456249
1944
45927
0
0
123391989
270
252
54
5
6
360
504
123454549
18432
720
10
28800
31104
5
7
0
2
54
0
2
155520
36
8
0
5184
24
9
9
18144
10080
840
448
512
123456744
9
315
252
0
9
2592
504
1080
7
123053589
56
256
53760
8
123456754
121642389
40
2
1680
9
123306261
13440
9
26460
5
123456735
48
123456785
2304
123456753
0
64
123456549
123452757
4608
1344
7
123453333
72
48
7
5184
9
6
118557909
12096
9
576
0
23040
8
20
132300
123456693
1575
8640
5
6
26460
7
486
63
288
24
123456693
11520
3
2
420
123456693
7560
30240
544320
123385109
2688
13824
7560
290304
1728
72
291600
13608
8
256
25
108
4
588000
9
360
441
1260
0
20736
6
840
24
16
5
1890
121575189
336
486
45
10080
0
2592
81
793800
7
6
8
64
0
4
123375141
45
123446664
2592
80
7
280
16
18
4
504
40
123456768
7
42
40824
45
4096
81
68040
291600
36
63
24192
216
810
123451605
123455589
336
559872
123456781
66150
280
4536
42
0
6
54
123456348
48
123456786
3136
8
0
8
81
123454143
2625
1536
0
1728
252
123456753
123187989
1920
32
0
2400
1296
72
2205
112
8640
48
4608
3
2268
240
126
144
0
0
360
0
338688
123456785
72
123456759
1470
49
7
10584
123456725
21168
150
9
123456741
18
64
2430
105840
252
162
4
14580
24
49
48
8
200
127008
8100
123456785
122057109
96
6
8
6
22050
123456627
122616981
9
162
123456785
45360
72
6
144
0
0
0
141120
98784
6
14
123456785
14
9
123456779
3
162
123456717
68040
7
123456788
13608
27440
486
54
7
90
123456681
5
36288
18
1120
972
123456649
7
108864
123455349
5376
123456719
127008
9
123456709
4
720
72
9
9
0
42
9
1
504
5184
0
123456708
1
806400
7
123456726
7
504
3584
3456
123456691
504
0
729
123452309
9
81
6
5
123386805
9216
126
0
1944
3
123421068
12
23328
576
3360
122295573
123456645
2
7
15
7840
294
123272469
7
123456705
42
123456788
5145
9
122803605
729
7
123455169
18225
9216
2700
123456749
5
9
9
6
432
123456785
72
123456788
12
3888
40320
123455349
24
720
42
10
2160
490
175
6
405
54
4
123456781
331776
10368
2016
123456519
9
123456693
21
432
448
27
8
648
2352
10290
123456189
432
6
311040
64
1680
70
72
2592
360
48
784
5
48
123456579
0
4536
5
6
43200
648
123456786
162
42
123456629
1080
2160
1890
121217301
112
81
123456785
3
1152
63
392
42
123456785
1680
810
120
75
1575
42
3
35
32
3072
280
4320
96
900
8
123456785
40
48
36
123444693
175
123456699
12
6
42
729
14112
504
2
81
0
0
123456663
123434109
160
5
120916629
630
7
81
16
123453549
3
0
8
630
0
72
63
123435621
36
0
1008
9
25
336
648
360
12544
448
45
123456768
0
28
576
0
120960
7
10752
21
123446421
60
9
0
6
9
2160
108
18
2916
1536
123456785
224
28
0
8
9
49392
123456546
123454101
35
480
0
5
2835
0
4
42
9
49
2
123446037
5184
158760
122585877
270
864
1944
22680
7
0
123456501
635040
123456787
525
168
0
1843200
128
63
54
3
0
480
80640
7
192
123456747
0
0
103680
123456782
64
6
0
6
486
123456787
504
378
5184
81
18
2520
20
270
20
123456621
1512
324
9
9
2880
2
80640
31752
122313717
9
126
180
0
54
378
81
123456786
7
3456
25
8064
122948757
27
2835
2268
25920
123456744
123366069
41472
0
8
48
864
24
65856
8
6075
24
13608
4800
1
6
10
0
7
25
123456726
336
56
123456775
3402
2
302400
432
4480
9
2268
77760
123434109
1792
0
9072
123456757
123445269
9
0
7
1944
0
48
123443349
9
0
112
63
3
3
35
6
5760
1492992
5832
216
648
4
81
40
143360
486
288
123456753
648
2304
5400
72
40
216
225792
8
0
0
39200
123456781
1680
4
81648
56
72
2880
192
0
123174549
6
2016
63
0
0
81
1600
35
180
20
504
56
1728
196
123405759
367416
123456741
69120
8
0
72
72
9
123446709
123456782
8
16
123426549
72
42
4410
36
0
120295701
8
336
123455319
270
405
3780
294
979776
1944
875
123456649
9
45
123456693
123456429
432
5
123456774
0
63
5
2205
0
180
9072
3888
123456397
5832
16
63
36
4410
123456397
3
7
123456783
12544
6
6
8
3136
63
12096
96
4
13440
3888
42
9
1680
4
123455277
1080
35
123456725
7
12096
54
0
441
9
123456609
36
1536
12096
0
48
384
54
8
123456348
0
1
12
120
9720
0
3402
6
120968469
5
24
420
224
576
123454197
1260
5
6
1
40
0
35
8
123456222
6
192
256
8
5880
2240
9
1296
448
9
448
123456774
0
8
5670
7
40
30
7
30618
9
8
36
200
64800
8
123252669
123456761
123454339
123456719
2
9
6613488
1792
840
123456785
122102037
123456735
12348
197568
0
81
123454485
945
2520
12
1620
216
10368
18
6
123456753
6
123375141
6615
9408
90720
28
123456786
10080
1
18
9
28
216
10
4478976
8
8
7
49
224
175
120
0
315
5
5
8
123456405
5
123456501
7
7
126000
119827989
8
123456249
8
123456785
0
21
54
72
123455655
4
90
0
432
648
123456691
360
56
42
24
123456786
326592
18
9408
123456771
18
36288
6
2
25200
77175
13608
875
0
6804
40
123456741
196
32
63
24
32
123455781
9
9
123447339
11520
8
630
8
49392
56
0
1120
882
7
56
123456725
54
448
27
9
96
96
2940
0
32
158760
6
30
3000
54
123456780
840
36
123456774
0
441
81
12960
52488
8
972
225
48
756
123456777
1800
10800
7875
56
2835
360
28224
18
123453333
123450489
16
486
123456784
13824
5
315
5
5
384
123456519
40320
12096
8
1296
36
123211029
648
1470
123456719
720
123452901
1260
56
54
18
63
3528
13440
12
0
27
54
123425037
8
51840
1120
8
63
123456609
72
9
0
486
150
375
123454485
7
72900
540
1134
6
9000
12
56
40824
123456303
2560
30
63
30
119724309
56
4
360
45
6
24
7
123456777
5600
280
800
10
40
0
8
6
0
72
123456775
123456285
672
63
123456757
1152
5
2268
4
48
56
96768
123456788
4
27
320
9
31752
123456614
216
24
567
123456774
192
2688
768
49
35
24
0
49
432
0
6
123456753
40
0
57600
27
441
28224
147
70
123456782
123440661
81
9
9
8
7
3456
8
19845
6
123456785
2
18
5
8
40824
48384
1512
2916
49
123422229
8505
8064
72
12096
9
5
3888
2916
57600
3
123449877
0
0
123456786
7
0
123456705
123456771
360
45
3360
1620
7
48
48
2
15309
123415317
0
123387669
7
48384
84672
7
123453333
8
26880
18144
9
3
6
123456621
108
1134
21504
56
64
168
4608
24192
0
5184
480
11340
123456783
123451989
20160
56
882
544320
28224
0
2916
123427989
900
6
0
9
4
123456774
56448
9
123456501
20
504
40
2304
450
9
123381525
0
5
192
9
8
9
4
13824
84672
6
245
10368
123456784
18
42
48600
0
96
1575
2
112
123424533
0
9
81
72
2048
40
3528
1296
161280
1
8
4
2240
81
672
504
123456645
192
2
8
121869189
9
2
160
5
5
7776
24
9
576
9
123456761
8
0
1323
81
8
36
1296
7
36
288
2177280
27
9
9
40
972
54
3
0
123455781
0
560
9
123456762
4
7056
326592
2940
36
12
9
504
18
123453765
64
4
448
8
121714965
0
3
95256
36
72
27
1800
123456663
72
5
9
36
3136
189
576
123239061
56
384
123127509
4
216
9
746496
42
138240
20160
2
72
36
32
0
9
5
42000
63
123453873
8
967680
64
35
123455949
15
123308613
123456709
108
0
30
193536
95256
250
512
16
9
48
2520
9
28
84
0
139968
0
64
5
0
8
123456033
123456762
1400
123456405
54
5
4
56
123456786
0
72
64
70
9
112740489
288
4
8400
24
123456785
2688
1152
72
70
30
784
81
9
48384
2268
24
40
2
63
93312
123456741
21
123456229
18
54
12544
20
3
252
0
123456725
110592
123456783
72
4
49
147
108
7
16200
324
9
210
4
90720
86400
8
123456786
2835
64
21
123456774
192
56
180
123456033
42336
7
123456474
441
3
1890
48
0
123456785
9
9
123422769
48
24
36
123449589
35
123446709
560
516096
49
56
4032
1
288
63
117078039
18
504
0
0
960
24
6912
200
0
4
175
123429789
224
224
4
123447573
3024
3600
123456769
864
123456709
7
560
0
40
72
120
81
21
3
123456775
10206
9
81
123455493
35
0
54
54
384
108
123456501
235200
27648
2304
45
4536
24
6
508032
32
18
9
81
4
5
486
4480
81
123456787
123430869
0
123328789
9
0
8
48
140
7200
3
0
8
252
105
36
9
112
9
0
3456
123456783
8
3240
123456768
8
21870
3072
864
123456786
0
123456783
324
0
3136
1512
123184629
9
168
9
63
123456544
123456627
32
1764
324
123456765
49
24192
0
378
56
8400
123456753
7
123456782
648
8
8100
36288
0
270
225
122477013
0
123275349
54
12
2016
121357269
0
3386880
18
362880
9
18816
200
1512
448
1260
4
4200
36
7
16464
384
64
1
136080
1
90720
0
10
1080
6
123456546
24
49
20
36
9
1680
81
15750
23520
480
432
3
0
32928
2016
8
123454197
123456537
80
6
123456782
0
4032
12
24300
0
123453429
162
6
123456717
2
81
56
32
105840
63
6
6
0
108864
48
54
122472
6
0
2688
4
123456627
7
252
3
36
48
324
123456757
192
15
441
4536
9
18
4032
88200
24
40
9
9
378
4032
63
7
123456781
4
123456765
123406389
0
45
72
362880
576
56
15552
123456573
9
123456781
123456787
27783
336
7
4
123455709
4
20
123437889
48
9
8640
0
5
8
123456749
2
12
6
4320
123456785
5
864
900
128
80
5
4
123456781
900
13440
121357269
123456005
123456573
9
9
23040
123456681
405
630
123456761
9
11520
1024
3
54
504
123456787
336
37632
2
8960
7560
81
83349
12
648
320
13608
7
336
123456117
123456735
123456669
0
2016
3
0
360
123456784
648
4608
9
63
2520
1323
1080
123456533
216
0
47628
420
1470
414720
16
9
123445449
29160
123455949
640
56
80
240
567
9
9
0
216
2835
720
336
123446037
259200
7
1512
5
9
224
40
123456465
384
36864
2240
123437581
784
20
28
160
2
64
123214869
9
96
0
2016
8
42
64
81
0
12
96
9
123456783
72
10
8
360
123343389
7
5
81
0
108864
216
432
123221589
168
27
9
1
0
630
9
35
324
88200
60
38880
864
7
123456787
288
8
123456681
2016
72
5
96
7
3136
9
8
648
123455889
576
3240
6
8
42
172032
200
108
32
123456783
4860
72
123448149
384
0
48
72
8
174960
32
123456787
0
48600
2592
1280
189
3600
9
2352
14
6561
108864
8
1728
2592
90
150
7
9
0
72
123456693
8
81
123456787
123456663
6
4
3402
1
9
350
864
10976
123456405
1944
9
2
54
4
5184
405
155520
441
81
11907
123456757
112
280
672
18
6
90
4536
8
6
2
2000
2
48
6
8
123456593
1
0
28
378
128
5
567
810
14
15876
4
8
189
8
40
648
6
349920
9072
4032
123455809
6
0
105
0
32
560
1399680
7
123456733
123456785
81000
56
122512005
123456285
14
9450
0
360
123456749
81
0
576
123452869
4
0
42
0
0
504
5670
123456765
123456005
200
0
48
56448
7
48
8
40
378
17280
2400
28
7
270
4536
21504
42
0
4374
420
9
6912
123373845
123456509
36
5
31360
