115248006
51341166
112813893
6994296
70031466
30005388
15649299
85738635
50020803
23753538
71284230
71049879
19543617
110649654
18552213
11808171
26957565
112289517
27131625
70536573
118244412
9260802
67683366
23227020
1980243
110885049
37136295
64123353
21723120
58964823
54310599
28150146
14342436
27018126
99560880
104079933
70720020
123226605
91883475
93185442
32416128
75835404
66210534
52496775
82522242
4525272
63497880
86107572
93661290
107989533
9698130
23492475
36372762
82769850
82572750
7413579
71733177
39811491
1536957
8997361
9153360
51403500
87023484
65790333
15751683
7078752
35393670
118181772
120027978
53954199
119091924
98655102
116786178
121724568
86683005
17088741
121312782
114345339
107330571
35226459
17790750
82909548
89213049
26424882
29034594
62101422
95812605
14387958
85032144
25668729
120504240
50826582
37601046
63119214
6619428
21058785
51691248
37204749
101571417
110312631
70172793
87231096
8765010
97656637
35702703
34151076
76204386
13892247
6547716
48848742
93288087
100822023
56117565
17254314
35630307
76568112
6845400
97697178
8731800
30405231
68218155
118196703
95207787
26495343
31163382
70621029
26846154
97304544
33644664
34398999
3359538
6067917
62745615
121354209
35615631
111197196
122028417
7076736
119098521
84905667
71256285
37473813
113198481
