5760
14
8
72
4032
7
21
896
270
14112
9
196830
15120
123456681
25
123417909
14400
30240
105
111132
192
54880
8
42
192
123456773
7560
384
8
30
5
8
144
448
21
285768
54
8640
22680
18
123456753
48
441
40
8
40
189
9
181440
1134
8
22680
0
2041200
9
243
123366069
74088
123441669
104976
0
9
123456735
7
4
36
2000
324
2
123456474
9
140
64
5
211680
48
192
4
9
9
123456775
72
1400
123456781
75
441
259200
22680
10
56
0
56
9
4
5
123429141
1
70
15
0
9
123456779
384
6
14
7
39690
8748
123456781
5
8
0
216
7
36
30
384
72
123456768
123456783
123456684
5
196
0
36
123455445
1260
9
504
36
1512
0
192
63
0
63
9
288
2240
123456709
740880
6
3087
24
24
4
144
80
63
9
448
840
900
2646
336
48
20
70560
768
64
7
6272
504
7
13608
63
8
49
432
8
9720
576
0
0
1
4
0
240
54
7200
123438645
2352
216
250880
7
9
180
35
648
9
0
81
9072
48
19440
19440
2240
614656
72
768
54
240
200
5880
2592
567
4
49
8
3
1728
15552
2430
103680
123335829
12
123456781
7
3240
64
45
56
56448
7
864
480
2
9
123229989
245
0
5376
1959552
56
576
1728
8
123281789
8
7938
5184
2880
10080
486
48
0
5
4
0
9
5832
20
1296
30
1440
72
45
12
1944
150
20
28
216
5
81
72
448
0
90
18
90
36
48
0
900
408240
2
240
395136
324
2
8
8
123454521
576
432
9
1
20412
20
2016
121339989
138240
4032
720
2400
45
8
0
324
8
20
3528
81
15
123456649
3
123456645
14336
336
54
6
9
288
2688
72
72
112
20
420
30
245
72
0
36
16
2160
160
201600
150
1
6
123456357
4
15120
6
20
378
20
122247189
0
11340
2352
123455925
432
5
10
123154389
5
18
123456189
123453765
122424597
123455893
2352
12
123447189
123440325
216
0
21
64512
8
5
16
8
9
8
1008
63
10
49
45927
420
432
123439509
45
20160
6720
64
10
0
378
0
3456
9
0
8
8
0
7
448
120
576
2688
21
55566
48
13824
0
9
9720
1600
210
123456642
120960
49
441
124416
123456229
180
1152
1440
48
9
0
441
60
54
0
9
8232
1152
56
0
123456719
140
8
123456771
42
8
32
29160
972
3
9
270
16
4
30870
6
2
576
7
32
1701
448
32
9
163296
8
140
48
392
1575
8640
5
54
0
8
63
4410
0
123456782
7
123451749
1944
32
486
7
64
6
6
20
8
9
210
72
5103
123376149
81648
49
40
5832
123436053
441
816480
56
126
6
3
9
81
81
123456786
0
441
81
123456768
123454829
210
504
123456787
36
119070
0
126
7200
0
345600
123456369
54
56
0
0
5
3
972
28
441
123456735
123449877
123283989
1512
7
5400
30240
8
3456
480
6
0
9
5040
123197589
123456684
11025
635040
275562
8
32256
10
42
0
2835
64
4608
123456717
72
28
123456783
3240
180
27
480
123456669
72
600
8
2520
123456785
123452469
162
240
8
3456
6
123425685
123456788
28
123456453
9720
50
96768
7
225
168
4320
27
2240
3136
0
256
7938
7348320
0
2025
35
288
123456661
360
123456761
2688
2160
0
30
1
315
54
70
123456782
35
2
3402
0
120960
64
8
123456783
4
123456564
0
123456757
18816
233280
63
8
216
42
30
32
7
0
483840
1
9
480
0
1800
108
189
729
8400
123456681
1728
135
864
0
22680
0
4032
4
0
64
54432
123456573
0
1350
0
123383061
48
2
7
63
9
56
1944
24
25
27
4
14
750
60750
7
22400
1920
46656
64
14700
108
2916
11200
6
5
8
144
123455889
756
45
48
8
9
123456769
0
384
35
5
392
63
8
123427989
123452693
20160
36
4
123456229
0
8
123456762
123456733
42
123456768
0
123432597
0
0
12
24192
0
123456405
42
864000
123456757
123456544
63
123456729
3456
0
0
448
8
576
123450069
8
123456783
0
123456465
6
108
216
512
630
4
123456384
5
0
10584
123456788
121170645
45
6
0
240
54
7
1119744
123444245
9
7776
0
324
72
16
5
8
12
123345657
18144
8
6
40
52920
63504
123456765
8
0
7168
252
8
17640
9
10752
16
63
1440
63
81
2744
123456708
8
123456717
9
24192
3360
3
123456708
123364629
8
3840
35
40
1
27
14112
48
1225
4
6
123432597
72
48
123456787
123427389
160
2
630
0
3
3072
18
540
1440
8
35
168
6720
45
3456
504
123456600
0
6
123456465
63
24
5
35
16
9216
9
5184
5
81
480
168
72
0
123456249
189
2205
123456787
64
37632
5
2400
1323
123456771
2
20
45
225
0
224
123450741
36288
9
42
18
96
1440
126
56
175
8400
4032
972
18144
118884501
360
3072
280
5184
3674160
23040
42
630
4
0
63
6
729
252
123416469
69984
160
4116
0
49
233280
6
384
72
63
158760
972
2187
20
2016
48
8
14
35
7
160
72
8960
72
27216
123446421
123456769
4
0
72
36
408240
45
123456782
0
123443181
0
81
0
1680
71442
3
8
4800
2916
30
56
121497237
9
6096384
32
64
123406389
2205
28
13608
3150
30
72
1
123453765
12
123444189
63
2
15552
160
0
8064
123452469
0
123456705
9
63
30
0
123456717
45
123456787
123455589
24
7
16
240
6
20
2016
163296
41472
504
0
50400
181440
36
8
123456777
72
113659029
6
8
40
8640
123453639
7
8232
320
49
64
123447717
9
0
36288
1080
126
123255189
8
120
979776
8
123385109
123455169
54
9
6
120
123456780
714420
3048192
123456749
7
8640
6912
0
123456782
9
84
123456741
209952
6
489888
0
2
1680
54
9
63
0
336
9
9
4
123456787
3024
35
0
64
0
32
5
21
3
0
122512005
10
0
1440
3456
15
5
240
280
9
63
117624789
0
384
122912469
123456411
42
123456762
225
18
60
53760
210
17640
56
5
448
0
8
64
3
0
5
123450309
504
123388749
42
54
123450741
36
56
50
216
126
123452253
32
123223509
16
1
729
1890
21504
25200
8
7
12
1600
7
18144
54
8
0
49
5
8
192
122102037
63
9450
2204496
7
288
123455907
131220
3024
6048
123456765
123455445
63
123456777
0
56
4
4032
123456597
0
0
81648
1344
63
36
8
9
49
123441789
189
1344
40
288
1440
123456699
2025
1134
123387669
1800
45360
672280
8
2
56
52920
7056
7
6
40
8
3024
4
123332373
360
32
0
63
9
6
123454485
1800
8
240000
846720
56
123456782
448
9
123456785
2304
10
840
378
105
4536
56
123404949
54
0
7
7
8
9072
0
4
123305589
486
0
5292
123456768
7
6300
6300
2160
15552
336
32
63
8960
9
122995989
1890
123391989
8
432
0
0
4608
63
1
123453333
162
1960
25
0
123453009
756
120
122515989
3584
1960
33075
360
42
3969
0
240
432
8
288
81
8
72
4
6
80640
3528
672
35
27216
123446583
56000
504
9
6720
1536
55296
123456717
7
3402
6
0
12
0
123448041
8820
123456159
504
1080
2
5
1134
123456786
123456501
504
1728
123456369
3
21
7680
252
0
15309
123456741
224
7
56
54
77760
21
2
3
0
2
7
210
46080
0
20160
1008
2
180
2688
8
0
81648
1071630
7
63
9
5
18432
10752
123184629
123452757
2744
2016
123456285
54
3
136080
5
123456537
123341589
56
1575
7
7200
0
56
116640
123456589
123453429
24
0
4
108
21
35
8
123456705
0
27
1680
252
123456681
81
153090
122057109
12
82320
123456645
3
48
441
42
56
1458
576
540
0
6804
42
30
1
126
5
2268
64
4
336
123450309
64
0
32
45
108
21
123456749
63
360
441
34560
63
24
648
7
2025
123456784
9
123453261
123456645
8
2688
6
0
123456769
6
123456769
3360
7560
1890
56
5
0
141120
8
448
9
123456784
6
3600
6
45360
8
21168
0
784
21952
8
6
288
123456747
0
6
1715
56
1080
123455637
4
1800
270
64
93312
72
2835
40
288
2520
6912
4
3000
3888
378
7
4
241920
1008
4
72
27
7
8
84
24
12
5103
72
280
21
64
2304
41472
1728
0
13608
14400
123456784
0
63
0
189
0
3
1215
0
9
9
0
123447069
123456453
25200
123456765
378
54
486
8
5
123456788
6
240
882
480
7
0
123456788
63
123456717
6
16875
0
7350
360
2016
9
567
25920
12
64
8
241920
123112725
72
1600
252
122892309
0
3
0
2880
729
25200
9
5
72
6912
123456765
378
123456759
0
72
63
168
123456787
22680
2205
9
30240
13230
5040
48
123456677
123456693
48
180000
756
48
504
123443829
5
9
210
9
54
691200
123455637
8
315
123456785
504
129024
6300
8
3240
144
63
9
9
9
72
90
3240
311040
5
45
270
30
9
27
123456501
45
59535
2835
123456705
21168
123456573
3600
1
32
12
3
0
123456699
9
27
196
54
24
5
7
6
36
768
1536
6
8
7
24
108864
168
0
64
96
20
6
30
77760
8
1741824
54432
75
324
64
126
123449013
123456649
103680
20160
8
147
56
5
1
12
123456661
123456733
378
90
8
20
576
7776
1344
960
9
24192
25920
9
216
9
9
162
0
123454764
20
3780
72
6
8
24192
7
8
123456693
486
2592
54
123456783
7
9
6
3780
0
123456681
405
0
84672
72
123456781
144
288
63
35
7776
5
44800
123456729
576
123456669
12
2430
4
3
392
0
123130197
288
38880
123456787
2592
540
2688
12
123334317
63
7
45
20
123455529
2160
49
0
48
324
72
5
64
123441669
1080
141120
5
36
0
315
4
3
6
54
1
7776
0
8820
6048
490
432
324
123388749
1440
0
441
1080
192
567
240
0
0
13824
42
7
5
123445854
0
48
7
8
27783
196000
112
36
7
48
3240
384
49
81
123456753
5
288
123409749
123456786
5
0
7
72
6
18
43200
123456609
123456519
6
2880
5
3360
122489109
8
8
0
320
123433269
35
1536
6
2646
81
6
56
34020
42
72
7
320
72
6
6
0
40
0
192
68600
648
123456726
7
405
7
63
36
4
648
34992
432
2430
123456733
8
54
96
1152
56
1600
6
567
8
375
0
1
1176
18
8960
7
216
12960
123456725
7200
49
63
5184
48
9
3240
18
7
5
123456705
7
123445269
123440913
18
123456726
240
0
2592
72
6
6
30
64512
123456757
35
123419745
525
720
40
8
123295509
0
24
4
11760
56
28
0
2
10752
0
1
123456784
54
114688
210
2
2688
5880
4
336
4
35
139968
0
123454197
123456117
567
123450741
123446549
8
5
144
123456768
864
123456285
6
169344
36288
1440
7
123456787
5
360000
490
123453909
5
54
123456785
36
1680
4032
7
10080
0
123456726
4
4
0
123456645
63
1
180
24
448
56
240
9
120
0
189
0
123456303
10
0
3
123449877
81
225
648
45
1215
6
18144
123456573
15
42
9
5
486
1296
30
9
4860
10
1260
3
0
1344
24
24
12
7
2646
56
7
3
6
180
18144
576
63
8
21
63
1728
8
144
123426171
72
23520
300
6
25
7
40
0
123456768
9
378
123456749
77760
72
405
6912
97200
40
432
0
8
18
28800
123456785
0
123456621
405
123434109
123456782
123454485
576
123456788
42
16128
72
5
189
49
6
123456021
123456741
0
504
8
48
1701
48
432
67200
1728
7200
96
18
10080
0
9
9
123456777
360
8
6
123456785
30
8
0
2352
123456762
0
90720
63
2
432
1152
432
2
123287445
56
243
6912
16800
504
4032
54
1728
6
123456784
10
96768
2016
139968
0
4
100
123214869
144
0
45
8
648
6
25
360
5
0
123456747
7168
2
56
11760
1728
45
322560
0
672
0
3
162
9
11340
16
194400
252
6
123456753
123456735
437400
36
2916
9
72
36
123272469
9
210
8960
0
96
9
10584
56
72
54
200
123456357
116640
123456705
448
13440
504
9
9
1008
56
107199765
3240
2560
2332800
5600
1
800
123456787
686
46656
8
2
123456501
36
45
122472
123456309
288
9
5
0
64
64
840
567
3528
8
6
48
81
315
123335829
6
32400
4
0
54432
4572288
102060
40
123449877
42
0
9
2
30
36
123433269
16
896
432
126
36
4
0
483840
7290
504
135
123453205
123401493
56
504
8
15680
315
1024
42
16
6
144
5184
27
635040
20
9
0
9
4032
8
9072
280
874800
75264
72
9
0
4536
3584
14
49
123456762
123456753
123456785
2
26244
8
24
7
56
126
18
123456782
7
123451029
190512
0
4
0
11340
1890
432
1225
5
2
216
3456
123456771
30
3024
14400
5
123452901
0
630
30720
0
48
600
1
56
8
126
123456787
64
20
0
2
11200
56
13824
7
336
8
72
123430329
36
48
0
5
8
72
96
49
47040
768
192
432
600
123456775
35
40
192
54
81
2240
648
4032
0
155520
123456753
168
72
4
112
36
88200
20160
432
8
123442453
9
42
123456781
7776
164640
5
54
2592
123456213
0
36
16
2000
54
50
42
512
123456717
200
123456429
123456726
0
945
40
180
3
0
3528
56
756
20
8
7
1400
27648
3
5
0
1
15
54
4608
8
123456786
60
2
6
120
0
0
252
0
9
16
9
9
40
2592
648
10
24192
504
1890
1000
81
20
2205
123456773
36
448
123456739
3456
123061653
123069717
0
540
32
4096
192
33600
8
3
6912
1176
378
26244
4
56
121932693
4
123455765
64
54
3780
20
1728
90
64
123456684
31104
7
56
56
48
1080
1400
123480
5
1620
6
20
48
123456788
123456753
123456788
0
140
3969
0
123456735
56000
210
1119744
15
2430
8
6
11340
72
51840
270
9
123456771
123456033
57600
1512
6
48
504
9
36
5
32256
123456501
6
72
64512
6
11340
9
123456783
18
127008
40
497664
59535
5184
123448214
0
18
12
2700
6
0
49
63
28
0
123456786
2240
0
162
11760
48
123347925
5
6
123454101
35
0
72
0
9
30
280
123456787
10800
140
0
5
123456689
48
63
122821749
123456785
9
135
123432597
2268
48
123453717
1890
123456549
0
123456788
123456735
3
15
72
0
123456717
5
32
28224
3600
0
78400
1792
315
504
392
123456389
30
0
56
1
9
123456774
123176853
108
57600
12
7
123456709
15
42
0
9
252
540
1372
4
24
112
16
123456501
7
1
3240
63
2
123252669
8
36
72
28
9
48
336
6
49
729
6
12600
14
290304
123456453
81
3969
0
123456429
30
36
81
108864
72
123456784
81
43200
900
0
238140
36
252
1890
15680
9
123456753
72
240
4
2304
504
272160
42
122456601
360
54
6
123456621
35
1512
72
20
72
24
0
4
9
2
123456573
8
123455277
2160
108
31104
15309000
8
36288
0
123456733
240
123456303
270
5376
1
123446037
0
3528
123445589
122731029
9
3024
120599109
2160
72
336
35
6
2205
4
9
9
336
5
0
123449439
24
320
432
81
8
3
2160
84
729
96
9
90
1440
123456654
1920
648
504
4
1890
5184
77760
12
123373845
504
0
378
0
42
21
10368
8
403200
72
10
3780
36288
9
1050
144
123456717
32
1512
36
123456779
56
320
144
123456717
20
28350
123366069
123456549
8
9
45
123452757
123456782
7
384
7
343
1890
8
15
441
0
0
560
441
9
9
7
15
8
6
56
7
3150
63
196
29160
0
126
81
12150
45
504
56
34992
5
186624
64512
155520
0
35
123446205
8
1134
288
108864
45
72
63
336
20160
15876
9
25515
180
75
20
5
3
11200
48
36
135
1512
20160
4
123263253
504
21
192
144
123433269
7
0
123456779
1440
1323
396900
0
9
18
180
123456781
123436053
5376
864
2
5
8
567
320
0
882
400
12
48
32
40
123456677
24
5184
846720
72
123456777
126
123456774
0
7
16
4
6
72
35
378
123456786
51840
123456786
123456726
6
123456787
6720
1800
81
5
504
9
2880
21
12150
123456519
123448389
2058
0
216
4536
392
48600
123456645
0
7
567
252
7
63
123456779
5292
0
9
2646
160
81
160
0
123456787
14400
0
196000
0
4
0
0
123456771
123456117
5400
392
0
1260
168
3
123455277
16
9
7
384
0
18
50
12
81
123455709
1
2268
9408
122731029
123455574
72
8
21
8
2688
6
63
123456782
90
8
7
806400
6
43740
56
0
123379029
2073600
67200
20
123456788
21600
288
5
123456725
32
7
9
315
2304
7
72
30
9
840
5
1152
192
28
96
9
24
320
1764
9
123456753
0
2
52920
123273081
2688
24
123456762
8
12600
224
9
63
63
123456769
7
972
12096
20160
41472
4536
64
81
72
1
123456781
1215
0
405
0
123456285
0
6
123455893
18
2520
20
9
123456741
121678677
33075
6
30
216
9
123456785
35280
7
123441669
129600
120
81
3
123456787
3645
8505
384
123429573
4
432
54
9
123456729
72
32
9
8
1215
0
2
8
123456783
1080
8
42
1701
36
11760
123456708
2
2
0
30
560
72
123448041
123456783
0
8
0
9
36
36
12
72
9
0
90720
5
1792
2016
123453009
2205
1296
0
54
18
123456787
123456661
123456788
49
0
123456600
35
2
9
123413781
2268
123456744
123235605
504
8
7
11664
768
35
3
90
9
240
7
18
1905120
336
72
72
24
54
28
8
6
15552
648
39375
72
123456429
20736
12096
21168
18
175
120
4
1728
0
576
64
486
3240
1
126
1
12
2352
46080
1260
72
240
123456639
9
10800
14112
240
123456757
1764
2
180
240
0
0
144
84
6
960
4116
36
77760
5
72
30
6300
216
80
128
4
5
123449929
60
8
56
256
9
5
504
7
42
2250423
960
56
960
0
1102248
36
1119744
9
1152
123444189
8
123434109
85050
41150592
63
123202773
1
30
63
147
3
123442389
123445125
72
0
224
123456775
2211840
63000
123456681
63
1260
123396309
0
5
122592789
54
2520
162
1536
0
5
15
123454359
635040
48
123441429
294
9
7
123403869
32
168
4
54
64
3
9
20
35
0
1260
48
45
56
8
6
123453765
100800
0
80
1260
8820
420
48
8
1728
122854677
0
0
1080
6860
392
0
56
123456783
9
9
123456735
1
4
1920
40
0
123456788
18
49
32
10
123456765
567
123456663
8
123456357
1152
45
2
21
72
14
2700
5
6
72
360
240
123453205
123456429
123456733
123456782
1
9
15120
123456677
21952
9
70
28
123456769
648
42
30
288
123456777
9
123456117
123455893
9
405
8
8
18
123456735
4
0
123456309
17280
288
123456762
4032
162
123456735
1
90720
448
80
16
0
42
4
123456681
224
1323
12096
233280
336
648
1323
1134
3024
81
9216
1890
381024
448
160
8
63
15
580608
5
240
6
123456753
123456785
252
240
27
123456627
58320
122704149
0
288
5040
6
311040
25920
24
123448389
12
3024
123456753
123456786
56
30
5
123456785
56
4
0
540
480
9
5
9
6
123456782
2268
84
378
480
15
54
0
435456
326592
302400
0
20
630
123455829
5670
13440
7
2160
2304
123456784
46080
48
15
6
56
21168
36
150
7840
42
21
22680
5
8
5832
52920
40
42
1920
378
54
0
123455445
123456669
122197077
123456744
672
252
19845
0
1469664
4536
58320
280
122515989
2160
72
123456788
392
0
64
1
123456779
1152
63
12960
6720
245
8064
2
140
96
0
567
30
81
1176
123264789
8505
0
126
0
7
122549589
35
49392
729
36
5
3087
0
480
6804
2835
648
3888
0
216
5040
123456589
36
5760
123456708
123456781
810
288
81
123456785
123429573
123456741
8
24
123456777
216
448
123223509
0
0
3
123456754
9
378
123456785
2352
123453765
119586069
0
8
108
5400
123318549
8
8
9
1470
14700
0
28
7776
9
123443829
54
7
768
123449877
123456785
150
18900
448
123453909
3
5832
144
8
3
114609429
30
0
123381525
9
5
81
5
0
30
6
3024
28672
5
0
6480
8820
1620
11340
972
864
16000
8
28
3
20160
15552
1080
123456784
72
486
123456783
0
378
2
20160
24696
0
123456229
4032
8
320
16
28800
123394069
9
123306261
36
168
40
672
96
123411429
123434109
8
9
2430
3
24
24
0
7
123456759
128000
1134
0
8
224
0
270
0
4608
123455949
9
270
75600
123453189
294
8
9
96
72
9
123456764
56
81
36
8
1
240
45
1890
0
336
123455319
123301269
6
40
1728
9
2
6
0
123456744
8
1152
2
0
39366
49
270
2016
2646
48
0
9
360
36
441
7
72576
7
51840
980
123456773
0
123456474
5
113400
123456446
48
72
1296
315
3
0
5
9450
108
5103
2
6480
8
9
6561
483840
48
0
7
8
123456741
16
0
0
315
21
123456788
0
5
6
63
8640
63504
123456677
14
123456309
201600
48
7
2916
2
81
0
36
40
123456787
448
123389589
36288
336
6
9
288
32
36
700
441
123456593
1152
0
123454045
0
35
10368
243
123430869
12096
245
123439779
72
123456249
9
72
1119744
1889568
9
729
123456684
0
9800
1350
9
56
2592
123456725
49
9
15552
68040
72
180
4
2880
280
160
27
1792
16
3024
497664
504
315
27
9
49
252
72
3
9
270
4374
4
123456149
8
56
105
123456117
123456744
16
123456465
8
4536
7
2304
3
10
441
10
123456762
8
42
123456726
5
123456786
1
122821749
126
79380
48
1470
123456753
7
7
84
11520
1260
40
123456764
123425429
12
1400
123456785
30
9
123456785
81000
7
123456787
17010
120
1
123456749
123453873
256
48
36
80
48
63
64
123456783
6912
9072
9
9
5
9408
3136
0
123346197
13824
1800
0
107520
9
8
3240
504
0
1209600
123456783
36288
54
7
290304
7
645120
12960
8
3780
4
123456579
123456786
36
280
32
567
9
1000
123427989
58320
24
648
384
126
27
437400
526848
480
1080
9
2688
1
30
36864
5
343
0
9
0
10368
123404949
0
5
9
2688
0
8
7
54
9
17640
126
11520
123433749
5
123456729
2
123456733
1728
123456303
96
0
9
3
272160
123456681
123456663
8
9
9
0
105
5760
0
0
123456782
7
4320
30
123456781
9
5
63
979776
123456735
123456465
6048
746496
0
123456600
24
4
64
5
0
122489109
0
123456693
120
6
162
0
480
123454989
60
17496
432
314928
0
0
0
504
6
0
3840
56
0
0
5
8
224
280
4200
7
168
9
123456749
123411429
123456663
123301269
9
4
20
5
39690
4
8
123456645
123452181
123451497
7
144
55566
1890
6
56
42
36
0
84
0
98
49
0
6
900
123350949
123456749
3024
12
3
1960
294
123456749
122627349
3456
9
81
3024
84
340200
0
123360021
7
128
48
123455493
72
32
135
144
8
7
441
2625
18144
9
2100
36
45
1
40
2520
3
3024
0
5376
123456783
1344
4032
11340
7938
81
123456405
6
8
123456726
48
1715
81
12
32
9
0
6
4032
72
6480
20160
8
8
405
5
7
0
63
9
1008
5400
288
1512
2160
123456787
0
2
123456761
12
129600
4860
123456787
567
7
3
24
48
0
18
0
123443829
123162789
864
4860
7560
4536
42
10
48
7
81
2835
123456775
5
9
1260
675
123419157
115200
5
18966528
264600
48
79380
123456783
315
3
123456733
124416
126
72
648
21
45
123456747
6
123422229
384
576
45
123456765
81
3888
72
56
2100
512
373248
24
123441237
0
567
9450
183708
378
576
150
6
6
123456769
864
245
123456699
31104
96768
378
123456753
96
0
123446709
123456771
40
5
2520
5040
18
8064
64
324
504
63
25200
123456787
1620
48
10584
123456783
245
0
63
14112
8
480
38880
18225
4
192
123116589
3
336
256
15
0
2160
432
0
360
63
36
207360
67200
840
7
3402
4032
105
9
1016064
123456645
16
9
123455109
42
189
122938173
123456759
3840
140
211680
123456565
9
35
20160
21504
27
123455709
960
8
45927
8
111132
9
72
0
123456749
40
7
54
5400
10368
95256
72
36
6
123456213
8
0
729
30
640
1120
123456771
123425685
0
123456768
54432
5
123453717
25
21
5
3
0
840
504
648
64
72
15435
123410484
2160
123456249
3
224
48
270
9
147
10125
123456747
64
0
15552
49
9
9
168
9
123456787
123456537
3
1512
72
8
8
8
123456501
350
20
123456661
960
5
392
9
7
4
9
123452085
122247189
1458
423360
36
54432
9
56
6
64
4536
144
2560
5040
6
6
5
42
450
122616981
123456777
360000
0
3024
8
432
8
123174549
30
3024
123456788
7
192
7
576
4860
192
3888
56
123408405
138240
10
3600
1050
2592
7
123456681
123452309
126
123456699
144
9
123456537
64
23328
48
2268
141120
0
384
324
123456717
82320
0
6
123456733
6
64
108
168
44100
256
123456777
54
7350
62208
123436053
756
123448949
210
18
3
40
123456765
96
64
19440
7
8
9
48
160
14
6531840
7
54
28224
6
1200
180
81
123456341
27216
0
18
432
5
384
3528
144
45
123456779
123456735
8
0
2
123456783
0
70
0
123455574
180
153090
123456741
72
123456785
15552
72
5
15
2
0
1143072
252
30
63
63
1
216
4032
5
432
7
9
384
56
315
6750
9
49
180
69120
1008
123456549
336
123453387
0
15
1176
15120
75
18432
210
123456786
123456744
40
168
96
9
42
72
123456787
3
864
35
12
1960
0
105
0
2592
123456357
7
4
123456785
4032
24
4536
0
174960
105840
144
280
378
42
9
4
3
168
54
9
67446261
0
9
2520
5
16128
0
7
5
7
9
7
3
9
8
162
49
123456405
10976
9
189000
6
6
15120
5
123456764
2520
8
280
81
5
192
123456786
180
8
1296
5
36
123456773
1458
123456709
504
123456786
123456609
123456629
123456663
72
6
0
7
123454229
486
1200
123456765
1344
1024
32
8
123295509
123454197
24
8640
72576
1792
3240
30618
1399680
4320
1
7
3
3
8
504
2
9
7
6
4
0
123456549
24
30
2016
123456733
6
40
9
315
48
49
7
9
35
120
123388749
9
40
42
147
288
16
30
7
392
6
56
123456781
123456661
64
7
14
0
14700
5
2
169344
3456
123452253
324
3528
48
54
720
123455214
32
5
123455925
20
8
0
972
14
7
120
2
123418989
123453909
29400
2352
3024
10368
21
600
0
123455637
123456780
3
7776
8
31500
123456714
72
0
5
8
504
24
504
36
4
180
441
5
147
512
1920
72
123456761
5
45
40
13440
2016
5
123456740
5760
18000
1728
315
0
81
756
94080
6
7
64
45
108
72
648
3240
0
123456785
18
123456786
36288
7056
0
63
192
7200
6
1285956
123454437
12
0
30618
225
162
216
368640
72576
2
8
160
30
4
123455765
14400
217728
36
504
288
5
7
123155733
12
3969
123456765
7
120
54
20
123456645
27648
56
123456786
36
9
3
448
24
4860
12
4
9
28
567
504
8505
8
45
9000
6
432
5600
8
583200
48
54
8064
60480
280
15680
54
225
123455493
2
432
144
18
72
576
123456769
288
288
9
504
6
864
1152
900
123456691
240
48
140
21
122057109
0
32
48
24
120
1296
21
123453144
504
123456693
54
64
8
50400
35
20
0
0
20
25
4
1
72
504
9
2160
28
2
51840
360
48
240
0
96
15876
123275349
49
20
48
1728
8640
2520
3240
2
0
123456213
972
48
123456786
6
2025
123456781
2
4032
108
294
5
45
144
12960
123456309
123098389
435456
3
48
48
30
17496
3888
8
448
211680
123456189
123456645
40
1200
123453909
324
17640
54432
56
48
8
77760
4320
123456733
252
2
18
3
441
123456780
0
5
123456645
1134
9
315
128
14112
123456740
144
1152
4
123456565
3584
72
6144
18
123393789
108
123449589
3
4032
35
24192
123455493
2646
12
49
448
15120
49
1680
3584
11340
12
288
9
9
56
1
1
123456784
168
40
16384
20
123443829
192
8064
25
2
9
123456213
5
10080
324
5103
9
540
45
5
15
56
2700
145152
40
122327829
123456788
2
162
1
9
81
4032
700
0
6
150
123454143
972
36
35
126
63
756
0
1574640
952560
140
720
2
0
30
8
42
84
6
0
122912469
36
81
11200
336
5040
0
192
5
42
25
9
0
2592
512
240
0
48
56
123456786
20
63
6
190512
0
4032
123456474
45
48
28
63
192
21
56
123456765
0
2016
7
40
2
123456781
123456669
0
72
36
123456669
4
15
123456781
48
24
135
115248
2
378
19845
6
123428439
3402
8
225
6
225
123455529
576
8
6804
123456771
56
6
0
72
1960
0
2025
560
63
336
11760
22400
7
8
123456785
3240
162
840
123454829
48
7
2
6
123315669
2240
280
32
5
31752
123456787
17640
3
1959552
123456754
8
15552
123456779
64
123456681
64
0
54
243
72
448
123441237
336
294
22680
7
98415
2016
48
9
537600
117333189
486
123456717
100
8
6615
40320
9
5
9
81
224
140
56
50
84
270
576
0
8
28224
0
27
9
432
0
123456684
123456677
4608
987840
900
24192
123443829
40500
6
12
2
1152
63
0
240
324
700
4
123456661
9
4
540
36288
9
2520
1
127008
123456781
2520
882
56
1323
648
123456501
123455061
123426549
63
45
123451029
576
677376
123432489
6
126
360
3240
64
81
15120
567
126000
6480
10206
15
6
103680
9
640
7
8
1120
10290
123456759
3024
288
576
400
5
5184
1920
123456786
225
3
12960
700
123445764
8
175
5832
9
145152
0
2880
50400
294
24
8
1440
123456669
32256
9
216
123456788
123456285
8820
42
28
123445029
69120
26880
72
16
168
0
2304
360
896
81
441000
6
5
63
384
9
123456357
648
32
192
123456549
123456141
36
123226389
123456609
648
28
45
100
2688
0
90
123456759
123456774
7
123453333
9
123456629
123456357
48
36
225
0
123456573
360
48
123456600
1536
8
144
0
9
123456787
120
378
30
0
1
336
17280
6
7
4608
4
42
0
72000
40320
9
216
123456785
123456384
16200
9
0
5
1260
1244160
23328
11760
864
56
864
8
180
63
81
34020
8
8064
9072
63
6
36288
756
123456705
9
14
45
54
15
12096
123456759
9
960
1792
50400
378
6
123456753
45360
612360
63
0
42
8
2700
63
9
1512
9
512
30
123446583
10976
72
0
2
6804
2
30240
9
7
0
40
8
3780
123456741
0
72
25920
9
7
123445449
3888
7056
81
252
19440
24
123184629
216
42
4536
1270080
30
8
112
160
123453333
0
5
94080
123456788
72
9
42
12096
30618
86016
3780
7
6
160
1
302400
0
6561
63
123453873
0
0
10800
8
180
0
181440
8
405
9
1701
1008
9
2016
5832
9
18816
72
3024
81
13440
56
0
210
3240
123456469
123449877
56
7
1176
123456663
63
1800
8
7
24
1600
252
15309
72
280
3150
35
48
123456565
48
123456787
1800
40
3
0
8
960
123456717
0
21
54
3360
40
63
168
116640
123456785
123456786
72
5
27
56
0
2592
54
9
18
123456357
169344
20
123456645
635040
95256
72
7
3456
8
8
30
1166886
9
12960
80
1944
8
30
0
252
7
9
9
7
4
18144
800
123456759
466560
96
2
0
588
0
123180309
81
96
123444789
24
216
1344
2744
6
123456717
98
0
123456600
123456780
123456573
8
280
54
8
362880
5184
5
2
64
324
3
42
123456775
123456771
123456533
5
9
56
9
123456786
7
0
2160
108
0
123456787
326592
6
32256
63
648
190512
5103
2
3
15
378
15360
1440
69120
392
6
4
0
9
8
0
9
7
43008
72
5
315
72
123456784
14
1008
0
112
15360
1
3
123456519
41472
9
432
0
17496
120470805
448
324
123456733
160
123450714
123456669
9
9
123015789
122731029
123075765
18
384
11760
8640
1176
8
0
123454773
42
3
123453765
123438357
448
108
72
0
8064
21
0
9
5
737280
600
83349
27440
123455221
63
0
315
360
256
48
0
123456565
40320
100
315
50
54
9
2592
7
1440
49
1008
72
123456773
81
4
24192
42
0
48
123456681
0
5
9
0
2
360
36
123456741
4
540
82944
8
123456771
9
123456775
13125
288
196
25
81
1440
3840
42336
7
324
3
123432093
729
144
2
36
123456681
123456609
63
54
7056
8
349920
12096
10206
64
1296
0
122472
8
360
8
24576
50400
48
72
0
0
600
8
432
27
7
108
105
36288
224
9
23040
4
576
11340
672
72
4536
121152789
0
63
28
2
17640
6
18432
216
576
123456537
72
0
63
2520
120069909
2205
2
81
18900
192
123452379
0
0
0
123451497
8
5878656
123456654
123454829
15876
140
243
864
72
9
2032128
405
123456681
0
72
8505
210
9
72
5
16
30
15876
9
243
123456780
123456649
9
80
9408
56
288
112
8
640
1440
7
1960
48
40500
16
4
28
19440
5
36
0
8
123230997
72
123033429
54
1058400
720
448
123456384
123456429
60
6
343
9720
14112
123456788
36
123192189
1008
3
42
315
7
320
270
7
123455949
123456783
2916
72
123456784
86016
1008
0
280
8
28
9
7
64800
3584
32256
9
8
49
648
1500
64
123455739
9
2
2268
35
123443181
448
9
123456765
122704149
123456784
8
9
123453333
145800
2700
123455589
3024
3888
18000
4
123455889
4
9
13122
123456501
7290
288
63
1944
448
9
0
144
224
40
1008
0
28
6
0
25920
80
3969
0
1120
8
7
49
72
8
64
190512
4032
336
28
1344
10368
123456783
1176
18144
84
123456765
9
54
756
8
9
8
8
7056
8
210
1944
123456519
72
0
72
0
64800
720
123454584
7
72
0
5
3
123456519
10
180
216
1890
336
123456740
10935
12
0
8
9
123456341
4
75600
9
280
240
362880
63
123456681
280
288
0
123456785
2
4536
4374
252
1728
9
48
7
49
343000
378
4
64
123456708
294
100800
122995989
72
80
54
8
25920
216
0
4320
123456787
7
3
35
240
72
6720
504
360
8
16
72
5
123456781
8
120599109
240
6
123455439
3
1080
840
245
0
540
9
123456589
0
0
5
3240
6
123456784
7680
225
0
14
1
8
280
384
0
16
4536
123454845
7
207360
5040
42
8
160
4
729
123168789
0
35
123448041
123456785
2
1120
81
160
3
21
123456773
81
9
64
64
512
810
1680
0
6480
729
63
123456708
405
4608
32
9
9408
441
10
64
45
64
0
0
123456749
336
8
24
54
7
45
5832
12
61236
20
123456754
123456411
64800
317520
0
50400
3240
24
123456669
49
816480
432
9
0
123454773
1134
81
8
8
5880
6
7
1458
0
3024
123368589
3
0
9216
23520
123456777
280
123318549
5
2400
36
123456787
648
4
160
0
2592
49
9408
81
9
9
0
22680
8
648000
6
3528
576
180
123456754
0
5
72
7000
360
144
54
4
44100
123450489
140
120
2520
216
774144
2592
7
63
1680
567
4
0
8
30
294
1890
72
2
0
8
123444189
28
9
5
72
123455925
30
112
5760
7
0
0
42
8400
123456681
2520
3240
648
221184
10080
3024
432
183708
8
25
0
56
123419925
7
2646
6300
123456780
504
24
64
150
72
18144
123449499
200
225
123221589
0
6
1568
3500658
48
82944
60
6
9
123448389
1260
7
123456781
3
9720
123454389
42336
62208
224
96
64800
123449733
544320
0
96
123456777
42
864
36
58800
28
90
254016
3645
0
0
8
9
123149589
1
6144
56
7840
4608
123456780
40
160
81
144
2744
9
123439149
123456749
82320
8
9
294
8640
92160
8
64800
324
80640
2268
63
635040
12
810
180
280
80
0
8
80
42
0
2880
0
7
0
8
123454485
24
8
72
0
8
14155776
336
13230
123456465
6
414720
279936
8640
2430
224
0
6048
8
10080
864
28224
15
123456786
72
4
2
27
54
15
123456788
8
2240
0
240
123430545
20
123446037
0
123454773
504
280
56
162
0
123456469
2400
123362709
1458
8
1512
125440
400
123454845
45
123370773
150
70
36
123456609
6531840
81
81
36
6
13440
17640
6
21600
840
2430
272160
9
10
576
24
4900
123455169
123174549
4
392
123456785
2
46656
12960
123455529
123480
504
123454269
30240
5
32400
45
324
7
63
123456782
8
28
9
28
0
8
30
9
8
3024
48
7
9
1800
100
126
0
9
7
392
0
9
32
401408
4
8
90
7
123456729
384
8
4
72576
0
5040
504
40
72
123449929
4
6048
36864
123441237
1890
24
1728
6
9
40320
81
64
123417909
217728
123456699
12
2916
2160
1632960
123456762
36
123456759
243
7
0
16800
875
252
8100
0
72
9
30
252
40
35
567
10752
93312
3528
8
414720
123411429
392
900
7
123456782
123456397
72
840
12
1701
123455277
45
3
2268
9
123411429
123414264
648
0
28224
8
96
24696
123322389
123384213
746496
252
123452064
16200
6
123205909
30
123451749
17640
20736
123480
129024
131712
442368
432
102060
8
40
60
7
9
56
6
120
123455637
13440
0
0
9
123456779
9
123456159
6048
28224
486
81
280
7
8
9
9
378
0
360
123456501
28
512
8
54
81
123456765
6
28224
8400
192
16
7
123456159
2
64
123456627
123455025
0
18
4536
123456784
790272
63
282240
252
123453765
680400
9
3024
3456
2
324
2799360
2
158760
8
4032
36
0
72
126
12
90
160
123456785
448
3024
123456453
7
123456719
8
0
72000
8
384
72
216
7
9
7
9
45
123454269
3
6
6
120
24
7
32
0
6912
9
224
2
8
336
72
216
56
144
7
180
123456786
42
123456753
0
15120
48
45
0
61440
42
8
1440
123380244
4
14112
32
9
163296
36
55296
1296
0
0
120747285
72
720
123454997
9
75600
16
0
2592
56
8
0
45
0
56
41472
120960
648
123456589
4
2
123456771
123301269
12096
27
123456771
0
0
2
28
123042069
0
8
5
40
490
123456729
9
0
1050
3072
315
8
419904
56
6
7
123456744
123456501
189
12600
24
147
3
36
54
16
960
112
123456627
20
36
3360
0
0
3024
123456757
3969
640
1120
3
36
20
123456777
123456785
8
2058000
46656
567
1512
504
0
7
2880
123456765
4
7
119752389
40
0
102400
21
123456741
7
123456677
7
504
34992
56
38880
630
0
2
0
123454773
123456719
6
9
4
45
63
0
567
324
216
123456600
0
28
9
3087
6720
5
6
7
486
4233600
123456757
7
123166485
9
3645
246960
840
480
9
14
432
0
0
8
28
1
8
0
6480
141750
81
210
54
72
1344
16
54
9
833490
63
18
3087
32
210
0
45
123456759
5
432
1568
18432
144
12
123456765
2560
0
41472
3402
0
567
0
123456597
28
4
30
1008
123456780
123456762
0
18
243
0
81
7
14
123454269
16128
0
32
288
5760
192
40
7
466560
21168
123456782
376320
576
28
81648
720
13824
9
18
123346197
2381400
5292
14580
123456787
6
384
123455829
123429909
1400
123456717
64
6
0
56
72
441
2688
123455589
0
486
441
30
123456769
123456725
123430329
70
4320
0
1
43200
540
1575
1470
240
0
0
56
2352
8
64
123399189
2
9
6912
4
123456757
0
123449439
56
123350949
2430
5
54
9
8
2304
34992
123456783
3
4536
20
15360
123455189
441
64
4860
32
315
68040
122876181
7056
42
123456777
1512
3888
123456753
4
216
123456726
122368149
32
123455889
126
9
7
6
1568
1344
4032
6
8064
9
8
1050
148176
4200
96
123456357
360
259200
35
192
384
123290901
9
77760
140
123456429
381024
9
4480
54432
10752
270
4536
64
2
25
13608
504
6
6
225
9
1200
324
48
18
123021333
9
109760
1440
96
16
4
6
9
1
224
42000
54
35
24
720
0
123456777
40
27
11664
8
7
8
0
45
216
1
360
123455061
123456708
4
9
648
2430
0
9
50400
45
896
1935360
378
9
123456749
123456788
8
123456639
1469664
9
320
10206
45
9
9
0
112
1296
280
4032
46656
5376
28
24
123456768
123454389
18
123439293
18
4
630
123456784
162
72
105
123456649
56
20
32
40
72
123454773
504
9
3
90720
5040
123456744
1008
64
64
3024
45
123453549
216
216
5
54432
45
4
40
123456429
7776
1800
36288
405
63
1
45
123456681
320
12
0
0
0
6
648
10
160
9
123444693
123455061
9
80
972
14400
123456783
576
140
64
0
123449229
32
81
3024
9
32
123445029
7290
0
36
6
8
756
123455349
123456749
64
800
123456775
0
24
9
8
56
21
9
9
18144
0
0
123430329
42
6
192
7
112
54
20
122912469
5670
32805
4
81
160
1
245
288
4
27
2835
16800
32256
123456411
123443181
1890
9
490
40320
5
4032
15120
60480
1050
11340
216
144
1512
294
840
123456747
123456726
10368
1128960
7
0
839808
105
216
112
995328
80640
7
6912
123456749
84
806400
378
40500
960
600
108
576
640
135
36
48
54000
122851989
9
49
123456749
192
2
7
9
5670
123456788
448
0
1
32
0
124416
9
64
8
20
2916
2
123456788
123315669
5184
672
9
96
18144
21
63
12
3240
64
9
3072
42
10976
7840
64
30
31752
0
3
276480
1512
40
270
8
378
3
0
392
8
72
6
384
3
4800
280
123444245
16
24
32
7
648
756
181440
6720
9408
1728
3
4032
123241749
7
6
6
360
16
7
123456783
5
8
54
123456759
128
64
2688
5
56
123455061
123456717
1
13440
576
360
72
2916
6912
12
5103
1890
9
123456627
252
432
37632
36750
448
2304
210
1354752
123456753
3
123456769
64
10
576
123456788
3528
6
3888
1008
7776
123456677
735
16
0
1152
3
9408
123456786
0
123456544
4
24
0
35
5
16
168
648
0
27
3072
63
2304
8
28
90720
1512
123456785
280
0
81
30
405
504
501760
48
288
5
36
324
0
61236
123386789
123086349
8
2
6
123456465
81
35
1350
560
72
123456762
896
336
123441669
126
16464
343
0
123456565
123456277
0
0
123207957
0
875
123456771
168
0
123455493
54
500
40
9
0
9
0
123456785
122948757
2744
4050
63
63
64
10
3920
8
36
123456757
9
18
64
7
6
432
5670
72
756
1
8
8
6
270
8
7776
4
272160
889056
8
9
1120
36
22680
122523669
20480
56
15680
0
9
1071630
123456784
8
12
123452949
63
5
800
6
7
8
900
1890
8064
123453009
40
123456681
68040
0
0
4860
0
5
192
0
168
2058
36
123454521
81
40
0
50
64
123456787
123444501
196
8640
30
108864
20
2016
0
60
7
3528
105
196
972
49
3402
20
160
320
5184
4536
123456741
4536
54432
4
294
5
81
123456783
188160
64
9
4536
6
123456787
36
7
9
6
123456537
123456773
5376
56
72
0
11664
9450
0
70
197568
756
6
63
5832
63
280
102881493
9
270
0
32
12960
123456780
0
2304
560
43740
158760
864
81
123451389
0
123450069
1701
432
8
18
117600
123449985
32
36
42
105
9
99942165
56
56
6
0
2240
9
38400
5
123456788
441
378
7
1944
2430
6
140
64
448
8
256
56
108
56
204120
54
72
8100
1176
1680
360
123454197
49
0
45
5
1440
1944
9
9
123456681
3
6
49
9
123456788
189
123456717
9
0
504
123456785
490
0
576
0
46080
123420949
8
0
0
19845
1
64512
35280
8
0
60
56
122337045
72
12
4
3087
0
216
161280
38400
648
6
24
1530900
224
135
16
0
123021333
40
123456777
35
0
972
15552
5832
123456786
336
123456549
81
12
1764
126
123456782
0
2
9
9
1260
123453589
72000
8
123456474
324
123423861
123455709
672
18
0
2016
432
15120
5
123456749
123404949
123450309
123455655
123456735
45360
114312213
123393285
6
8
108
3
6
6912
5832
123456303
0
0
81
54
123456786
17010
180
9
7
123456788
72
378
8
648
123414453
648
216
8
75
123456719
9
0
123456782
35
123456474
8
48
18
3
3
7
36
123383889
52920
3528
45
5
7056
381024
63
168
59535
0
4
63
54
8
324
12096
45
23814
9
9
9
8064
40
21
8
45
123456787
324
0
72
123456783
0
829440
3
0
9216
5880
9
68040
24
2700
16
7
314928
1890
6
96768
3
729
9
72
448
123454197
810
72
12
123446664
64
1008
54
18
123401493
1120
123456785
504
123456784
6615
8
2
2592
17496
36
12
56
1296
576
24
3456
123456735
0
123449733
6
123456783
27
63
2048
30720
1344
7
0
288
123455088
756
60
7
840
774144
63
123456285
0
123455844
7
0
14112
123455925
16
648
64
7776
32400
9
0
123456788
9
40320
2160
241920
540
8
512
8
192
0
72
5
8
42
1458
10
0
6
0
24
5
54
72
60
0
30
270
8
123456726
150
7
1
123263253
6
15120
123456783
30965760
96
1200
123155733
8
1400
5670
1764
9
160
9000
40
56
2880
42
8
0
0
3
8400
123456786
540
123456735
945
0
0
4
0
324
48
8
3
8
5
35
1260
0
800
420
8
54
63
15120
192
0
123456787
1333584
0
7
252
2
972
336
2
360
1
2835
123456744
32
48
121488489
64
123456777
9
8
400
107520
428652
123456600
864
23328
123456773
56
6
9
8
72
6804
42
4
123456786
504
123456149
0
336
123168789
790272
8
123456741
123440661
123456783
84672
4
0
20
5
18
72
378
118811925
2520
10800
0
432
221184
63
600
123456757
12096
7
30
7
1400
5760
63
18522
210
9
270
21
405
512
810
123436377
45
8
0
336
217728
448
28224
42
1890
54
2
0
119070
36
15
0
123456621
504
72
20736
6
72
112
20
23328
49
16800
119374389
36
8
243
6
123456786
4
1944
252
216
123456783
123455331
23328
3024
20
3456
63
0
1764
600
7
0
15
16200
9
30
12
0
18144
123456285
123447381
92610
0
2880
3
7
3360
7
3
8
21
2560
123455109
63
2
21
9
32256
0
8
7
3402
123456501
123456787
9
180
567
9
123415317
6
0
123456787
72
1400
3
7
81
7
675
225792
9
3
0
3
18144
7560
256
5832
56
27216
10368
9
36
648
0
56
7
28
9
3
420
12
123450909
8
6000
36
72
9
123448725
2268
20
336
512
96
123456771
2400
9072
123455493
123456765
64
648
56
3
2016
1225
1620
5880
8400
123456785
252
9
123456411
9
972
58320
36
6
2430
0
9
28350
77760
190512
0
224
6
12
123456783
9
56
123456768
0
5760
9
123454845
3
184320
1
18
288
123456744
392
12096
0
3
512
123456264
30
9
4
12
10080
4032
192
4
0
9
4
5
4
10080
432
7
123456765
3
54
120
35
123456709
3024
6144
25
8
96
567
123451989
123456609
123419157
3136
8
10368
123456627
1020600
9800
123456788
2
10368
72
54
123456714
72
120
3
123456784
27
123456735
36
3840
18
32
123454997
3456
564480
7
0
8
4
189
9
23328
180
123452289
1
9
9
288
1260
504
25515
583200
8
9
40
656100
8
0
7
2688
1152
123416469
23040
243
123456774
9720
123456681
1350
28
8
123042069
6
0
6480
162
123456788
1792
648
123456787
10
16
30
9
4
30
7
41472
384
8
17920
4
9
408240
0
12096
1
0
315
1764
0
1680
123456749
324
576
9
123455925
100
392
7
2880
588
9
20
123456469
8
3000
123421797
123456729
3
336
10752
9
123456733
504
37800
36
8
123456705
64
105
8
420
10
123456788
123456781
7
0
432
5040
3888
7
72
448
7560
0
8
216
7
27
6
544320
123456645
13440
0
675
0
243
123432597
0
27
588
567
32
20160
2
7
123432597
24
54
117600
1
373248
3429216
63
64
8
49
0
42
1728
7
45
123456495
64
118884501
0
123456549
108
123456726
123324489
120
41472
123456429
1600
123456740
123456537
8
864
4536
123456786
945
1050
2
0
123456785
123456757
49
81
9
7
221184
9
8
123409161
14
559872
0
72
123456785
123197589
9
1344
20736
7
5760
8064
72
200
2016
580608
123456777
1049760
5
72
24
123456285
8
211680
540
1080
96
2
9
123456141
8
1
5
0
0
123214869
64
64
27
123455925
0
0
1244160
7
7
324
3
123455949
20480
392
6
336
192
2352
48
8
29160
8
94080
225
72
392
360
11760
64
56
0
3360
960
60480
123456453
123456564
123456788
26244
4
1372
0
123456753
36
2
168
123423189
60
123452757
2
123456773
123456788
6
72900
122779413
252
123456769
1296
28224
9
54
123453333
2
75600
525
5
163296
1152
3
123456465
48
1632960
96
13440
9
180
123456509
0
252
123455669
240
8
3840
2520
7
8
81
840
3
88200
6480
2
123456681
3
30
64512
7
441
5
7
123080469
567
0
768
216
123456775
81
8
9
270
40
144
0
48
56
54
8
210
36
1152
36
123456465
0
104095125
8
42
8
7
8
123318549
504
123452901
5
8
21
123456785
154350
18900
72
40
0
14
4704
59535
432
735
123433749
123456069
30
72
123456782
42
7
15
4
864
2400
63
123456405
123456786
7560
9
2
123453205
103680
7
6
9
432
2688
1344
6
123456765
36
7560
294
320
108
123456780
1728
980
123443349
5
8
7
2
18144
10368
123456649
123456788
7
5
216
123456788
9
28
840
252
8
24
320
123456341
6
20160
8
123456708
0
8
5
864
38880
123455493
72
32256
28
0
5292
163296
81
112
16800
8
0
504
141120
8
56
1620
123449109
8
36
123456773
64
5880
123456054
65856
1176
225
123456693
18000
9
123456453
7
450
8064
24
8
49
0
15
11760
123456785
123368981
0
1512
2
45
0
15
20
16
56
123456754
105840
2520
0
5
0
8
302400
252
123448597
432
4
2250
5
1
123455907
32
123456761
100
2160
6300
302400
12
123456348
72
12
2
11520
122912469
56
1
6300
0
324
960
504
122829589
1
448
40320
7
1728
864
72
56
123442389
4
7560
2205
104976
24
600
270
119537685
21
56
128
6
405
3024
180
360
123455989
18144
128
6048
128
840
324
6720
123456780
6
72
16
180
336
30
35
81
8
123454773
45
45
9
0
127008
20412
63
123456774
2916
567
1728
123450741
50400
2222640
324
1260
9
8
123456787
3024
4
38880
12800
81
10290
84
8
4
123456285
123455349
75
96
0
0
42
7
504
36
360
28
0
6
63
1344
123456773
63
432
6
6
0
720
123456705
12
7560
1944
18
4
756
0
4536
1
192
116016615
972
5
63
972
3402
32
7
6300
56
3
56
123456779
256
131220
40
1960
32768
123455319
81
166698
123454689
172032
2160
294
123456780
123456693
30
123449929
168
576
7056
3024
20
42
120
64
5103
112
5103
32256
123325077
123456747
123438645
72
1
9
384
123451686
567
35
42
40
123456773
155520
123456573
123456519
8
4374
123456784
64
9
35
9
576
8
2592
69120
0
3
123456717
1680
5
8
7560
18144
225
2304
0
320
216
123456141
123391989
31500
27648
45
1512
123454629
0
207360
4
1152
123456787
7
9
1
93312
123454549
1
123454269
123415965
123456681
340200
5376
4200
192
144
0
435456
2
150
9
288
8
7
123456726
392
40
40
63
123449877
9
123450309
5
7200
270
7
100800
48
31752
126
1
123456783
27
168
123456609
9
18
9072
123456786
63
72
4
3
10080
123438869
840
3402
60480
9
123456777
8
123456785
6
288
6
2520
7
9
4536
6
123456786
336
27648
3
512
123436377
0
210
1400
45
123263253
123456753
1280
36
0
0
123048549
288
1200
56
63
320
448
123456629
64
1
56
1280
211680
1440
123452469
123456735
42
123408405
32
432
35
0
116788869
123375141
432
9
2
123392277
158760
63
12
4410
72
123454197
123439149
4
18
123325569
123456741
123450741
32
5
54
32
192
504
123456141
123347925
123456717
9
123433461
18
48
56
3306744
5
81
248832
1920
35
288
123456717
0
180
25920
6048
12
122948757
72
432
8
49
8
0
90
1
7776
5184
15
9
3
214326
414720
900
1536
48
123424389
331776
175
0
2592
1764
24
8
123074064
36
9
54
90
441
81
6
2
123456774
6
9
16128
9
1152
0
48
106310709
12000
36
123456765
1
5
0
54
9
32256
8
5
168
0
1344
126
324
126
100
315
8
123456774
2
2880
63
121908501
19440
405
8
0
72
56
1512
3
9
493920
4
121313529
2240
648
864
48
504
0
123456565
1944
0
2
42
360
174960
441
56
123456784
123456783
1176
23040
123456785
1200
288
123455925
120
122596629
5
81
5
123455655
123445589
3150
282240
9
0
6
6
9
6
40
123454197
5
6
0
123456785
0
90
6912
0
24300
123456771
441
0
123456681
6
36
7
320
0
320
0
123303699
112
32
64
4536
0
48
9
168
123456783
72
1440
14
145152
0
32
56
10368
21168
12
123456621
123456762
56
123424789
384
123452181
2880
8064
175
0
8
123456645
3
123456782
72
9
2
123456573
123442389
1890
45
123456735
28
123421797
18
123456774
54
123456747
5
123456733
240
123456357
123456787
2
123456681
2
648
1008
123456759
2000
105
6
123456775
10240
12
120408597
8064
9
8
762048
0
12
5
6720
3888
3
123456669
9800
32
360
35
2016
123454197
12
1890
432
40
3780
1
123456765
123455445
108
7680
384
135
3402
79380
123456285
108864
42
12
123456764
3
123455893
7
129600
122327829
123456669
123456753
123456429
241920
123454773
123453873
14400
20
648
8
0
63
8
123452901
5
490
7
0
123003189
512
36288
1
75264
45
35
15552
0
123456783
9
27
40320
123456786
378
36
288
123453009
21
9
32
123456783
42
45
123456573
160
10
576
5
72
16
45927
15
1128960
810
81
0
42
8400
28
211680
123456786
567
8
123456397
123262389
19440
2
5
123456621
180
9
0
360
72576
145152
9
2940
64
810
8
123327189
1658880
0
123324489
144
392
123456780
720
0
486
4
123456309
123450957
45
10080
0
123139269
123425685
4
36
24300
8
6
123456786
90
6
123456785
215040
432
123456141
7
70560
9
123456753
123452085
8
0
5376
42
28
324
180
45
2835
24
63
336
32256
123456787
20250
432
0
55296
123456669
3888
5
576
405
8
126
5
123456786
24
30240
11664
8
13608
9
63
2304
9
122903829
1008
54
40
10368
108
576
882
2
35
123456783
123456779
3
8
7
9
34560
1428840
3780
4
512
35
9
405
504
6720
8
6
1944
32400
123456785
320
2646
123456783
123453189
8
8
27
11025
2
5376
48000
140
25920
54
72
36288
28
480
72
8640
9
123456788
3456
9
54
1080
8
1764
0
0
25
0
22680
80
123456537
123456369
2257920
48
8
2016
123456775
123456787
123166485
82320
44800
32
6
6
96
746496
8
6
123456781
225
120
8
123456141
840
180
56
567
63
21870
576
49
36
7
35
21
729
7
8
116640
123456788
15
2688
254016
8
486
12544
5
64
8
123456784
9
3528
5
0
12800
40
9
15
100
1440
9
24
122706648
0
188160
2304
12
25088
123453333
1050
315
123456735
288
123456597
252
486
36
8
2016
8
108
36
8
6048
480
123456544
72
4
8
6
27216
768
123456741
540
384
0
7
123456764
123456771
6
4536
210
123201639
6
315
123456627
30
50400
3
72
840
43740
7
0
25
5
32
135
4
5
280
1024
123456787
240
2016
123456779
123442965
9
302400
17920
123454485
18144
4480
486000
180
0
123456699
0
120960
9
123451413
225792
7
14
9
504
1323
8
123456693
81
36288
20160
441
123456669
7
0
2520
123454997
28
123456786
7560
193536
1512
69120
9720
27
42
56700
2916
123456771
72576
1008
23328
1
4
441
192
180
1
25
3584
24
8
168
7938
24
123130197
296352
24192
8
123453549
54
63
4
6
35
36
13824
123446037
756
384
102060
21168
448
9
864
6
15680
36
8
7
0
5
432
864
63
123449013
201600
432
720
2160
123293493
0
216
5
3360
123416469
3024
24
8
123456777
0
96
123456783
123456787
0
280
123413589
3
5
336
279936
210
0
72
0
12
0
123456759
441
63
8
81
9
9
18
93312
3024
45
9
63
75
14
0
160
30
3
90
9
56
0
0
4000752
392
630
9
16
376320
6
384
180
14
120
4410
1792
0
336
48
45
3456
10584
123456787
5
192
9
0
9
123388749
123429909
1260
1350
1000
4
160000
0
56
60
1512
20736
258048
122057109
24
7
144
9
378
72
9450
20
0
72
360
8
4
135
8
8
61236
2560
123456762
123456784
4536
20
81
34020
56700
210
120
7
6
0
15
9
37800
648
126
378
36
0
123456788
123456573
9
784
48
123455889
123332373
324000
9
272160
63
0
10752
360
40
6
7
7
123456699
17496
84
56
441
123456213
9
123456717
180
31104
9
3024
1890
7
6
80640
9
81
6
72
32
123456788
123456757
480
63
123456754
123456709
64
24
13824
0
486000
8640
17496
45
210
35
63
45
121500
48
504
6
720
45
504
64
56
21
1296
4
10
8
36
2400
9
3528
2016
72
3024
4
6804
768
0
648
315
6912
60
21504
16
243
480
123456681
5103
45
6
1512
0
32
720
4
70
123456744
123455949
23328
405
4
1050
504
4608
1417176
28224
7
5
12005
672
98784
30
15
0
8
1440
9
84
56
56
360
8
2
378
123444501
28
123456783
32
63
486
12
448
9
360
320
81
1260
13608
8
324
123453909
720
7
1800
540
240
144
7
864
21
360
0
8
96
30
0
1125
1680
50
420
64
0
4
123456684
0
7
700
210
123454485
0
324
8
340200
0
204120
200
6
189
10080
123456783
123456744
5880
30
432
540
56
9
194400
378
12
972
0
576
12
49
9
3
405
576
72
48
405
0
123449929
0
0
378
108
123456759
0
123456725
0
123480
123456787
123456749
48
2592
40
504
2
8
123456753
72
147
24
68040
512
5376
6480
1800
1728
9
7
1890
123392277
36
0
18
4704
1120
72576
9
0
216
725760
123454485
288
5
1400
6720
5760
113400
8
31500
17010
5040
540
42
36
1176
123456782
41472
64
160
123456784
47628
72
54
900
54
2430
9
9
123456549
243
1920
56
7
486
504
6048
155520
9
32256
4032
123456609
75
6
14
54
0
1
0
8
0
8
123449229
8
123454899
54
123456708
1400
2450
6
4
9
8
123456774
0
8
4536
12096
123456769
15552
36
54
16
35
8
0
50176
45
100
123154389
9
7056
123456573
123456474
7
9
2880
9
2835
567
22680
35
4536
86436
180
0
123453189
576
0
5
9
1680
165888
126
0
123456645
63
7
16
8
540
0
12000
9
0
14400
28
3780
41472
123456677
4
0
576
123456465
17010
9
8
0
56
123446037
64
9
3150
31104
81
96768
72
6
6
123456787
8
252
560
45360
1800
54
15
123400089
63
216
103680
2880
9
72
14400
64
1016064
3024
54
40
840
30
24192
405
81
6
123454989
8
2240
123451929
252
8
525
4
123456729
123456785
4320
48
6
123456661
6
39200
5
72
7
63
3528
72
10
30
3780
5
117360405
2
0
280
252
8064
7
5
169344
2700
384
7776
1575
121521429
54
0
4
448
72
630
122694741
9
81
123456725
2520
180
14
31104
3
9
3360
123411429
123456729
9
144
123456708
123456141
6615
560
24
672
7
1008
3024
70560
8
8
72
72
123378389
6720
8
3
123456783
20
123456621
123455829
7
6
0
120
123455655
16
2592
7
22680
9
6
123436053
123456289
240
576
252
336
64
8
72
51840
9
1296
81
175
60
0
49
123456782
123255189
268800
1944
2744
0
30
123305589
56
224
3
26880
48
10368
9
45
48
5760
3528
6
72
123456744
42
36288
123456709
18816
4
1152
15
3136
63
123419157
6
123453909
576
123456788
54
5
8
1944
10
123456757
123456285
14112
4
123429573
18900
9
7
123451029
81
192
6
18
9
1
0
972
5
280
630
123455589
9
123451605
0
8
123449229
486
123180309
56
12
60480
8
5
48
63
7
123451605
252
192
2
3
48
3024
245
105
8
80
81
3240
123456544
123456786
63
4032
123456744
4032
3888
9
6
3780
1200
123456787
123456549
14
12
7
2
5
2430
0
40
123106869
2016
16
0
60
448
105
0
7
9
54
81
18
378
15
9
2
241920
175
123456782
14
1225
2016
18225
1008
84
123456277
2592
0
16200
56
324000
18
1296
6750
112
9
1389150
2
3
122472
0
123452469
56
480
72
122271381
405
2
729
252
504
160
196830
12
4
8
123456784
1120
122748201
2352
123187989
2592
123456573
49
1270080
224
4032
10584
6
135
9
120
7
60480
45
160
3840
451584
0
168
1080
48
8
123456788
123456787
5
5
48
9
0
504
864
120
7
2
66150
3136
1296
30
441
15680
123456774
72
0
576
0
49
123456773
512
63
7
123456489
6
123456744
0
6
6
144
640
160
123416469
123456765
3780
0
8
3
486
13608
9
31752
6
6
2520
172032
12348
80640
45
216
96
2880
441
21168
7
4
81
648
0
1260
0
567
1524096
315
224
1029
5400
4536
123453333
525
123456787
96
25
48
184320
7
9
8
210
4
72
54
21
10206
9
1350
0
560
123362709
123455669
504
588
15
5
9
3456
8
0
3
123456757
189
3
45
123456761
1350
6
0
1440
2205
2
64
54
24
504
7
123456201
112
1440
5832
18
123456699
18
8
2
7200
3024
0
14
40
14
1
123456788
4
384
102881493
56
9
80
3456
99071253
123438645
224
720
1440
45
9
12
19440
466560
72
889056
54
10368
3
8
2304
64
2520
1
121339989
288
63
56
32
378
54
123447189
168
4
0
12
123454845
4
9
9
48
8
252
2
3072
36
72
123449877
204120
3780
0
123456786
4
72
100
252
123455989
7
3024
123450069
3
8640
9
81
123456784
64
216
72
8
8
1344
21
336
123456777
945
6
4762800
1
720
15120
384
4704
6
123398469
192
123456405
20
0
123456782
51840
123384213
240
72
1296
181440
5
123067989
114989589
0
123456741
0
17640
504
49
123455925
4
144
0
43200
123456717
45360
63
9
1152
15552
540
4
120960
1
1152
3402
123453387
294
123456788
6480
0
540
48
123456777
162
7
1049760
56
324
840
144
123384789
140
5
5
324
9
8
35
8064
123456788
33600
240
2400
4200
1
7
5184
18432
56
8
1176
0
0
28
123456762
123455889
0
123456501
123455493
5760
945
123456787
45
784
3
2
30
252
45360
48
30870
448
38400
9
192
13230
36
486
453600
5
9
252
63
160
3456
8
0
0
10
6
123456788
123456771
108
3360
432
123456787
6
123456749
653184
0
72
1451520
123456740
12
123456733
64
512
2016
720
8
1
140
25
6
18144
24
81
30
23328
544320
8
123456779
35
7
13440
6
6
288
72
4
1
63
108
0
123456771
504
25
4
123161877
3780
60
576
21
56700
48
36
0
4
560
2286144
123431589
123318549
72576
3
0
24
48
87480
1344
5880
24
122880
123456714
24
126
81
1200
42
270
8640
9
4
6
56
24
24
123456775
28
123426069
