0
4
56
123456717
28
16
30
9
123456771
123454229
123447717
4
32
123456783
36
30
64
123456784
56
504
210
72
2744
38880
108864
122606289
6
63
9
5040
72
1
123395049
0
9
9450
123178959
0
123456779
20160
123448725
9
63
8
45
8
0
256
8
252
1080
0
80
6
123456781
4320
123456693
42
0
123455979
46656
0
0
5
123386229
9
123456303
5
8
1679616
378
392
320
48
3
123456765
17640
324
3888
8
40
10
123448149
4
8
648
8
360
0
1440
8
9
9
288
694575
8064
225
576
20
2
123456773
123456782
2016
1470
6
204120
123450309
0
12
41472
3
16
6048
7
3969
256
0
123456754
1920
42
2016
40
11664
30
123456159
11340
9
8
6300
0
336
75600
7
8
123456747
9
0
9216
0
4
123456621
56
8
9
45
504
875
10
288
123454629
72
123245109
123456782
1440
5625
8
3024
63
9
123456787
2520
648
28
384
196
36
10
9
1120
12
123456769
864
123456787
36
9
123353109
8
40320
63
90720
5
123456735
11200
123456787
48
123456787
35
123441237
56
123456788
2240
81
1120
123456189
16
320
24192
3000
15
123456501
1344
10
1176
64
140
30
4
123360021
123456784
123125013
24
20
3024
8
378
1008
4
123456786
16
123456309
1134
6
45
196
18
504
9408
123456782
768
756
224
0
294
0
0
122585877
0
4
70560
64
7
18
4
123456159
63
123455613
2
117600
23040
24
38880
48
49
123456645
378
123446205
123455061
150
1120
18
16200
58320
8
27
123456788
1125
123456537
2744
144
123456663
123363477
8
4
123456771
123456788
123456786
0
2880
288
1470
14406
123406389
16
0
5184
6
49
123456753
63
1458
40
240
0
428652
4536
0
123456769
123456773
7
54
480
20
6
675
9
123456788
448
63
5
288
63
0
0
2268
49
19440
60
896
5
123456201
180
252
5040
123456747
123456159
120
1500
1944
216
123456774
123456764
0
1536
123456753
6
18522
45
448
4032
123456689
200
2
123456069
123456654
72
123456264
56
8
63
5
27
864
63
9072
115200
1792
211680
6
123456786
123080469
1512
7
8
64
123456681
54
123456735
0
56
81
123456787
15
0
63
0
123456773
123456642
6
12
1
315
45
123422769
0
6
11340
9
84
0
806400
567
11340
7
81
2
123456787
123456779
24
405
7
123456786
23814
0
8
123456777
42
0
0
123456645
23328
4536
123456779
120
7
123455025
1296
7
123456773
2058
1152
123456681
8
0
81
504
504
16
123456785
36
16
6
123456717
63
2
123443349
54
105
6
4
123455637
9
9
25920
6
6048
123456773
26460
5
45
420
63
123456579
123454629
200
6
1008
23520
8
18
6720
432
56
26880
123448725
2352
16
216
56
100352
45
123456729
12800
27216
40
441
1728
0
8
6
81
90
123456783
35
1176
448
112
7560
1512
123452757
1960
123456762
9
30
200
72
6
122995989
56
1451520
243
123456744
122731029
14
123456764
30
108
8
8
1
324
162
1260
123455655
81
5832
9
54
56
34560
24
9
7
8
128
36
63
5
48
77760
9
31104
0
36
81
15360
40
4
245
112
2048
72000
7
123456779
2
27
123456741
4
18
6
72
0
1620
64
66150
123359589
0
30
1620
1296
960
9
24192
648
200
67200
1152
0
4
123456411
5
36
504
9
72
22680
525
20
123456597
123456714
300
32
0
9
10500
0
123456645
8505
13122
123456761
56
7
56
5
7
567
48
378
8
30
58320
1290240
81
0
8
2
14
80
13824
6
0
432
0
2880
88200
5184
24
0
108
0
8
45
9
0
729
24300
2880
7
5
9
72
483840
4200
15876
12096
8
5
36
1890
20
3
0
42
123327189
4
311040
0
540
9
54
7144200
207360
123456213
7776
7
54
7560
123454869
48
123453333
0
8
2240
42
6480
288
3456
9
8
700
224
4536
432
64
0
1512
9450
90720
2520
5760
864
123456005
756
54
0
30
8
1400
0
8
6
123456787
56
6
336
123456717
7
1890
8
225
7
158760
18
196
0
1620
1344
45
5
9
3
32
8
24
43740
2
128
0
504
9
12600
40
1512
1285956
175616
30
3780
0
10
0
14
0
122650389
0
123456777
9
9
0
30
1120
123456771
123456741
8
15876
81
72
123447829
7
123456787
0
123452469
25
288
81
209952
36
131220
168
4408992
0
54
8
0
7
756
6
64
1
324
56
6
123456741
56
5600
420
62720
64
6
144
6912
123445269
64
123456786
5040
315
1400
18
336
9
0
256
567
448
123418989
6
190512
0
5
252
16800
362880
123456117
48
40
11025
40
648
4480
18
6804
72
378
8505
0
235200
32
9072
784
972
15120
9
1400
2
4410
2304
5
1575
12
441
6
122549589
1080
7
123456733
81
42
9072
9
0
45
1152
123456733
2592
0
123456579
123385109
123456629
42
18
441
36
123456405
56
1575
1
2520
123455709
5
1440
54
123456764
84
8
36288
123456779
147
56
56
162
9
9
81
9
221184
441
21
123456786
8
4
2048
0
55296
0
504
1260
63
123452901
123456669
2
5103
11340
48
21
81
8
2688
5
1944
123456757
96768
96768
8
123456213
400
8
8
42
864
504
49
216
192
84672
54
3
123456783
8
4536
72
144
123390639
123456753
432
48
224
5
2592
23814
54
49
448
123456495
7
3
122903829
8640
123447069
8
245
21504
9
3
24192
512
3
9
5
1890
2240
123456446
24
24576
10080
45
9
6048
81
123456769
7200
48020
0
448
648
9
302400
5
56
72
2
315
64
4536
3584
36864
1
9
1728
3456
31752
12960
12960
1260
336
10080
0
0
2
123456664
300
42
35
72900
21
123456645
3
270
9
81
54
36
0
2592
1120
0
9
16
50
123448725
504
123441669
0
64
1890
1960
20160
5
36
162
36
123431589
122295573
3456
192
6480
378
9450
1792
123456533
30
81
216
315
8
0
123456285
9
384
5103
24
122980509
27
9
1715
16
30
123386805
192
9
24
123456733
123410133
252
270
127008
160
25
42
1008
1008
3
123456783
392
1512
36
3600
27
4608
441
63
0
72
123456573
27216
123456779
0
42
7
35
10
8
729
0
6
64800
56
4
7
1296
192
200
20
36
1960
8
6
4
123456786
4536
3456
63
7
9
123456677
1260
252
56
9
123456747
54
123452253
48
189
81
22680
0
123456741
123456787
7
7
81
1
504
8
0
3360
4
360
7
21
123456753
6
2
9
20160
270
24
6
60
9
48
0
81
360
108
1620
162
145152
30720
123456069
18
0
6
5832
3528
24
7
378
6
123436629
9
7
7
1632960
123455781
5
72
16
6
1764
5040
56
16
123456717
6480
9
123456775
1296
322560
7
735
108
9
405
6
486
2304
5
20
10752
40
123432213
123373845
6
1960
123454197
175
40
1152
9216
123454101
9
9
336
567
7
123436539
3360
3024
123456788
576
34560
8
105840
56
0
123456785
123451497
405
360
48
15120
0
4
7
2520
0
5832
9720
216
72
54
700
8
1600
123451605
1680
81
123456519
96768
9408
9408
9
123456677
112
42
48
280
144
5
9
8100
4
1693440
1792
256
7
0
0
0
28224
2058
116640
3
54432
1680
6
8
6
2592
8
4032
10
54
9
36288
80
6
0
8
0
392
16
21
122247189
6
40
123456788
32
3
123448149
0
4200
7
72
850500
8
3360
3888
123456669
112
336
160
564480
3360
7
8
81
123456549
12
200
17920
123456786
3
123456771
3528
48600
6
8
81
123404301
96
0
135
0
211680
7
9720
0
56
7
2
5760
7
45
451584
32
41472
0
123456783
1764
5
123455169
123134229
7
2520
0
512
20412
162
28
125
349920
378
123454437
8748
0
36
122385159
6
24
0
1680
315
160
504
123451749
8
0
441
6
112
35
1120
729
15
207360
72
0
7
144
448
2880
0
123456033
123456384
40
5
48
123440913
72
12096
0
432
0
123456781
9
36
504
0
107520
576
4
0
972
24
81
123456771
4
224
69984
4
1152
7
504
5832
16
21
20
63
192
123456733
504
7
7
1440
128
400
123456788
122864085
0
7
72
405
7
153090
10584
432
3528
0
123456759
8
123211845
51840
0
123456609
9
40320
225
864
123449877
7
123456544
123400341
123455781
1296
12
123456159
1296
384
28
3
123453333
7
32
21
378
518400
252
45
1008
5
35280
315
162
486
8
122864085
123456747
9
7560
302400
0
1440
123450741
123456765
96
7
0
8
9
63
24
25
9072
7776
123456725
46656
700
3
960
6
16
7
6
48
336
7560
123456753
7840
846720
123093909
123447069
1890
168
5
21168
45
0
8
0
8
80
119693589
12
123456684
8
0
42
3
12288
9
9
9
2
123456788
816480
7
1
18816
120553749
123456785
138240
1
2016
504
4
0
25920
123456785
90
2016
0
504
123456597
123455445
63
72
56
123452181
900
6144
6
4
12
7200
7
432
123456384
100800
123456544
5400
4
123455061
1134
42
128
3
168
36
49
2520
10
378
864
6720
896
576
16
320
6
810
2
72
6
525
2646
30618
162
16
56
123414453
7
123456777
9
5400
768
216
4032
123456405
8
1600
4536
16
448
0
16128
63
123451119
123456783
49
6
20
49
7776
56
64
405
0
27
7
504
24
7
25920
30240
56
0
168
240
123456788
35280
100800
20
2160
0
1440
1
15120
28224
123456735
2
56
9
63
480
2268
486
0
28
1152
960
12
123456544
0
0
72
81
1568
48
32
123456783
1728
3888
32256
3
5
210
81
63
72
3920
123197589
576
0
648
123454485
7
48
25
9
0
112
1
3456
5
7
123456753
9
5
8
190512
504
72
36
45
1270080
123295509
2025
5
123456691
123455109
189
8
768
31104
64
35
8
442368
0
80
2016
6
123456783
7
42
20
7
18000
2916
24
7
384
28
126
1920
3456
324
486
123456787
2160
504
378
7
123452757
96
360
123436629
63
6
60
7000
8
6
1080
288
0
270
8
7056
123456761
10
9
48
6
5
504
12
123456784
135
24
123456654
24192
504
375
81
0
96768
15
1800
3528
9
64
145152
2240
8
123456629
98784
1152
1225
6
9408
20
5
576
62208
123456762
4
6
7
8
27216
8
42
56
60
2592
32
140
24
0
14580
4374
123456741
123456509
567
324
567000
4480
9
28672
4
2160
15
8640
3
672
24
81
81
4
72
7
81
147
4704
3
1323
0
4
123456777
123456786
27
54
4
81
54
7
0
5
1400
121392405
315
122844429
2400
20160
54
392
8
1536
2
56
48
96
864
54
245
105
36
0
0
13824
123456784
123456787
123456684
0
576
432
288
15
1701
8
27
16
756
123315669
11200
0
9
123454197
0
0
18
63
90720
123456341
395136
104976
123456465
36
270
2646
8
5600
96
56
7
6
63
336
30
6
4
2160
320
324
224
2520
56
181440
0
0
84
360
27
2520
9072
7
123456765
12
0
259200
123456785
8
123456761
60
45
123456779
6
12960
720
108
123448149
1440
64
108
123403869
210
8
0
1536
123456785
123456573
13608
0
3969
20736
30
405
6
2016
120
6
96
49
4032
648
123456117
123456785
9
123456740
672
123456744
1728
108
105
30
1260
2268
16128
138240
84672
448
7
63
123456729
28
16128
52920
24
123420501
48
81
600
123455509
123432597
2520
6720
0
288
5
288
3
2016
9
162
10368
9
25
0
12096
6
123456785
1225
35
0
2592
320
189
9
112
280
2
288
0
0
123456249
24
5
12
36
907200
1134
123456786
8
9
40
8
200
1344
9
81
4898880
14400
5
81
64
123456773
1323
324
123454197
6
3
3
123456787
210
1
123456747
10080
180
4
24
20
120553749
6480
123447381
42
9
288
576
9
0
49
81
123456735
7
62208
6
192
0
7
123456609
343
0
123456735
162
123419745
36
123456771
18144
64
8
0
7
0
240
26460
63
6
36
123400341
432
6
40
123456639
9
1152
12096
72
84
63
140
9
123403869
4032
720
6
123456785
20160
3
4374
27
384
123456357
240
8
5
8
8
123456213
123456784
6
1890
123402357
3
9
1
15
123456429
7
56
4
6
2880
27648
10976
483840
4
21
2
1344
72
7
0
72
44100
4480
7
113400
0
123455709
123456069
120
3024
648
324
45
90720
122803605
0
1
432
123456054
20
72
384
24
123456533
123456708
5
7
32
504
123456717
123432093
47040
63
5
1
0
276480
123456565
81
64
135
6048
672
63
7
180
123456783
123456783
7
45
1225
816480
0
24000
3072
7
648
30
35
126
8
0
8
4
72
189
6
123456114
810
192
9
336
441
1512
1
32
8
9
324
0
4
110592
10584
72
112
123456597
123456759
504
248832
8064
8
24
56
2592
52920
0
123455061
512
8064
7
123456785
0
6720
42
9
123456709
8
0
96
123456509
6
432
8
2
144
9
720
123456784
24
123456159
3087
2
1280
1
17496
123012261
8
270
3
123456771
1
6
9
42
2
960
192
6
21
441
8
10
123456787
5
233280
62208
2016
0
10
6
123456303
4
1
2
15360
9
272160
0
7
123311637
216
2520
8
123455221
256
12
0
56
123456684
5
32
1008
14400
4200
123456765
123366069
5
23520
630
210
540
1764
360
123456753
123449013
441
7
45
6804
123456549
123437973
1
9
4
75
162
30
24
870912
8
40
53760
420
336
768
1296
9
16
123456719
123456777
1
0
24
49
2
123446037
3
123456614
0
0
140
123455637
144
4536
0
108
3024
36
3888
1323
13608
0
5
20
3
72
24
123456609
12
0
1792
4032
54
270
432
123456747
123443181
945
48
12960
123456788
7056
5184
123456621
2
35
3
0
35
7168
270
362880
60
12
64
140
5
90
123165189
6
576
2646
56
16
87480
4
0
81
0
840
72
3
270
8
58320
45
81
73728
2058
1
252
40
168
2
9
7
180
122212629
200
123376149
4
8
63
123386805
567
0
123456757
36
8
3
72
123456735
0
56
123455925
0
45
12
392
201600
1080
42
123434109
123456699
48600
9
9
70
360
2268
4374
2
123456717
8
14
0
7
2016
1944
4
2
44100
1960
81
0
81
9
123456621
0
648
123456681
123433164
25
123456787
378
405
12348
123424389
48
63
123451749
10206
729
453600
72
1960
56
9
63
123446583
576
0
9
7
123456782
123442965
192
216
81
336
0
384
7
4410
98
35
123456677
9
2
123456787
7
20
9
48
1296
0
96
1350
123456784
49
112
512
168
432
2352
6
441
2016
8
64
123456787
6
123436944
3072
486
0
9450
54432
2
1344
1632960
123445125
7
96
49
2268
0
123456788
0
26460
5
72
4
320
3840
756
8
504
504
2
5
151200
7
7
8
0
0
81
123455445
123456783
0
123455829
16
123456309
123456533
20736
0
72
120
945
48
576
9072
210
4
672
123455809
48
7
123456786
4
204120
72
20160
8
6
49
4
4536
14
165888
1568
123456782
10
123456787
9
6912
72
9
113454909
116683029
24
123407637
9
123456775
12600
123456719
960
0
112
123456786
6480
6
9
0
63
24
2240
5832
9
23520
18
42
3
30
48
4
5880
576
896
123456783
8640
123456761
4
7
12
4536
32
0
28
5
145800
2100
864
378
72
12960
210
1260
6
72576
1680
900
123456788
1
27648
144
84
0
7
1400
123456744
123411429
1120
240
0
72
123448725
123456759
9
65856
576
9
93312
28
567
90
8
0
20412
648
32
162
49
256
7
2352
40
8
48
56
7
64
1890
0
20
243
400
10080
20
123445269
1200
35
123456779
0
2160
123456786
34992
8
160
81
34992
123456787
252
6480
245
729
2016
5
4
32
8
1296
123456725
8
4
2205
9
1260
1
2
3
84
9
4536
0
123456783
243
8232
126
2
123456787
576
6
2592
42
3240
9
0
27
21
1458
8400
1568
3456
8
0
54
123456249
36
9
123456369
5
20
56
6
64
4374
6
32
36
20
1280
0
8
0
9
1080
8
7
12600
10752
1920
48
123337719
56
2304
123456544
8
7
2
123456600
7
8
9
3240
1400
69984
135
5376
272160
123456788
122567733
7
40
6
128
6
6
147
6912
123456627
0
16128
2
54
123452469
9
0
123456661
72
270
0
14
123413781
123456785
2
5
48
1
18
123456725
123456069
172800
9
36
80640
32
567
2
49
123456765
6
16200
5
14
123456759
123456597
45
40
81648
240
272160
4
123276714
0
448
1728
123456783
7
123456669
2
32
7
9
29160
122927589
18
360
180
56
576
256
489888
3456
7
2352
10080
1512
54
120
6804
1008
15
3888
2016
123456779
24
0
9
0
12
2592
2240
6
36
7
35
24
123393285
123456501
18
5
9
14
480
14
7
270
8
123454197
42
0
0
336
4
4
0
139968
18
0
3
280
123448041
64
256
5184
7
8
0
0
17010
123448725
42
144
123456753
123456788
800
588
378
4
123456189
5250
48
54
567
9
3456
32
729
30
75
3
96
1680
123456285
3780
28224
5
384
384
15435
216
243
64512
123456786
0
9
123453639
40
405
49
123456788
123456759
960
123456785
8
3240
21168
56
240
7680
729
8
378
123456753
72
35
672
8
54
123456397
0
0
9
256
180
0
7
1
123456753
1008
64
14
69984
24
123456708
3556224
252
0
123456786
123456754
18
756
123420501
216
123456465
0
9
45360
116047989
48
6
123456762
8960
21168
123454899
123442209
48384
9
72
20
2560
28
3
56
400
126
6912
34020
9072
617400
7
7
36
3
10584
48
504
7
6
56
504
123450069
512
20
21
123454521
144
1
0
10
15435
576
14112
123443289
63
240
6
432
18900
123456775
9
280
120
640
27
184320
10584
9
123456765
27
123456768
392
18144
8
3
122912469
123456597
15
123456771
28
121512789
64
6
123456741
43008
18
192
123456786
8
123456717
123456769
0
0
4
40
32
123456787
2268
5
480
3
2268
72
123456717
8
36
8
3
0
343
8
123450069
3780
123456717
123456733
672
4032
9
64
210
5
8960
0
8960
200
8
0
3
8
0
69120
576
4
123456117
32
324
4
6912
123125013
6
896
8
6
144
9
504
0
4
7560
123309789
63
42
60
0
123456709
8064
36
98
123456744
38400
39200
0
121217301
460800
119309589
58320
735
123361533
3
123456573
123453144
123456429
30
48
54
6
123456663
3
123456609
15120
9
864
1344
1905120
7
81
42
122477013
0
9
480
0
123441669
123456788
123429141
9
81
2592
123456785
5
32
8
123441429
12096
1
9
30
147
7
7
560
972
12960
42
5
7776
123456285
9
216
648
0
14
50
27
123456249
123454845
336
2
123456784
123456783
7938
162
123456785
432
7938
58320
63
123456786
1344
45
0
6
9
3
588
3456
126
123449499
8
294
123347925
1
123456785
216
45
72
5
63
8
117741429
504
1296
648
3857868
10368
5
504
2592
1080
31360
112
217728
504
56
35
0
432
384
0
1200
0
432
17280
123456749
123413049
123456740
123357564
224
5
2
7
9
3
123456693
32
30
567
8
6
56
252
9
945
216
9
1260
72
8
756
45
5
8
9720
324
0
63
7
0
4536
8
6
72
64
240
123456774
123456768
4
3136
17010
8
392
55296
3
168
123414453
0
0
48
3
45
9
0
6
112
123453549
78400
16
123456597
0
243
2880
448
30
3
0
69120
576
1134
1
9
432
4536
48
0
123456786
2520
27
123480
4
0
1225
1764
123456501
121613589
123453009
42
9
576
123408405
27216
7680
30
0
729
3240
0
504
315
96
123098389
123456544
0
420
148176
0
0
9
0
8
36288
8
60480
33600
0
56
0
4
96
4320
1764
75600
24192
45
123456785
4320
6
20
7
188160
8
60
123241749
7350
4
2
123456735
23814
192
42
4032
175
123456785
0
123455169
243
123456589
123456786
123456411
123456773
72
400
9
168
25
9
241920
2
80
26460
7
2240
3265920
25
35
512
25
123456777
5
0
252
56
2592
123456747
123456747
123455925
27
28
75
32
36
0
5
317520
123456645
576
0
5
1176
135
2
0
123239061
123456465
225
40
48
123456747
290304
123456749
72
9
0
338688
8
123341589
20
7
123456787
1029
123455277
8064
4
6
288
40320
0
154350
810
108
36
28
8
9
123456277
36288
4536
63
123287445
5600
56
0
7
123439509
9
123455781
72
1440
22400
2
25200
123451605
123438645
378
123456785
2240
45360
47040
0
9408
35
123442789
360
72
2560
432
7056
5
4
277830
0
126000
8
4608
16128
4
10240
1
153090
81
0
48
30
600
2
140
48
103680
6
224
6
81
0
100800
768
241920
27
123455809
9
7168
123455989
123456663
8
16128
384
36288
0
8
64
0
100800
123214869
210
144
4860
0
3
1152
567
0
6912
54
3
0
0
16
92610
700
72
123430869
9000
1620
36
2304
12096
21168
6
8
8
7
0
123456629
9
5
35
64
0
3
91854
750
123456627
6
97200
6
175
11664
0
486
123456785
2835
0
12
4
8
270
0
0
81648
338688
2
6
2304
123455061
378
123452757
2688
250
0
8
3840
8
7
144
0
123456693
8
7
123432597
7
123456663
0
123430545
108147789
882
123456787
567
123456741
18
8
8
7
7
72
56
8
5184
123456759
13824
123456774
24
32
0
123376149
7
9
123455669
0
24
5040
2205
35
336
0
8960
135
123453189
2646
9
0
2016
85050
123454101
126
7
14
392
30
10584
123451539
384
122560789
56
0
42
123456309
123445269
0
378
120
405
0
28
1960
196
3360
0
17280
15
45
0
4480
6
123456537
432
378
0
294
140
123456357
93312
512
123456725
3360
4320
3
123456645
1
64
0
123405759
2268
44100
123456465
0
20
14
123456787
123290091
34020
15
81
84
4
81000
8
486
8064
8
294
81
1
22680
27
123456429
123456453
14112
360
9
8
9
18
72
2160
9
8
123456764
4
8
576
2
13824
1
1152
7
3528
7
7
25
5
12
9
297675
10584
8
18
72
2
123455655
432
2016
9
378
15750
360
49
270
23520
3
8
1296
7
123456689
2430
3
7741440
3645
1176
72
280
123456579
123456788
8
15120
2268
756
123439779
120307509
123006789
5040
54
294
7
81
486
123456593
123456141
123456741
123456519
0
192
110393109
30240
123450957
123318549
9
1680
0
49
123456783
21504
5670
123293493
36
36
94500
180
7560
4536
7
216
5
180
35
36
21
9
123456773
10080
294
8
162
2205
18
56
4200
9
2880
2688
123422229
40
648
123424533
189
30
4
8
110592
40
168
216
7
123456663
4
6
9
336
640
2
0
15
4
384
48
20160
1
123456788
32
162
48
1890
448
5
10080
8192
0
1225
40
10584
4
0
9
9
123456663
123456089
9
31752
123456677
5400
7
123448851
36
4
48
72
144
8
56
123449985
8
1176
86436
9
0
122095989
23520
8
864
320
175
9
4
677376
9
2160
270
544320
81
120069909
63
30
29400
0
360
1715
7
448
8820
42
128
448
8
324
123454229
123456782
2160
123456777
1
72
1728
3528
200
81
5
123429573
162
60480
6
123456744
1440
48
123454773
46080
9
9
224
270
18144
123455061
34020
6
44800
504
9
216
6
10
0
18
123456788
42
0
123456782
123456780
648
576
1680
720
8820
122327829
384
123456783
252
35
123455109
9
432
1728
56
123456788
504
8
405
49
49
122271381
36
450
648
8
123456544
63
123432597
0
64
2058
123456787
63
0
42
50
6
48
216
0
9
4
8
576
560
3456
0
9
6048
54
7
5
243
9
9
8
0
48
18
123456717
8
9
81
193536
30
81
72
90720
315
9
4
288
72
36288
124416
3456
9
72
123450309
8
8
11520
12096
384
6
81
72
40
123456754
9
123447717
600
576
504
123456765
123456768
384
140
32
120
8
540
0
6912
123449589
123456741
290304
0
0
2268
180
24
16
3240
123456784
64
42
2025
180
138240
56
31360
0
123456741
360
123451413
9
294
0
432
123335829
504
5
36
123456753
24
288
1
288
72576
30240
64
6
105840
0
123432597
123429573
148176
10
18
3024
0
0
123456761
96768
4
216
123456533
8
54
400
672
4
0
245
113400
2520
5184
63
123456785
192
441
123130197
12096
6
0
56
448
14
9
123456693
122889789
7
2205
72
48
14
1400
7
4
4050
30
8
31752
4
22680
21
576
123454773
648
7
81
0
2520
36
420
0
98
27
7
18
378
180
1512
2
2304
62208
0
35
123456744
512
120
9
48
123456661
55296
144
123379029
126
405
9
123456785
63
123456773
123456593
441
54
1
6
8
32
3584
20
315
907200
648
3240
5
48
27
9
85050
1120
46656
7
9072
0
2646
32400
504
9
8
34992
8400
210
216
252
15
240
123456769
5
0
20
123456519
100800
448
3136
0
123456069
4200
2
13122
36
4
6
24
9
81
6
4
113400
270
123456740
8
896
3402
3
10206
1050
302400
6
5
123456787
1016064
4032
123454389
4
25920
81
604800
3674160
35
784
504
216
5
135
123452901
8
25
0
8
12
980
48
1260
64
54
175
5
48
54
123456786
12
9
123456782
81
576
0
1344
16
2560
7
123456788
1728
9
405
9
1440
360
6
123456663
123456761
5832
1440
15
123437889
8
6
2400
54
9
0
9
9
1800
5832
24
6
1008
2177280
280
2304
6048
123396309
12
20
34560
768
252
3024
10368
8
36
63
0
1944
30
240
14
48
6
378
40
0
4
12288
7
12
122398389
5
4375
432
1270080
672
20160
729
5040
2
5
648
6
122948757
123456761
3528
27
7
7
5
320
5184
35
7
256
123053589
315
6
2160
9
3
123456788
5
0
123456733
1152
0
24
1440
123327189
1
3584
135
189
123456699
123456783
24192
6
123454629
123456021
0
254016
0
896
45
123456787
192
0
4
5670
123456629
2
9
8
123283989
8
80640
0
123455277
20
21
105000
7
123448725
192
2
5040
0
360
2016
2352
0
1680
123456761
144
0
54
8640
189
1440
0
17010
54
258048
648
400
0
28
123456753
3024
378
0
118231317
25
63
5
648
20
315
6
256
1152
123456785
8
7
1512
123456788
768
123456465
640
672
7200
350
0
22050
24
7
0
4
392
5
1260
2016
123456677
35
123456768
123446709
123454269
3584
135
38880
8064
336
123456769
123447969
0
0
288
1440
7
0
326592
123456249
240
588
405
5
7
123455169
36
35
48
123456533
96
72
36
36
123448725
280
9
123447339
81
5184
336
92160
72
123438645
123456699
6
123402789
288
123456785
3402
5376
8
4
36
5
54
4
378
1306368
211680
123042069
392
6
576
324
123456785
3
288
123353109
6
81
1960
56
35
123456621
54
2240
108
123456453
64
123422229
30240
123456726
630
49
81
9
72
0
124416
0
7
486
9
672
504
180
126
648
3024
123456005
315
123387669
189
170100
14
1920
72
16128
4
8
72576
40
1
5
100
72
480
0
225
6912
1080
32
72
23520
0
123436789
1944
26460
8
243
72
45
4860
72
648
2625
123456509
0
108
64
24
576
123123393
18900
123456021
63
42
189
256
8
0
123456759
9
8
9
48
56
8
123456709
14
7776
123456411
2592
1120
9
7
123456753
180
8
6
3456
30618
0
12
240
123456785
6912
4200
21
150
63
2160
123456771
1008
123456717
9
217728
123266277
360
373248
90
77760
6
8
360
1260
3
2304
2520
8
168
378
63
49
2
245
64
36
84
24
6
40
272160
4
6
136080
8
192
123409161
60
240
1680
2160
123456681
16
486
123455466
9
123456741
320
7
123456769
7
36
1
0
0
49
7
80640
216
900
0
123456719
216
129024
288
9
56
64
9
20
123443559
7840
4032
4725
8
42336
3
123455061
2688
24
43740
200
135
1008
123456749
6
1512
147
123455319
0
216
29160
43200
63
123456726
18
0
0
54
288
2520
1161216
240
56
0
64512
15876
288
9
45360
123450909
1575
30
8
5
0
8
6
245
14
36
123456780
840
123456783
0
9
12
115200
9
123456753
0
123456533
56
123435621
123456621
2916
336
5
123456787
729
123453333
6
54
0
576
123456785
38880
9
27
8
8
324
7
0
48
5
9
24
9
123456777
6
216
0
48
9
21600
0
9
6
0
6
378
123456691
384
123275349
0
123454989
123456645
123456785
18
864
8
32
123456786
58800
123456769
123379029
10080
123456781
41472
0
9
123442677
3
0
5
123456021
3528
8
180
69120
6
378
7875
9
72576
123454997
3
123456719
30
123311637
2880
123456785
360
123456787
123456785
225
126
45
12
48
6
180
0
123445449
123449877
13440
160
1050
7
9
8
123456717
0
840
80
14
1920
280
108
504
6
0
72
567
77760
123444245
2
9
384
6
8
2
95256
270
155520
12288
123242463
54
4032
9
13335840
567
15360
315
9
8
5
35280
54
7
9
4800
3
84
123456684
140
0
23328
432
11200
168
0
441
20
123455781
28224
0
144
47040
3600
81
9
9
648
1306368
81
16464
76800
72576
280
5
560
123456786
630
5103
10976
3528
28
294
9
123456717
16
120
36
648
0
30
0
49
1200
504
7
324
81
123456411
13608
123447339
32928
729
8
0
3
105840
4
622080
28
196
224
648
42
48600
1512
8
123456735
8
22680
210
162
5
123456501
32
2268
81
960
9
2592
567
216
432
0
2
8
30
35
486
9
3888
16
8
10368
42
72
81
320
123455025
504
225
175
81
504
1296
56
7
3024
7
40960
17280
7
123456788
2
17280
8
32256
108864
123455253
512
49
960
54880
123455637
63
123407637
123456357
320
280
0
216
25
81
1959552
6048
122313717
1
128
9
40
189
64
8
6048
12
30
123456765
192
81
180
3969
0
3
8
162
72
4
7
180
3
72
1728
16
360
6
6300
729
0
0
9
3888
1
1260
8
123455169
9
123456714
63
2916
12960
256
648
0
81
280
0
5
40
282240
288
1029
36
0
360
7
48
123456771
123180309
123456573
38880
123456747
0
63
24192
8
7
49392
2250
126
123456765
3584
123245109
123456784
0
240
2
112
8
70
294
3
8
405
32
123456785
123456693
648
243
0
122627349
123214869
63
9
0
392
112
8
8
4500
49
63
1008
56
7
0
72
56
48
210
336
8
41472
512
0
4536
123456740
216
576
160
420
72900
252
9
123456453
20
25
188160
126
30
432
4
504
9
36
123456788
1440
16
9
123456784
0
32
7
3
35
254016
9
420
45
24
36
15552
504
672
0
6
120
294
9
3
123456786
2646
35
123456285
54
31752
12
9
0
3402
56
30
123239061
75
49
16
675
12
63
1620
80
123456788
123417909
63
1512
8
12
9
123449877
13824
48
0
160
0
6
1296
7776
10752
201600
123362709
3
36
8
24
123456777
448
72
123454629
504
441
3359232
72576
189
2646
2268
45
9
24
21
294
84672
123453909
1512
245
1890
30
16
2
0
105
123456787
1176
240
1
480
45
24
7
9
441
123456384
2
15876
4
123456787
9
2016
180
16128
288
123456785
20
7
576
324
1344
7
123456597
336
1143072
49
72
123456788
81
2268
378
0
123456774
3402
72
81
123456717
6
3840
6048
17920
64
123456786
8
21
72
45
123390639
5832
35
17280
3402
6
648
5
4
7840
3
0
2520
46080
7
7
5
123456765
72900
35
4
5040
8
0
6
7680
49
343
17920
8
28
56
18
54
123451119
336
63
35
0
9
54
8
240
8
3528
1512
123456189
3402
123456519
9
0
81
54
123448725
123456357
123420501
1
72
123456741
123456785
123455493
3
18
300
32256
800
123445989
28672
49
123456757
12
2
45
86400
48
256
63
756
8
123456765
108
63
0
1
84672
0
8
3240
122461461
0
123455925
123329781
96
243
7168
4536
12096
123456741
12
116788869
5
72
123456783
48
8
360
63
7
729
64
81
9600
0
1176
123456765
1260
243
45
0
122990229
315
18
4608
3
123456663
81
567
54432
115200
0
14580
48384
81
123456785
2
42
123456537
576
6
8
48
810
6
59535
122553621
0
123456229
648
8
123456786
8
8
1890
420
0
252
123456782
0
2646
64800
1
5
123214869
54
4
262440
6
216
3136
288
123456741
30
26880
81
56
180
288
123447969
0
378
30
0
24300
48
35
90
1333584
63
8
63
14
2304
12
7
27648
6
9
93312
351232
180
96
48
7200
432
48
6
1000
40
1323
16384
0
0
280
123440913
1470
4032
49
21
405
5
4
123320709
122751189
35
32
20
8
560
15
6300
504
8
192
42
18
96
5
144
2
6
123456740
81
378
5
2268
0
25
259200
576
51840
40
648
63
8
252
13230
32
123456764
56000
7
108
0
240
12
1296
7
48
476280
49392
63
90720
123456741
564480
0
0
4320
44800
3
21
56
8064
1152
8
14
123456759
10
7
72
72
123456765
123198741
123456573
9072
28
0
1
0
2160
14
725760
2
48
384
45
30
2268
3
122419989
6048
5
27
360
142884
0
12
123306261
123329214
8505
0
15
123456549
72
20
1260
67200
5
8
72
32256
123437349
276480
56
0
20736
37632
3024
123456786
123456773
0
10080
123456754
324
40
24
72
123456761
183708
1
123456787
24
81
0
180
0
160
320
0
480
3
9
1008
80
53760
24696
0
123452757
3240
6720
24
7
0
225
2
6
3456
36
17640
54
56
210
0
18
4
96
4
252
54
12
0
2
4860
2430
25
6912
36
123214869
36
123420039
540
1080
0
24300
64512
15360
9
123456741
0
258048
392
4320
12096
2160
6
45
1764
123456787
272160
2520
123450517
448
94080
64
0
810
6
151200
648
123439509
7
12
123456693
18
4
123456769
7
5
36
56
420
96
3
64
123456788
280
0
123456729
56
2520
2304
8
2835
315
576
93312
32
42
6
32
84672
5832
36
45
36
110592
36
20
0
0
1620
288
123202773
8
147
7
123456411
224
123299325
9
123445269
4
40
72576
72
24192
108
77760
0
3456
64
54
567
13824
392
30
0
21600
123455914
96
4
80
6
24
0
288
1680
9
34560
5
48
123456761
0
20
122793237
35
14
123456509
123456669
123456033
123456759
1
7
15876
9
54
12
123436629
16
123456787
8
256
123456782
7
7560
40
0
11340
2646
576
2
24
110592
0
32
216
8
123456765
1134
12
123456787
40
0
56
44100
360
980
4
896
0
7875
72
1715
360
349920
9
64
972
48
30
945
0
96768
1296
1944
5
34992
9
56
19208
0
233280
0
2646
45
414720
15120
540
103680
123456725
18
51200
497664
221184
567
5040
8
444528
123456733
123456627
123456785
810
24
123434109
315
86016
504
4000752
7
288
63
123214869
0
39375
180
252
972
46656
10
123453653
8
4
5
288
64
8
123456741
648
7
9450
5
123456621
123456769
54
0
123453429
123449229
123456786
1152
3
1440
123456783
35
64
3
7
123456777
525
441
0
5
15435
123456747
63
61740
0
123456761
0
123327189
7
2016
8
35
23328
0
5
241920
123456780
360
2160
6048
2268
1152
302400
72
21504
120
8
4
3240
324
123456609
8
123396309
8
720
0
56
0
40320
120
45
123456788
0
0
60480
8
7560
40
9
8
72
49
123456757
1
0
6
123456749
288
3
18
480
9072
90
123021333
54
5
1260
72
9
45
4032
945
18
72
360
123455445
288
112
567
9
4608
123456788
36
103680
63
3
123409749
0
123456779
123455709
2160
8
0
42
320
18
254016
13608
0
7
72
0
1
1701
123456573
60
108000
36
2688
0
12
4032
2
315
0
90
81
3
47250
270
576
100
17010
2688
96
0
270
243
123396309
96
123456765
54
4608
2939328
84672
7
24
123420501
72
4096
216
136080
63
25920
567
432
36288
84
72
123456501
72
123456645
18432
63
2
81648
7
4
6
784
2025
24
123453765
123456681
324
0
24
123456753
6
567
0
123456788
252
294
35
3
0
72
81
3
123456159
175
25920
0
5040
123456761
9
24
9
6
17280
138915
8
1
168
5
0
360
120960
8
123449589
216
21
35
45
123456768
27
123456785
123456509
123456717
252
7
54
7
8064
40824
48
16128
432
27
123399189
16
280
448
56
336
5670
7
49
63
6
2205
9
8
8
0
123456783
5184
4
27216
123456785
7
504
13824
216
64
175
9
322560
4096
7
23040
8
48
123456645
240
48384
123306261
90
9
1008
119070
123456114
30
56
63
0
123456717
0
72
12
28
6
180
945
8
123456788
0
42
45
8
0
9
216
560
117600
9
123456744
123454731
504
9
123456787
24192
24
30240
64
147
123456788
36
7
2520
5
0
40500
5
2
0
40320
9072
9
72
4536
81
123456757
1152
7
123456021
42
123456495
123446709
1
23328
123336789
5184
51840
45
480
7
2
4704
0
9
49
41160
9
540
6
3000
81
30
6
40
123456782
1944
17640
4
123449589
123456717
56
123456788
567
48
7
64
315
1344
6
9
6
4032
210
123456787
3528
4200
27
123083541
1792
56
56
9
123456669
40
504
123456405
5
0
111132
7056
336
123456788
122851989
81
72
768
3888
6
9
64
123401493
54
114271389
8
123456779
9
240
7
9
14175
93312
63
122489109
378
2016
193536
20
200
123456341
2304
0
32
6
123456681
4410
180
6
72
5760
32
144
45
9
405
30
162
6
224
5040
32256
0
42
8
112
1620
1728
360
123456579
5
8
123456759
315
3
1
6
172800
1680
2304
810
0
8
216
48
123456429
5
55296
123456465
5
81
2160
123456765
123456709
4
0
2268
63
23708160
2
24
9
768
3528
6
408240
30
432
8
123456546
20
56
8640
90
9
9800
42
12
4
6
349920
123456621
56
18144
48384
0
123456788
7
123456771
9
6
123456579
40
225
0
45
882
8
1260
72
5400
0
7
72
54
6174
123436209
4
123455949
84
2
72
72
497664
56
145152
0
80
72
5184
486
48
54
27
18
36
0
48
30
0
6
7
40
9
2880
6
18
9
5
24
2592
6
72
4
8064
2880
10
9800
123456285
288
4
7
9
63
1
12
123455277
50
123456783
123456757
0
120
12
0
3
360
441
980
1050
1890
123456784
4032
123456784
2268
2
9
123456757
42
77760
4704
123456573
324
123456779
12096
20
5
8
9
72
120
15
36
19600
1350
61236
56
9
51840
8505
72
504
123456765
7
720
7
0
27
24
10368
0
9
123456779
90
26880
0
123454143
262440
9
56
2257920
224
3
840
56
315
6
3
432
9
504
648
0
64
81
20
9
63
123456714
201600
8
123456788
123456765
56
168
123456627
12
64
49
9
8
2520
5
6
3150
123456744
120
123456705
7
0
123456786
3
63
9
123448557
49
34560
30
123456783
9600
2016
5376
36
0
7560
15
1
4320
4
123456785
576
0
112
576
8
7200
63
36
8
504
50
72
245
10584
100
0
0
123435189
10584
336
122990229
123456753
125
35
123455709
1728
20736
0
32
2700
6
20
30
25920
54
123456786
224
42
9
6
192
5
176400
72
3969
40
4
324
0
30
3402
4032
123441669
280
378
62208
35
4320
672
63
64
2560
123424533
486
1574640
163296
4
24
486
21
0
9
56
123456764
9
123456469
8
3
3149280
12
12960
2352
123456783
1728
96
123456285
30
1296
504
123456786
123456749
0
72
90
63
2880
0
8
24
441
122368149
2304
32400
123456788
0
56
1296
48
1
9
72
0
123447717
24
81
5
392
1125
6
9
0
3840
0
123453429
0
0
32
54
123456788
84
4320
0
9
7
121742181
1470
123456681
4
100
3240
448
81
2
0
8064
0
8
9
2592
1134
7680
123155733
0
123456775
180
31104
41472
4
2592
45
7
216
8
15
166698
84
70560
123456689
432
567
72
3024
100800
0
3240
123451029
123456729
15
190512
252
9
288
7
32
280
123456117
180
48
9
2160
9
81
6
1050
64512
123453909
8
9
10
432
72
1280
3528
48384
384
49392
63
600
63
75
16128
7
123436053
8
123425685
20
4536
1
122990229
11520
123456741
4
123456762
1575
11340
648
1
123456741
8
0
648
123456705
27216
28
9
160
48
71442
123440661
5376
0
13440
8
96
12
122295573
123405589
210
5
8
1920
63
123456277
26880
483840
6300
30
6
70875
6
2
4704
5
9
20160
5
118455849
980
123436629
7560
123455439
36
344064
135
122962869
0
630
35
123453909
2099520
8
4900
0
5
54
123456249
7
123456565
8
0
123456735
123456759
81
0
42000
4
21870
49
2
4
123453589
8
24
51030
0
123449013
24
27
5
12348
45
258048
0
1176
20736
144
5832
8
210
35721
81
123456069
6912
7
123448149
2688
9
123456773
324
24
41472
126
56
28
1440
9
123451929
448
20736
3161088
0
36
8748
378
20160
63
123456782
2304
123446205
3430
6
6
1458
5
768
1
42
0
0
1920
540
96
42
7
123430539
21
1680
11340
224
56
5
4
123456781
5
9
0
123456784
123456777
9
80640
5760
216
80
72
567
5
7
0
123456783
10080
19440
9
123455781
6
40
504
123456741
16
123456757
3240
486
5
32
0
0
40
8
8
145800
105
6
90
1344
252
160
72
190512
122854677
32256
5
9
6
9
1728
0
504
648
8
72
63
1
210
5
123420039
54432
108
123453717
56
28350
288
980
103680
72576
512
432
4
123456717
9072
123456060
81
100
1260
144
8
35
36
8
7
8
42
123438645
81
189
12
8
30
8
525
1176
63
2
6048
0
1152
2540160
378
3645
3456
1
163296
8
34992
6
544320
56
6
22680
384
0
0
72
5
729
6
1
160
1344
45360
0
24
270
123456501
123456788
1764
72
36
20
5184
217728
81
155520
123456788
22680
123456741
30
0
486
15120
0
123448689
648
110592
6
21168
54
56
52488
5
9
123456357
48
5376
2835
9
0
480
16
123456519
123456708
45
4
8820
441
56
9
123456774
3072
0
0
0
6
0
1920
123449621
3024
241920
123456780
12
12
42
175
123456544
42
2
9
1050
24
28
123446205
123456589
672
121932693
16
405
4
6720
3645
1360800
13824
6
87480
8064
123456469
80
0
45
2
0
6
8
123456779
8960
3456
1120
336
123454773
756
112
288
155520
1200
48
123456759
123454197
18816
123456787
0
123456669
6
3528
81
8
123449229
7
81
1152
15552
1296
123456782
35
2700
0
5
123456729
576
123456782
11340
0
20
123456533
2
2880
0
32
123456597
14
252
9
777600
38400
960
56
30240
64
3402
960
42
200
448
0
3
17640
123456786
270
2100
1296
14112
28
98
8
123329781
51840
810
32928
123456781
123455445
32
35
31104
9
42
123456708
2
32
24
288
7
5
288
48
6
7
448
72
123456397
200
360
49
9
196
120
0
1344
450
8
1260
9
9
1200
123125013
64
56
600
63
20
1176
384
120054789
123456786
40
4
3072
175
123381525
7
12
0
64
216
15
160
516096
3024
8
576
54
18
1
72
123447069
54
0
216
40
336
144
56
122535189
6
864
40
64
123444245
123456786
0
4
7
123456773
5
123456749
6
28
123436944
123456788
36
8
72
0
5832
123456762
122585877
123456621
123456753
210
504
324
60
560
0
56
45
324
49
80
9
7500
135
81
31104
21
2268
100
123306261
0
72
0
311040
6
1728
1792
24
8
0
23040
9
7
3645
123335829
5
0
4
540
600
15552
13440
1
432
123456782
7
315
123456779
8
0
5120
720
35
150
378
123431589
6
11340
243000
324
2025
81
9
9
0
13122
5040
120
3
7
42
123438645
441
40
189
5
123456786
10
5
123451749
24
41472
64
0
5040
123266277
18
30
7776
20
123456717
504
9
123456765
3
238140
0
0
14406
20
84
576
123456735
34992
3
123456033
216
123456787
123456519
5832
486
9
1512
54
31104
192
110393109
12
123456781
6
48
0
123456546
57600
5
8
123448689
7
6
50
360
72
4320
36
8
6
210
300
324
7
16
0
24
864
648
123455817
768
123454269
56
2016
6
3360
6
9
8400
384
5832
6
360
123145749
64
123456537
123456788
4
30240
123456777
25
15
54
48
8
27
8
5184
5
81
8
63
25200
123453387
21
2268
45
123442209
0
0
123429141
0
8
1960
6
588
0
7
6720
28
9
42
0
3
72
123139269
729
148176
336
8820
8
102060
864
3402
123456357
4
27
9
123456779
192
0
123456769
36
123445539
288
3840
0
210
123456549
15309
9
0
448
123370389
0
123422229
392
32
63
6
123456069
9
32
1440
5
56
3024
0
216
2058
9
384
3
5
5
34020
40
36
315
192
81
1
11520
504
9
576
7
3456
640
123456689
49
81
3
0
4
8100
123456788
2
0
8
123453387
24
4
144
123456726
123456774
36
5
11025
378
320
7
0
63
56
123456782
960
1080
123456744
2268
72
72576
96
2
42
28
108
36288
16
1152
123456765
216
30
5
123456621
13720
280
7
123456389
0
9
15
123456754
735
224
432
42
72
1890
256
27
2
6
9
9
123359589
256
7
595350
10
6
54
60
72
123445269
8
9
16
21952
5292
9
336
2268
30
5
1944
123456771
4374
1680
360
123456782
567
0
32
4032
360
7
123444245
175
123456781
123415965
46656
0
108864
123455493
204120
0
24
7
108
18
123456781
81
123171021
2160
648
123014421
19845
1960
4
40
0
36
15360
7290
648
5
2835
6048
6
123424533
36
123456747
240
4860
1680
123456788
45
9
123456469
672
0
123456749
7
5
123456788
9
189
320
576
600
24
123456705
36864
360
9
6
0
48
192
15
123452469
123456773
0
8
4
720
18
7
7
123450909
3
9
64
16800
210
84672
4860
48
123455949
63
123456785
2430
123436629
41472
9
9
14
2592
3
36
180
50
2352
30
4
0
35
40824
9
9
1050
3888
123456781
20736
3
16
7
6
1120
6
35
252
4
5
501760
25
8820
7
9
63
123180309
8
144
4
56
123150609
35
864
4032
123456783
576
1296
0
2592
1260
8
448
5
6
123083541
3
56
24
5
6
123456788
2880
72
1008000
6
567
48
480
1620
63
32
0
3
0
0
9
123456783
576
64
56
56
216
17496
388800
123371739
49
0
9
14
123439989
0
2
9
42
122295573
123456787
0
64
36750
81
40320
0
0
4608
9
4
576
16
123456565
9
123456747
8
123456725
3888
5760
756
2940
123455765
123454584
0
123456788
4
123428565
864
4608
64
7
840
144
96
4800
600
3
0
559872
1536
1512
1296
123455781
0
209952
123456787
84
0
512
0
56
1
117435669
16
131712
7
9
0
6
42
6
18
5760
18432
36
280
8
54
1
320
8
864
30
1
8064
288
63
72
240
39690
1260
2352
123454845
9
3
2
4
172800
123377409
4
147
72
162
81
72
56
123456597
34560
3456
123456739
8
576
0
288
16
36
7
324
32928
9
7
4
18
123422229
7
9
81
0
123456775
108
3
30
0
64
6480
1080
18816
63
2160
123456744
4
81
81
32256
4320
0
8
7
8
972
54
9
40
453600
54
81
56
123456744
9
6
225
25920
288
7938
123456309
63
50400
123456769
15
0
0
123456753
123456784
1270080
123372117
15680
15552
5184
2
63
4
567
53760
6
32
720
123456779
10080
123305589
41472
21
3456
1344
72
18
2
123456717
2
9
123456765
576
0
24
36
5
10
0
14112
768
23625
864
3
21
3
3
18144
240
7680
6
0
0
0
13230
9
123438789
1029
648
1800
123456069
5
123447969
8
120
21504
15
81
315
0
72
93312
6720
1260
150
4
9
21
20736
0
123456780
72
3
8
123456749
9
3
123443349
45
250
8
9
14
648
5
1296
8
8
466560
123456771
8
240
0
640
6720
192
1600
0
288
1680
56
36
9
2
8
123456033
6
10584
189
441
378
9
1400
48
54
24
648
288
80
1440
21504
1296
123453765
147
9
72
10
0
64
63
7
9
13824
5
80
8
7
47628
9
288
42
7
1440
123455061
1185408
108
72
81
123456762
324
123451119
1400
144
14336
72576
8
72
470400
0
25
34560
48
0
24
123450174
2
7
0
600
0
123456021
123456788
7
9
2160
28
2
123456749
105
123456726
81
0
4536
288
17496
0
123454143
3888
9
8
123453387
6
123456733
288
48
3024
42
123456453
3
6
123456565
5
2
270
8
117722389
7
64
6
123456788
9
8
0
283500
123456787
5
6048
123456775
288
123456786
36
90
8
6720
163296
6
3
49
324
648
240
16800
42
16
2160
123456784
7560
64
9
7
288
81
217728
810
120589589
8
63
0
168
123456787
98784
9
123456777
384
0
1792
0
8
2352
54
9
7
24
24
378
141120
270
486
9
10
9
123456741
123447717
75
600
5
56
3
123454359
3645
63
15
123441669
8
30
6
2016
123428565
720
0
180
648
2430
2
6
123456784
26460
90
123456717
123443181
252
272160
9
123456589
5
22680
6
2744
8
16
123456621
9
2304
4
8
225
9
8
5832
21600
32
1
0
11025
0
5
405
162
1350
123456677
0
243
28
1960
123379029
93312
5
75264
17920
200
6048
72
9
592704
5600
486
123455829
0
123456717
280
72
1
0
336
0
320
32
72
123456661
294
240
11664
2240
28
7
123453429
3969
8
3
784
4
0
8
3
123456782
3
480
216
123443349
0
12
2835
2700
0
0
123456744
56
7
4
4
54
72
378
40
5040
216
123454869
180
8
0
5
81
123456753
6300
36288
5832
504
4032
123456787
123266277
1792
6912
648
7
48
0
1008
0
123456788
123456771
123456661
360
36
69120
10
0
45
155520
972
42
122731029
0
504
7
8
0
7
51030
3
81
147
2
123396309
7
12
24
160
105
8
90
4860
48
9216
56
33075
27
9
122765589
35
240
5184
9
2765952
123418389
5832
2880
123456741
432
3456
40
500
48600
3
1920
9
252
45
192
405
245
0
160
0
4
252
54432
2835
9
315
60480
6
123456039
7
3
75
45
4536
120
36
38880
123456788
1
0
1260
243
36
144
4
4
22680
4
405
11520
123455061
181440
189
2520
9
123456771
63
12
14
0
8820
15
9
49
56
360
11760
123456744
800
123454845
14336
9
64
48
12
0
123443829
144
9
9
11664
270
123446583
0
63
123456717
29400
3024
3
6
9
7
112
4032
54
72
5832
448
64
0
72
8
486
7
1344
63
8
40
2592
126
72
648
1944
9
2160
648
123456784
16
9
28
63
32256
336
2
105
11760
123315669
123456213
45
0
432
43008
140
64
774144
111132
16
123456786
54
0
123086349
56
140
0
123456787
2688
315
0
504
567
4032
42
0
7938
45
0
2
24192
8
3402
54
0
672
189
58320
4050
123456757
6480
1512
2058
19440
72
4000
81
14
243
123456768
123456753
9
81
123452469
123453873
56
81
123456733
72
4
288
123456785
7
24
123435285
504
5
48
0
123451029
0
81
49
560
189
123456783
9072
197568
56700
36
63
288
15435
16
210
8
729
123456754
56
9
441
384
8
36
81
81
5
123452253
1512
0
36
9
8064
180
7560
71680
45
378
63
56
4860
648
0
9
0
123456779
0
123454584
432
7
9
0
224
0
12
34992
8
56
7
180
4320
12960
14112
34560
1260
493920
4374
9
21
1
576
78750
504
192
45
119170269
36
123454773
0
3402
123456787
9
504
8
1536
1944
123456759
123456726
6
1960
1152
28
123456785
7560
123456453
14400
567
0
42
123456785
108864
0
63
504
2744
123456691
40
54
108
32
122504229
5
315
123456788
122952789
373248
8
1
3
123456717
35
24
17920
123456771
7
123456573
3
504
378
3024
81
123456501
105
63
123456717
4
15
6
192
2
30
2700
2
5832
6
529200
123456597
84
123455637
64
1008
7
49
144
49
315
1008
2520
123456781
72
49
123456533
54
123456717
120
180
5
5
123456759
58320
256
432
30
1
123427629
6
5
54
123456501
2
9
1200
8
8
158760
60
20
123455925
2240
0
45
25
9
1
15
7
84
123456309
32
9
3
1512
315
378
0
10368
226800
630
288
19845
1620
123456785
729
7
72
1960
9
123456757
120
567
35
24
175
1
75
28
1512
11340
0
95256
48
576
432
7
0
64
25920
225
9
324
45
3
14400
3024
63
90
192
36
9
141120
192
123329781
120
123456761
123456705
2880
144
52488
123456768
165888
8820
1280
360
256
94080
648
7560
3402
1000
4032
6
9
3136
64
81
336
123456033
9
63
135
35
123455319
9408
486
49
123456714
7
1536
9
72
3456
123456765
5760
24
3600
210
8
384
72
36
9
2304
1
3
0
123449013
1728
288
18816
2352
1260
122731029
225
123446709
4
72576
123456579
123456765
28
186624
123456782
2381400
148176
15309
588
4
36
63
6
88200
32
40
6
0
0
10080
7
21600
123456775
0
8
13824
21870
648
64
1176
144
28224
2916
123455637
0
9
1
7
54000
2250
54
224
21
123425037
648
123436944
16
105
144
0
8
84
123370353
123456537
123439989
0
210
1008
47250
8
90
108215829
123456762
81
123456621
9
123456753
9
5880
252
40
27
324
12
2268
18
123456782
4
8
315
123456773
123456693
336
1008
432
0
4536
123456764
2
81
168
405
8
123358005
72
7
123436629
123456677
24
123456741
288
0
0
36
123456357
123454549
14
54
360
960
63
63
3456
9
12348
42
9450
7
4900
123431589
189
24
2240
172800
123456726
0
123456788
280
123456533
1512
4320
42000
240
168
6
3528
32
252
27
40
4032
392
54
123456788
270
480
123456749
123456771
20
3024
49
48
1
0
5
123456783
28
0
8064
0
8
0
5040
123449109
224
405
3
123456726
54
2
360
903168
756
7
40
13824
123456753
7
123434739
6
150
81
56
9
123456733
2
20
30
123456649
2016
768
120
56
0
0
504
1260
1080
123443349
448
7
123456786
21600
123456779
123456579
4320
9408
123456786
90
1764
24
7
5
25515
70560
123456771
42
123456533
6912
63
4
3
0
100
168
567
7
40
123456717
240
3
7
3024
181440
32
288
27
675
486
2916
123332373
64
225792
123275349
408240
25920
4
24
583200
38400
14
15680
20160
56448
7
63
0
3
126
7
864
45
63
16
432
112
56
20
324
217728
144
1728
123456769
800
240
7
123449985
15876
63
1344
165888
324
604800
16128
12
125
30
245
127008
0
63000
7
135
288
0
120
7
225
123456773
21
0
123455781
336
123273081
160
0
0
338688
28000
81648
504
123451029
123456744
18
0
504
4
81
9
0
0
7
4
112
16128
2430
56448
30
25200
192
2
5
2
3
0
48
0
30720
123456725
123456741
567
648
123456771
9
70
126
63000
123456765
240
12
145152
63
1120
2268
0
168
432
735
2
9
81
960
435456
96
336
5832
123456753
123456747
7
0
6
6
9
504
0
54
40
3456
7680
123456747
30
51840
27216
72
5
96768
0
0
16464
81
63
7560
160
123455829
8
5
2
160
9
4050
64
5
7
4
12288
72
8064
1458
123456681
0
123456739
0
24
8
0
123353109
1512
576
8
123456753
64
123451929
5
16
123456787
9
315
384
36
123446709
8
48
10
54
384
5
123456579
122873589
123456729
123450741
27
128
750
180
378
17496
72
252
2
225
49
24
8
336
60
5
140
504
756
8
14
720
52920
123456654
288
48
123435285
42
384
10290
48
28
8
36
123456669
0
8
0
36
123456159
9
432
7
56448
7
123456768
432
120
14
0
1176
864
378
9
1
45
98000
27
1050
5
864
123454764
7
270
36
54
16
5
486
252
210
14580
14
288
486
123456779
123456537
217728
5
123456786
54
640
36
108
35280
21600
24
0
123456739
252
3
2058
0
4536
123456744
322560
72
40
56
0
72
725760
54
16
3
80640
270
54
72
1620
123288789
0
362880
15
1890
2016
24
168
588
6
28
40
1470
180
1080
3
629856
11664
18
15360
0
1296
0
123454485
20480
4572288
15
64
108
3240
144
3
27216
0
0
25
896
270
3888
123451749
2
123456699
6
336
84
123453653
1
9
123455949
8
2240
2016
0
123141861
5
12
576
72
82320
7
60
5
768
8
72
64
35
217728
12
0
7
21
123437589
7
2048
123456782
8
123456661
56
7
7
218700
3888
1152
64
207360
5
8
288
720
124416
123437349
21
1344
70
0
54
3
648
54
432
123456780
6
20
7875
49392
12
256
7
378
123396309
7290
27
42
4032
123456777
7
180
4032
160
1512
774144
17010
5
123456765
0
224
960
16
4480
193536
5
8820
54
648
288
0
480
56
162
210
36
729
0
189
64
3456
123456537
56
315
0
9
405
81
7
123456627
200
0
123456781
4050
3240
1260
0
81
12
1680
27
123441669
3
8
36
5
5
1
3
0
123456533
1575
9
5
336
6
7
14
6
9
45
20736
4
64
4199040
7
240
42
9
5
241920
9
35
18144
9
8
45360
72
0
896
1071630
224
672
648
9
168
32256
35
9
120960
22680
216
384
40
2268
56
0
81
6
1512
8
336
0
405
2
540
123456397
0
1440
3
123456357
24
81
1944
123456783
123456229
294
18
48
42
9
123456788
18
4
0
125
6
123456397
123456783
4
52920
0
5832
1
432
27
0
3024
2688
288
338688
123452757
6561
123443181
243
123456453
26880
120844053
123456117
3402
6480
18
315
0
8
0
216
0
0
31104
4
16
118455849
1
0
40
3
35
32256
7
7
1215
123446709
0
30
9
72
30
27216
6
123456645
256
18144
9
294
640
8
81
123456735
240
8
123456533
1512
123245109
2
1
0
896
64
126
123455349
24
9
0
20
12096
2
7
1225
762048
900
123456784
155520
61440
0
567
34992
18
20
120553749
123456785
67200
9
360
0
448
8
1134
123456771
5
49152
3584
8064
5
4900
4320
28350
294
1008
19440
148176
252
200
123456786
128
6
2
9
448
2
28
5184
123036885
5760
5
64
123455817
7
840
8
12960
9
14
3969
10368
8
9
123443181
122150421
24
4
2646
43740
123456573
123456709
4
1080
0
2304
123456405
1440
36288
0
123456725
0
123456769
63
123456453
36
18144
0
25
2520
967680
6
135
32
123456117
9
123456726
144
8
648
9600
9
6
483840
210
123456788
123456579
7
9
504
2352
9
8100
7
42
0
56
6
64
123410709
17010
123456787
1
9
43740
63
34020
672
48
123456411
1600
576
81
56
0
81
2
13608
210
270
108
24
123295509
6
567
123456537
630
336
210
846720
524880
0
81
0
84
8
360
3
123456726
16128
123452589
123456549
2430
151200
123456729
24
0
45
123456771
9
48
20
123416469
0
123456699
12
8
180
80640
4050
150
7
384
648
324
36
21168
54
3024
72
1176
324
48
123456759
9
0
63
1764
123455949
252
24
9
123456780
38880
9
168
7
1458
8
6300
1000
144
0
123456600
123455829
63
36
123455589
54
8
9
7680
123456777
122834709
0
0
1296
21
123446709
123456663
6
56700
0
120
1600
25
11340
144
6
63
123456787
9
160
0
12800
6
21168
123456788
207360
1728000
5184
24
576
84
12
217728
8
216
336
360
123456645
3
486
123456661
49
0
8
0
15
1323
1134
128
35
7
448
8
6480
123456519
35
2160
0
32
123456754
122368149
60
9
3780
123456781
25
7
294
63
2
6
135
12
392
123456757
3
0
54
19440
123451605
324
504
576
1
8
9600
9
9
16
16800
648
108
7
0
0
0
9
1428840
25600
27
4
45
123456759
35721
1344
384
1260
2000
123453429
54432
72
9
123456785
160
4032
123456629
126
6
40
56
84
123366069
123456785
653184
672
0
1296
180
30
123456733
2048
504
42
52488
245
9
9
560
123456785
6
0
120960
4
5376
10
123456787
81
108
7
900
0
0
8
7
45
216
192
120
42
9
89600
54
1512
1728
0
123456609
123456762
486
64
123450741
12
3
1125
140
1728
25920
0
123455221
4
126
4
123456785
56
23520
3
7
28800
2160
8232
123450957
123456739
4860
123456285
21
64
9
42
123456509
240
9
72
49
0
45
8
0
6
6
60480
123452757
8
63
123438645
6
432
4032
3
1134
123456677
53760
123456222
2160
288
4
12096
123456741
60
3456
64
123455493
0
16800
192
123456739
576
5670
24
19440
9
64
405
72
3
3240
1764
6
288
392
262440
123093909
0
252
378
123456788
7
180
0
48384
6
20
123456788
31752
7
7
0
123456677
0
315
9
0
21
81
15
0
123456726
8
60
72
6
8
34560
45
7
123456773
150
42
0
13440
117529749
0
576
7560
2
12
648
8
9
123456786
0
123456733
0
4860
123456729
19845
123446421
9
3456
0
6
5
123376149
3
123456777
56
0
116108469
108
9
42
7
27
123456735
144
0
123446421
6
27
81
72
9
4
224
123456341
5184
36
2016
360
42
4
48
119070
3402
45
5
144
123455589
2016
24
9
4536
18
285768
54
30
28
0
120
280
18
16200
9800
27
0
54
784
175
100
61740
48
20
45
24
27783
1524096
168
72
432
672
576
7
0
5
72
0
0
28800
840
8
1323
6860
16
7
720
81
118013589
12
123454269
200
224
36
42
0
4536
42
82944
0
18
75
123456609
42336
7
7
3528
40
64
8640
4800
2
5
63
480
162
49
0
0
90
49
4536
103680
280
27
486
62208
119586069
2
4
56
2025
158760
123456249
648
7
8640
123456213
5
9
123456693
288
81
336
42
0
122851989
72
26880
123454997
675
123456787
123456753
9
24
0
12
123026709
8
123456759
7560
72
0
4
8
50400
630
9072
18
81
38880
1440
2430
3087
8
1944
123456546
864
360
2304
1088640
8
9
504
123456729
32
63
1260
123456654
123449229
123456759
504
29400
5
102400
9
8
0
8
9
123454485
63
6
123456765
1701
9
5103
9000
291600
60
6
160
81
40824
0
6300
567
46656
63
3
9
9
840
123444189
9
1764
35
630
72
123226389
493920
1920
48384
576
324
123456677
20
56
123451749
123451029
123456774
123456749
14580
420
123453909
168
8
123456639
123451497
123456753
145800
36
0
75000
64
270
5
56
0
123456411
6
9
15360
2268
36
72
765450
15360
1209600
63
972
123415965
2
1280
6300
0
123456719
123436053
11943936
7938
0
42336
8
20
2
194400
4410
432
1728
7
1280
123456759
567
123456780
123445125
123456744
123456645
0
5
3072
24
72
1296
20
9
123456509
36
123456777
123456741
4
14400
12600
3
2160
48
56
11340
3024
24
81
123456787
15
123456786
0
123456501
6720
7
216
108
972000
49
27
45
123456661
3840
4032
9
63
0
9
9
1905120
123284757
12
7
1
0
13230
0
20160
324
708750
8064
27
48
6
7
139968
192
5184
150
56
3969
648
405
1088640
123456780
0
23040
9
12960
6804
123021333
18
5103
5832
189
3024
1536
6
8
7
324
32
675
0
9
32256
14336
21952
2048
259200
9
24000
123449589
123456629
2646
145152
0
3840
24192
3456
123456754
1296
432
60
123456785
6
24
34992
324
123456753
1944
