8
40
8
8
8
16
2430
9
60
216
6
1512
56
3
486
42
85050
123456725
9
123456773
108
3
8
3072
384
6
48
20
8
0
3780
0
77760
8
4
123456753
114312213
8
9
7560
64
725760
432
7
4
5
126
7
123454899
123456735
1024
6
240
9
6
123456774
12
25
672
193536
123438645
4800
48
123456785
123456069
123449877
432
3888
162
1679616
4
7
63
15552
54
123454584
48
4
0
103680
378
24696
81
123456777
7
123456740
4
560
8
81648
0
123456787
34020
5
7200
8
5376
4536
15120
123456768
32
36
35
0
315
8
0
441
6
35
123456411
3
18
3240
72
42
2592
648
2646
7
24
0
0
121424661
1680
403200
123456754
3
504
123456787
9
7
3
63
0
5184
32
3
5
1764
1344
378
44800
123421797
663552
7
0
3200
448
72
30
3402
3840
123456783
6
512
4374
63
6615
0
0
384
576
2880
48
3
279936
7
72
45
196
4
5
4536
123456573
15
2520
311040
450
64
1152
24576
56
225
392
54
123451029
123456159
123456629
48
48
3
3402000
0
0
72
168
56
140
4
1620
18
6
1280
315
50176
50400
252
225
36
768
288
1890
280
0
90
96
567
6
9
4
123456757
6
0
504
16
336
123455637
24
4704
123456779
48
123456357
504
6
3456
85050
2916
126
56700
81
735
324
81
2
120
7
8
63
123453909
9
192
72
2160
1
123437349
9
8
81
21600
123456773
3072
448
343
1016064
10800
8
8
123456786
123455189
72
35
72
48
123456759
23040
9
192
0
72
123456693
14112
20
123456645
630
26880
21952
5184
56
6300
4
40
69984
324
22680
81
7
0
4116
8
2
5760
6
7
768
56
9
729
1764
123456709
123456769
7
144
10
24
1152
40824
768
123456303
315
9
270
8640
189
1
9
3
48
123456777
36
1260
42
123456771
1050
81
252
122322789
123456213
1350
123284757
43904
96
4704
12
1837080
123456788
3
24
21
123456788
32256
123456741
4
6400
504
0
123430869
1613472
45
81
432
432
123451605
121823829
48
6
48
180
4
0
28
36
384
124416
123456762
81
90
6
40320
720
123456719
26244
81
8
8
123456725
123456784
7
224
3240
240
0
72
25
6
123456777
18
72
8
87480
2520
1440
9450
21
9
252
3402
36
123456747
4
864
9072
2
26880
9
6
0
960
1728
336
64
0
123456753
40
3456
24
8
0
45
4
2560
324
5
160
30
0
0
72
1728
46656
63
123456765
9
882
294
3
378
123456717
1
34992
252
6
3
36
96
21168
729
0
123456341
336
123456773
16
9
0
180
10080
123456781
186624
9
63
123456782
6
8
2940
18
540
72
81
5
0
21504
48
93312
2016
40
36
2
36
140
123441237
504
50
48
18
123456769
567
9
588
1920
122892309
123454197
161280
162
120
160
6174
123456405
5
3360
1152480
128
123456765
43740
1
60
123325569
64
1944
108864
168
81648
8
0
12
72
70
2
0
120295701
9
1296
9
24192
42
123456549
123384789
8
123456677
48
504
0
378
24
36
112
11760
119070
27
0
151200
756
2268
240
1008
233280
56
123456771
408240
72
7
252
294
7
122851989
3
123446709
72
233280
1
12
123451389
9
6300
14
123456573
9
36
60
9
288
7
54
123433461
288
5
8
64
12
123456609
0
3528
123455349
40
123456787
123288789
123445989
42
18
123456649
16
0
2
432
4
2304
123456573
4
360
10080
4536
123456719
1125
7
90
252
0
576
23328
320
122803605
360
6804
5
4
0
244944
175
2
8640
360
13608
3360
123270165
63
2
72
4
9
54
7
8064
42
16
49392
25
114312213
1470
49
63
0
72
90
72
63504
54
378
9
2
120
288
7776
338688
3584
280
9
504
405
28
8
123456771
123456033
6480
324
36
123455277
63
240
9
72
0
36864
4
0
123262389
280
0
115618581
123455781
123386229
315
840
1440
64
123214869
42
4410
27
16800
7
81
48
0
1000
8
11760
121339989
48
123451749
123456788
36
0
192
27
7
8640
8
8100
48
756
560
3
3780
27
768
123456787
123447573
4704
56
123456759
3456
0
504
2160
256
123456439
2520
81
5
123456489
123456725
5040
6
648
7
210
8
5
123456669
54
560
0
1125
2016
123455925
123456573
123456741
36
8
8
0
84
378
72
123454629
448
648
123456717
567
7
8
56
31752
3087
1764
10080
123455817
123455655
7
0
432
81
1161216
9
27
8
64
160
90
39200
56
98
8
8
0
0
0
486
0
6
8
9
0
123456645
0
6
123130197
51200
9
3456
504
112
967680
123456717
5760
4
111132
0
32
43200
486
123456788
576
123449733
123456733
45
8
30
42
40
448
635040
5
30
13824
3732480
35280
48
24
63
64
54
48
1620
1800
14112
15
576
10584
150
42
63
0
72
7560
122710293
0
3240
1800
6
35840
18
864
9
1080
123456708
0
6048
864
21
54
123443829
10
980
0
6048
21168
72
123448725
2016
9
378
0
15435
392
2688
11520
294
9
123456744
16
240
567
900
72576
123456117
240
2
105840
4
96
280
123456645
42
50
216
1350
0
9
9
54
0
21
48
560
12
3780
24
8
226800
9
123456788
63
7776
123456021
72
8064
8
25200
123456783
28
7200
20
2160
48384
7
123456629
4320
123420789
25920
270
0
93312
5
47250
38880
6300
123353889
9
9
5
224
360
112
123456753
35280
72
405
3
36
8
123456765
15
9
576
9
129600
9
123456781
252
9072
6
9216
123382701
272160
123378389
60
8
8
9000
0
0
8
54
180
567
1008
360
288
63
181440
504
54432
123456285
9
9
45
48
35
48
42
7
294
81
128
40
123456787
123456786
72
123456765
2592
8
3240
8
4
6
6
84672
24
23814
7
0
122731029
63
2016
123429909
6
3240
24192
56
0
33075
123456786
18
54
1024
180
8
252
21
20736
63
3
32
6912
7
540
0
9
54
123381189
0
9
72
168
8
567
3528
123456777
6
0
9
45
240
0
123456787
0
7
1890
9
54
45
192
123456774
123456757
56
8
123456645
123456453
1
1176
756
9
7
123456609
7056
45
1134
45
123456777
7
123456693
2
123454389
192
245
8
0
630
8
123456788
16200
5184
66150
4
15120
23040
210
48
0
8
48
64
69120
35
3
3
2646
80640
4320
123455493
123456777
10
18
5184
144
123456519
0
7
448
123432213
3
0
5
493920
56
0
123456519
63
1200
1600
49
2240
56
0
56448
48
123456744
161280
6912
81
123455709
48384
151200
23040
6
315
326592
123456669
123214869
1890
343
42
72576
0
42
28
15
16
123439509
20736
48
6
123270165
288
123456681
64
5
11520
8
518400
32
1792
135
480
6
20
360
9
9
9
4
35
9
2744
8
56
64
6
81
123099579
21
12
9
0
1
0
9
256
28224
448
56
81
123456681
8
320
9
317520
672
5760
21
6
123450789
61236
8
180
28
0
1080
123456771
1260
21600
48
60
0
8
123456749
123456693
0
1296
9
123456465
23040
0
8
123456780
720
42
4608
72
56
384
122468949
2240
336
0
90720
36
432
123456222
9072
100
197568
0
6
5103
7
324000
7
3
108
0
0
24
84
648
180
38880
5
129654
21
5040
2592
6
123453849
280
9
9
48384
240
180
216
123428565
0
9
123456717
180
70875
123351813
0
120
54
35
20
8
123456786
123452739
16
123452415
12150
9
123424533
504
0
123456693
405
45
9
8
4000
32
36
123456784
0
1080
123450174
123456786
96
89600
123445989
122650389
56
27216
87480
16
40
42
22680
12
30
3
54
18
123453909
576
123409749
54
483840
0
123456782
1440
27
5
48
123392277
54
8
3024
110592
123456759
49
60
123456357
7
108864
54
30240
56
0
168
3675
567
8
9
9
9
64
1344
72
0
48
10
13824
8
1680
8
1792
5376
36
11200
14
0
907200
6
72
0
123431589
4116
10752
2352
108864
54
216
6
3
8
9
24
15552
840
7
4
123450517
420
90
8
9
9
0
72
0
486
5
324
42
7
123456213
324
0
0
60480
243
15
7
9
196
192
648
3
7
33600
784
121876245
160
36288
8
8
240
120960
123456787
81
6720
123456735
8
8
11200
48
7
3149280
0
384
123439989
48
123456785
97200
96
54
0
315
123456621
9
5
0
840
7
12
122477013
280
0
9
9
576
245
3
0
0
8
12
56
34992
8
80
24
123456537
123456726
28
9
5
123456762
0
196
123456786
4860
7168
120
123207957
123441237
72
126
40
24
123452309
5400
4
595350
604800
5184
126
864
196
70
5
123456693
180
48
144
4
18
24
280
96
11760
9
7
25
20
42
3024
7
1
72900
5
1
120960
6
480
8
56
8
123456669
2205
979776
21609
315
2520
6
7
3888
123456285
25920
72
486
2016
123456749
3
42
1470
123456735
123429573
123456774
4900
486
0
64
123456621
576
1080
123456669
8
25920
123408405
123456783
448
56
123456693
4
123455025
288
36
72
18
256
0
15
9
21
64
1800
567
0
4704
9
15680
189
30
9
200
0
9
42
5
360
432
36
112896
32256
3
9
1
0
6804
504
40
360
144
60
35
5
10
123456783
20736
840
9216
0
6
720
7560
0
123456593
17280
8
26880
270
28
123456774
102060
121678677
1440
9
123456754
8748
9
9
28
0
123452901
648
126
56
5
0
123456787
15
648
123456654
123456357
7
1
123456786
72
72
123445269
123456783
18
123455277
9
252
35
46080
123456781
47040
1512
1
1344000
123456677
9
123456749
8640
54
56
768
123456669
0
3780
9
288
18
8
0
567
1440
1344
123456787
540000
9
504
0
405
9
8232
40
123430869
123452901
12
0
6
3240
4
5
123370389
30
3
6
23040
5184
123456785
336
24
123456629
630
43200
123456774
7
437400
252
3
12600
756
648
123456787
21504
162
2016
1764
7
123456740
12
24
2058
0
2
336
5880
56448
63
24
5760
1176
123456645
32
7
3
540
123456788
3456
32
123377409
123454689
8
189
5760
123453873
1344
0
81
648
28800
9
6
162
3402
9
2
0
60
56
270
108
1620
28
1451520
6
121642389
224
448
2304
144
16
10080
8
1658880
48
10800
0
9
123456285
18
288
11025
378
864
112
1575
123456777
35
162000
7
123456741
18000
0
123453717
0
9
8
81
123450741
123456201
360
3888
0
2205
123298029
40
63504
40
1280
69120
54
3840
72
168
48600
123408405
123456681
8
123166485
7
64
5184
1792
1600
7290
448
2646
0
7680
54
49
8
1176
24
123454549
720
27
7
48
288
120
0
3
123456735
5670
36
336
123453765
189
7
2916
12
27648
45
567
9
0
6272
8
9
18144
12
7
324
42
2799360
288
115248
576
7
63
240
72
11340
123311637
20
54
7
72
48
3
9
32
123453849
63
123456222
60
2744
63
5
123456741
123420949
2
81
9
63
0
8
1200
216
123456782
720
14
1344
6
315
2268
123413589
2016
8
9
40
123453849
2
216
8
0
123456642
48
25
123456303
1225
123456717
11340
294
6
123422769
70560
123456786
1
105
567
4800
8
123456754
123455349
10
23328
324
216
900
3
28
123456573
0
123456699
6
123456474
12960
10
1080
9
88200
14112
35840
63
1890
8064
15
6
9072
0
123453333
123455979
126
45
5
9
48
54432
72
64
112
197568
378
123456681
448
1344
6720
16
2016
34020
28350
63
120
123456741
441
151200
12
123226389
1620
104976
18
123456765
40
0
0
9
0
8
5
0
5
53760
123456757
9
360
123456357
9
48
1350
16
3888
2430
504
32
123451605
2520
0
0
72
1920
0
48384
24
2016
7
123455669
8
123456788
256
14175
81
10080
6
32
0
1890
42
123456747
288
2016
48384
0
123456627
8
9
123456589
8
6720
0
32
36
0
7
9
2646
192
72
16128
378
0
0
72
9
0
592704
7
1296
0
64
4608
2
3
8
9
0
48
1575
288
10
7290
122337045
336
5
8
8
2592
11664
4
675
112
5
7
7
48
123456691
25
336
0
72
840
123455493
9
285768
63
0
64800
72
8
5760
0
49
8
36
17640
36
126
6
274400
252
19440
1620
35
48
93312
840
432
240
1440
9
160
729
123453009
0
9
10080
63
381024
16
15120
161280
11340
123453765
123447969
17640
4116
1200
123451029
5040
158760
0
1152
123434109
123429909
123456649
7
3
26880
315
0
5
6
72
10
9
9
9
123456783
2160
123456788
225
324
6
2916
49
294
16800
188160
3087
0
123456788
30
540
4
8
8
0
54
27648
0
7
144
64
5832
121306389
123456744
12
123456780
72
324
4050
8
80
72
1512
27648
123456669
123456740
5
64
7
252
2520
48
35
504
40
80
49
123456114
123455781
123456741
98
7056
6
42
139968
972
6
123456495
54
8
0
9
7
16128
123450741
288
42
51840
36
20580
49392
81
8
0
432
125
123456717
6
0
1728
3240
8
123456469
7000
122567733
3
54
24
12
12
16
12
216
178605
123456717
17640
160
5040
9
0
90720
8
0
123456787
320
123139269
0
756
123456661
8
7776
2016
63
12960
5
123456753
3528
56
24
123396309
504
122719509
9
2
0
72
12
2700
81
9
441
7
56
343
7
64
9
9
204120
48
5
32
32400
123398469
144
135
72
8
18
14580
729
126000
360
6
123456774
3888
240
105
576
123455817
123456405
280
1296
123456642
7
1440
30
504
8
5
9
123456537
42
9
168
2016
34560
123456754
72
6
6480
2160
123456765
5
9
6480
1350
18
5
0
7
3
2700
5
630
24
320
123429573
48
72
6
2016
576
24
51840
315
8
123456549
3
9
36
180
900
40
432
72
9
6
81
40
405
448
123456786
49
8
123456771
21168
15552
90
315
72
123456786
90
5
0
123354729
123454629
2880
882
0
15120
5760
123391989
56
9
280
162
123456782
48
54
9
432
123403029
20580
123053589
45
4536
504
72
1890
192
252
123456654
252
81
61440
5
123456474
56
123456775
216
123450789
0
1
9216
324
12
168
123456684
54
71442
0
0
1680
4
8
25600
5184
6
51840
17640
123456777
8
22680
35
4
256
42
1536
96768
123456741
9
63
640
121728069
486
32
123413589
14
120960
123456285
240
8
123456777
6
24192
21
123369309
240
432
840
1176
8
72
0
486
6615
0
2520
123451644
210
1600
0
15360
123420949
5
9
5832
7
8100
1000
123456788
864
6
123456768
448
80
64
123456785
123455061
70
40
432
40
9
123456277
4
9
2160
174960
8
1944
168
24
123412885
98
280
123440661
6
42
3528
120
170100
4860
8
360
32
54
123456762
7
30
123454269
4
1575
24
252
378
444528
35
1440
14
0
0
123375141
2016
0
9
20
9
0
9
0
567
0
8
32
288
0
123315669
0
72
20160
480
123456785
51450
123431701
123456369
123456589
9
8
1440
123456753
63
123453954
50
9
25
3528
64
123455925
3840
1120
480
123448851
1568
7680
123456781
123456277
387072
90
30240
2
123456787
120
6
288
1080
36288
9
2160
123456747
49
12
8
9
243
504
10
192
3360
41472
0
46656
72
9
9
217728
7
6
3600
123456765
5
6804
6
448
123456411
2500
121383189
246960
123456782
288
1
8
123456717
1296
81
123456788
8
95256
9
2
16003008
123455613
336
45
51030
560
9
0
192
648
1280
9
123456744
6
324
450
324
8
18144
35721
9
7
290304
123456465
15876
123455709
123377409
21
252
18
315
1080
0
3
720
980
8
108864
1536
3402
432
4
27648
216
6
122876181
381024
9072
123456573
221184
123456573
7840
123448149
11340
63
24
8
864
2160
10
112
36
80
20
11664
4
123456501
54
123456717
9
123456213
5
123456785
0
9720
0
54
63504
123420339
64
123456786
30
5
5
9
123364629
65856
0
0
192
30
1317120
6
32
123456717
4116
6
217728
2592
123456785
123351813
9
196
123456788
0
63
56
123443069
3240
123456609
0
28
200
2430
200
0
0
36
8
3
123456771
840
360
3
216
7200
56
10290
1143072
42
32
42
490
123456664
3136
14
8
0
54
96
432
384
8
63
1800
1120
9
144
9
6912
630
90
635040
360
123456786
36
123456786
2835
270
6
497664
9
2268
49
36
9
450
1680
72
0
123201639
24
6
14
5
4536
14
42
35
403200
108
122407029
0
54
9
123456788
240
0
7
0
123456465
42
122980509
6
40
0
9
41472
123456663
123456597
5
5
72
123456609
1728
9144576
0
123391989
123456747
567
7
42
56
123456788
56
123456765
0
24192
4374
8
123401493
0
40
123452085
123456765
7
180
63
123456573
123456744
36
8
20160
324
45
72
36
63
123453205
108
288
576
1176
48
2520
7
56
54
123456786
4
36450
123456733
144
24
123456519
20
48
8
201600
123456761
54
1
2016
207360
42
81
14406
17496
392
123456757
0
896
1344
210
1260
0
6
96
81
512
9
20736
123456757
9
0
9
0
123432489
20
5184
3
123456765
12
120
63
7000
25920
123456775
252
7
30
3888
525
54
123424389
756
123456384
81
4
72
6
122461461
441
6
5
2160
123456759
2016
30
144
5
0
64
360
5400
1536
30
6
123456519
12960
14
63000
20
123425685
189
54
9
7
64
280
0
48
2268
504
123456465
123456597
567
432
123416469
56
240
12096
36
9
64
4116
6000
288
9
9
175
5
7
48
8
161280
72
224
140
0
1728
280
7
414720
51840
123456780
123456788
15552
9
3456
800
8
252
60480
7
20
84
144
144
6
70
56
7
25
0
72
5
8
1134
123311637
77760
245
0
32
63
5
864
30
567
123456705
122504229
512
5184
123456757
123456733
16
216
2646
14
896
123456788
1080
123436053
6
72
225
123456735
123456141
4
123456285
5
18144
123456285
0
20160
6
72
123456788
123456717
123370773
7
9
7
40320
9
392
196
6000
28
4
15120
35
405
8
6
567
0
7
576
5
648
58320
17640
1800
336
5040
9
0
0
6
9
18144
120
3
6
36
123448725
2304
72
3072
2592
240
2688
224
81
17010
0
38880
123456474
288
18
896
882
18
518400
48
1
1728
9
123456765
720
2800
17920
63504
7
8192
53760
123456741
123442677
8
36
5832
5250
3024
123395553
123456788
311040
5
786432
72
1
123456537
0
38880
0
48
0
49
3240
6
25515
6480
123355989
24192
163296
80
123456717
72
0
8
450
972
54
123456681
3
123456777
40
123456785
1344
1176
9
64
123451605
16
882
486
105
864
170100
123456663
9
420
63
8
1050
2
6
63
9
63
6
24
81
1350
123455088
49
360
2
12
0
107520
504
15
123456741
174960
18
11200
64
225
40
0
72
8
0
72
6
204120
51030
76545
3
36
40
49
6
18
9
1323
123455169
2160
123067827
2
6
216
504
123456785
123358789
16
7
10
0
1620
123455349
1
136080
60480
123456708
17496
840
8
123456645
56
6
123455664
123456787
0
56
2880
1890
8
100
2880
28
56
5
54
37800
12
123456609
72
3584
1890
123456782
9
126
47628
123456579
1134
756
10206
0
10080
96
2304
7
35
216
576
2
6
6
2
123456357
12
6
28
64
21504
560
32
16
56
123456747
567
120
7
840
1728
0
16
18432
1575
123456765
210
6480
123456726
16
9
4
40
18
16
441
9
6
9
26244
0
123456357
6125
1400
123456759
123454521
30
7168
2835
9
56
6804
123441429
1944
144
25920
81
480
63
648
729
27648
288
9
432
32
441
127008
98
63
175
123456788
0
6
9
123456771
123441237
123456681
42
8
24696
84
123456735
5
17496
4900
123456357
49
35
9
168
1701
1680
8
0
72
123456780
500
45
4
81
762048
3
72
120
1959552
540
25
60480
6272
8
0
252
288
9
48
504
123456717
45
1764
1512
7
123419925
72
123446709
2058
27648
315
49
44100
6
6048
0
45
56
36
756
3600
9
1152
56
2430
81
123455529
63
196
9
2
123197589
123456717
0
72
0
63
56
343
72
50
155520
8
0
18
128
123456784
6
123456788
27
123456411
6
81
6272
123456573
123456565
576
0
343
18
123456783
243000
4
165888
14580
24
168
35
432
3456
123455817
123456765
72576
1323
315
3
123398469
5
84
63
3
8
245
112896
0
3
2880
18
405
123456249
120
2
3456
216
123456309
28
123456771
3840
64
3240
448
448
6
486
9
123449109
0
162
63
4
9
7
49
324
28
108
43200
27
0
56
6048
48384
11340
1944
123176853
9
512
6
7168
10800
7
21600
43200
126
24
49
9
6
8
0
0
384
123456741
63
1200
8
8
9
8
54
225
54
8
24
2
2560
32
7
0
144
384
512
8
9
48
72
8
6
64
23328
8640
35
20
123456762
72
2016
7
2
5
168
56
648
4
0
120678489
18432
9
84
120
1568
123456708
576
123456501
224
72
45
12
123423189
1
8
1134
38880
1152
1344
123449229
32
0
15
69984
9
71680
0
6
432
24
714420
34560
32
6720
123456781
168
1
96
720
123437349
1080
7
343
54
0
123456621
576
12
63
131220
81
0
1680
16
3
8
6
1
54
54
36
1
18816
1296
48
123321789
3
288
72
4
7
24
4
36
45
30
27
55296
3
123456693
35
1600
3
6174
8
123456788
3
56
24576
160
123106869
56
3402
9
72
63
9
9
60480
8820
3024
123456681
81
36
123311637
9
252
0
96
2016
64
0
256
20
5
672
12
13230
72
2
0
216
63
864
118098639
2205
123456501
123275349
72
64
6
0
7
1
0
0
18432
16
36
1512
123445589
0
9
2268
6
36
123447573
8
123455169
3888
48
486
5
204120
5
0
45
120
123456693
9072
63
112
8
4800
123384213
32
18
9
540
1944
4536
31752
44800
59535
28
90720
123434109
10800
4
7
123433269
27648
280
0
729
96768
2
16
0
144
175
122694741
7
123456661
0
72
36
252
96768
0
63
24
160
9
0
54
5
123455989
2592
216
0
0
0
27
8
2592
24
0
140
1
122139669
123456777
30
6
1
3
12
0
18432
123456735
5
56
14700
30618
80
500
9450
0
5
720
9072
9
0
64
7
81
54
123456768
144
252
8505
7
315
9
7
315
408240
123452253
300
144
45
960
81
36
3
32
128
24
9
49
123456589
14
476280
9
315
17280
31104
1372
576
7
123452757
14400
432
2
9
189
252
3
72
3
7
123456785
123456621
0
20
270
123456747
56
123456249
30
122704149
64
0
123433461
123454899
3402
122640309
9
16
2016
7
84000
10080
123456780
240
123456765
24
378
123422769
6
72
9
123456787
875
12
98
123456780
2430
8232
2304
123456469
259200
24192
102060
72
3
8
56
5
6
20
81
589824
123456749
5
123456741
2592
6048
900
864
62208
1
18
123166485
0
61740
392
6
0
7
8
2430
54
81
123409749
2
13824
576
0
0
123456699
9
16128
8064
8
54
8
5
51840
123456735
48
69120
5
8
15552
7200
378
18
9
630
1344
123456684
28
30
63
8640
3528
980
32
216
3
168
123456764
80
9
680400
15120
336
5
245
0
648
24010
0
5
14336
120
672
0
123451889
720
2592
245
123456733
123452949
64
217728
324
123209829
576
648
20
108
8
5
81
123456189
123223509
123456213
7
8
36
123456565
144
0
960
1260
18
4320
180
123456774
2916
2268
567
2520
3360
5
8
123456639
9
6
49
123401493
62720
54
288
3780
4704
3
1344
720
2401
3
243
9
9
3
6
36
210
123283989
0
54
378
9
20
3
123456788
72
45
5
123456775
63
3
0
63
384
122606289
0
123451029
104976
42
123456573
9
123456762
12000
10368
14
108
4
123456681
35
0
20
240
0
0
123456159
123360789
36
0
49
288
221184
0
20
0
123456717
4
32
64
280
1512
3
7
43200
0
28
2
34992
288
64
42
0
45
4
504
27
123346197
25
2880
900
16
0
9
12
9
1
40
432
2880
0
4536
123446205
63
8
12
1792
8
9
0
240
40
0
7
56
756
40
20736
3780
5
72
6
8
123456773
504
7
3645
1568
7
25
36
405
42336
64
32
15120
336
5
6
9
5
2100
24696
72
9072
0
24
84
123456785
9
945
3175200
54
123455637
5
40320
1750
62208
2592
123456639
8
126
20
2
76545
123450664
28
63
123454549
123440913
10
9
0
8
180
288
16128
120
120
2688
123418989
270
4704
36
20
9
32
15552
160
168
123453589
81
6
123454101
35
123456509
5600
0
123456717
21
34992
576
9
8
42
8
70
315
403200
123456768
423360
81
123456384
123456699
40
1080
1344
0
123456735
86436
8
280
24
576
23814
64
4
8
123452289
10
2016
432
123456757
168
6
1536
121551669
123399189
3
84
9
15
9
6
8
81
1620
123454437
123456733
3024
48
123447717
5
432
300
32
9
8
42
56
11340
784
6
6
8
147
54
63
4
36
96768
0
11664
64
123456787
168
315
8
123456733
32256
123456780
1920
4
49
123456785
0
23328
48
1008
123456642
123456709
120960
18
1200
123214869
123456573
2
10080
9
4
8
52920
7776
2857680
1440
8
5184
72
28
72
24
123456788
72
36
34020
1
0
64
123456783
0
9
425250
6
123449733
7
0
43200
123456709
123456788
405
40
9
56
567
72
2592
9
72
9
12960
45
4
7560
7
4
2520
0
160
1
24
4
123456785
35
432
378
123454773
378
9
7
7
3600
123456762
5
4
24192
0
5
8
81
0
358400
7
6300
14580
1440
1
1792
9
10368
123456782
480
123456229
8
1512
123456769
2
1568
1792
6
9
6
9
123430869
5
5184
1428840
343
2800
64
120
10080
58800
5
94080
5040
7
123456779
0
23520
1
16
63
4536
54
504
123456277
294
1008
420
24
102400
1440
1
123451605
6
123456782
315
63
75600
280
294
4536
40
6
17280
8
144
0
123456744
45
8
56
6
123456735
108
7
123456614
123456741
441
12
0
8
15
5
123456573
7
7
56
123456573
123456761
72
0
6
45
0
0
50
336
123456117
0
1
311040
90
45
571536
9
64
752640
5
27216
90720
9
64
96768
47628
21
126
123396309
840
18432
0
123456549
144
123456684
864
9
9
2016
81
72
4900
7
248832
288
123456749
699840
405
123456761
123456782
7
108
420
8
8
42
324
1568
81
504
8
5
123456729
46656
49
9
123456649
18
5225472
56
8
392
9216
800
3
2058
8
1080
123454089
0
123456663
7
3240
45
324
5103
40
648
123403869
1
31104
123456717
0
25200
123436629
123456765
72
245
120
123430869
52488
9
1944
123456726
48384
490
9
123456777
0
160
63
48
31104
54
8
448
8
123456684
123456782
900
139968
2880
1143072
123456786
8
123456693
1
42
4
10
720
123456777
35
64
4
45
48
2160
344064
1
72
3402
15552
0
9
4
3888
9
2250
5040
123456788
40
123452901
63
3
8
16800
1890
0
81
100
8
8
49
2
480
63
54
24
24
126
123456753
123446421
254016
26460
0
20160
108
3
576
63
18432
123456782
70875
108
36
25200
4480
123067989
1680
1080
42
36
2
123456753
13720
36
12960
21168
63
448
448
4032
5600
0
9
1152
123456411
12
123456769
2940
123111189
10
40824
49
128
1029
17280
123345657
8
123456733
448
17280
75
4
512
630
8
2160
8
224
123449877
3645
18
48
9
8640
123456787
123268629
245
81
123456747
123456303
9
8
0
8
123456777
378
5103
9
45
486
81
28
0
320
123456681
19440
49
9
9
36
14400
123441669
8
11520
3
384
42
18
6
296352
0
8
224
1200
0
2240
35
72
42
9
900
123395349
8
516096
61236
126
256
6272
4
122345469
12
4608
123369309
123381189
0
123453009
1701000
6561
2160
36
8
41472
486
2304
8
63
18
4536
209952
630
123454773
36
0
57600
0
126000
123456699
4
204120
123455739
3000
245
12
123456777
2
123456780
32
4
734832
72
6720
8
0
21600
123456740
63
58320
123444501
5184
123419157
123456677
1
39690
1512
720
3969
8064
7
7
123456693
81
24
45
3333960
1008
123456788
7
0
9
28
64
11907
123456786
123447381
7
123456708
5
72
24
168
7
270
72
8
63
28
72
84
48
56448
144
9
6720
45
120
72
123452757
123456788
210
3240
6
7
126
36
122252565
3888
1
3402
1
31752
72
4096
123456783
0
45
0
240
0
3150
80
2
0
40
560
441
7560
32256
41472
9
45
9
0
123451929
405
49
27648
216
6
123456397
8
123456384
0
0
5
64
3
8
123452949
48
40
123456677
0
0
0
144
2520
9
123429141
250880
2
1
123456663
0
0
123448149
123455669
123437349
24
432
72576
252
6048
24
9
3780
72
4
3
48
5
1458
3240
123456782
8
7
0
12960
2268
0
35
123456213
0
24
0
9
123221589
1050
123456645
0
54432
70
123456775
123456773
54
672
3
35
6
1920
123404949
1890
9
6480
24
123443069
294
7
648
2304
3
9
123456788
123456726
1
8
72
123456759
24
24
216
5
54
225
64800
9
121797909
216
7
235200
108
168
42
8
123456787
6075
8
864
3240
3
123456788
81
63
28
4
1080
2
123456781
0
15
8
56
3
30
0
192
252
2
123075765
2016
54
32256
123445125
56
30
123456787
200
1512
691200
14
7
123456469
15
123456757
81
9
8
123456773
81
123456747
6272
384
40
123453549
64
6048
392
121279509
24
8
5834430
2268
2268
0
121678677
56
17280
6
378
252
123456788
336
8
240
216
1
160
2025
49
42
27
1080
126
8
80
56
3840
123456501
18144
28
123452181
8505
210
16
5184
560
3
0
5
123455061
279936
35
9
122751189
1
90
210
1680
123456609
20412
24
15
9
84
0
9
36
9
123456781
1440
123456639
8
48
720
126
3780
35
122679189
123456786
84
5
12
123456201
96
8
588
2520
6
336
56700
28
123448851
544320
123456782
18
2160
123456780
6048
110592
4
192
48
392
56
3240
6
23040
54
123456779
126
123364179
48
45
181440
9
56
7
123456285
0
441
1306368
72
9
56
0
8
21
123456627
123456645
40
147000
168
270
54
15120
80
56
36
162
42
0
123456733
4
180
9
0
1800
28
7
1382400
2016
45
0
128
56
7840
1440
7
2
20
8
504
1458
12096
1680
240
3
6
9
72
729
1440
2744
7056
123452181
6
240
36
123456054
0
8
9
882
2
7
63
21600
24
123456774
504
7
123456775
2
2
0
81
123456744
6
16
12005
132300
48
11664
360
96
3
54
7
7
24
5
336
64512
18
72
6
3360
1920
36000
45
180
0
7
576
1296
10
40
123455613
378
1280
3
1080
0
123327765
7
123449013
35
810
127008
8
5
315
729
648
6
9
54
405
1344
3360
72
8
123456781
35
144
12
5
8
49
4
4410
2304
2160
123456787
123456229
6
0
63
0
123456783
1080
81
756
18
123456754
123455949
576
48
49
567
122489109
35
15552
4
252
1440
7
28
36
24
90
36
288
123423189
8
2025
18
7
40
600
21
123456681
1680
378
109350
30
123456788
40
0
18144
8
9
3024
81
0
8505
123456717
0
16
2304
40320
7
14112
7
148176
9
8
8
12096
56
123456774
72
3360
25200
378
123456735
9216
135
0
8
15
123455061
245
2160
15876
504
2916
123455189
2688
123454389
123130197
122549589
0
123311637
9
72
349920
5
12
0
56
63
123405759
20
48
8
123455613
6
3840
8
123456784
54
108
72
4096
81
49
6
5
9
1800
0
56
2916
72
3360
4320
0
49
123456348
4
12096
123455781
63
9
1620
12
435456
0
42
2
14112
840
123456645
49
4
2352
80640
81
4500
270
9216
0
49
18
126
979776
555660
81
35
135
123456747
0
1
54
189
55296
123448149
2352
40
123456783
22680
123456753
123456787
9
168
8
0
8
1944
6
8
35
27
3
512
9
64
2
9
288
10800
164640
405
24
504
4
0
1120
123456579
14
8
288
7938
124416
54
576
540
4
6
82944
3240
3969
960
5
77760
8
14
168
123409749
9
0
0
7
10206
7
210
2160
252
4320
28
0
21
0
123456783
25920
123456787
0
48
123456787
5
11760
8
630
2688
32
10368
4608
175
123456761
1
9
123239061
123449877
0
124416
7
9
7560
20250
36
5
20160
17640
5
56
1176
588
0
123456771
15120
2
8
576
123454521
192
123432597
123451029
4
6
8
216
504
123456411
35
30
1
123456642
225
224
864
9
630
9
81
0
123436209
123450957
31104
123456762
123456774
123456783
700
168
16
48
4320
8640
1176
20412
3024
29160
1
0
7
5
8
576
21
8
2520
123456753
8
720
9
24
12960
36
5184
3780
123456537
497664
9
72
294
2880
8
9
123456783
63
123456735
58320
123456788
123456495
81
9
108
123456411
1568
123456537
123445125
504
8
8
0
123419925
15
81
12
432
43200
108000
14
123456744
123449621
40
123452589
32
8
9
40320
60750
6
56
98
28
0
123456773
30
7
4
0
80
49
1260
2160
777600
123456565
144
7
384
9
8
1024
8
123452949
7
42
18144
36
123383061
45
123456453
123401493
123456777
42
63
123456689
6480
1120
1
1
315
123436629
64
100
123388749
2
12
123139269
24192
9072
0
72
0
196
123456783
224
123456681
114312213
326592
9
12
1749600
123456593
9
18144
0
6
0
4
123451749
8
392
252
54
72
7
12
84
0
123456747
48
162
81
20
15
387072
5400
72
4
256
123456717
42
96768
5040
123456783
9
1440
30
9
11200
2916
35
1575
63
123456411
245
3528
8
64
384
504
6
16
2
27
324
243
6
1960
72
9720
123456786
1350
123456788
2
64
147
0
123385109
27648
5
0
123456717
5
720
210
1680
5400
185220
576
64
123449013
72
48
9
0
123456705
0
72
123456780
9720
0
1470
12960
6
336
9
216
9
120
123456784
15750
37800
12
129600
30
288
9
90
4
432
576
7
3
9
0
1200
35
123295509
123456785
0
40
123455925
9
49
15
18
972
840
448
4536
189
84
576
9
123456784
63
123162789
116640
36
7
14112
6
123456787
512
8
10206
9
6
7
123456747
2646
121932693
0
35
56
9
49
123454143
121075389
768
123168669
1080
98
0
123456765
123456411
336
1
98
0
123451605
0
36
9
648
1344
9
32
0
28224
729
7560
36
0
1080
3888
0
378
72
123456689
56
9
123449109
123456788
15120
123455907
45
1944
750
0
42
432
103680
40
9
4
9
64
7
6
9
40
96
0
5184
30
2592
18
75
123456788
4608
9
123456579
6
5
2646
2
123456771
680400
5
864
42
24
4
8
5
9
448
2744
9408
123332373
0
5
123456681
5
72000
7
120960
123451497
6
123456573
8
180
0
122078979
882
9
9
20
6720
10
3
48
1728
28224
1568
123393285
2
64
14
104794389
35
0
123456600
0
2
8
9
105
7560
96
24
54
122776389
216
43200
72
54
36
56
336
3600
12
9000
27216
4
9
32400
120
64
123452901
40
123456774
420
17280
1152
48
317520
83775861
1
16
0
216
168
576
1
4
35
2016
7
123456784
6
5
6
63504
864
0
21168
46305
5
10368
7
156800
123456788
384
123456771
448
4
0
56
2
39200
123456645
72
42
123456765
34992
0
123455829
4320
87808
105
9
24
56
48
9
123456735
9
42
8
8
196
280
4
123456705
5
8
280
648
243
7
0
432
9
0
123456781
9
211680
1944
26880
122295573
0
648
2880
58320
0
7
122821749
123280389
0
123456782
864
4
756
1
6
123456788
9
123275349
3
180
11340
36
123456787
0
45
123454389
123455277
98
504
7
336
36
168
8
45
5184
224
105
5
74088
0
1555848
7
3360
43200
123275349
18
162
3048192
3
72
1728
9
12000
3584
122748201
7
123456785
120
123456761
80
123456717
1215
216
36
5184
54
18
504
75600
56
81
2239488
31104
13608
3528
576
82944
504
6144
441
8
144
123456785
123455061
42
123444693
392
311040
123456788
9
0
3
0
5
9
3675
56
90
9
123456669
4
123456565
123456773
196
123429573
1944
1512
3
8
0
96
36
18
168
81
504
7056
1120
3456
576
8232
2016
9
40824
0
27
9
5292
5040
123453189
16
45
8
6
360
14
0
3
9
123456777
28
123456774
0
110859669
123456780
540
15
6
1260
123456781
9
64
6
1152
35
145152
4
123456348
8
25725
306180
162
294
1890
12600
27
109909269
0
7
123456549
1
192
8
504
2
123456693
6
9
5040
27
122045589
144
388800
123456781
648
9
10
123456783
12
9
123480
1344
12
307200
8
123456639
288
140
123456749
0
20250
0
72
22680
42
9
10
15120
288
4
2430
8
4
9072
63
123448789
123456446
1536
9
1512
1764
18
123118101
123456537
123456788
81
144
81
63
81
810
0
45360
840
4
6
123456769
7
81
240
108
123455829
6
980
123456782
56
648
0
9
240
56
14580
30
0
28224
15
123456519
20
0
27
63
1296
0
9
6
21
0
2016
56
123396309
59535
45
51030
6
5
14
56
7776
24
8
5
9
123456495
64
0
24
12096
13824
0
64
0
5
362880
9
279936
8
9
32
9
0
630
0
5
1680
432
0
123456780
123450789
3
12
123456780
162
24
3
65856
9
81
72
7776
0
6
15
331776
6
1344
95256
12
120
123456782
9
63
123456621
123456645
20160
432
0
135
30
123388749
20
4
54
25515
9
63
123456783
180
49
123456764
84
8
47628
18144
9
7
123456411
8
180
240
8
45
9
504
3556224
9
8
144
72
36
123456405
123456579
9
9
36
30
1843968
6
252
0
123139269
336
81
8
122472
122398389
20
30
151200
1512
6480
151200
256
378
7776
81
30
288
49
210
40
0
32
49
6
3
49
123456783
81
123456773
16
123456645
2592
270
48
1960
42
81
1
1260
20
8
63
6
6
504
1728
72
7
2240
72
252
576
7
42
123456708
0
18
0
27
8
72
123456785
13608
48
315
11664
600
123298029
0
864
2240
3
4
49
392
13440
123401493
0
31752
123245109
5
8
81
3645
9
123456429
378
122074389
1
6
22680
784
1400
123456785
2352
1620
0
0
45
324
56
84672
0
25200
1620
8
960
945
0
9953280
64
123456784
1575
252
123454989
25
72
4
21870
900
21
9
0
9
126
123455637
0
5
63
3456
28
123456781
123447069
0
21168
123456787
504
123438645
540
6
64
123456717
3
2
12
35
48
9
9000
123315039
7
123379957
12
0
0
123456788
9800
384
9
0
7
1134
567
23328
360
6
0
123453909
9600
0
504
155520
45
5184
9
4536
162
123456783
11340
54
123436377
9
1536
63
84265749
0
9
1
80640
0
162
123456645
9
123456726
648
56
9
3456
9
123456769
64
4
8
96
768
28
1620
27216
6
123456762
560
8
3
540
54
2
2
123454437
30
64
5670
19208
504
0
9
9
1152
0
8
8
18
21504
16
0
5
560
24
10080
123456729
1750329
8
567
9
4
5
82944
123347029
10838016
123456735
30720
3150
123456744
720
123456693
0
123456775
123447789
21
5
8
4374
3840
0
7
123456249
1152
4
8
180
6
123456787
27
0
9
8
144
39375
54
81
24
8
122549589
180
123454899
63
9
123456369
4536
5
81
54
480
10
64
45
336
7
512
23040
8
39366
123456654
1200
504
280
12
279936
1260
0
18
2160
3
6
0
2592
54
0
2
0
45
48
72
8
5
196830
0
392
123456788
162
0
378
6
123456784
72
7680
2160
123456788
30240
189
119033109
864
6
7
40320
42
28
6804
4
8
123456759
378
16
42
7
1944
4
29400
1944
8
65856
486
40
13824
94080
48
7
9
3024
315
7
504
378
8
12600
2
123456759
1
24
4
30
42
123438869
42
500
6720
9
0
3
5
8
756
567
12600
40
4032
9
9216
47040
9
54
123449229
24
1764
1440
48
46656
122912469
9
567
245
0
576
6
0
0
1260
126
123456785
123455637
81
180
9
70560
64
0
32256
252
90720
8
1890
72
96
162
68040
123450489
123456733
9
248832
5
326592
5
64
21
672
2
4
123391989
4032
81
13608
10
48
0
123456788
1680
280
2
42
63
72
20160
2430
0
123456222
21
8
0
42336
0
1050
1
0
123454389
8
9
95256
64
72
72
72
552960
63
6
1344
7
2268
48
123456733
8
9
45
0
81
252
4
6048
9
54
81
72
1620
47040
240
9
200
123446205
230400
2592
2
432
0
9
2268
6
18
0
123456639
648
123456729
0
70
7
144
192
252
9
0
0
17640
72
189
123453189
144
6
360
9
5
6
960
0
121170645
6
5
123456705
123456709
2688
122581989
0
4320
7
64
8
21600
48
504
360
14
45
504
180
960
70
42
11664
49
8
9
756
8
7680
49
123456519
80
8
49392
20
123454773
123454629
504
122715909
9
18
0
0
8
123429141
6
123456661
252
4
36
504
245
18
43200
123436377
192
2268
20412
123456309
72
648
99225
50
576
0
196
81
81
3969
4032
123456761
588
3780
1512
40
35
1152
123456054
720
28
123447069
26244
864
24300
544320
0
56
7
9
49
123355989
8820
8
0
2160
4320
123456757
0
123452739
5
640
296352
0
9
9
123455109
6
3
7838208
0
40
80
1764
240
216
30
123449733
7
432
180
21600
6
0
0
4480
40
6804
56
17280
0
224
0
15
378
123456357
486
64512
216
81
56
123456069
72
42
12096
1176
9072
4
0
160
3
175
42
5
123456369
0
123436629
45
0
6
5
864
432
875
10752
7938
40
129024
21
1200
1152
123456786
123445125
6
122078979
378
123456509
121642389
0
9
8
72
1134
9
0
864
123456773
0
15552
123456787
0
123456774
8
672
72
123456773
64
4608
3240
13440
7
144
10584
2025
96
123456733
5
123456785
9
233280
12
405
30
315
123456213
102060
123335829
3
122948757
123456277
180
1944
9
162
32
7
123239061
336
8
1050
123452901
8
6
123456783
576
123456757
48
6
4
123453909
0
8
123456780
63
123456537
123456573
30
252
123456759
40824
245
2240
9
128
123456765
7
256
122880
8
9
4608
648
653184
9
567
24
123456573
1620
0
900
70560
240
113400
288
0
123446709
123455979
9
123456309
18
123456757
18
123454101
576
96
9
30
105675669
48
123456777
864
567
3888
1568
3
54
360000
504
144
1
405
2880
1008
32
72
8
5184
6
72
123391989
45360
14112
63
8
378
0
635040
123456786
42
123315669
123442965
1440
6
54
5
576
36
1
120599109
23328
81
768
45
8
7
6
5760
282240
960
180
560
5184
243
2
9
7
7
336
163296
28224
0
123452469
244944
123456787
63
7560
0
60
8
7
123456693
123455253
120576789
1344
3
123456754
10368
3240
134400
24
24
48
8
150
648
31360
0
128
504
1134
40
5
0
54
2058
72
7
126
756
123456141
49
2352
3
64
45360
36288
15120
123327189
2688
224
6
32
23040
121488489
64
72
40
6
72
384
9
24
3675
1024
123456733
648
8
36
6
91854
123456309
2688
18144
81
123456705
45
123456788
4
21
48
175
123447573
63
405
3
123451029
2520
1270080
68040
0
25
49
56
123456768
7
4
1512
75600
27
0
123456709
123456708
9
123456777
1960
864
280
63
840
61236
5760
25
20
245
9
32256
7776
7
10080
4032
36288
123456754
8
1658880
123456779
10080
441
392
4
810
8
448
58320
1
72
105
81
35721
123435621
1225
123456787
560
123456753
6
504
504
9
6
0
4
32
0
64
7
123454989
123456573
54
4
123456762
5
123447069
9
240
123456785
123456309
7560
9
158760
4
90
12
123408405
6
9
123456787
700
123456785
81
28
11520
2352
6
42
8
123456788
123445989
20412
123456446
70560
2
14112
12096
123358485
672
123295509
378
123456777
121851157
6
8748
0
123456781
9
4860
504
123456719
9
216
0
5
21
123442389
123456753
123456579
1
9
123456069
0
63
123456579
336
123184629
40320
7
123438869
72
3528
42
3528
5
72
174960
1440
72
192
4
16000
123456757
7
63
3
81
80
123456741
6912
4800
122842133
14
6
40
8
2
123456788
8
56
32
7
81
7560
576
122337045
512
675
47628
270
9
3528
210
123430869
150
0
23328
10
241920
0
288
5184
7
123449589
72
2592
0
123456788
1536
224
123451189
63
0
3
123456759
123456788
123456709
3
864
123451413
324
30
8
216
8
90
9
972
123454101
245
18
121707189
16
0
210
123456614
5
500
3
16
8
48
288
9
630
6000
9
123456759
12096
7
16
0
17280
123430869
9
324
123456787
1
35
3528
245
4
32
8
907200
72
24
4
0
1800
3200
1920
70
30
7
1512
9
0
0
1458
18816
448
1
9
8
0
9
123456747
8
1270080
80
0
0
3024
9
14
768
35
1008
1
40824
4032
8
0
126
123456780
6
63
9
6
123145749
34560
13230
2700
123455613
7
123442965
7
123456726
3
3240
140
0
123456705
123449733
180
120
0
8
448
96
600
233280
2250
0
4
48
3780
0
840
60
64
0
123456765
6804
45
36
2
123456744
4
0
12600
72
972
1
1
448
0
123456717
16
0
5103
122616981
123413589
216
8
2160
72
9
8640
121714965
1701
72
162
123442614
432
123456781
123431589
9
540
864
280
224
30
32
54
15552
135
123436209
7
6480
16
1440
2268
7
7
7
56
6
0
123448725
336
3136
16128
100
35
9
9
40
98
42336
14580
23814
1080
352800
480
15
123456249
729
7
320
9
18
0
54
6
168
4096
43200
3969
224
0
8
0
280
16
8
123456784
2
123456739
6
165888
36
392
0
8
64
123456573
256
127575
3456
54
240
5
8
5
0
405
3
1097600
10800
180
63
7
0
7
1890
2
6804
8
0
3402
864
7
123456782
36
752640
15
504
864
54432
1260
4
54
16
672
14400
9
112570389
10
12
6
123455589
576
48
1764
0
40
5880
7
3
7
6
1120
90
0
576
0
0
8100
72
81648
648
2
0
16128
123447573
432
49
54
123456509
36
0
7
123456762
123456783
960
1350
123440661
68040
27648
123456765
280
21
123456277
123166485
196
128
168
3240
162
240100
9408
8
8
6
3150
123456117
123456021
648
6
16
123456405
448
20
9
41472
123456249
16
1
2
123451029
1152
123456600
123456768
12
8
123456777
2
123455889
6804
5
56
9
8
150
28224
504
123451497
63
41472
0
15
123456744
9
2
30
180
123456781
3240
90
2940
64
67200
8232
1944
9
30
123453873
42
7
1176
123456785
7000
5400
7
123456783
5
123305589
540
1166400
63
15
144
54
123456733
280
3528
45360
7
56
56
8064
63
123456771
45
35
123452181
0
1
8
0
8
6
1
588
81
81
20160
123456784
252
8
123456759
9
324
432
123452949
1728
32
123456303
123295509
4
3
123456784
7840
123452757
0
90
0
123456786
2240
81
245
123456645
9
576
9
63
0
432
6
105
7680
360
54
7
0
24
20
3456
17280
123262389
20
120
2205
123453189
123456780
8
5832
123456768
123456033
9
196
54
9
2
9
36288
6
123456775
5
123456788
1944
840
4
123456786
143360
256
3
63
56
0
123456762
100
123456639
36
225
70
123456777
5
56
123456645
2352
72
10
123446421
7
123456783
54
567
0
123444882
128
35
123411429
123455613
7000
123340149
10800
10
0
5
60
28
9
6
3072
2430
11520
123456783
17496
200
54
648
8
16
3888
1323
0
360
123453261
7
160
588
27
144
0
54
336
0
1728
28800
2
512
1050
0
181440
64
123456788
112
3087
9
8
0
123456759
10080
168
1701
2
42
20
8
6804
108
123410709
8
123456779
6
119884689
36
70560
73728
10080
2058
6
56
5103
280
14
7
0
2835
9
23520
1666980
288
10800
7
156800
180
123455466
336
8
35
123456787
8
54432
5040
123449586
7
24
6
2520
8
3240
16
45
123456609
6
270
500
48
60
48
18
800
81
6
48
27
432
32
0
8
9
123456785
1440
81
160
2
123456765
8
0
7
80
8
756
28
123456782
120
72
30
540
72
28
9
48
123454389
150
30
123449013
0
0
5
3
45
75600
1440
768
96
35
16
63
123456579
6
108
123439293
3240
96
6
2688
6480
19440
0
595350
1
8232
1728
38400
6
784
105840
123456733
20160
123456757
123453909
7776
3528
163296
123333909
8
1008
5
5400
20160
4
34560
9
0
5760
108
3
4116
123456693
35
4
120
396900
42
27
9
6048
0
24192
525
32
123456786
4800
8
3
6
123453009
123445449
336
2592
25
7
24
1176
123456733
9
123456705
72
64
960
6
21
3888
5832
8
123455169
0
207360
392
648
81
1344
8
0
504
36288
123456762
45
544320
0
135
1
653184
27
56
256
0
190512
73728
8
45
18
18
3136
810
1728
2880
123456749
8
8
123443181
315
0
3024
4
7
256
30
1728
42
80
7
1
8
123456753
105
63
9
0
204120
21
72
72
123456788
0
405
10080
16
4
0
5
123456786
96
2
63
5
123456735
7
48
72
3
123419925
8
123229989
123456735
54432
7
9
648
2016
1008
392
180
0
45
123439149
243
6
4374
6
123456749
186624
24
6
9
123456384
123453261
12
60
18144
63
160
4
28800
256
123454437
0
8
90
123452949
1944
123456762
252
0
72
4050
1080
117578133
20480
324
378
20
123456765
9
7
432
42
123425685
123456753
3360
140
10
2268
9
27
12
33600
123069717
120
4
123456654
1440
336
30
5
2160
10800
90
8
5184
123456786
181440
123456654
123456785
18
5
16
714420
4
2352
3
252
81
30
252
7
1792
123033429
126
25
2400
81
24
486
123456761
8064
51840
5
0
0
504
40
4
8
2430
123456654
7
280
123456761
2
144
444528
48384
21
0
14336
28
30
123456783
225
56
9
9
21
6860
123388749
6
8064
48
0
270
3
9
64
49
7
315
1470
7
1134
123456446
7
5
6480
0
123456765
25920
6
123456764
1260
5832
8
5
40
0
360
432
1620
56
123372117
3
6
1890
3
1764
123366069
8
1120
126
9
0
4410
11612160
6
22680
123295509
648
7
3240
252
336
20
3780
1120
123455709
123456741
24
270
27
31104
123456757
5
6
7
27
2
0
0
49
270
15120
112
336
3
7
0
120
40
48
1470
123454773
21
0
0
71680
486
108864
123456744
0
0
20
0
35
72
2322432
0
2
9
504
576
123456303
420
224
84
16800
0
16
35
504
1344
12096
7
56
112
240
123456141
3072
441
4
6
155520
3
432
0
1890
336
123456749
9
121869189
4
24
34992
64
8
32
6
240
112
272160
336
4
40
123388749
504
3780
3
123455253
5376
123456744
12
49
40
0
8
640
9
123453909
40
6048
81
8
7
25600
793800
6
378
6
40
189
3840
1344
128
5
48
123456537
3456
2160
24
321489
42336
8
13230
123455214
64
6
896
7
2
4500
123456573
64
123456783
45
46656
6912
3840
8640
42
1152
123456753
123456762
18
123456788
2
423360
216
42
123362709
42
123455169
5040
27
5
60480
9
576
324
123440913
2304
123454197
35
81
1680
31752
90720
1200
36
6
420
123402114
8
0
123456357
588
9
123417909
8
123456726
123456786
13608
896
56
378
123456439
49
13608
52920
0
25
5832
40
48
21168
123456744
0
81
4
49
1944
6
72
0
123377409
72
0
8
5
126
123456069
8820
0
7
56
0
1440
8
1680
123456141
0
105
123447189
5
7680
36
105
27
504
4320
720
56
56
135
576
504
2025
42
4860
162
50
26460
2
63
2592
5
256
72
87808
72
360
6
123456669
72
648
7
123075765
9
6
5
63
123403869
1
7
7
735
7168
1
49
21
2
1176
54
288
36000
108
8
5
7
35
252
63
448
123456785
2268
217728
6
123456537
54
123456725
576
127008
0
50
56
240
79380
123456740
63
92160
441
9
7
3
123456785
123456537
123456753
1
123083541
96
123272469
8
180
81
1
10368
123456759
2688
123456565
1
123433269
72
72
123456781
145152
123456740
14
0
864
56
51200
0
640
160
12
15120
123393285
123421509
30
48
123433269
560
0
123456733
7
35721
54
117741429
1728
81
72
141120
7560
5
7056
0
0
1500282
54
123456495
8
90720
5
0
3
1680
81
5376
3
123456781
4
6
7
6
25200
571536
0
245
9
672
7
4
14
123456786
4
8
9
7
8
9
432
7
123456649
245
1458
4032
5511240
60
81
8
1536
3024
3
2700
0
30870
123456781
168
16
20160
441
6
5419008
84
90
40
12
64
9
315
840
123456777
336
0
17640
4
9
8
123343389
135
324
123420501
6
432
1
123456564
30
18
8
123456141
7
9
2592
0
3
108
8
169344
448
2
450
4900
756
3888
224
5
0
7
315
6
123456753
193536
1190700
162
9
123456783
64
9
27
123456787
9
144
0
392
1344
32
123456753
9
0
405
81
0
6
6
4
9
8
9
175616
0
123456681
7
63
18
1944
123449229
96
4
37800
252
9
72
123456783
36
7
489888
288
7290
504
9
77760
8
8
123455925
45
7
0
3
5
123249429
123456749
180
9
245
40
168
3
123456784
196
64
504
123456573
7
123456781
2612736
123456754
1920
170100
256
123443829
123456744
123456741
123456621
35
980
2
0
123456779
123456645
123456600
7200
8
0
18
9
96
0
13230
9072
123456775
0
0
12
216
2
160
12600
4
40
0
3360
1728
0
123456033
420
864
19440
123456693
27
72
162
5103
45
54
180
2560
49
0
45
54
123456621
6750
9
47040
24
648
0
0
7
0
216
9
123454629
48
3969
1344
3265920
224
120
189
0
72
1792
576
1008
0
8
720
75600
2592
8
9
336
6
378
175
72
165888
1049760
8
160
40824
189
123451605
504
102060
49
504
1050
23040
72
8
12
245
56
504
123456573
0
123456729
2
0
1620
123450741
1120
33600
123456775
123449229
8064
2
8640
123453549
123456753
8
96
0
90720
28224
4
504
5
240
63
1
15680
5
0
576
7
20
0
123456786
0
108
96
5184
48
9
123456788
3
72
108
8
3402
56
123456501
81
0
2268
3
63
4
3
81648
1260
7056
40824
144
36
84
315
30240
5
28
30
123456783
960
8
123456765
123456788
123455949
20
151200
746496
8
123067989
30
0
81
1800
5
123456741
3584
6804
123456783
0
210
30
35
9
0
24
0
9
9
8
0
5
0
8
16128
112026069
123456783
0
8
56
720
7
504
192
123456784
3
103680
777600
2880
16
123453765
123456663
175
123456681
7840
343
840
123456495
126
720
4536
2
672
1512
9
2205
22680
122756949
42
7
6
81
111132
120
17920
72
123456768
2560
27648
432
6
0
8
1920
0
0
8
14
285768
225
122762214
11760
0
24
7
640
7
27000
54432
735
1764
63
48
10080
0
441
122912469
123456771
7
123456761
648
972
0
26244
0
604800
18
6
0
123453429
5880
0
1200
0
13440
72
123449109
1469664
123456786
123424389
24
1680
123441237
4
123456357
112
7
1680
7
648
54
4
1440
60
4
0
123456773
45
123456761
123448389
0
172800
40
15
123456782
1568
123450957
36
40
25
81
288
6750
8
40
84
405
123456741
9
140
0
0
45
123391989
288
9
80640
9
1679616
6
648
0
6
419904
6
84
0
123456786
1
252
9
0
15
0
123456771
7
123456788
120
20
46656
4
81
960
3528
9
0
15
54
72
270
4
70
290304
5
24192
336
8
7056
50176
40320
48
2688
123456759
12600
123456699
123456693
2
21
840
3600
123456788
123366069
123456775
123456787
552960
0
20160
123455709
2160
2940
2
4
0
8
30
8
42
504
6
72
16
123456714
14
200
24
486
123452085
0
15552
24
104976
9
1152
27
123456754
49
35
5
104976
0
252
7
123427629
476280
7
123456749
6
672
200
7
108
6
1
123453333
123453765
5
504
432
81
3456
81
49
56
90
81
0
432
38880
81
9
504
2
21
42
567
123456357
31104
125
147
4
30
42
3
441
14
123456549
8100
1344
9
0
123456765
2880
123456229
196
1680
80
60480
1
5
72
6
110592
16200
0
4
3240
112
56
35
28
123456593
360
123456783
20
210
1296
3
8
3024
288
2160
9
81
40
29160
280
8
9
571536
288
96
288
1620
45
8
123415317
60480
0
123443181
5
105840
82944
48384
405
35280
153664
63
48
54
30
9216
1
5880
18
3
30240
5040
16
123456669
9
3048192
24
600
7
3600
15
123134229
120
34020
2400
882
81
729
8
317520
60000
63
2240
196
123456573
504
2
1296
6
0
480
9720
4032
24
3528
123384213
196
2
123456285
225
121123989
7
8
7
123456749
2
729
123456642
21504
1120
120
8
9
123455509
3675
8
123456782
48
123245109
113400
42
486
123456725
158760
4
12800
18
63
123456735
448
81
1
168
8
294
288
0
64
20160
0
9
11760
123392277
5760
336
17496
504
567
123348789
9
0
0
2646
123456754
5
252
21
1440
45
54
123456784
10
40
14
15
3456
123455025
5
123456741
144
2240
486
17640
123451413
9408
294
12
1568
32
567
9
6
5598720
630
21609
0
123456783
441
3
8
56
486
45
4
270
45
123454689
448
56
0
224
25515
2
144
36
2205
193536
9
0
123456708
18
16
7
123453765
2160
1080
7680
8
123446205
823200
3
63
0
360
4320
1512
96
193536
18
567
1260
8
6
1
16
9
0
32
123456753
6480
9
7
24
12
8
10976
4
315
8
0
7
576
81
123455709
72
252
4
192
8
123456786
486
40
4
0
162
123451029
123376149
630
160
0
123456774
9
1512
123456787
7
13608
123425037
768
45360
7
63
729
56
9
11520
8
629856
54
540
123255189
2520
252
8
72
0
4
2222640
123456749
42
123456787
4
560
112
49
35
123456783
320
180
9
3
9
5184
123456761
123456785
672
270
1440
56
0
8064
6
122640309
0
16
9
0
1920
123456781
8
960
1728
0
486
123456642
123456549
123433461
2520
0
123456784
0
123354389
9
123456783
0
4
6
2
123456589
192
24192
1440
35
144
252
630
315
16
22680
80
8
896
4320
7
3
216
0
23328
1024
63
0
288
225
4
270
5040
123456781
5
48
3
0
3
42
0
3360
6
20
14
7776
6
0
72
56
2
9
98
270
8
5832
960
23814
1152
3
123456717
123456786
80
123456761
0
0
6
3456
576
6
378
14400
6
162
432
123438645
384
123456775
123434109
28
36450
12
288
4
1
5
123455349
9
9
27648
4480
63
4032
40
108
5
567
27
5292
0
54
8
123329781
8
19440
1612800
7
54
0
5880
48
0
6
63
4
117650709
123456784
123021333
123452289
5880
123456629
48
9
378
8640
30
3584
9
123456786
7680
405
123327189
34560
45
0
3
9
123456725
48
48
48
21168
12
315
6
8
0
48
2240
9
16
123455709
30
96
24
216
6912
0
32
123456597
336
123042069
75
9
49
315
256
40
123455949
48
10752
8
864
9
32256
24
5040
378
32
1728
123456533
54
10935
20
1280
2048
27216
6
72
123408405
24
3360
306180
3
252
648
18816
48
21
123456749
36
0
35
123456677
64
18
123410133
123295509
21504
35
7
7
42
8
60
1920
6
77760
123456663
756
448
123455445
7
0
6
0
42
56
123451029
123455817
123455109
9
648
8
373248
9
6
123452820
18
2520
6
9720
123456509
14580
8
123218649
123456639
27000
9
672
864
729
8
6
2688
123456761
2450
49
486
3888
5
123456788
378
63
24
123456739
123455709
7560
0
5
903168
4032
123456201
48
0
0
392
12096
123456775
123456749
7
216
72
756
5
2
700
29160
123456784
8
123456693
5832
2880
123456783
432
35
52488
326592
28
8
123245109
0
18
7
0
18
7
16128
896
32
0
9
64
1344
72
8
2688
1176
123456786
45
217728
122266089
3024
5040
768
189
72
120
1323
123456213
1890
123456741
686
9450
24
30
122468949
40
15
8
123430869
9
6
112
8064
0
384
1620
210
72
160
8
7
40
123456784
9
576
5
576
72
123456781
6075
49
4410
123456773
123429573
8
123456609
18144
123456769
15680
8
2400
3456
20480
0
1764
0
27
123455445
112
324
12960
840
336
6
7560
8
84
0
21
18
48
123456788
53760
123456429
63
7
9
0
14
10
84
72
123211029
360
22680
6
64
123456747
0
31104
123436377
72
48
252
2592
360
27
123445029
10080
729
123366069
81
144
675
20736
20160
720
123444693
0
32
6
123456733
4
56
4
9
1296
8
0
56
123456285
63
9
123456780
8
123456747
0
123456749
6
9
0
24
3
105
1
5832
21
98
2646
63
4050
123456785
0
135
123456747
7
0
3240
0
504
147
441
123456537
123456733
123456733
5376
9
128625
9
294
6
1323
123456629
1536
4
0
123451929
0
5
5
2744
49
0
0
362880
5
48
123456544
123456749
480
122512005
2
123456788
144
122419989
123214869
86400
28
6804
896
0
39690
96
1889568
123456757
123433749
15680
6
64
56
162
270
123456411
54
122972949
3528
360
384
9
9
0
7
27783
3840
1152
0
3
28800
9
123456285
1296
1
2520
123456779
126
123456621
123098389
49
123455529
18
64
123456201
6480
576
252
0
4536
240100
4
540
1125
288
1500
7680
42
6
2520
525
140
123331349
216
4
5832
24
72
140
9
70
4
13824
63
7
1
3
6
72
72
9
1176
193536
27
72
0
18816
123456777
123456411
123456782
123456780
54
123456691
392
7
123456765
7
54
336
8100
18
8
252
5
0
123456771
5
56700
20736
0
5
2646
32
18
20736
7056
32
0
126
8
42
9
5
9
7
0
2
5670
120747285
123456785
123392789
48
7
123456005
7
9
7
123456744
2
1296
378
123456489
3888
32
48
18
1
123456773
9
81
54
32
6
9
123444693
12
5
72
123456677
54
36
4536
9
3402
48
123456757
12
56
2205
1323
10752
42
63
378
81648
123456753
8
123456141
288
72
40
63
42336
56
8400
192
0
144
63
7
6
123455781
7
9
6
0
648
4
36288
64
123456773
123456785
123456788
123456777
123456285
2
123456783
48
123456788
5
7
123454549
1960
12
1344
5
2835
48
9
28
9
567
3888
2240
9
46656
123456537
12
1890
1270080
8
0
6
12960
0
123456593
5292
108
20
105
123456787
405
240
123368589
8748
48
122938389
72
0
2
123139269
235200
0
16
9
72
123456429
0
4
5
216
63
9
0
0
123456782
144
15120
6
12544
216
128
3456
123449229
48
336
5
123455925
63
6300
6
0
123440661
123456786
8
6
2880
99452277
123456786
1260
0
5832
17496
36
0
2
933120
123259221
123453765
9
25515
64
252
0
2
6
123456785
123456691
81
123454437
1680
54
362880
4860
31752
567
123456708
360
123456384
192
123456213
302400
360
64
56
4032
420
5
8
0
7
6
72
122952789
123456735
7776
129024
123456303
9
8
63
0
7056
54
784
123456411
4704
5
240
45
3
11760
7
123455025
63
6
36
7
2304
16
63504
6
42
30
15309
8
4
54
13608
30
36
123456495
27
123456775
9
35
123456788
326592
40
31752
105840
7
70
123456777
123439509
8
5670
7560
40
1
5
192
62208
1134
336
123456771
