490
123456786
12
24192
123456788
45
5832
10752
56
24696
256
1632960
9
123456773
123456768
15
13440
600
29400
135
288
160
123456744
123214869
9
384
1260
32256
64
276480
216
123392277
3456
8
123456033
648
5376
8
6
729
1512
0
36
756
60
7
81
123456786
6
43218
19440
648
123456787
1587600
0
6
3
123456069
123434109
1728
630
576
8640
3
72576
72
10368
30
56
7
8
7
9
8
252
1512
123456749
9
123453009
6
36288
0
123456788
168
216
123456757
96
1440
9
370440
0
240
2352
136080
320
24
6300
123452253
7776
81
291600
1120
122627349
9
1008
45
24
0
2
210
15309
7
360
189
141120
288
18144
0
512
12
960
486
36
0
54
180
123435189
180
466560
35
7
180
123456733
123456726
8
26880
0
48
72
123456681
54
28
72
0
12
81
3
72
144
20
7
28
18
123456741
3087
1120
7
36
4
72
5
49
69120
576
210
30
6
9
20
25
123456735
0
8
6
32
392
122337045
12096
180
48
4860
63
320
0
6300
7
35
123255189
4704
123455445
1620
1372
142884
7
9
123456681
123456771
2880
123456775
3
8748
432
3
7
567
64
600
1792
24
27
288
640
5
45
441
81
64
54
216
90
5184
1470
244944
123456597
3456
9
123456783
123415965
896
442368
18
648
24
504
240
123456786
0
123456788
16128
5
0
123456725
1
0
6
6
123454629
63
896
180
42
441
6
3
54
1920
72576
33075
21
56
5760
123456775
63
11520
2
360
123449877
21
0
324
18
123373845
123455061
150
122150421
20
15
56
432
8
7
123456781
1088640
24
240
252
270
1512
123440661
24192
123456786
54
123456785
0
653184
256
9
320
35
20
18
373248
0
3
40
30
9
123456213
3
123449877
2880
108864
5
7
2880
123456781
24
2160
15
896
0
123456749
0
32
1
144
2592
6
8
144
20901888
9
960
896
336
11520
36
200
18
15
123456699
1260
2560
7
8
123456787
123443349
378
6
123456788
36
5
123456787
123456781
0
123456771
36
350
1440
2
784
123456579
384
2
135
9
123456780
144
8
123435789
72
432
153600
36
123456749
75
768
7
20
123409749
123456249
567
896
21168
9
96768
370440
6048
48
0
7
224
12
324
144
14
16
28
5
75600
25
25
870912
392
8
7
0
18144
24
105
0
224
123442453
9
6048
2304
123424533
8
100
123456787
2688
80
123442677
0
123455655
448
0
10368
5
24
123456782
64
9
123456765
20736
360
29400
123456784
640
72
210
63
6048
1680
96
45
8
90
123335829
123395553
0
56
123456089
0
127008
1008
864
72
6
7560
448
1
448
192
4
123442089
6
27
123456741
0
448
5
2744
123456788
63
6
5832
72
0
72
160
123456103
1008
8
2592
16
123456519
7
9
336
504
81
10
5
123444693
960
126
168
30240
64
123456786
72
432
864
24
0
6
0
2268
123456753
56
1134
123456465
5
288
1296
123456787
36
576
3
42
315
5292
123456474
225
672
5
9
2058
14
4
4608
7
0
9072
22680
9
0
28
56
27
30
18
16
123456782
123456783
2160
72
6615
112
0
123456783
384
7
72
28
567
2016
9
0
240
2016
4860
9450
10752
5
56
123456783
448
35
25
27
123399189
63
123456645
42
10584
123456784
7
123456784
123456786
8
252
216
576
1
123456741
57600
288
1
123456726
36
0
48
6
12
0
36
144
49
123453909
6300
15
64512
123429141
576
378
123394581
8
9
1680
216
25
0
175
9
56
8
123456788
8
45
30
123456741
224
123453144
72576
1
648
5
1524096
405
81
216
1440
240
648
72
8
240
8
36
6
11200
8
933120
288
64
120960
42
6480
56
27
35
63
32
45
123456761
123456627
432
288
32
36
288
6
7200
8
36
84
1152
24192
45
567
123451929
123451119
40824
123456786
123456777
5
5
9644670
7
432
45
378
123387669
63
123449621
72
123456785
3072
122345469
42
857304
3402
4032
120634389
9
0
3072
384
123456627
0
123448041
123435189
294912
420
121823829
32
7
2268
123454773
9
336
72
0
7
0
810
123449589
17280
123145749
864
0
123456777
216
2
2646
1620
9
200
210
9
72
2
114747669
9
123456709
77760
864
64
122472
17280
40
11340
451584
8400
7
7290
2
123456775
1260
6
1764
141120
432
1944
123455637
108
3
0
10080
40
123423189
0
96
72
122368149
123456537
36
126
35
35
12
8
5
648
18
9
24
123456753
42
72
103680
15
123456784
504
18
0
567
840
378
49
3
320
2430
119586069
8
600
123456785
9
9
108
0
56
123445029
0
123448389
6720
0
123456787
315
123433461
384
5
980
326592
30
8
49
9
729
8
1764
4
0
63
5
123456753
123454101
123453429
10
8
43008
240
907200
3645
180
648
21
504
168
9
1152
123456786
324
8
1764
1764
7
6
280
0
123456786
9
320
123456691
123456788
72
12
480
7
7
960
16
162
81
1
1800
4
466560
49
123456779
123456781
8
196
123456788
56
54
7
3
9
2592
4
9
123454539
123456781
3528
2688
8
1500
123452309
5
8
123447717
123456781
8
583200
384
16
1008
123451929
42
2016
40
9
4939200
9
0
8
840
5
320
123218649
4
56
378
81
6
9
56
1296
5184
1
5
12288
123456726
20160
270
54
0
126
9
1512
123456788
123455949
36
750141
0
9
4
123456495
63
123456705
8
3888
1536
112
57600
4
225
432
123033429
567
79380
123456341
75264
8
252
123134229
600
0
1620
48
5832
140
7
123454789
72
504
56
9
123456787
1152
16
123456779
27648
24
9
0
21168
123456788
8
113134869
123456787
9
72
6
0
105
0
1568
0
9
48
40824
9
2400
123441237
48
123455169
123456785
0
123456785
123456609
123456788
560
5
72
42
8
6
40320
123456762
28
241920
1536
6
1512
0
0
576
63000
123454989
2
28224
9
360
8
4032
3
7
32
5
72
7
1134
123455189
6
0
3645
1260
0
45
1693440
23328
864
5292
1
123456733
340200
9
3
42
42
1
1620
15360
63
112
12600
405
54
123456787
540
6
62208
123454269
11025
6
123456785
123456786
9
2
7
11340
56
14
5
123455331
123456771
24
0
45
123456771
68040
18
123456669
3024
2592
0
123455979
324
27
8
320
0
972
123456739
7
11520
2
0
6
15552
2
9
8
40
288
288
0
123456741
42
20160
32256
64
360
288
72
432
30
324
81
0
56
0
6
63
40320
66150
4860
0
2940
144
123230997
123373845
0
5
42
54
123456786
30
28
360
8640
123456786
672
8
24
67200
8
67200
56
3456
123456788
3888
7
1792
123434109
8640
216
136080
9
1680
5
9
6
13824
4
6
123456681
2160
648
123456501
768
72
123456765
123456769
30
7
7
147456
36
0
56
10
113400
56
15
45360
4536
2304
1400
0
122166549
270
1323
72576
32
504
2916
9
336
10
1200
123456735
756
270
252
123456303
48
648
13824
5
140
30
1134
30
2304
720
0
123370389
7
123456735
108
12
9
48
148176
8
700
9
8
18900
252
4
160
6
8
432
120
32
0
0
6
63504
504
140
56
123456501
2
336
12
123456780
7
3780
6480
8
25515
3528
35
192
123455277
162
150
1440
24
123453639
9
54
252
3024
256
45
30
0
24
0
72576
123341589
40
648
38880
123447969
315
2016
123456699
123453873
48
48
2016
40
123456741
112
1792
0
123275349
64
123456033
123424389
36
360
1344
36
216
72
123441669
324
2646
8
5120
0
252
24
21504
9
168
432
123456465
123455349
4320
27
168
54
10
9
6
1125
54
45360
384
21600
252
252
3
72
0
0
35
123456785
80
123456771
9
378
128
0
123456749
123456787
7
123075765
6720
9216
1890
2160
9
1764
123452949
72
48384
34992
7938
16
123456783
320
40
123449789
8
72
3136
40
5120
378
8
0
360
23040
123456141
1296
1176
3645
32
30240
63
123456783
2
2016
24
56
19200
21
12
122984397
123456249
123456786
108
12544
30
0
8
8400
123305589
2352
72576
81
120
648
96
123355989
63
12
48384
567
13230
3
0
123411429
7
448000
63
123275349
1890
0
123456785
3
7
175
40
0
7
0
0
18
0
29160
123456784
27
4
49
16
123456709
123456717
384
144
34020
0
20
123456519
54
24192
1680
123456764
3
4608
22680
144
216
123456735
123361533
123456741
42
123456744
8
63
336
18144
80
1225
20
2400
4608
8064
42336
24
24
60
648
123456761
123456788
42
123456735
21
54
245
756
0
3
35
8000
1800
6
144
3024
10240
8
63
648
9
42
9
123448725
45
5
7
144
0
56
123420339
48
17640
280
448
84
123422769
96
180
123456339
504
45
0
58320
0
140
0
8
123240789
3888
840
0
9
26460
1080
0
315000
123456788
123456669
7
8
6
8
123456779
7
123456757
160
9
0
123456781
1
240
960
24
123280389
123456787
0
20412
576
448
1
123440661
245
0
123456699
288
18
123446037
2160
31752
6
1890
1728
54
5
8960
0
5
6
3888
448
108
123176853
123438645
123456753
7350
0
123456285
42
122080533
6
72
576
9
12
315
54
0
123391989
36
81
435456
123456783
123435189
576
64
5
21
2688
40
4
504
8
108
36
63
123456787
123456783
123456787
4
420
8820
0
7
215040
21
48
1400
8
144
612360
252
40
123456759
25
123456765
0
144
4
6
2
9
2688
9
70
123456739
1728
0
35
9
0
123440661
123435189
23328
8
162
5
36
0
1296
17010
123455445
360
123335289
2
44800
123456753
0
192
72
108
6
123455709
1400
3136
0
56
1200
0
4
9
392
378
123455445
54
8
9
576
3456
64
4
0
123421509
4032
54
31104
512
30240
2240
9
3528
1568
1960
9
123456759
62208
7
252
210
123456069
123456405
8
2
630
123454764
32
9
123456788
123456717
35
123456753
125
5715360
84
108000
210
14
3969
123456782
81
40
9
4032
31360
8
280
1008
63
3969
180
5
20
72
9
7
4
252
123083541
7
27648
8
18
1764
123456021
441
123456693
12
36
5
12
24
54
24
6
64
9600
336
5
45
576
8
8
127575
48
63
5
1
123456788
40
1451520
45
2
630
123456787
1890
123452469
3
5
6
7840
105
5
123456749
8
0
72
225
18432
123456769
42
672
233280
30
320
0
46080
0
48
5760
123456021
18
123456663
900
48
24
63
210
108864
123456519
1920
20
6
77760
3600
0
147
12
9
9
7
405
123456741
2646
193536
47040
40
82944
15552
31104
108
21
123394581
4536
280
3000
200
4200
6
250
2688
0
216
5
123456726
3136
10125
6
160
2268
216
123456759
0
4
123456783
64
30240
0
72
81
5184
72
280
147
32
9
123456709
63
480
8575
123455925
7
18522
1296
40
72
512
8
6
9
72
11760
123456357
54
3456
42
5184
119257749
8
123455829
56
30
123456777
224
54
123456785
2
336
45
35
3
123406389
123456779
294
123245109
9
540
24
800
0
1152
49
56
224
72
9
36
9720
48
151200
36
6
28
14
3528
508032
0
1296
28800
56
0
300
8
900
9
27
123429909
9
1
123454485
123456341
122212629
3087
123452757
576
103680
36
8
96
8
123448597
126
392
288
123456726
43008
72
211680
67200
6
63
504
123456519
28224
123456784
1620
47040
4032
72
123456781
123456771
441
280
10080
25200
360
9
210
378
378
7
123456609
123456785
12
123456677
123456549
2
56
123456069
5
0
138240
63
0
0
1
8640
56
720
806400
0
5
56
63504
123456781
9
56
45
123456069
1080
0
180
4
40
123456642
123456786
13608
56
5292
0
320
14
168
8
7
9
123456744
1728
8
32256
64
123456747
392
5
6
576
0
2880
512
384
432
252
5
69984
200
1296
37632
3
123455789
72
1008
123455844
1728
9
324
123456501
392
36
3
8
1680
1440
54
168
9
320
72
2257920
123456159
9
2520
132300
6
6
240
123456787
49
30
123456762
9
1080
4
46080
18
20
3402
256
123452085
5
31104
0
123456771
144
112
123451413
7
336
8
28
9
49
10
9
81
486
36
107520
729
64
40
119724309
6
5184
9
3888
4800
9
123456708
54
5
107520
24
1120
127008
24
1728
45
0
144
144
9
75
9
7560
384
113400
864
20
90
31752
0
18
0
8
81
123449229
540
81
0
36
9
1470
0
24192
7
5
432
56
42
2
40
6615
0
8
4032
648
123455529
123451413
63
123401493
14
52920
56
2
35
1440
0
9
6
9072
0
0
336
1920
311040
1080
840
4032
9
225
63
5
40320
80640
504
123456753
2
8
2205
4320
7200
9072
6912
35
123456717
72
123455493
32256
75600
8
3456
2100
123456780
123174549
875
441
1680
13440
22400
1260
123456788
3
7
1008
26880
405
168
13440
56
9
123455509
56
13440
1008
123456677
20
48
45
1344
252
1944
0
7
123456725
480
8640
113400
10584
36
20736
392
12
72
123398469
5184
45
0
24192
123454773
7
123456783
504
735
294
48
9
5
123456549
336
30
9
200
1890
1270080
48
7
42
0
123453717
123452414
24
210
2
64
1440
252
81
32
11340
123456411
123455949
123456782
378000
9
288
0
3110400
128
0
600
9
648
160
123429573
7
441
25
8
123456781
123456787
8
120
63
5376
5832
672
56
24
6
56
63
0
2
63
35
2520
8
648
448
5
729
123422769
9
0
1944
40
123426069
1
56
2520
216
144
81
8
576
4320
294
123048549
55296
448
5
864
5
8
2352
5
15
9
2
24
6
7938
4
7
123456663
648
4
8960
2592
27
45
123456788
123456741
1
252
360
1120
49
0
81
123456765
600
0
31752
0
18
123456787
56
45360
4
123436629
30
123456717
123456765
12
54
0
36750
123255189
0
7
840
28
123456784
6
96
0
1944
2
875
120
0
56
192
72
123456609
0
123456726
0
3456
54
648
64
441
1
36
123456781
81
9
15
0
92160
123456726
27
28
280
2058
63
270
123455277
224
64
21600
81
7
123456159
56
1134
123456765
226800
48
5
123456785
72
28
24192
118480149
180
405
588
504
9
6
240
123456771
28
15552
7
480
90
336
9
123456069
123456786
36
123456788
6
21
9
23328
144
7
2646
1134
160
40
123451389
0
1512
123454549
8
123456771
8
504
600
123249429
4900
63
12
123456735
1792
3
17640
432
9
720
56448
64
2016
168
1
123455061
2
0
123456733
27
9
96
128
0
123067989
56
54
2352
8
24
6912
10752
9
27
1470
0
0
0
72
2560
123439989
10
240
7
35
0
123455669
49
11340
80640
6
1568
123422229
1344
2430
14400
1280
1536
21
84
5
2592
123456609
6
6
280
31104
168
864
31104
3
48
3
336
98
9408
123005205
1260
4320
12960
864
0
8
980
1080
6
69120
280
32256
160
720
2304
56
0
165888
123456693
1728
27
6
9
123456725
123404949
3
120
123456765
8
7
9
123453717
9
6
1728
9
63000
123447189
123456785
48
4
9800
4
123456784
45360
3528
9
1620
768
360
18144
2
48
64
63
63
1536
0
10080
10080
3
576
0
8
123456777
1512
9
9
0
0
6
9
756
8
123456669
32
0
7
63
27
123456741
6
270
9
336
123267789
123456783
148176
42
1296
40
4320
200
9
1
486
19200
4608
486
2688
5
0
123456783
441
123456788
6
112896
18
123456782
5
9
155520
46656
35
4200
9
9
5
224
567
123456780
123456788
552960
123456779
8
1
0
3456
44800
28
46656
0
30
7
123456768
648
42
1296
123456754
2
7
9
123207957
0
16
123456759
123454773
45
504
9
14
63
5832
2058
6
6
6
48
252
54
1080
3584
56
126
8
480
360
123456785
9
165888
3
276480
216
3
486
8
3528
8
6561
7
123442677
567
32
16
5
48
123430869
5040
35
8
648
21
16
324
45
28
7
7
4
0
17010
28
72
672
116821269
5
7
12096
441
8
72
49
8
64
123434109
2592
2268
270
64
0
123455655
10584
5
123456429
384
2
24
672
8
2592
0
18900
600
72
14112
7500
10368
4
105840
9
6804
622080
576
72
35
123456729
216
123456537
63
123295509
2
504
123455637
0
18144
163296
0
0
5292
4536
196
123456769
6
63
5
192
9
123456741
162
1296
144
288
64
12
360
32
9
40320
1575
123450957
0
45
8
0
900
42
7
123456783
31104
7
123456709
420
480
20736
36
123452469
378
1792
576
42
320
0
54
123456769
123455349
8
81
3888
2688
36
75
9
1620
123451389
5
2
54
196830
6
42
27
14
0
40
36
2240
294
15
324
72
48
1161216
7
7
123446709
123455061
0
24500
198450
12
1800
0
123386805
123453653
5040
7
125
9
121650453
116640
0
600
123456787
63
12
18
315
0
24
1440
123456159
16
40
4
28
7
123456726
3675
2187
2835
9
6
3
3
392
72
4860
324
123456645
120
123455214
217728
18
8
7
8
1890
504
7776
123456771
0
102060
8
0
72
32
123456757
2450
378
1176
3600
6
123456787
9
441
5292
5376
6
123429573
4
123456765
3402
288
24
0
31104
0
432
4050
63
20160
7
122700789
252
5
1029
64
165888
3
180
8
123456788
21
42
93312
11340
8
8
784
2520
378
0
147000
123340149
15
580608
4536
3
0
35
123178959
280
123416469
123456787
240
8
12
13824
7
123456489
4
48
360
123456735
0
6048
63
4608
49
24
36
123042069
123456753
9
0
21
7
72
123456785
576
48
123456771
29160
6
6
6
40
0
54
225792
7
145800
41472
45
123455844
120408597
155520
864
63
64
49
123456693
3
4200
432
9
8
123455253
9
123456786
0
56
16
3
15876
20736
5376
0
0
2
5
288
123395049
48
123320709
0
2
8
0
81
2016
123456600
8
64
10
98784
64
21
11664
123456593
20
210
30
512
9
63
36
128
123456621
123456781
9
2
9
123456773
32
32
89600
392
1080
123456761
864
0
725760
0
3
1
280
11520
1548288
30
35280
123456786
48
49
9
2
360
123456741
2571912
123456429
4
0
81
5
216
6912
896
123456309
0
10584
2520
8
48600
432
123456717
34020
5
9
72
945
1
123456677
8
9
48
63
8
0
1350
1008
64
7056
258048
3402
123456777
56
126
5
42
756
42
58320
90
9
72
7
405
1920
5878656
486
0
0
16
448
40
8
6
96
7560
252
11664
9
14175
0
163296
108864
1728
4
567
14
64
1680
448
123354729
40
72
75264
35
8640
0
432
5
123455709
12
8
4
5
123456783
2880
7
3
142884
13824
2
123453549
24
10
8
123456765
25
40
0
6
123443181
123456765
8
36
8
8
1008
123456741
448
1512
96
81
15
7
24
14
9
123456781
240
103680
0
7
72
123456729
1701
40
123456469
123456785
16
123456384
123451539
774144
384
27
123456787
5
35
123363477
0
0
36
123456787
8
384
168
20
4704
2268
11664
4
9
123456784
70560
1225
123456783
1058400
2744
4032
72
55296
48
378
0
0
6
72000
28800
1680
1512
252
300
8640
123381525
9
2240
24
5
16
6
1890
0
123456769
81
123456773
123382701
123456753
12096
12
2016
6
7560
7
280
486
123456429
11520
729
5
9
1260
123456788
3810240
72
135
123437589
9
486
405
3072
320
25
8
72
63
0
672
63
6912
12096
8
27
504
0
21
600
25
6
35
204120
0
56
108
8
2268
123456780
864
243
123456708
123456411
1728
8
123456733
1
8
25515
248832
3
8
162
21504
4
672
8
123334317
8
270
18522
3087
336
81
123456786
8
123456699
8
240
1
72
252
432
0
544320
2800
7
729
1960
123456089
123455349
3200
72
40
7
5
4
27
189000
9
63
9
2240
72
48
0
98
35
81
4536
123214869
3
48
63
0
729
2205
7
756
123456783
192
2000376
15
768
64
240
63
0
123154389
6
9
0
6
3
123456784
22050
1080
280
525
112
40
8
28
9
82944
81
56
12
123455493
123456537
7
1
123456761
63
560
8
3528
64
119374389
432
0
2268
0
432
56
972
30
0
35
123456740
18
9
5
2
63
0
96768
0
315
56
6
504
0
42
123456780
504
405
82944
420
0
40
6
123456573
0
8
979776
768
5103
320
2520
123456735
5
196
6
8
864
1080
72
450
282240
272160
123444693
72
270
5
8
480
80
0
63504
123453189
768
4
1512
784
126
45
7
16
7
20
567
7
14
8
7
2880
2058
123456771
0
1400
99225
5376
1152
49
8
122160789
2250
105
6
123456645
128
126
123452469
190512
123456677
60
120844053
123456784
6
4536
9
18
123456783
6
5
1344
35
567
54
432
6
8
48
40
54
6
0
42
9
120712789
192
4
8
123456693
18
2160
9
90
123456699
1440
8
97200
256
123456773
24
3136
9
123456740
9
9
123455817
48
122751189
4
980
123456773
140
123456765
9
45
0
0
127008
1080
20736
1143072
3
168
0
123456754
6
123456782
3402
9
0
123455925
1
4
4800
0
9
6912
3
5
123422229
0
87808
0
129600
96
432
123456788
270
72
6
1120
9
100
0
27
2016
123456781
15
123456777
2016
12096
142884
1
1120
6
123453909
7
60
120
0
13440
756
11760
200
9
123305589
35
123456645
576
210
0
56
8
648
0
123456788
864
192
384
112
315
108864
960
17640
123452309
0
540
40
512
6
4
5670
42
72
3920
56
28
123455781
123456777
1
48
123456781
4800
7
0
8
123456785
3
54
0
64
2592
540
8
48
3240
1260
0
56
56
123456769
1296
5
123456781
0
9
123456787
123439989
54
12
8
123456213
123456725
40
126
54
1008
72
23328
21168
1008
64
9
123454229
588
2916
2
0
123451605
64
123447069
32256
5184
72
9
123456229
315
9
40
48
7
6
3456
123456729
123454584
6
7
0
1728
123456785
0
7
9
5
8
5
123456779
2268
9
63
280
120
117529749
3024
123456773
336
6
20736
0
123456740
123456771
360
81
4
315
432
123456747
288
45
0
4
15
9
1620
63
123456784
240
9
1008
7
56
48
0
756
1728
10
9
123454197
56
9
96
18
35
72
56
189
0
6
7
0
8
123434109
81
3024
450
64
81
123456775
5
8
8
0
48
8
768
5
113400
0
56
155520
25
21504
100
2304
243
162
8
123456389
420
315
280
0
216
18
49
122337045
72
0
123456788
9
123456747
2880
90
84
7680
30
35
123454269
0
123456782
9
3920
48
123389589
1728
3528
21168
13063680
24
2304
84672
84
16
123456453
0
1080
2
81648
9
8
81
2880
6
576
144
56
120
48
6480
0
123455709
9
5
10
1568
168
3
12000
28
2
123456741
0
12
600
12096
123372117
14
0
0
0
5184
190512
140
30240
54
35
123456735
45
24
89600
7
7
378
225
18
7
315
123456609
1
40
98784
3600
123456729
392
7
108
21504
432
3
12096
28
9
896
20412
0
38880
81
592704
8820
1960
64
96
165888
123456771
1728
7
72
123456786
123456681
0
32
140
123456495
81
40
48
54
36
42
13230
18
392
123452757
56
123454197
123456725
12348
648
36
2
25920
9
123239061
0
9
9
540
123353109
8
6
576
123255189
4536
123429909
9
123453009
2
18
35
56
256
216
635040
6
10
123218649
54
36
3888
72
168
7560
210
6
432
2
123456735
123456735
8
0
864
123454101
30
3
5400
123456747
270
4536
252
0
810
1080
9
9
8
32256
46656
14
0
0
56
0
15360
123454869
1296
5103
6
635040
1512
6
96
72
405
0
9
224
72
24
1890
123456285
45
123456786
123456495
35
360
0
20
24
8
270
144
9
0
72
1323
0
6
8
6
16
5
7560
123456429
189
0
6912
123456782
120
6912
8
122456601
16
1008
3
123455907
882
123456771
42
7
9072
225
756
27216
31104
9216
8
9
0
3780
49
8
28
5
6000
56
96
18
20
5
504
63
252
9
0
6
24
360
0
123456565
35
192
1260
12
84
56
9
6
448
126
216
6
896
0
1296
3
9
3888
7
441
12
81
486
42
9
7
32
9
2304
20736
24
123456784
64
336
123456629
123454899
9450
10
25
4
8
9
280
630
18144
81
432
123456609
3
3
72
123451989
224
1296
28800
0
135
5670
0
810
189
1080
27
56
123453954
28
4
123362709
3
0
72
432
784
45
8
0
15552
40320
11760
302400
0
0
5
123456726
9720
15
4
123456777
123456489
54
5376
1344
123456769
8
120
63
81
72
0
123456735
123438645
18144
504
123329781
4
504
600
123456754
123456621
5
40
24
9
0
1944
72
4
324
162
4
1088640
20
30
9
1152
5
0
7
52488
3
648
9
58320
25920
280
9
40
5
0
35
7
5184
120
82320
699840
123453429
123443349
72
5
1
96
0
720
27440
13608
123456621
72
0
360
567
123456787
1728
21
123446421
729
12
56
0
35
64
123456465
60480
360
15680
123435285
30
40
8
504
7776
7200
3240
123456740
123440589
72
12
36
123456753
123456757
1
123083541
123454899
768
4
245
840
0
5
64
72
5
9
18
5
123456759
12
8
882
336
8
270
384
25
123373845
210
42
72
123456749
54
324
32
123456781
56
72
54
252
32
72
864
20160
63
11664
123454045
8
5376
123447573
123416469
123456411
123456753
40824
10368
49
80
6
63
140
1200
504
4
5832
48384
8
9
81
1741824
9
123450645
0
36
0
8
315
123411429
3
1080
0
280
28
54
144
9
26880
90
4116
10368
504000
123455319
270
123446037
48
24
1568
56
6
123456780
36
4741632
128
9
30240
3888
54
14112
123456788
112
56
360
0
5
392
123456753
8
168
123341589
4
0
123017749
7
9
8
123454101
123456749
7
123456777
123456705
123456785
36
2430
9
9
55296
12
6144
23328
42
441
63
25
4
0
12
8
72
224
8
8
54
1728
420
24
174960
0
123456768
2688
123275349
25
123448389
432
6
0
6
72
9
60
3675
123456629
40
123456357
1152
980
48
6144
8
123456771
6
4536
1080
49
70
120
6
0
63
0
45
1
360
80
8
45
0
7
35
8
27
1440
175
4
63
56
7
81
5
123456781
0
160
6
161280
2688
123456749
123456699
193536
432
123456787
5
123456749
0
18
121823829
9
36
2240
2352
123456783
123456788
123441669
72
1050
123456785
648
6
72
0
270
378
18144
24
294
24
0
36
7
5
392
40824
127008
2
0
123456788
180
16
0
245
0
123456785
123456744
56
123456749
121007349
0
2058
840
123456708
864
9
123456759
72
123456787
123373845
2520
45
63
123439293
72
18
725760
0
32
123449013
0
5
19440
42
567
123453333
64
10
123456684
123456741
180
42
8
123456725
392
381024
48
1399680
123456339
45
0
0
45
123456769
0
123456783
16200
6
36
122704149
1200
3024
9
100800
5832
108
9600
123456762
12
16
967680
42
56
0
2
192
2520
8
126
23040
60
123480
123456787
84
54
144
64
123456786
48
8
72
38880
9
6912
6
64
12
280
9
36288
315
22680
123454269
123456785
20160
123391989
22680
123456788
8
123456787
123456765
42
480
5625
3
7
12960
320
9
123444693
144
123456681
630
1296
405
1
123456788
31500
2160
0
122424597
1568
122337045
123456771
9450
8
144
123456213
72
30
54
123456753
480
32
9072
24
3136
123383889
0
5
196
123456787
160
27
9
0
3024
123454229
243
252
48
15
122873589
810
36
50
7
123456765
8
360
3584
64800
540
7
63
1458
326592
123454359
7
123347925
123447789
123456705
70560
10368
63
12600
123456639
81
4
123456509
35
9
1225
2
240
21
6
123456357
121134357
0
123456774
56
1344
30
0
25920
280
40
9
0
648
45
9
72
9
9
123456771
7
486
18
9
123456783
15
4
9
123451605
210
729
42
7200
288
123456749
25
108
123403869
11520
280
280
3087
320
123456784
24
540
3
200
10
6
123456788
123451989
270
5760
64
0
0
6
8
1080
282240
9
6
0
0
1944
123456785
4
72
4
1890
123456787
123456733
123456069
36
6
96040
0
3
0
0
48
4
72
324
123442677
27216
768
123441669
9
123456788
123456771
3969
4
36
172800
0
123083541
123456765
240
0
72
504
63
7
123456777
14336
294
4
6
0
9
135
9
2
9
320
123456753
122606289
3528
0
7
3240
324
441
960
4
320
0
0
1575
122640309
98
1
123456747
28800
3
123456726
10
3456
8
123456645
6
123455709
20
7
144
32
7
15120
123456693
147456
45
13230
16128
8
6720
180
70560
15
4
64
315
27783
7
200
123453717
123456747
7
1
7
432
15120
3024
35
7
336
123456773
123295509
56
123456785
9
15876
302400
0
8
123450309
3888
123456788
0
270
123456429
211680
189
0
0
1792
0
0
5
36
288
1944
8
48
108
6
123454089
72
14
7
9
18144
864
123456788
123456509
7
4
441
216
0
12096
7
123449877
8
0
6912
30
90
21
1008
8
8
18522
7056
336
12
800
9
324
3780
2205
98
7
112896
128
576
2592
155520
15552
108
3456
54
2880
9
81
0
6
60
0
123005205
122005269
2916
0
122927589
12096
63
0
3
8
105840
123455655
64
123456446
145800
123456661
18
123456649
56
40
972
320
0
0
5
6
7056
362880
12096
19440
2688
2
2250
123455169
63
123456788
123456725
2
7
0
123456749
2
123456784
9072
16128
123438789
6
30
4
0
0
0
123456537
9
2160
4
756
40
420
84672
1152
123433749
5
3024
123454629
9
123456773
216
123421797
1575
30618
120
486
123456787
123456544
1575
567
240
8
7
576
2688
3
24
45
123444501
30
123456645
567
252
196
40
1
24
60
8
1296
9
3
7
8
123454741
441
16
32
9
8
0
7
123456783
11520
576
49
25
540
36
15
56700
7
19845
0
16
4032
326592
2268
123456786
252
123453429
12096
8
9
64
144
0
123455109
0
2
2880
3024
4
72
36
0
63
123456787
123456777
162
0
252
2688
7
40
6
63
123456785
123384213
123447829
174960
8
123456786
9
5
114883749
0
45
4
2352
3456
504
0
2048
1512
123456689
5
123456621
150
6
123456729
12
497664
123456693
7
0
123456786
24
7938
54
7
3
1944
3
300
40
54
896
6
5040
9
120
5
0
0
288
6
4
560
14112
18522
9
4536
7
48600
17010
81
49
7
6048
7
123385109
175
54
7
3780
8
123230997
128
1050
123455979
336
9216
123367189
123456774
336
8
0
720
81
3
72
162
17640
84672
3
56
27
63
7
123456757
0
1944
123432597
320
0
4
123221589
0
128
504
1944
5
40
4
160
123456159
1512
3888
9
123454845
768
3528
72
8064
3136
5
49
123455277
8
90720
28
648
150
486
24
123456621
72
8
8
7
243
123456544
270
64
123456741
63
448
63
10752
123456783
180
1152
3000
33600
56448
8
9
6
2520
720
3360
36
2880
36000
5040
8
180
3
3600
24
0
0
14
980
4536
72
123437349
0
123454269
0
96
7560
320
82944
3920
567
9
7
0
3
5
17640
0
6
5184
56
54
123456773
123402357
120960
123456780
54
42
0
14580
9
72
123456785
123456213
0
9
9
17640
0
126
64
18
160
123456786
2
7
0
15
4
4860
1512
1
280
36
336
34560
5
14112
896
9
108
729
756
4
8
0
500
123456597
9408
4
13440
6
9
64
8
200
123456717
9
123456661
7
248832
123384213
14175
224
2835
8
48
3780
5760
1260
0
432
49
9
0
224
6
7
120
9
18
13720
0
0
90720
30
8640
7
6
123456339
20
14580
358400
98
6
123456781
336
8
225
121908501
1
6
56448
9
108
144
1512
40
15
123456784
4
392
123456597
729
2
2100
2880
8
7168
3
320
123456757
448
2016
6
7680
72
576
1470
123397989
123456787
8
9
3240
17280
9
882
1344
36864
9
42
2
123456784
123456533
280
36
280
8820
12
24
0
0
8
81648
63
123456733
0
123456747
72
8
504
6
378
6048
291600
18
6
123446709
4
20736
2268
162
10
9
160
2880
360
123454485
2016
12
5292
0
9
98
123434109
123456453
0
96768
30
81
123456474
0
123456787
5
54
123439509
1176
2940
24
320
2400
123456773
23814
12150
123456627
432
4
2940
123456788
450
21
123456761
7
25200
17640
240
1161216
12096
10500
20
7
5
5
1296
48384
18
72
11664
100
1512
120960
123445269
240
8
0
1458
4032
0
0
8
648
40
34992
81
14
768
123456775
6
9
3780
64800
150
112
224
122808789
0
49
0
123456785
1440
123456465
123456740
486
168
7
9
7
252
5
14336
225
7
168
6272
4
108
450
525
42
123456773
6
123456777
4
189
441
123417909
0
24
144
7
882
0
576
324
123456787
432
20
504
7
189
9
8
4
42
576
6
504
9
48
5
8
168
7
123456777
0
0
7056
123456397
48
64
81
6
466560
8
72
64
61236
2
1296
6804
0
7350
140
0
72
2430
108
2688
12096
2016
324
3
1120
360
0
2352
0
567
4
123456782
4
0
7680
123456786
324
7
0
72
123455669
180
123456693
9
123451389
72
240
3
192
8
5
5184
20412
7
7
2
2
7776
123456579
123403029
123456597
0
123366069
635040
16200
72
63
15
0
36
123429349
24
1890
9
72
7
3
123447717
211680
720
49
10752
432
1200
8
36
6480
82944
28
37044
8
7
123404949
504
0
40
123452181
63
181440
162
8820
56
0
7
123456783
12
1152
123456708
12800
5
4
5040
4
7
6
240
2016
123456773
10584
9
4320
0
28
216
123456661
123456749
0
168
123428565
123454629
122440725
15
54
123456749
123456777
3
17496
123456784
7
0
10080
123456788
56
105
123456787
0
123439509
123480
6
5670
123456429
49
123402357
324
6
3
123456709
123456771
384
8
4800
1620
4
63
36
252
123456779
4
20
1728
1050
48
14
123456780
258048
123456759
279936
123456397
168
0
6
9
60
648
120
0
0
2688
9
6
3
6
0
2
123429789
64512
252
7
700
3
9
56
63
25
5
280
6
9
7
48
24
123456509
336
0
1400
123268629
7
21168
392
0
300
336
320
9
168
42336
288
3
4608
5040
120
64
8
3150
560
3024
691200
0
123456733
72
23328
42
10450944
6
84672
0
81
0
0
72
3888
34992
6
35
168
120
126
123456762
30
123451497
81
567
54
4
12
123456717
1152
123438267
40960
3240
15552
72576
3456
30
72
28
8
123456787
245
0
600
122896917
9
72
123456639
80
123455109
64512
8
4536
286720
864
123455889
7350
0
4
0
56
96768
123456021
140
20
6
280
362880
0
17500
4
140
123456786
6
567
72576
0
9720
378
123381189
48
121521429
384
123456669
24
504
1
648
56
0
5
1200
8
123454089
648
123456609
1296
90
4608
63
123456782
49
123456765
24
672
112
5
52488
7
6480
2
9
4
320
16
7
8
288
123456429
72
81
3888
18
6
123449985
0
40
640
396900
6
27
80640
54
9
117650709
4
122472
49
40
123456784
123456735
123456741
216
48
324000
8
122721957
60480
9
6
6
30618
45
48
750
90720
8
63
123456788
6
6720
6
37800
1134
64
8
378
15876
6
9072
5
0
6
40824
123456787
9
378
123456645
0
7
1728
8
72
36
2160
10206
1890
9
7
9
123429909
120553749
36864
9
1344
2654208
6174
9
112
48
28
384
4
34020
8
82944
126
81
6
378
0
123456747
9
123455349
0
30240
40
112
3456
3200
648
432
3
123456663
31104
6
1152
0
36
72
49
392
72
7
123456788
0
0
30
122247189
72
1280
2160
54
123456453
0
8
40
980
42
8
35
123456781
56
6
252
64
9
216
6
8748
72
9216
7
6
288
4032
72
81
47628
6
81
123078789
900
6480
123456777
1
0
4
9
123456749
1323
5
4410
123456744
0
300
45
105
224
1680
123263253
5
216
0
123456753
224
80640
123456663
35
123456546
4032
7
9
7
45
122504229
81
49
2
8
36
5
40
144
5
0
8
123456775
6
378
1008
9
448
2880
14580
300
270
243
123456705
192
5
0
0
400
1
0
241920
15120
123456645
16
123455889
10
24
32
1152
123456775
0
3
123448725
48
504
6
120
7
270
1575
7
5
8
5
56
14
28
93312
34560
1
8820
8
2688
448
8
2
123456719
123453954
36450
123456537
0
63
123452789
63
3402
123387669
0
343
360
3
7840
123456774
12
48
504
8
2592
320
0
1680
3645
8
35
9
560
122247189
9
10
123456285
9
123456768
5
36
120
64
30
1296000
224
1764
18
42
2
6
2160
567
8
288
210
36
1728
0
2520
3456
123456771
1440
8640
2304
210
2
6048
123456693
4
123455637
7
324
123456787
9
4032
381024
0
0
42
7290
45
360
48
123048549
8
123400089
150
36
9
144
72
5
4050
81
122640309
2
123456782
123456788
6
68040
360
36
262440
3240
80640
36
560
15552
123455439
72
0
8640
108
45
144
123456474
7
162
25
2
48
762048
15
123456741
378
120
16128
486
123456597
9
5
432180
4536
40
20
120
5
252
648
123456726
30
16
0
216
63
25920
72
138240
0
15552
8
8
81
0
35
756
1176
1764
0
1400
7
648
9
64
8
6
252
72
34992
84
62208
32
2880
288
8
63
72
4536
123421509
5
441
49
84672
0
8
245
6
42
0
14
8
4200
123456786
1680
144
1
1
1134
256
123456114
810
30
6
72
1440
8
0
81
40320
0
2646
110592
9
16
9
6
8
0
17280
8
54432
23328
180
0
24
4
5
123452901
123456709
123454629
64
123449109
13608
0
0
54
4
3
2304
90
5
56
56
5
96
9
518400
64
160
8
180
7
123447717
27
123450957
45
9
60
37800
7
14
4
123456705
7
123455349
6
8
21
0
9
18
81
35
40
32256
252
96
8
648
123441669
25920
56
123456765
196830
72
72
15552
46656
48
1728
216
3150
7
8
123456774
4
9
118752789
8
10368
388800
1000
1920
0
1
2592
123456786
0
0
230400
48
36
36
63
1296
35
123456771
252
200
378
11520
504
1350
96
1260
32
1792
40
6912
72
184320
0
8
123435189
7
5832
864
252
45
3
567
36
7
210
21600
576
6720
162
19440
144
49
24
0
9
180
9216
7840
2160
123456788
123450309
4
72
315
0
7
2
378
13608
123042069
6
18144
7
9
567
192
2880
56
123456453
0
123456597
8
10080
123456741
504
81
0
0
81
10368
0
720
7
7
42
9
123456141
0
7168
2250
430080
7
768
0
376320
21
6
30
72
168
9
6
10
49
5184
252
6048
72
123409161
15120
72
27
56
0
72
123456747
4
210
8
7560
18
7
6
672
30
0
571536
35
252
9
630
0
504
84
0
0
9
8
64
123456753
4480
756
10800
640
0
6
49
168
72
210
5
0
5184
9
24
179200
81
123456781
300
0
8748
320
68040
1960
123456117
360
2430
192
648
28
63
691200
96
123456777
54
8
90720
151200
8
28350
123456749
960
16
72
48
168
0
63
25
3087
123456785
1260
0
36
123456726
123447573
370440
123456669
15552
64
120
648
123456786
0
128
8960
72
2016
8
25
12
392
6
56
1469664
4
63
72
119456037
4
2240
0
12
0
7
1536
3456
9
54
120
0
5184
163296
40824
17010
72
6
72
15
7
100
123455781
576
43008
123456741
96
14112
123456733
6300
21
9
54
35
123450389
47628
5670
6
8
54
5184
0
72
8
8
35
504
5
12
123456765
75
10206
1008
123456759
123438357
32256
7
9072
9
28
39690
123456783
6
32
123456765
9
123420339
120
123456753
168000
111132
2
630
113659029
504
9
81
8
9
18144
123252669
10
45
38880
123456765
7
3969
96
0
30
72
72
123456649
7
123456780
123456537
0
123456781
31752
576
54
123456744
12
120
90
16
6
0
175
123456788
576
144
2592
3456
123456719
12600
84
42000
20
373248
1105920
63
123456780
8
2205
1728
5
123456573
210
81
64
4
14336
0
100800
37800
750
42
123455061
4
108
1225
0
240
9
18
5400
36
243
720
0
216
630
123456537
378
35
123456783
123456474
720
1260
120
8
9
0
9
0
189
100
0
123456741
9
1080
123455817
5
1344
504
10
123456785
0
2916
576
72
512
4
144
32
8
1512
7
39200
0
123456777
336
9
7
100
7
9
378
72
392
7
9
189
8
12150
64
5
7
63
6
540
123454197
123456765
123456537
1260
336
480
36
1440
357210
8
567
9
448
123456645
19440
123456784
2592
3240
0
40320
952560
123455781
567
8
123408405
6
1890
0
8
196
123441669
576
9
3240
3136
648
3888
123456787
0
0
42
1
0
0
123456054
7
1
48
6
135
4
810
0
245
123456787
123067989
735
294
15
69120
42
168
123456765
360
9800
160
121944789
25
34560
28
123456705
2880
113400
0
729
3024
0
288
56
1
21
186624
8
123456726
20
8
211680
80
9
144
96
980
4
123456549
28
567
8
24
123083541
25
122966901
243
123453765
123456777
18
9
0
243
123456501
123443289
64
63
3024
0
0
123456533
720
8
245
2304
734832
64
9
324
0
180
123456762
9
21
252
24
8
123456759
1260
122027949
0
8
123456788
123456779
123456787
2520
3
13824
10080
448
7
4
123456627
4
0
288
0
0
24
294
72
56
34992
9
6
63504
5184
9
40
9
7
672
0
45
6
35
540
5
72
6048
0
22680
8
4860
486
28
240
62208
384
504
9
4
72
2646
8
8192
135
972
288
9
5
338688
54
0
38880
5400
0
0
123456784
123456749
12096
64
225
16
168
123425685
3
0
8
576
6
0
5184
3
252
123456788
123456757
2
6
123456788
0
2
123456705
123441669
123019389
8
6
324
48
98
20
123454269
24
525
8
45
48
63
123456787
72
5
3528
123456501
432
288
1944
6
5
32
123456768
123456783
444528
120
3969
180
336
45
4536
20412
8064
4
336
123456579
1568
64
288
0
123456769
123456677
123415317
0
27
123456725
200
55296
48
31752
36
14
0
9
123456726
15876
81
123456783
123456768
123456764
0
123456784
392
7
123456788
123456788
0
49
3
5
4320
123410133
0
48
35
7
6
40
75
768
4
72
45
15
630
5
123456741
0
810
504
56
38880
675
576
21
2352
56
4
294
180
123449229
16128
0
2
0
22680
123455781
9
72
12
2160
123455925
6
123456771
2
123456735
576
441
9
435456
6
9
384
1
15360
42
7
5
864
27
123441237
48
8
123455169
2160
123456782
4032
35
14700
123456717
21
7
48
56
48
7
0
123456788
9
8
123452469
120
123456771
1440
123453765
8
8
3
900
192
9
123434109
420
12
20
7
7
144
8
123456785
123456645
54
252
1119744
8
56
123456533
123456788
345600
405
40
64
6
123449229
7200
72
4
168
21
2880
0
1134
9
0
42
8
4
0
7
3
5103
123375141
9
0
1016064
24
123455349
123456189
5376
10
2352
405
40
33600
8640
123456474
9
9450
123456299
0
7
30
10
315
123437349
432
0
42
123456733
123456717
0
0
0
5
16
1
123456600
28224
96
36
6
280
120
216
72
216
432
81
54
5292
123432597
9
42
18000
6
9
512
432
4032
68040
6
27
9
216
9
49
20
7
384
9
840
343
36
144
192
3360
192
326592
54
123456774
7
1323
25
60
165888
0
49
172800
1680
18
0
300
12
123455445
36
0
24
15552
0
3024
81
2
1536
8
1008
3
120493269
168
40
123456593
4320
8640
123456783
72
2916
123456645
123444639
8
1296
5
3360
6
0
34992
2016
123453909
72
7
9
233280
1
123456654
123454549
9
54
2430
48
864
2
4
8
56
0
6
1920
576
122461461
9
45
2100
6
588
5670
5
81
6
81
16
5
1296
6
72
123456747
336
123456786
6
108
0
336
2
2916
189
45
123456785
1728
378
0
4
15120
648
1512
6
960
5
0
0
35
0
9
123456765
123456709
45360
27216
614400
8
9
12600
567
6
6
3024
8
12
5
64512
576
123456787
123456765
216
81
8
725760
30
200
0
8
486
4
48384
7840
210
42
13608
12150
42
0
5
270
27216
9600
123456537
378
0
55296
560
256
768
10080
0
0
123441429
62208
49
8
17280
432
123444189
19440
7056
48
27
3
123456777
42
49
123456777
8
72
36
24
5
9
1944
432
123456681
588
875
5
54
192
122419989
72576
224
248832
9450
48
9600
103680
9
0
7
8064
5184
72
5376
123456397
1008
648
2
123456565
0
81
8
56
486
3024
13824
5040
6
5120
124416
42
189
403200
123351813
0
123455637
34560
0
204120
81
210
20160
256
123456733
56
8
9
7875
123456749
35
36
5376
0
0
72
69984
1
15
123456759
72
123456754
10368
8
123456771
4050
120599109
35
4
12
27648
96
123456735
3584
8
252
240
123456719
14400
30
123455349
122549589
123456060
45
0
123456774
45360
192
5184
0
80
729
123456788
27
7776
0
315
123450741
243
123456786
5
9
630
9720
15
0
8
0
123456621
30
123456747
648
576
216
7
120884877
9
2520
0
196
123438267
81
8
0
28224
2592
5376
56
6
9
32
7
126
4
2352
1890
31752
3402
1944
486
123456785
123456764
1280
1632960
5103
24
9
1680
123456757
3
49
54
10584
0
36
48
2
576
7
36750
72
56
504
15
63
9
80640
4
5
123455781
8
123456782
27
252
272160
252
0
9
16
14400
48
118207989
0
28
0
18
114883749
294
2688
56
123456784
8
123456786
10450944
14400
210
201600
7
378
375
320
441
7
123396309
0
112
24
20160
9
0
0
123343389
5
180
123456769
56
81
63
3
20412
196
123456779
8
3240
2160
504
9
10
15552
36
123456717
123454101
7
720
90
54
972
138240
1728
24
7
8
9
300
0
36
123456782
48
81
5
7
56
123339189
7
123379029
288
2592
0
49
8
6
123456783
0
102060
72
2430
9072
0
6
648
2688
672
9
0
120960
123456549
8
16128
512
40
123438645
123448557
8
29160
24
8
123280389
12
108864
240
294
23328
21
9
12960
648
72
36
9
2
995328
123456783
24696
8
123456784
9
123456539
56
14
9
4
320
384
70875
72576
4
61236
6750
0
123456773
756
17640
63
648
123453653
5
72
8
32
972
1029
123456629
256
81
8100
15120
6912
230400
12
252
9
486
7
9
123454845
7
25920
123455989
42
11664
1152
14
0
63
123456780
9
36
13608
0
0
324
7776
288
32805
384
3087
0
0
2
20
6
8
2322432
9
123456759
123456782
123456783
28
123452253
8
0
1792
8064
9
360
0
288
4
0
3528
3
123456785
24
54
360
8640
270
3240
42
123447069
123456661
576
6
101411829
123456783
54
0
123456785
6
0
13608
320
400
4644864
64
123391989
81
48
7
2
4
0
1120
194400
336
576
41472
1512
1944
9
42
2
8
123456787
123456684
9720
240
35
123456645
240
196
123397989
384
42
8
123455189
81
60
8
3024
7
54
151200
72
123456684
5
123204789
0
168
378
7
870912
8
54
147000
6
13608
123455613
7875
56
48
123456754
9
72
648
315
120
123456733
72
84
20
123455289
2520
6
123449229
30240
576
48
0
21168
352800
0
15552
81
63
30
0
3
280
123456773
147
123456768
12
6
0
9
216
16
35
56
5
288
12
7056
0
9
168
3584
2916
32400
45
35
1458
7
5
1470
8
60
123456645
10500
1080
9
123456787
39366
648
123456533
2058
5
123456735
2
48
123456781
123456788
6
6
15552
8
21
123456741
123444693
2880
6
3
81
5
6
7
0
0
16128
4
4
0
9
336
1080
145152
3024
13608
3888
56
3584
1400
10
192
36
8100
378
0
54
64
12
123456741
24192
648
336
10
36
525
8
123456744
56
0
2880
306180
4
4
216
5832
144
35
123456627
2187
123453765
123456788
16
72
123456309
0
3
576
45
123447069
35
63
17640
7840
5
9
3
120345093
32
60480
23328
0
40
245
108
13230
19440
10
810
9
1260
84
720
0
8
123430869
9
7
123456741
1440
1728
63
9
64
32256
324
81648
123456783
30
123456780
2916
123456780
3
0
2450
3
6
648
315
448
123456783
69120
432
123451189
81648
123456669
8
0
4
123456788
216
161280
3888000
2
40
0
6
5
30720
48
11760
123012261
24
8
1050
123456773
42
150
123431589
6
21
1512
123456787
441
7
123456733
123456405
419904
560
24192
196
4032
35
4536
123456784
8640
123455709
2268
6
54
123456782
9
64
29400
288
7776
72
144
120
174960
63
56
288
5376
560
192
3
21168
27648
8
5
504
124416
960
7840
405
504
0
362880
36
0
24696
36
123456781
40320
48
194400
123456773
18144
2592
63
5
7
192
288
45
336
54
0
5040
8
0
180
63
1575
0
0
630
123456303
4
6
432
2880
63
123456784
49
6
432
648
123456753
900
54
1
0
324
123456213
123456699
21
1792
112
123456717
6
960000
7
72
11664
392
123456787
19440
0
1260
7
9
648
9800
35
35
42
15
7
0
64
9
8
123456773
252
123456264
7
450
675
648
288
63504
5184
3645
45
544320
4
2688
9
4032
3
56
0
121823829
7
4
1280
280
81
9
0
63
0
7
123456765
180
30
945
8
432
123449013
1944
12348
12096
6
294
2240
36
0
288
0
0
288
864
123456783
123456589
864
6
54
8
486
5040
10
9
123448284
9
0
56
112
123454089
2
56
123136789
8
2016
6804
123456309
4
8
9072
2041200
5
3
8
0
0
5880
192
1125
63
123456773
3136
123456785
36
567
6
9
63
8
8960
123456341
123456474
0
9408
4536
9
58800
24
5
376320
448
2592
56
0
123456781
9
36
35
123456784
123456749
1800
48
324
84
5
126
25
123456714
6
33075
0
504
27
504
0
9
56
18
96
123455061
64
123343389
5
123456621
1
123456717
8
8
32
54
2304
64
378
123456729
2688
123456786
163296
432
21952
123456753
7680
128
720
123456429
123456761
9
3024
123419745
123455493
6
5040
62208
32
8
15435
6
40
123451929
7
6
1152
36
210
123456369
5
123456780
123456771
15552
4
72
7
9
378
181440
21504
1512
120360213
9
2025
5
381024
1008
3600
518400
896
288
1080
486
5
0
25920
54
6
0
6
96
144
2
504
63
648
56
112
127008
123456781
44800
72
40
18
180
2592
42
123456787
4480
1944
9
4
648
123455889
4
315
2160
9
123456213
8
864
8
972
49
72
720
2
280
1152
52488
123447189
1
123456788
155520
123456579
2016
5
256
6
7
0
123456411
2240
6
0
6720
15120
123456754
123456717
45
96
5376
123454773
0
378
672
2160
0
56
12
64
123456764
30618
16
16
123456661
9
28
24
320
6
3
54
1008
1440
3
90720
9216
54
192
40
18
22680
40
5
145152
14112
123456719
9
18144
163296
123456753
5
8
10
7
136080
1
6
9
9
864
123448725
972
1350
10
28
6
45
0
56
4536
123456779
24
123456693
0
486
54
11520
18
8
123021333
12
36
96
448
8
123456717
0
2268
56
252
123453205
123456769
1800
9
123171021
123453189
112
3
81
4
123455893
6
5
81
432
49
9
123456735
93312
40824
1152
1400
0
2352
810
1800
81
6
45
0
95256
5
63
3
720
6
252
123456786
123456771
4
56
3
0
0
5
79380
0
1536
6
864
54
27
40
123456693
123456786
63
32
735
49
155520
1
24192
123456788
441
24
64
0
648
123455493
3
123320709
14
90
5
245
8
123455781
40
0
378
0
432
56
20
9
192
123456573
1890
28
123406389
483840
241920
72
90
3024
8
123456787
1008
3
0
40
490
1152
236250
12600
32
123454101
27
12
1296
336
3969
4
82320
27
8
435456
123112725
123456614
7
32
1440
448
123438645
7
216
720
54432
123456782
7
63
49
0
123456213
290304
50400
168
8
123456783
119456037
0
64
0
123456229
2592
16128
131220
123456573
123441669
56
123400089
21
123456784
4
105
20736
3840
0
40
123456726
123428565
63
8
0
405
63
108864
48
800
8
123456597
8
0
576
9
72
630
123456784
123286689
0
28
0
4
123455637
56
123452757
7
8
8
1008
2016
9
123454485
8
588
0
30
1008
432
80
9408
2
64
21
5
0
2304
6
0
40
648
9
3072
5
980
56
8
360
123455709
5670
21
123456786
72
5040
4
123456761
5
123456201
45
420
4536
64
8640
0
123456782
123456740
6
1143072
6
0
420
4
7680
123454899
6
128
123311637
7
0
6
216
320
10080
0
4704
3
30
0
2688
123455277
64
9
360
6
6075
7
784
123454389
123456159
18
6048
81
0
8
123456729
432
56
9
45
0
48
1
3
4860
7
54
123456783
123394581
0
5400
16
18
1920
2268
9
6615
14336
123456159
72
5040
0
0
7
5
9
5
2240
63
324
0
4032
6
123456519
123456786
2430
9
8
123456069
6
6
6
123125013
123456787
123456717
2744
4480
252
123456609
54
82944
0
45
30
72
120
6480
5
4
5
288
4
9
270
108
3
2160
240
30
5832
9
123456786
30
4
1555200
12
138240
9
640
2688
100
84
224
12600
648
123456649
2268
9
8
9
1536
5292
5
15120
123456784
40
576
6
123456769
168
4
123376149
15120
588
81
441
6
123387669
40
0
1764
21
7
5
0
9
9
63
4320
1134
9
1344
0
123456733
28
24
0
480
123456783
1470
19845
123456733
128
123456783
0
1080
8
840
3
141120
96
9072
8
0
12
72
17920
6300
0
1
123456784
630
1680
360
56
123395349
1152
123456775
25
6
7
408240
58800
43200
0
21
0
3456
5832
25
30
43740
123456774
889056
56
8
7
8064
9
123453333
123456784
123408405
567
81
252
63
9
123456708
147
123456785
49
110592
64
5
5
11520
31104
19440
123456733
225
14
81
123436629
315
123456780
4
4
12
72
9
1680
1008
56
123456781
216
7
8640
0
5184
6
123415317
31104
0
123452253
4032
0
0
384
0
122640309
4032
5
40
4
1
486
25
56
1470
3888
1050
20
56
1920
672
123456781
360
0
9
9
30
378
123414453
9
9
63
123441669
123456785
8
392
123455445
288
7
35
7
512
450
216
123456773
79380
80
576
123439149
504
56
216
81
123456786
23328
2
6
224
18144
8
3456
42
28350
35
123456229
381024
0
0
123456784
48
0
56
6
36288
126
123456201
123456533
1280
4
567
123456429
576
2025
192
90
35
9
0
5
9
7560
72
123456787
2250
123456788
324
0
2160
56
5
123456693
105840
5
6300
45
8
9
144
7
123456757
33075
35
123455613
24
108
0
123456733
1568
0
123436209
7
3
240
504
320
72
567
9
20160
123401909
123456769
64
123349269
8
168
168
0
0
9
56
123456565
48
40
448
54
42
7
192
15
504
4
16
9
7680
4032
123456369
1296
7
121234149
24
9
8
0
155520
24
123456429
123456411
0
36
1512
900
4
123384213
5103
3528
630
4032
5
54
16128
9
72
25515
48
30240
0
360
0
1458
24
120
8
23328
4320
14
36
3600
0
2880
3240
432
123391989
123069717
0
1680
28800
6048
24192
108
6
123399189
16
0
238140
9
24
81
7
3645
432
270
13440
7
7
2430
0
48
56
123456775
32256
27
302400
32
123456788
448
25515
800
54
0
7
4
123456784
8
5
20736
123456677
5184
123456597
0
123456733
4
8
2
3240
123450489
138240
42
72
48
5
0
97200
2016
7
56
0
22680
648
5670
0
3584
2520
9
216
360
302400
32
235200
30
8
81
4
123456708
45
123456021
54
10584
210
8
248832
12096
1646400
2624400
0
2880
63
123456784
2688
129024
84672
48
48
30
0
30240
123456783
0
12
6
35
324
0
123249429
48
0
122616981
3780
192
14
419904
162
6
123456788
405
189
7
8
4320
48
405
6
9
40
1024
122876181
3402
128
504
163296
42
486
16
6
288
3584
0
123456785
8
432
0
3840
69120
47040
0
18
672
378
180
1260
123456780
5184
9
0
576
200
14336
0
7
7
5
24
9
49
45
24
45
42
7
56
3
0
25
10368
7
2
480
12
9
81
4
768
123402789
98
216
168
0
540
18
8
40
282240
216
123456783
5670
4
6
40
100
35
5
0
500
1568
123456509
21
123421797
48
45
123456533
4032
32
9
258048
945
144
123456453
1000
0
20160
9
0
1890
0
54
9
324
7
90
762048
945
240
123456777
122610069
123456474
18
135
448
63
405
120
0
123456769
9800
12288
123455989
96
2
315
128
150
32
1920
11200
72
7
42
2916
96
25
0
8
24
504
0
486
0
0
392
4
294
9
123438869
60
6
5184
980
123418989
7
9
3888
360
32
3780
123456717
1440
35
2
40
40
9
270
64
0
8
123324489
123449013
8
147
378
1008
256
3888
123350949
15
1344
192
123454197
123456725
56
123456229
28
1280
7
9
1120
384
82320
123456501
1
6
123456117
0
233280
9
9
48
5832
5
9216
5832
123456729
40
123410133
168
30
72
36
5
240
123456709
5
9
5
54
8
3
756
90720
324
40
800
224
8
302400
120
6
5
1024
45
120968469
1728
15
2268
72
4
6
123275349
8
64
7056
72
504
576
10
7
0
56
123456733
81
1280
0
7560
2520
225
448
126
36
9
405
54
140
72
1400
8
16
12
0
36
6615
123449013
6
123451789
42
576
6480
15360
1680
63
123438645
144
5
1620
5
63
81
123456787
216
160
123456733
378
272160
6
80
90
8
63
3
0
448
36
648
123456501
210
2016
9
123455061
56
315
49000
72
28
3
49
56
288
1250
7
8
20
56
123456708
0
6912
123456787
54
7
0
123456735
81
3888
192
30
81
49
1260
26460
6
123456705
392
90
30
0
7
45360
10368
122327829
123456753
0
168
288
63
7
1728
123456783
15120
4
1575
123456782
2304
197568
56
8
135
27
5
240
4
123255189
8
9
123456788
35
7
18
64
2268
0
123442089
648
25
123456600
432
123456784
504
1890
57600
30
123456786
123456783
63
6
112
123456729
756
72
96
896
0
5
72
1134
5376
18
432
54
768
8
1728000
3969
1
49
4536
123456069
0
160
55296
42
123456786
81
9072
0
0
3024
216
480
56
2352
233280
96
336
58320
123433461
21
480
0
750
8
81
343
5
0
6
576
123456708
8
64
123436377
7560
72900
3920
5
15120
6
123456735
40824
324
320
40824
672
18
13230
192
122993739
8
256
448
90720
252
4374
9
123401493
0
123456781
11664
2592
7056
48
123456783
123456785
56
0
8
1
294
123456749
5
40
0
32
432
7
56
180
0
123456741
7
123455613
30
123456021
123456777
27216
1428840
4500
123455109
343
4200
123454521
3780
648
18
123456774
17280
405
980
6
123456726
36
36
648
26460
7
1701
8
8
5
81
2016
9
0
0
6
6
3024
140
180
123452253
1
123455781
48
123456785
1458
122990229
3
49
8
31104
157464
35280
123452901
648
7
123456774
123456249
168
0
123440661
6048
15
189
7
54000
240
123456781
7
1323
2205
8
9
123456771
8
150
123451989
2
9
5
6
3888
123456453
122798229
480
2
16
15
123456597
8
17920
9
6
123456781
77760
123330789
4032
12
48
123456629
432
0
123456781
2025
123456765
8
41160
1944
2016
280
14406
4320
7776
6615
63
42
81
1
72576
20480
18
48
1536
288
24
40
432
5
81
113400
42
0
432
4536
6
45
163296
123456699
1620
8
123456141
326592
5529600
18
123456725
123456784
168
2160
360
9
7
226800
123456669
84672
123429141
1728
123456754
189
123456773
45
123453909
8
109168389
576
6
3072
6
123456229
1350
14
9
9
123456429
6912
3402
40
107973909
8
33600
0
504
15876
32
72
123456780
63
283500
123455907
7
3
8
64
9
2100
123456786
320
1152
8
10125
123456681
0
3528
2540160
75
3780
4
4
9
20160
6
1890
189000
9
4
123456786
2268
24
900
20250
54
8
1715
40
9
240
1296
123456768
123456786
1890
8
7
4
8
123456784
8
42
315
448
8
10240
64
123456784
128
123456775
0
0
6
120
336
8
6
123449877
9
384
24
21
0
123456357
108
81
123456357
2520
108864
15
0
2016
0
8
441
6
123456788
216
5
0
0
27648
0
40320
123456733
27440
5184
5
123456788
147
0
30
126
40
945
3
9
3
7
20480
486
56
2
126
0
123456753
5
123456768
123455637
1944
81
324
123456693
72
77760
81
123360021
15360
123456717
72
23814
32
240
27648
567
224
24
123456769
9
123456771
5
123454521
18
6
12
2
8
123456787
72
123456549
4
123456749
123456597
8
0
36
9
123456765
18
9
27
9
7
9
9
8
21
0
6
123456769
1920
0
1890
123112725
123456501
8
14
64
9
49
9
5040
63
6
3240
45
324
14
2240
56
27
81
32
1
980
123448149
72
2025
875
64
1800
40
123456519
4
0
123456519
81
360
8
51840
784
8
123456708
9
10368
648
2
63
40500
9
16
36
88200
35
3
7
4
145800
0
9
108
0
9
123456303
35
9
123456735
9
6
21600
5832
122873589
98
9
123456754
81
19845
63
0
5
0
115618581
5
123456757
1944
2352
15
2688
123456754
123453261
123456537
360
4
1944
80
15
0
56
13230
46656
2016
0
3
21
144
0
9
140
123270165
5
2099520
30
72
36
45
432
10584
9
900
6
9216
6720
0
12
36
5
54
9
648
123420501
0
9
36
4
175616
6272
16
882
324
362880
3360
8
5
20
3240
0
6
9
5760
123456741
3
140
45
392
112
9
0
112
18
9
21
40
123456788
1296
56
40
48
123456764
614400
123454101
1
10584
123456788
336
8
128
504
25920
7290
6
123456725
6
1792
111132
48
0
0
123376149
864
72
45
81
5
169344
63
9
81
103680
49
63
123456681
2240
0
735
0
504
336
336
12
10584
3
9
81648
69120
24
864
123445589
3
123456785
635040
0
4032
3528
5
0
9
7
123456784
2592
210
0
63
51840
336
9
48
6
35
1944810
123455349
72
0
123454773
6
3840
36
2
6
1050
123456787
0
0
216
121466133
2835
35
3
1260
123450309
1866240
648
360
12348
48
5
32400
7
75
16
4
7
1944
81
15360
123456781
24
165888
5
82944
324
6
45
480
60480
77760
5
36
63
105840
7
7
108
0
9720
1470
12960
840
0
256
123456654
48
123456309
216
16
123456782
648
36
1680
0
123443829
28
1792
2
392
123376149
4
123452739
8
80
24696
9
15
63
123455349
2352
46656
0
240
7
8
648
60
448
1260
315
123448284
63
840
31500
0
49
4
432
0
56
7
36
9
15
0
4
1536
89600
168
64
72
9
90720
30
123456564
28
0
72
54
0
3456
42336
123456495
96
0
448
8
9
0
32256
2688
3920
126
35
123456735
123450909
5
189
98
10584
16
1
432
336
6
123456784
21504
230400
35
42
10
450
7
36
123456786
168
6
4536
90
63
123456709
9
81648
2646
245
0
123301269
64
378
84
123456741
4
56
280
72
8
72
10
324000
123456753
54
123456357
4032
7
2205
14
1152
2240
1
122468949
72
210
72
3024
2
0
