123455574
0
63
48
0
126
40
123456788
432
36
123456786
0
4
9
123456533
15360
123453639
0
10584
1728
9
1008
0
64
116640
81
12
123456784
123021333
24
3024
28
24
9720
288
123456784
0
8
8
5
5
123187989
123456777
560
900
2520
307328
93312
87480
7840
123456786
123456765
84000
81
0
8
4536
4
0
63
193536
14112
6480
840
123456645
756
7560
5250
123456654
6
155520
0
3024
48
5
17920
63
486
36
0
2916
5292
26880
8
0
840
1152
21
122005269
45
72
8
259200
72
6
123456787
720
2304
1296
123456649
4
123456725
1134
1134
256
18
5
14
432
6
7
0
2688
0
3528
108
123456753
54432
5
181440
20160
8
324
19845
2646
2
3
7
56
108864
729
27648
36
15120
102060
145152
2240
0
18
12096
7
2352
123456117
36
24
336
9720
56
9
2688
123456357
9
108
16
10
0
123452253
150
56
123456357
18
2880
123456788
0
6720
384
56
123456747
16128
360
6
123456621
123456389
123456159
123456783
123455253
4
121843989
7
54
384
5760
8
6
189
2592
16200
7
16
54
105
27648
972
4536
123403869
7560
1
123456717
9
280
123456705
6
2646
0
123454485
123456429
6
2016
1620
729
144
46080
7
5
63
245
28
45
123456069
648
3
54
9
60480
35
1
3456
1512
729
81
0
81
80
4
123456717
160
36
882
254016
42
2016
118693989
123456709
3888
64
243
3402
63
9
2520
640
0
123456785
18
4608
123456786
4
405
48
123449013
2646
1344
40
7
72
27216
64
9
42
48
3
12096
56
72
3240
1120
729
123456762
145152
0
486
9
123449589
576
648
1120
5
9
5
34560
6
432
123452757
7
123432489
3528
720
63
119309589
588
9
576
37800
360
5
1344
0
48600
36
0
56
392
112
72
42
17496
5880
1620
1620
5184
0
35
63
63
1512
80640
864
5
62208
36288
10
1451520
7
840
123448725
115158933
3200
672
10584
0
30618
1296
5
56
9
22680
504
7
8
0
648
9
106923069
17280
123454845
123452253
49
9600
2293760
4
30
5376
8
384
540
504
123456757
1024
12
24
4
14
36
62208
5832
10
72
0
1469664
72
32
240
123456069
2916
63
540
5
40
7
9
7776
123448149
25
5
6
14
252
123320709
20
28
448
720
3
2940
14
48
123456783
123456299
2
54
0
36
3584
9720
324
54
6
22680
72
0
453600
5
9
123444189
11340
56
42
1
8
63
63
12096
56
121619709
3584
5
48
216
3
544320
1296
3645
123452469
123033429
8064
123456753
240
72
4725
576
9
0
123454197
576
35
135
123456249
0
72
144
2400
17280
6
48
35
72
0
42
6
768
6
8
1764
6
48
108
288
51840
72
0
9
0
6
123454521
1536
252
27
40
6
0
123456771
123454899
12
123456709
123456761
600
192
24
8575
4704
36
26244
42
28
123456785
64
56
30
9
0
123451929
123454197
1792
123456787
1296
123456786
84
3888
123456757
40824
9
48
252
196
9
64
210
1881600
288
20
6
1575
11760
123447339
6
48
123408189
123456429
192
336
7
648
5
56
123456768
123456777
1120
123456285
123456663
42
14112
6
56
123456597
123455169
27
49
1008
123456519
6804
123456717
1260
45
2
576
3
16
36
9216
123456782
0
2
34020
241920
4860
6
63
0
123456777
0
0
123455493
840
0
4
9
123456405
32
60
0
81
279936
77760
42
9
6
8640
252
56
3920
54
0
0
0
576
576
1
3072
32
40
8
64
14
140
567
123454485
4
42
4608
16
392
0
123456774
81
0
42
336
36288
63
80
84
324
4
320
810
48
10
63
12150
56
288
504
6
123456784
42
72
144
7
123456788
40
5
36
8
30
123456781
63
123456717
0
8
1350
6
9
2160
32
123453429
2880
119646549
7
0
9
13608
504
29160
79380
2
36
20
0
567
6
196
5
252
240
64
0
9
3888
30
123447069
117694389
1568
9072
123456761
5
7
17496
28224
63
5
2625
5103
35
2520
9
0
0
7
90
0
123456788
3456
123455574
1680
315
384
10368
27
49
0
168
72
123456787
1152
384
10368
19845
6
0
16
7
123456549
0
384
9
0
112
81
27
128
5
1
27
5
123456783
180
120
4536
56
648
5
2268
3888
384
8
4
81
3072
123456783
42
123456785
7
2520
486
63
123456717
5
3
4
9
7
8
10080
2
504
8
9072
5
11664
5376
1176
120
6
40
567
8
27216
720
1728
36
20412
123456033
0
7
8
12960
26880
1800
1296
54
8100
123456663
4
72
42
123456786
378
2430
14400
8960
30618
123456726
5
6
245
56
123456787
189
56448
0
9
72
1
4860
1944
123456780
42
123436629
4
120
9
18
1764
4032
1728
123456501
144
32
4
360
3024
24696
8
324
800
756
5
72
54
405
48384
576
6
96
189
160
512
123456782
84672
42
22680
123456741
123456786
5
123118101
72
123456785
2
224
9
290304
12150
1728
123456717
16
123456788
3780
20736
123456474
392
35
123453205
6
81
123456609
15
123456786
243
32
12150
1260
9
24
8
729
32
8
7
5
72
35
1536
28
123456593
16
8
7680
7680
41472
6
13500
82320
6
16
80
580608
20
12
6048
25
8
180
9
28
0
123456537
9
504
123456771
123456781
5
123456465
7
2
25
45
64
123456705
54432
18
0
4320
8
384
2
486
3072
4800
123455466
2835
48384
320
18144
60
108000
123456741
4
17280
7680
123456784
56
128
24
64
9
384
30
48
112
9
25
56
84
576
123385109
6
8
123456788
2835
9
432
9
36
81
8
120916629
63
4
0
4536
72
123456141
63
2
9
32
9
123456786
14
123456501
0
1620
48
40
6
168
189
96
72
0
4608
54
1728
72
123455781
4
8
18
123456777
165888
123456309
1600
8
630
6912
23814
0
30
12
12960
10
123445449
9072
0
45
900
16200
72
43200
123453429
11760
18432
15
56
900
144
28
7
54
67200
4762800
288
123456753
123456741
381024
8
120
123456549
210
123416469
6480
24
162
45
63
2
441
480
14
63
24
8
9
252
9216
6
25
0
960
8
4
192
320
104976
9
288
1296
123454899
24
1225
8
4536
27783
36
123404949
315
3
63
35
9
123456749
12
900
7
123456753
123455109
180
123456654
123456777
224
123452469
6
123452253
672
123456784
0
45
0
35
9
27
240
10
60
8
24
5
945
123433269
320
63
16
123456784
123456735
81
648
8100
123456589
0
40
294
7
72
5
8
945
252
210
123456733
441
4536
1296
84
123456784
3
135
3024
8
648
6
441
8
63
38880
24
10
42336
3024
5
384
123456749
9
30
123456729
9
122903829
35
9
123455439
0
123456777
0
123424389
4
19440
8
14
1680
1440
9
123456719
70
9
6
123456429
123439509
11520
42
168
100
9
567
0
168
3
576
123456781
9
1260
123456783
90
123453765
123456785
8
8
0
7840
9
504
1260
122993739
9
123454829
56
3402
4536
14
42
400
4
123441669
123456744
123456573
8
3
123456788
2
0
123456787
24
8
1008
160
7
168
720
64
123456773
4
27
42
123456533
1440
0
5000
54
36
123426549
7200
1008
123456089
54
9
123454269
480
432
8
48
21
0
0
8
48
123387669
6272
28
81000
123432597
98
54
180
121521429
16
1568
1470
8
4
288
282240
0
48384
4536
123456708
0
75
6048
4
4
8
315
125
200
96
0
378
63
24
4
123456681
6
5
50400
8
123449013
3024
4
3
3024
123456775
72
123456761
2
10584
3920
3
1749600
64
48
35
2268
5
123033429
480
63
56
0
435456
162
123456725
123448557
123456769
101411829
54
0
8
123456786
122834709
5040
1
3528
0
48
349920
3087
1600
72
42
123454521
123425037
5
123456725
0
6
56
4320
1944
336
81648
225
13440
8
75264
155520
12
0
20
5880
0
90
123456519
282240
24
1680
0
9
10
3240
9
0
294
123455061
750
12348
7
5
2765952
9072
5
7
50400
145152
6
123442965
9
45
48
336
25920
42
54
0
168
1792
9072
123456717
810
0
476280
0
15
123456785
123456681
123218649
40
16800
6720
9
42
944784
123448149
0
6480
0
6
135
63
1920
123456159
46656
116312589
36
756
30
7
0
864
5
3528
8
168
9
8
0
8
123456489
123456788
63
0
8
3
14
3024
17280
53760
240
48
105
4
9
5
123456773
9
123446583
56
7
252
8
4
123343893
8960
108000
4320
2205
7
8
16
7
7
180
378
56448
0
123456761
14336
840
0
504
123456762
375
123456780
405
20736
9
1
280
63
4
123456597
81
123432093
54000
47250
2160
19440
8
350
9
123456708
4
81
6
9
81
81
81
960
123451029
9
120
9
6
7
123456614
62720
72
7200
40
0
51840
756
320
0
63
9
3360
5
2401
63
840
45
123093909
56
56
0
48
0
3087
2268
180
0
700
9
20
630
9
108
2016
7
7
16
42
7
504
20160
4
405
1344
6
6
3
2
0
123456249
123093909
4032
3
0
324
105840
4
123456759
3
122803605
30
81
28
8
8
22500
123456573
123444693
56
0
49
4
0
5
123403869
336
123456645
9
320
2520
63
567
200
392
63
123443829
504
9
336
1600
5
123426549
80
324
336
28
6
16
5880
9
123425037
189
48
0
6
123456764
0
168
8
7
63
1440
0
18
123306261
56
48
80
0
0
486
3
648
280
9
123456768
123455109
123456783
2304
13824
123456726
245
0
36
30
1120
672000
63
8
6
116640
30618
123456645
123424389
40
63
123456747
63
8
1
123456771
0
160
64
432
448
45
64
768
288
8
4410
6
10368
378
123453765
56
49
42
504
2
72
18144
123393285
123456684
123332373
10080
63
124416
0
123449877
0
1296000
9
384
9
9
22680
8
21504
123456762
7
7
864
8
4536
384
0
31752
11025
72
9
123456788
123456733
4608
5400
123453909
91854
12
19845
15
7000
12
123456784
123456775
73728
15
864
6144
42
4320
16
9
0
288
123456787
12
123403029
0
5
4608
123456726
8
0
35
123456357
1469664
945
384
17280
14
1536
7875
7
64
18816
8640
0
168
4
10800
144
90
81
123456771
729
320
7200
123456777
123456033
123456708
378
441
28
7
56
2016
123456783
0
576
0
0
1024
123305589
0
3136
392
1440
9
210
42
0
3
9
9
2646
42
400
5
7
4
9
123456735
123456786
20
392
567
36
42
4
18144
42336
240
614400
8
27216
448
392
40
6048
30
2880
168
1512
360
4536
576
48
3
972
123456754
0
48
210
45
108
1080
9
123455445
144
192
123456769
2016
123315039
1080
324
36864
17496
112
123425685
98
7
42
567
0
857304
0
9
27
576
123456784
123456564
63
0
123456741
7
123456411
5184
6
432
216
453600
3024
0
9
7
122327829
72
432
314928
72
123456573
1764
23040
2
864
123456357
16
54
72
7
0
6
1800
9
83775861
6480
576
7
64
54
9
110250
72
123455349
123456141
120844053
2187
27648
7
123436539
63
123223509
36
144
4
432
19440
7
123456784
45
8
8
2520
35
186624
123456669
54
63
40
36
123451929
8
123456754
7
8
240
10080
123456785
8
4536
122851989
123456784
13230
225
9
576
1296
123456781
192
504
36
3240
1728
448
224
14580
576
45
10
5292
62208
3
113400
123455493
25
252
311040
972
9
216
48
72
36
63
8
36
2400
648
72
7
9
5
10752
96768
4
36
123455221
104976
144
432
0
123456787
280
25515
5184
1008
5
25200
1176
0
123456564
5
3024
72
2304
7
28224
1
40
840
0
192080
0
123456489
8
2
45
108
123456787
41160
14112
123438267
0
9
144
8
123455669
6
8
168
123423039
230400
123456677
48
343
326592
2
2835
0
1944
36
0
15
8
3240
196
7
8
0
123456397
63
2
96
3600
0
18816
123363477
32
49
288
15680
392
123456781
5
5
123453333
8505
10
8
0
1458
144
123252669
7
0
9
123456787
9
252
2560
8
7
0
6
48
8
6
72
123456747
4
217728
504
196
7
123456761
123456765
54
6144
8
0
7
0
42
123456785
36
162
128
34020
22680
42
123456753
123456781
54
840
1296
0
2
123456774
108
28
222264
0
72576
6
123444789
9
54432
540
56
48
63
1215
0
48
45
2835
123455221
123448149
35
3
4536
0
8
0
25
7
123456285
81
4
240
3780
288
5
4
20
3136
567
560
72
18
121590549
360
419904
400
435456
123456765
20
2
3265920
1323
123456785
123283917
6
42
63
63
3
567
72
123455253
123456726
0
123456681
432
72
123442453
0
7200
7168
8
96
123456741
162
45360
160
1512
0
72
9
32
84
432
30
5
123456757
6
36
378
123456469
3456
28
315
123456729
180
3780
0
10
48
123454101
20
8
36
144
288
0
2304
47040
5
21
735
192
82320
8
7
39690
5
81
9
123454773
5
1
384
0
210
648
123456783
9
0
123456744
9072
84
2016
32256
432
3024
384
8
2880
25
280
63
4
9
48
3087
3456
120
9
2025
54
5
84672
123456495
123456735
26244
72
22500
9
18
108
123442089
123456747
10752
8505
729
72
23520
48
0
224
12960
7
123456754
6
46080
123456741
20412
7
2880
49
123429573
0
123456761
1
0
1620
123456699
36
25
48
64
0
12
56
4
36
2
226800
320
4
0
405
8
0
108000
20
100800
290304
9
56
192
36
72
24
2352
0
160
3
9
3
40
120408597
3024
123456735
1209600
12
123456787
0
2
0
7
72576
0
36
72
123456741
1008
6
0
123456765
9
128
2688
0
0
123456663
162
48
90
48384
49
123413781
6720
54
315
123456788
1260
450
13440
0
7
336
21
123005205
108
123450957
42
32
123456754
14
6
5376
36
9
64
10
9
252
4032
6
12
122232069
1008
96
256
360
0
933120
1944
4
123456744
56
280
123340149
24576
0
9
8
567
6
25920
63
7
123435621
123456753
123456762
8
18
20
42
123455844
405
24192
123456159
144
0
123456779
0
560
6
21
1
2304
9
10
123456699
6480
123432597
123454899
30240
18144
0
9
441
28
36
1350
1152
123451497
4
24
2450
36
8
12600
560
13440
11340
889056
12
72
4
2
6480
123456357
392
320
259200
81
123456645
123347925
123417099
0
635040
672
2016
9072
4536
18
8064
54
8400
1296
1890
194400
441
9
64800
123456669
123456429
0
9
123456725
9
1890
123456780
0
9
54
28
405
123456785
414720
123456717
1080
0
123456777
123456744
336
6
2835
123456501
1890
54
62208
216
9
36
192
2
24
32
4
3
7
72
10206
4
5
192
112
21
128
56
123453009
120
2016
6
6
3
15120
0
123456787
64
0
1440
6
9
0
144
2
5
48
0
8
0
123456453
8
2352
32
96
54432
123456785
9
35
1800
60480
15
123456021
50
123456764
17280
6
63
95256
10080
810
72
123386805
117158229
51840
25
47040
1440
432
12960
0
104976
36
8
680400
123154389
193536
210
2688
7
181440
6
0
21168
103680
378
6144
186624
0
7
1
1
1
378
120
3600
0
8
5760
3150
0
115680789
2
7
288
2592
9
5
384
2
6
123456747
1080
42
45
995328
1944
123456677
150
123456765
1512
5040
6
56
6
120139029
19440
576
15120
0
800
448
10
7
87480
270
35
123456771
6
216
18
123441237
1200
0
4
24
9
5
336
123456509
36
10
35721
17280
42
123456229
0
768
20
3
5
56
123425685
8
3
210
432
123456747
288
9
378
9
40
8064
3528
8
5
432
18
14112
28
28
1306368
4
110592
0
5
123456285
4536
128
123456609
63
25920
36
20
9
40
2646
181440
3600
9
49
21
16
23040
123456786
576
4
448
192
280
0
72
448
30
123456787
32
450
123452253
486
30
72
45
54
3360
45
123454629
42336
123456549
7
288
5
3456
1
8
6720
42
2688
123449877
9
123448149
42
8
9
162
432
216
56
576
0
0
81
123455389
1
35
56
196
13230
8400
18
32
21
123456747
48
54
168
126
10584
40
63
1620
288
648
135
123456783
7
14
3
864
5
9
72
5
7
126
123456784
486
30618
6
756
336
279936
560
123456229
48
168
123456764
288
8820
1296
3
280
5
14
81
123456213
7
123456600
81
279936
2
0
123456717
280
378
123416469
123316821
648
123456787
11340
7
216000
0
31104
576
7875
32
0
240
54
810
252
7
9
27
123456787
5292
4
5
6
324
4
49
0
155520
648
122567733
123456783
2835
105840
7
81
123456565
5
648
0
5
9
2016
123456782
6912
504
450
1680
0
123450741
30
10
8
168
6
4
6
224
1134
1400
49
24192
123456786
9
35
9
123456645
169344
176400
216
2880
16200
28
13063680
0
123456781
5
224
4536
126
35
1
123456787
160
2688
123456759
4032
123456785
123246837
0
2352
123456783
153090
264600
9
4860
0
7
120
1728
32400
35
163296
63
123456117
336
9
8
9
162
0
378
0
576
45
6
10080
5
16
48
135
3
123456741
123456780
123456747
54432
28
123456735
1600
252
108
24
486
7560
123456782
25920
1152
504
36
112
2205
2016
9
0
0
56
2
81
280
5292
123456785
5
0
27
8
6048
252
0
169344
10584
12960
4
600
56
8
4
48
0
2
25
120
123456747
8
168
3
648
56
72
7
0
35
45
122489109
56
127008
123441669
9
207360
864
5103
30240
3024
16
40500
8
9800
123456788
0
0
264600
123438645
8400
7
18144
0
123456788
123456781
56
82944
123456474
16128
30
1680
81
123456249
108864
123455989
48
2520
123453789
288
7560
200
18816
8
4320
30
13440
5
1458
90
10240
2
6
123456069
36
5184
378
18
8
123456784
648
1764
0
123456783
1944
123453333
12
3360
6
123456777
112
405
448
4
63
32
123456771
2
7
18
54
8
92160
18
280
48
35
448
37044
123456629
4
123455613
6
24
36
122990229
882
32
15
224
48
2592
1344
123456725
35
378
8
3072
648
1944
15876
2940
78750
42
51840
7840
7168
0
32
45360
0
24
7001316
40
18
123456733
123456749
22680
2520
1575
72
28672
123075765
630
123456787
0
3780
5
123283989
1512
0
2592
70
6480
136080
123456782
576
48
5
3888
1143072
315
315
14580
123456773
36
1440
486
4
9
162
2
0
4
360
3969
123456709
2
0
7
40
108
576
0
9
432
12
240
6
162
432
123456765
123456786
1
7
1440
123456787
123187989
36
2520
8
240
1440
123456141
123456787
324
63
63
8
7
123451029
720
1800
7
40
3
12348
123456741
123456677
5
15120
0
7
14400
122940693
324
2
193536
36
123456741
81
27216
122186709
72
150
784
288
3456
9
17640
4
6
7
320
47040
0
123456785
5
123456689
126
6
126
12
50
7680
36
3
25
49
6
7
56
5040
1512
7
27648
123452589
2
5
7
48
123454629
57600
7
3240
123451119
6
1890
56
7
64
24
9
90
126
3
3
315
123455349
9
123449439
42
123413589
42
0
972
144
216
0
36
123456709
42336
4
900
8
0
0
9
40
0
8
144
166698
0
123456788
294
123456549
729
1
1469664
123456753
57600
0
882
144
42
36
5832
45
18
952560
40
42
12
0
0
36
2
16
123176853
2
49
18
0
68040
123456788
240
7
123456787
279936
7168
63
123456784
123454197
49
123456639
123456573
7
277830
15
10
3
7
9
122793237
18
504
9
175
29400
0
4
2400
48
9
483840
4
6912
6048
378
123456762
1280
123456429
123452869
3136
172800
9
370440
4
4
243
122880
24
8
0
0
1
45
3
123456785
123325077
123456597
123453849
123454359
158760
288
56
123456749
0
504
1
123456741
7
6
1260
72
0
5760
123456786
2
0
123455979
56
6
4
2160
45360
123456786
8
23328
4536
4032
27
6
2880
123456787
8
7
123456777
0
27
196
20160
8
16
0
72
11760
123456725
192
7
48
16
46080
63
2430
24
16
224
3
256
0
960
2592
16464
2880
7
6
1008
48
123456765
7
7
256
840
160
40
30
181440
392
49
2835
123455331
42
119011509
123456649
10
243
168
123456717
123456787
48
8
210
54
30
5
40
123456735
5
0
7
123456741
9072
123456765
63
2
0
108
0
123456784
0
58800
8
3888
7
405
430080
1944
11520
123442677
5
38880
0
32
64
123455493
9
504
12096
648
0
0
72
480
3888
45
6912
2688
9
42
5
4
12096
4
2250
576
8
4
5
72
245
9
4
243
81
5184
123456726
720
11760
56
3024
123456757
3
0
2
27
4
29160
31104
14112
129600
72
63
4
30
2125764
1
1080
360
12096
5
5184
49
12
9
123453702
6
0
360
980
122980509
291600
1008
64
42
120000789
1296
1
2
5
320
0
18144
72
9
216
45
567
8
18
0
9
25
7
8
18000
3
21168
6
120960
210
326592
12
2
0
331776
15
810
288
123456546
9
486
72
6
525
168
81
32
6
7838208
252
160
7560
0
4
36
63
4
0
3024
8
1680
72
168
0
81
180
54
1296
36
112
1944
72
54
6
5
45
121170645
8
6
6
0
1568
60
6
123456501
8
1728
225
5
4
0
123456773
7
5832
1764
384
168
2304
123456719
8640
7290
123456773
54
0
54
35
448
9
5
126
6
123455925
8
9
64
122313717
2520
34020
72
49
123456787
123456747
6
123456782
28
123453189
1209600
504
17920
1728
9
39690
9
72
123455889
12
123455781
0
18144
54
123456779
54
123456788
2352
0
0
7
28
63504
252
7
54
7
1
72
378
48
280
27
432
2240
14
378
420
24
42
7
123420501
0
360
45
384
32
123456754
6
123456784
288
96
0
9
4536
0
4374
64
72
122903829
8
40
5
54
432
30
4
0
9
15
123454741
36
123456786
54
193536
0
5
8
17010
123456787
9
123447573
1296
9
8
56
6
567
120960
384
123456699
720
270
16200
6
6
3
14
123456749
8
123456759
108
35
108
448
1658880
81
40
40
16464
64
25
15
16
16
180
2016
72
5040
9
2
0
2916
2880
8
5184
123456787
5
40824
54
28
123456787
210
168
56
162
1400
13608
5
42
180
384
5
768
123456669
63
378
5
26460
18522
0
14
9
123456753
72
1701
123456501
17280
3600
5
4
64
648
49
81
102060
3
324
0
3
21
123456741
2400
175
9
8
81
77760
6
123456781
5
123454899
441
248832
123456709
16
40
525
54
9
2
8
24
6
41472
2
432
0
48
810
16
0
123423189
123456773
72
9
36
0
5184
123455169
24192
2688
42
123427989
672
32
3840
122504229
3
9
5625
2
144
24
8
8
30
336
0
12
9216
11664
0
2
0
7
2520
11760
49
243
123456465
576
9
3
9
8
20
252
8
123201639
122803605
0
120960
16200
36
540
1008
16
81
45
2
1728
8
576
14
21
0
7
48
120876309
5
216
40
1350
0
56
7
123414453
8
324
36288
15120
72
3888
14
8
123456729
123456519
90
56
5
10368
9
28
120
5
4
252
6
0
123456453
40
24
123456357
2430
36
2560
882
56
1620
28
16
18
5
7
720
123456749
1680
28224
1
320
1296
120884877
1080
123455949
0
1280
9
56
24
2
2916
80
336
3
8
9
72
189
9
8
2
5
8
123456629
2
2
9
6
0
123456717
134400
123453954
4
7
7560
21168
123456765
9
2205
123456765
123456249
6
123456787
123239061
20
122704149
252
700
2240
63
221184
81
9
64
3
14
72
32
144
1890
5
72
5
123456788
0
168
123451413
0
6
7
7
12000
378
8
123456699
7
9
1715
9
98
123456769
123450309
54
123456785
36
42
384
123436053
6
324
9
2352
3456
62208
0
384
5400
7
123455765
648
1
1
14175
4320
120
8
0
35
8
144
1
720
3240
3
5832
123456754
378
216
123456389
8
40
163296
0
3
49
408240
0
63
13608
123455445
32
123456141
1575000
70
504
1323
0
2
9
2
20160
9
7
108864
123456783
576
240
392
0
77760
123456735
123456717
3840
441
3780
241920
8
9
144
51030
135
18
4
2
144
882
8
51200
0
0
120
3
12
123456691
120
0
8
7
6
0
3
504
2016
6
1440
700
63
123456749
123456747
9
15
123456677
123456784
123449013
25
405
72
82944
123456735
12
216
15
123456783
4536
90
280
1440
123456453
163296
5
10800
6
64
2268
60
8
14
1280
0
40
7
20
0
81
4374
123453289
56
22680
56
7
0
123255189
14
123455277
17280
9
96
0
160
252
5
30
1296
3
123456661
2688
123456782
0
720
6
123395349
6
6
56
7
123456339
123452757
7
3111696
16384
9
244944
64
17640
288
123420501
36
15676416
123456786
3
0
1440
5
1470
0
9
224
8
123456741
123207957
7
34560
72
8064
0
168
0
168
47628
9450
123455529
56
2268
32
7
6
144
123003189
24192
24
42
864
326592
7
40
32
0
7056
45
123456733
72
504
9
63
504
600
81
7000
7200
9
45
5
1
0
30240
3024
5
123455949
1050
90
30
3
16
2688
123262389
6
2520
36
4
3
123456773
6
38880
243
7
8
4725
7
123053589
72
0
6
762048
70560
24
63
7
8
123456677
8
1764
123418389
6
3456
336
56
559872
504
6
123456741
144
63
2520
8
123452181
567
0
42
5670
96
0
123445029
169344
0
54
42
0
54
123449229
288
729
4354560
8
95256
123456717
3
3888
705600
8
75
414720
1016064
4
7
24
8
0
123456645
8
280
63
1764
224
123456717
123456787
1944
123270165
8
4
20
756
2304
123455669
112
216
10
0
8
4
0
0
6
28
0
0
360
0
97200
123456708
8
2880
38880
192
45
18
3
3
245
9
60
175
7
123449985
123456501
119693589
21168
0
0
35
504
20412
1080
0
7
12
8
384
3240
123456786
17280
5670
1680
12
7
123456780
54
108
48
123456780
123418989
7
123419925
52488
7
336
27
56
121415589
24
2688
648
15
123456764
8
9
216
8
9
40
9
80
123456717
4800
243
6
25
123456783
123436377
7
7
123456785
576
72
2880
15
64
64
8
8
8
63504
2
18816
72
933120
6
27
5
378
6720
8
9
3
20
3
240
123456787
9
123456741
256
5400
672
7
214326
2
7840
54
2304
8
1008
4
122959125
40
123298029
189
214326
9
123456768
72
20
28800
756
378
252
123456749
6
72
10080
384
512
9
122350869
504
592704
123450069
9
144
42
784
123456533
108864
123456788
36
1
27
123404949
16
54
1440
30
123456609
3360
1890
2
4
1680
36
360
8
15
12
21
16
10
27216
13230
216
6
63
123451749
3402
1512
432
39690
123456771
9
8
123446549
0
77760
6
8
189
5
6912
9
123456593
90720
1
121789809
123226389
1
56
123042069
20
75
252
3360
3528
9
7
3136
0
592704
8
63
72
12
2880
9
123456681
40
36288
40
9
81
9
9
123456501
12
326592
123456453
10584
81648
12600
9
9
6272
7
320
123456642
9
27
504
123456741
0
123453189
54
145152
10368
17640
30
0
4032
108
4
11664
56
24
8
123456786
72
123456761
9
36
189
3
123429573
123456779
63
3528
42
0
14
54
123456786
9
49
123456621
63
0
6
56
49
4
56
108
3528
9
123350949
1960
8
24
8
0
123456546
7
10
8
7
700
24
9
8
7560
6
123456726
0
120
14400
0
48
2268
3
0
0
48
5040
0
0
3240
9
20160
864
8
504
0
0
10368
81
0
1890
7056
8
322560
725760
6
2
22680
9
123456754
49
123453549
45
0
8
3087
4
17010
8
1134
8
6
504
320
49
0
123456309
123456757
20
6
123456785
9072
428652
4374
1400
112618773
123456780
699840
20
360
61440
18
40
1944
5
49
0
122880
24
6
123456757
1944
128
9
8
378
0
12960
123429909
64
123456740
648
123452253
123456537
1260
840
9
126
48
7
40
189
648
8
10206
9
0
123456621
1568
123454197
3840
15120
870912
23814
4
1008
3
63
49
45
5
56
256
36
63
0
123452949
8
64
3456
64
81
15
39690
8
123083541
432
216
28350
540
5
8
2449440
69120
123456229
3528
63
24
6075
4500
1
64
3
256
0
32
123441237
1296
360
45
123456717
64
42
123456681
8
216
49
8
13608
0
123455277
441
63
0
192
48
3240
151200
45
56
81
189
36
23328
8
0
64
288
81
882
567
47040
560
28
576
32
0
3
540
216
0
8
56
2268
4
979776
3175200
28
0
63
22680
8064
122102037
8
123456781
600
27
32
14
36750
1620
123455349
7
0
12096
93312
96768
168
123449929
20
123456741
1792
5
56
241920
56
123448149
0
7
123456768
81
123456765
123456773
360
48
6
12
224
98
0
123453429
2
16
9072
19845
360
0
49
64
123456693
128
32
9072
6
123456787
112896
123456213
63
35280
96768
123455949
8
10
3
97200
7
123036885
2240
108864
28
123451029
1
7
8
8
123456741
9
12096
123456663
1
123456717
36
35
123455613
315
840
29400
1080
9
54
6
32400
9
123455189
256
35
123456693
8
7
10080
6
6
123456771
5
7
123395553
123456786
480
123456765
9
84
8
6
123456784
3
24
6
23814
0
123456788
5
75
1440
224
4116
56
3024
432
448
123350949
20
9
42
225
0
24300
60480
4
147
648
6
123456761
3888
1050
2160
11340
7
280
123455709
72
123456782
45
123456773
123453549
36
96
441
8
120
25
2880
100
123456773
3
6
270
72
189
8
0
2268
1029
9
122271381
252
27
123453909
360
123456787
24
864
768
336
48
12
54
12600
123452901
123456773
4032
123455253
384
0
9
123456786
62208
48
9
45
5
1260
0
84
34560
72
24
56
123456780
36
40
42
93312
63
0
6
42
123125013
25
72
123456495
8
123456781
4410
5
72
48
7
6
0
1296
7056
0
9
0
63
6
36288
5040
0
486
0
48
1350
648
45
675
4
24
6
392
2520
0
8
48
243
6
10080
3024
8575
2430
15
5
36
3
0
392
8
56
1400
123456788
1344
6
139968
163296
54
80
2
2352
64
2352
108
2
864
5832
8
72
7
123456771
4
63
123456069
123456769
40
1512
336
8
34560
1792
0
2916
362880
123455277
123028137
441
7
81648
42
36
30
30240
189
9
8
240
9600
0
8
28350
0
2560
20736
123456749
123456149
6
9
90
122700789
9
123429573
448
7
124416
4
8
0
224
245
8
6
0
123456782
252
16128
21168
27648
432
12
4608
48
123456788
216
5670
0
49392
1800
1574640
8064
8064
960
8640
504
13608
4096
2592
40
81
1728
196
63
3
9
6
567
420
123449109
6480
4032
3
45
1296
9
384160
3
2160
324
123456788
18144
3500
63
3
56
123270165
54432
3
123455989
576240
36
123456629
2
72
270
87808
123456779
9
336
20
9
7680
504
10935
0
40
3402
81
3087
108
5040
16
8
123456754
210
529200
1440
9
768
7
1152
6
0
2025
343
63
0
216
81
33600
144
50
384
2688
14175
1152
1728
123456693
224
8
7
7
31752
2240
864
12
300
111699477
123443829
0
1
6
960
3
12
2
7056
20160
945
13824
123456744
6480
144
0
9
12
123456744
0
4
123456774
56
1728
432
1440
8
252
123456780
123451029
112896
123456753
12600
123451029
40
0
6
63
123456509
12
0
123456785
20
63504
5
3
118376469
54
378
945
2
123403029
435456
123450645
0
0
567
1
0
576
57600
123455169
360
12
6
192
0
27
30
2016
123437889
6
8232
42
108
439040
1152
3
3024
48
72
3
72
5184
7
123455277
96
588
72
2520
5
82944
2592
0
48
648
32
123456645
224
9072
441
4
19683
123347029
180
0
1960
123456726
0
378
5184
320
0
0
40
7776
7
123456627
123455979
9
123452949
13608
0
49392
4
24
123452693
38880
4536
9
10080
81
72
252
16
81
123370389
35280
0
5
5
0
49
2
1440
123456762
16
7
18
9
0
0
15
123456777
123456777
20160
7
324
4000
576
9
0
3024
42
6
9
123456787
122186709
200
13824
121521429
4
98304
80
123456709
4608
123456777
123456565
8
123456589
8
123456765
123445449
64
280
42
40
123396309
4
504
192
4
8
122585877
1440
840
3
35
8400
14
8
16
25
123442677
7
72
9
30
216
42
42
1333584
6300
74088
1224720
72
123456740
123456783
123456779
4
7
123456411
80
1728
9
1440
72
0
123420949
123453717
378
123360021
5040
1620
56
123449589
24192
252
1080
40
123456786
120
30
2592
4410
336
7200
576
6
576
384
3240
123166485
48
8
4
1152
8505
9
6
288
0
5376
42
810
9
256
1620
4320
1715
2370816
123456600
6
0
123454485
123456782
8
31104
123443181
49
72
9
8
21
36
216
123456786
53760
6
1440
81
123456747
9
123454437
123456788
648000
480
6
63
210
5
5
576
30
576
42
120
123456519
38880
14580
36
7290
1440
1
486
123456787
129024
1008
72
7
0
243000
29160
81
4032
123456717
123456749
2700
56
4
9
1
960
63
36
42
36
12
72
0
45
3645
26880
30
122247189
9
123440913
18
144
123456783
7
9
3
1920
32
3
15
0
123455574
45
7
56
7
5
1920
317520
72
9
123456141
12288
7056
6272
94080
384
5
27
160
1680
0
9
486
8
258048
2352
3780
56
1008
343
9
360
3645
3
123455439
42
629856
336
9
5
140
648
326592
85050
123456783
1215
0
504
384
315
4
36
9
8
11520
27648
123433749
4500846
60
336
224
8
9720
70560
123456726
8
8
1728
12
123456783
168
12
0
1
123226389
123359589
1512
0
9
18
40
56
84
0
57600
72
72
216
8
123456299
123456725
42
384
56
168
0
0
80640
5832
123454629
28
0
384
756
216
200
3360
4
123456669
432
9
123456749
123445029
81648
123453849
123456735
32
1
3780
32
72
8
1323000
7
0
3
1024
23040
2520
360
16
123453429
31104
7
5
9
8
384
75
54
9
6
8
4
0
96
21
40824
2304
123456740
0
0
70
564480
123435621
384
123456784
108
7
0
504
123455253
7
123456777
1120
0
25515
17010
28
123456781
6
123456757
3
0
2304
7
35
9
135
123452949
35280
40
1728
0
214326
42
63
26880
0
24
8
123455189
0
180
123456389
0
360
504
5
123456749
180
0
9
1120
4
135
123456786
8
123456309
1344
9
123456788
14
9
123391989
756
36
123453261
90720
4
3087
58320
360
504
486
576
4
140
2880
123456749
0
10
0
288
1296
123456785
6561
2520
8
123456786
123456769
7
24
2646
49
123450309
18
245
7056
378
0
123455349
648
6
756
40
123455493
123455277
123456765
2880
5
48
1800
432
504
6
192
12
144
648
123456785
40
0
7
96
18
42
20160
36
7
8
168
12960
36288
320
135
2592
81
8
72
192
0
140
5
648
56
979776
112
123456775
123419745
123456549
54
7
123456757
20412
3
6480
8
8
9
8
45
896
123455907
216
144
3375
756
9
1440
800
123454773
10500
243
72
50400
405
27216
43200
1536
72
6
40320
70
8640
210
123438357
648
630
9
63
123456549
56
0
72
11520
432
0
70560
123456465
123455817
210
123480
1536
9
8100
0
4536
504
123456747
8064
8
196
2100
123455349
350
42
8
7
8
72
123456773
123456754
648
384
414720
123454229
192
123456453
504
729
8820
123456411
123456733
24
1372
294912
9
4
56
6
128000
317520
56
648
63
512
11025
226800
2304
63
56
123453289
9
252
123456785
0
160
72
40
20
2240
168
34560
54
8
18
123456741
218700
36
0
68600
315
0
123455709
6
5670
9
56
12960
16
6
121932693
9
1152
3645
5
1080
6
40
18522
56
0
0
122354541
28
46080
7
9
0
7
120
256
64
3840
384
0
9
6912
1350
5038848
122472
8
8
31360
6144
7
72
3528
0
94080
576
24
8
56
0
42
8
123456669
21
0
4838400
315
2
56
36288
16
5
123456753
8
0
1260
123021333
63
123456784
3024
5
123456726
16
9
122472
1
123453333
6272
63
7
1344
5
9
8
810
2058
0
9
225
54
16
90720
3024
123455277
140
160
72
882
16
5
8
123452757
7
1
64
9
64
123454197
9
123456681
1764
2430
54432
40
4608
42
0
960
432
63
8064
63
0
123456780
3
123456787
123456771
123453765
1050
7
6
123456779
58320
0
123456788
0
123456786
16
24
0
7
81
1960
123456783
81
168
26880
432
123425037
40
387072
163296
48
14
20
1
11760
70
24
123449589
72
6912
4
81
0
400
6
123456788
252
54
3
123456785
480
0
81
63504
5400
432
32
123456693
378
1536
123456777
175
20
123456769
123450309
0
45
18
3
24
5
81
27
30
42
21168
12
103680
144
64
12
16
180
378
64
20
7
180
300
0
9
128
12
1225
120960
504
123456733
120
1200
40
7
123456780
7
6
2400
15
123456787
144
13440
0
45
123456771
123404949
0
378
8
123446205
3645
123456769
123456725
40
54
288
3
4
7
7
17280
0
10
126
1
96
32
64
123456699
9072
123456489
576
486
0
588
35
36
0
2
7
123456725
1080
54
72
2240
720
49
15120
13440
8
9
720
20
123456735
123456784
216
7
3528
1440
0
72
31104
8
0
360
112
56
113169141
504
0
225
120916629
55125
288
2
720
576
11430720
8
0
123456741
160
7
6
5
8
8
3
280
630
9
216
306180
2322432
15
9
2
24
63
37044
4
48
123456779
8
4
30
1620
2332800
9
8
2304
8
1152
123456785
6
18
123412689
123456780
123456309
21000
72
9
42
123456762
3
147
252
7056
20
1215
162
47040
7168
6912
16
216
72
5
27
112
32
54
145152
12096
1512
7
40
49
15
45
0
7
18144
5
23328
27
25
0
69120
5
672
25
123230997
63
3240
123456735
2
49
2880
123408405
336
9408
5
123442389
0
11664
10080
288
9
35
5
6048
9
9
9
720
1008
122892309
3360
6
123456021
168
1512
64
63
36
123480
5556600
122980509
123456339
0
0
4536
0
56
72
123053589
54432
1
64
123453909
1
123456773
56
0
6
2
98
6
8
19845
3200
2048
28
9
450
4608
123456033
18
40
12
123376149
3969
3024
8
967680
1
48
4
9
2048
560
864
72
36
56
123388749
60
7
6
448
1960
1620
8
9072
1008
72
486
138240
360
36
12288
384
13230
3240
135
35
31104
288
123456788
972
7290
123456788
3024
4032
46656
7
42
279936
60
4
480
24
5
183708
8
4
8
9
0
72
2058
72
9
123456784
123237269
2048
3
3
486
42
123456754
6125
123456787
126
81
9
48
18
120
123429141
9
123456787
3200
29160
1728
240
27
123456785
54
256
123456642
63
0
120960
432
216
30
1512
360
0
123456429
48
6
6
123456693
288
54
48
123456785
50
4
5376
54
243
240
34020
3
7
6
63
7
8
4
8
123456465
0
8400
0
72
7
0
378
36
72
72
0
8
116924949
123456769
768
81
123456681
123448149
123456749
8
31104
9
123456639
54
9
270
123456741
12150
168
168
3240
288
56
8
226800
30
16200
123455989
2
36
432
2
36
5
0
648
2
8
123456369
2016
36
123456788
3528
4
123456754
15120
432
576
9
123456117
7
13608
7
9
144
2160
0
45
105
6
123456741
123455829
6000
0
123456117
0
122271381
4
5
4
123456769
123456785
42
4536
72
66150
4032
123447339
6
9
432
9
10080
123134229
4
56
40320
3
1152
9072
1728
49
0
98
34560
400
123455949
108
123456773
70
0
136080
21
42336
7
225
9
9
540
3
7
196
7
0
576
9
463050
4
123239061
2916
123456669
9216
60
8
504
29400
9
7680
882
10800
8
123111189
0
16
140
10
336
8
48
56
252
10368
18
315
9
18900
1728
63
4536
8
123456573
175
5
432
72
64
147
3
96023061
270
56
10800
24
1800
720
288
270
405
123456768
123456609
8
32
162
324
123455781
18
1344
9
810
40
64
10800
7
55296
40
32
35
864
1701
0
123456777
7
54432
2240
49
2
9
9
7
48
123426549
8
648
3
9
0
123456784
8
123456725
1701
123456781
4374
7
19440
280
123438645
126
9
5
567
3
580608
36
123456717
6
20160
2688
63
72
123456725
40824
1680
8
9
7
180000
2
63
196
64
123456693
672
6
972
1
896
28
123456768
123442677
216
123456765
8
48384
108
441
7
5
7056
504
840
0
64
126
27
6
7
9
648
432
123456765
30
20
45
36
600
280
6
9
21000
512
123456777
2304
9
28
504
123456787
9
235200
288
11520
64
48
40
4800
192
123417909
54432
25920
1
504
123456781
162
8
189
3
8
1728
9
3
2520
42000
123456474
480
123450741
8
45
9
216
72
123456773
123456783
2160
155520
2268
3024
123456741
0
9
2160
123455709
60
56
123456787
15120
3
3136
8
576
0
5
15
0
56
6
123456786
28
5
15680
9
95256
123455349
216
45
1512
35
35
81
26880
3456
504
123456341
21504
36
123453717
122005269
123456749
123454741
288
9
116683029
1134
24
1
9
81
72
2400
28
81
378
0
9
123341589
30
32256
7
0
22050
54
320
504
5
21
5292
1728
9408
162
123456783
10206
9
5
123456684
12096
35
81
123456589
123456788
23328
122980509
441
45
7
120960
196
42
118013589
72
8
123456744
6
168
315
123442389
6
45360
2
123456781
576
2
4374
0
4
0
1890
270
56
31104
441
81
4
85050
123410133
0
9
8
116458389
123444693
7
123456726
6
2160
81000
0
1134
7
12
3456
35
400
756
12
576
123456785
567
1728
64
184320
32
18
192
0
6
123456753
123456780
216000
7840
1890
378
9
123480
3024
0
144
9
56
77760
72
5
1008
8
123456537
9
7
72
6
0
945
4
5
432
9
3
8
120
8
648
1
128
846720
5
32
1120
30
144
5184
1568
0
8
34560
864
123456764
3
36
243
40
4
9
2450
8
27216
150
12
5
420
112
3024
384
384
123373845
7
9
123456429
168
2
123450309
0
48
2
9
64
9
192
15552
8
16
108
43008
120960
45
8505
0
21504
3024
6
648
96
1440
36
6048
8
1080
9
2625
7
245
0
20
63
18
0
40
324
720
32
108
0
114498837
384
168
63
6
143360
175
0
30
35
10080
9
64
9
3
28
78732
16464
5
72
129024
3
7
123455669
63
30
63
123456060
35
8
6
1512
40
49392
0
224
63
123456663
1764
123452085
2268
0
123456783
7
0
20736
252
0
40
360
720
3
140
36
7200
432
123456509
0
27
8
2304
9
2
6
25920
1134
14
0
9
252
100352
123456769
123456747
17920
111132
108
6
123456285
30
9920232
123456785
27648
768
56
36
6
3456
122990229
40320
72
648
140
9
3888
338688
9
216
72
245
768
81
123456733
8
123456453
81
5
8
420
123456786
4
80
70
8
24
72
5040
4050
336
1260
6
336
45
121823829
123456788
123456788
18
123320709
81
6912
8
4
57600
0
45
576
560
162
42
1176
60480
6
0
4
0
123454773
21600
7
135
123456788
576
40
35
72
123099579
6
504
123456639
8
123456771
8
123456726
180
123455829
72
7
952560
123456735
240
6000
123456684
8
9
123456465
288
54
0
7776
123453333
384
5
0
120960
123456509
3024
15
6
75264
123154389
0
8
2268
64
200
432
31104
9
224
10
0
4480
81
512
6
8
72
0
960
123456397
8
4536
6
11025
126
123408405
1701
123454869
36
56700
6
28
27216
123456141
5
840
1920
123456785
190512
18
3
63
144
576
9
7
123456768
3456
8
11760
72
0
5400
123249429
72
9
0
576
123456784
0
112
70560
5
128
8
32
480
64
9
4
23040
315
8
44100
123392277
18
7
5832
0
108
72
123456781
3840
16
123456764
108
45
123456784
8
2
79380
24
6
123456777
288
123456788
72
1058400
5
6
6
15
1080
8
120
3240
288
211680
1
123176853
504
122212629
84672
15
450
48384
96
5120
26460
972
189
192
7
7
8
435456
6
9
113400
432
123456537
4320
42
5832
103680
567
123455655
280
56
5832
378
0
3
2
123456735
27648
1016064
5
0
9
180
9
123456609
123424389
4
0
6144
108
72
5103
123456777
17640
8
63
9
75
2
42
90720
9
40
2
24
4032
2
8064
0
67200
4
567
72
8
3456
42
7
336
9
6
97200
123455025
123432597
11907
81
123293493
2560
3888
192
5
123445125
9
72
123435285
216
7
2
8
324
12096
384
216
0
768
3
3240
49
20250
8
4032
41472
123350949
123455061
8
8
123445449
567
12
123456781
6
123456744
5
322560
0
16
480
51030
122826933
2
2646
5292
123456754
40
7
24
3
123456757
1024
147
30240
576
270
42
360
24
720
135
72
2624400
3584
63
123456771
123454101
20412
123455493
123455844
7
22680
6
486
324
123456780
9
2
63
0
576
9
1800
1008
378
123456788
20160
123449877
122005269
16
81
123456777
63
36
20
8
6
3360
120735189
6
2
138240
392
128
8
123395553
123456453
4
3240
2268
144
3
441
7
8
123456705
123456787
0
45
7
9
54432
81
123456733
64
123397989
5
3072
288
123448725
3
8
123453189
135
123456783
4704
72
63
774144
9
0
123456780
90
0
123456765
4320
5
10
123456735
864
3456
6
1440
49
63
123454997
123456309
0
0
24
72
5760
123442965
6000
135
324
2592
56
480
9
24
384
0
6804
42
123456411
123456649
1
7
9
286720
392
5
7
256
2
17280
2
122851989
3
81
0
9
18
5
14400
6
8
3
1280
27
97200
105
3
54
123456677
40
63
25
0
123456709
1428840
61740
36288
4
100
21
9
11340
1344
2744
40
9
123456785
123456777
123456645
81
4
12
15
63
4
5040
180
38400
217728
12096
16
42
245
123456765
123425685
9
31104
123456717
18
12960
800
945
64
1200
90
24
192
28
630
290304
123456780
720
10080
9
123456784
123440661
384
420
2520
4
16
2
0
123440589
432
17640
225792
0
49
5400
123448597
1440
123456787
18
60480
1008
5184
420
123456783
63
64
0
0
2916
360
6300
60
14400
1920
2520
123456684
8640
123456788
105
135
20
0
14
288
2205
793800
5
36
9
405
0
6
123456762
2835
7
35
81
8
0
49
6
36
123454845
123456786
123456765
60
63
9
512
18
9
123456213
123455445
6144
192
28
124416
2
64
2304
6
2
5
5
9
72
288
24
5
9216
12
123456787
7
8064
123456501
810
123456786
0
28
144
1350
9
21
123456735
36288
5040
12
35
7
315
160
81
0
672
16
2240
1458
42
28
123456765
95256
432
336
0
123366069
123456787
168
384
63
123456788
0
5184
2016
6
0
280
0
56
8
3888
0
24
144
123456277
72
576
0
155520
162000
1050
123451749
28
0
5
18
504
25515
123455417
49
72
126
192
3240
2058
432
8
675
8
4
300
123453333
9
123456765
0
0
123456537
19845
123456769
9
123456771
64
40
36
9
48
13608
6
9
80
63
81
1536
7
36
6
0
123453333
5
27
47628
123456600
7
51840
160
8
16
11340
18
7
12
122885253
432
4
27
3136
64
81
35
54
210
7776
56
90720
252
2205
123455637
81
2
504
123429141
960
9072
4
10
4032
27
56
81
64
3087
225
240
1
144
3528
217728
6720
123456786
123456741
8
123456788
123456744
123456741
96
7
315
576
0
63
9
105
72
42
12
0
504
8
45
0
108
9216
9
32
8
81
336
168
290304
123456654
155520
14112
18
8
1701
6
123456369
120
4
100
504
9
12
0
987840
0
7
448
0
5760
7
8
3888
51840
123456787
72
123456787
24
4032
123455781
123456779
123456729
18
32
504
896
1120
16
7
45
7
12600
8
5
1143072
5
140
720
1008
6480
9
49
123456069
1152
5
3528
756
123456429
0
28
240
123454269
8
72
0
224
123455074
0
36
9
5376
56
9
123456357
36
123452181
84
2560
123456771
123431589
123456765
0
756
18
123398469
17280
123456787
5
108
9
0
210
9
90
15
16
2
6
16
12544
8820
6
123456787
123456669
0
384
70
123456771
175
14700
336
123456663
54
53760
18
123455829
54
648
3528
81
0
9
0
42000
2
5
9
567
9
9
432
123456749
6
3
0
40
20
45
123456749
45
35
5184
63
64
2744
6
123389289
27
45
54
2646
40
677376
42
0
56
320
123444501
0
129024
4536
8
5376
252
224
48
0
2
4320
210
40
378
123456474
6
12
32
720
3
2
3456
8
12
123456783
123453333
2592
7
9
486
45
123456726
8
336
158760
63
123456754
6
0
630
60
12960
10584
123393285
0
4
378
0
42
1296
126
22680
448
81
28
72
15
123456786
15
9
123456749
45
123449013
0
504
45
576
123456597
123451497
216
1008
5670
336
4
72000
0
4200
123423189
0
0
25
8
123439509
6
8
9
123456753
48
288
122721957
6
2268
486
117600
9
233280
54
49
480
1
1008
0
20
3024
5376
5668704
648
0
1
1568
30
123450645
123347925
123456747
63
123456787
360
123456782
2016
123422769
576
18
512
9216
432
3920
8
729
4608
0
6
9
123456786
13230
5376
0
1080
120
13608
54
2880
21
0
14
7056
504
14
0
9
123454773
2016
8
64
36
54
9072
123414453
123456785
123456759
72
123451605
40
8
648
9
672
280
1440
20736
8100
48
252
123456786
123456735
243
42
5
123456781
40
56
123444639
2
123456768
1400
360
123456593
123456733
123455221
64512
315
60480
123456773
0
486
12288
297675
36
180
6
486
123456669
210
40
2880
123456787
64
324
21
8
2940
123433164
7
81
123456785
72
3888
3136
0
567
280
123455277
72
108864
9
36
5184
1296
6
49
875
123430329
17150
40
42
384
1575
7
64
800
7
123456627
123456784
343
72
123400341
35721
9
108864
90720
123408405
72
9
123445269
7
7
0
123456777
26244
4
27
64
36
432
672
54
0
9
1152
3
7
3024
123456661
123456741
4536
384
86436
123456725
129024
216
123456691
63
15
123456465
7
756
36
123456705
63
204120
378
105840
37800
576
648
90
63
9
2058
294
324
0
8
320
123456609
123456777
123456669
45
123456705
0
0
1080
4
123093909
432
64
0
378
1960
21
7
720
4704
90
900
4032
63
123456788
28800
123456645
123456537
123456114
20412
123456786
40
252
123429573
27
0
2520
0
123456769
35
7
14696640
3528
123456784
12600
8
2016
3528
25200
36
63504
7
7
123454829
40
0
9
504
31752
123420501
360
42
135
288
756
2
0
20
2520
9
144
123444501
126
432
9
12960
40824
54
144
123293493
3
123455589
28
9
7840
121575189
36
56
42
45
7
0
18
123456787
28
2352
4
72
63
2352
4
2
123456501
36
54
123395049
7
288
4200
300
559872
405
6
127008
3780
9
486
216
6
27000
123456039
123456740
980
400
9
4
1
12
1568
6
6
7
378
126
7
5
48
123456533
123456213
123456784
192
216
48
324
16
0
84672
24
1440
0
270
27648
480
63
0
0
123456285
13608
1
18144
7000
168
5760
42
32
8
117858069
72
1
1890
0
35
81
72
9
123456787
216
0
123446205
8
123456357
51840
32
405
217728
4
20
3
123456699
9
448
136080
15
224
0
972
288
123255189
123448725
864
9
54432
6
0
7
123456741
252
35
0
9
123456783
2450
123311637
123436629
55296
3136
153600
24
4480
270
72
1296
4
210
30
4
1260
9
252
72
144
35
6615
123330789
42
123456741
10
48
123455529
5
123456788
207360
8
6
7840
294
42
2800
0
123286689
123456783
7
17010
122912469
11664
123456781
35
6
1960
9216
720
686
0
7
720
1215
21504
0
6
3
1944
9
123266277
6144
8
123456708
0
4
123456681
36
3
94080
6
6
0
123456787
18144
6
123456741
16128
123456765
648
13824
162
288
8
36
1944
45
320
0
84
3888
1536
36
1440
9
8
324
54
5
24
123454845
123429141
123456784
4374
123456717
1372
360
42
4
8064
138240
123443349
378
240
0
2688
123455949
72
567
30
63
81
6
0
0
5832
1290240
288
1512
120553749
12
24
0
28
123456759
8
86400
36
7
1152
147
16
4032
81
28
8
9
336
9
5040
32
4
7
0
10
288
241920
123452901
1620
7
423360
2016
9
3
5
0
450
0
896
0
384
2
42
123446709
5
1008
35
0
8
3
64
40320
6
54
0
123440661
0
18
17280
286720
9
32
0
40
32
0
9
175
7
28
123451989
35
0
8
123456779
24
15120
2268
120
63
144
70
123433749
315
8
882
9216
378
1400
9
45
42
2160
56
43200
294
2916
0
72
20480
2268
123405589
69120
648
2520
36
72
123456717
0
10
123441669
123454773
0
21
8
350
23040
81
123456784
2488320
1920
7
5184
123456780
18
3888
28
48
123456783
123456663
864
3072
36
5040
2160
7
108
6
0
378
729
72
0
5
9
16
72
2
145152
123456771
5
5
42
3024
123454845
24
123449877
6
48
4
3
54
0
7
31752
864
5
216
5
123429909
512
960
15120
9
1280
448
4
144
9
2016
34992
9
123456788
9408
288
123455925
405
560
28
3969
123448725
508032
7
4
259308
0
14
9
160
4
0
30
2
181440
42
0
32
8
6
441
123446421
123456759
123456693
4725
122880549
0
2646
8
567
9
280
2592
122472
64
45
735
40
123456726
7776
56
4200
630
48
2592
8
123456777
8
144
56
122793237
123456771
0
2
216
9
35
123347925
864
35
9
1440
5
123287445
3240
8
3
360
123456749
5400
2744
3
6
21168
9
504
9
1728
192
21
720
1968300
123456744
8
2560
9
12
60480
8
288
81
6
123456573
320
3456
9
54
81
72
64
336
2560
20
5832
0
100
210
45
72
9
216
1600
705600
0
123286689
1800
9
15
6
2592
1
5880
392
123456761
0
42
162
100
27
0
20
123456768
56
123456519
60
123456788
123456788
24300
4608
60
13440
8
123453765
123453765
49152
240
3
4200
120960
51840
0
53760
123456779
42
27
8960
1008
2304
12600
123456740
9
63
72
123456411
56
123456788
123456669
6
0
4
72
4536
54
100
0
5
144
48384
9
600
48
123456249
360
6
123456784
123456771
123406389
8064
1400
123456719
252
48
36
123456749
10
24
9
2800
123456783
0
123456781
123456762
0
42
116640
324
0
123456519
2520
123456780
0
8
2268
18816
1306368
123456589
123456787
55296
75600
108
7
321489
123438645
441
294
2048
6300
180
504
42336
123339189
36
123342101
17496
290304
8820
5
6
7
40
1
7
350
1344
8
123456565
1152
270
192
746496
36
123456453
123455349
123456348
123417909
123456777
392
8
3
49
8
27
1
5832
240
36
123456735
405
63
123456788
288
64
123438645
4
40
2520
1440
9
2304
6
672
9
123456533
2520
123406613
5040
123453765
540
0
49
3456
24192
504
7
36288
5832
54
72
5
30
0
27
768
8
480
123456774
720
9
288
63504
256
6
72
81
4
4
123456780
1764
7
123456229
48
8
1440
6
216
32
8
576
123456762
8
576
0
5292
56
98
122271381
45
10
0
0
0
192
276480
14580
72
0
0
1
18144
21
3
1764
7
7
123456597
6
123450741
5832
0
270
25
3
123455589
123455669
0
189
567
123456771
1920
6
7
12800
200
3
24
7
960
6
9720
972
729
123456735
6720
123456681
2
86400
4
2520
1458
123456699
123456339
236196
8
64
360
123456787
63
0
419904
0
6
123456753
60
4480
11200
6
9
280
63
168
37800
900
5
23040
1125
324
39366
135
6
1176
123445125
9
123456787
24
144
123456783
7
129654
25
19200
63
59535
123456780
163296
0
7
123456747
4
9
28
123456788
504
16
123093909
6048
8
1512
1008
6
240
432
392
378
9
8
32
0
448
123456597
123453333
0
54
648
6
1728
123456677
123301269
123456784
5
6
5
0
123456629
5
72
64
0
72
4
0
7
14
378
123340149
48
123456645
1512
7
48
123369309
0
38880
72
123456786
0
840
24
5
3
6300
2
40
0
8
11664
6
15309
864
864
0
46080
8
123456621
162
7056
189
6
72
0
32
8232
1920
20
123456787
123456787
4320
1728
81
123456788
2205
64
6480
25920
0
54
64
123287445
8
7
123456733
5
6
21168
1715
324
18
123455445
123417909
42
0
0
9
30
7
24
1632960
69120
48
384
64
10080
1
123456669
64
735
8
5376
7560
8
7
49
8
0
128
56
3780
270
10
21504
840
50400
504
0
1440
15552
123455664
7
2688
0
123456733
9
81
50
3780
25515
0
22680
123417099
1680
123456757
6
0
42
72
972
15680
123456788
123436053
7
4
181440
6
1344
63
12
3161088
1568
3072
48
123456708
6
630
378
49
3528
54
648
45
0
6
6000
448
123455989
2
1575
42336
21
96768
42
7
560
1080
4536
0
0
7
210
122997519
8
1728
9
122337045
0
6
1
0
8
24
6
252
648
1680
2592
54
630
27216
2240
512
123453333
27
4536
648
9
36
2560
123456787
1400
48
0
2520
5
123422769
123453873
18
288
63
123456786
6
123433749
756
18
123456785
16
2205
256
9
40
123454269
123456786
123456775
49
120
0
123145749
30
240
6
7
32
121901589
29400
252
169344
0
432
405
108
0
6
6
224
8
311040
0
11664
144
123303699
5292
123455061
64
24
9075780
180
1960
0
9
294
54432
9
216
233280
8
4860
9
376320
8
123456579
2
123444189
8
1620
280
1764
123456735
18
123075765
9
0
30
7
8640
63
63
3024
32256
9
9
0
6
123422229
6272
72576
288
123456788
123453765
43008
9072
54
5
0
4
241920
0
45
8
2400
630
432
123456765
8
4050
3
3
123456749
123375141
504
127575
480
120960
9
734832
128
48
3
144
15
343
0
0
6
8
35
8
980
150
123456453
0
123456771
9
0
162
5
8
338688
123456753
3456
123456621
1920
504
243
20
18144
200
49
72
123456754
1512000
123454521
72
0
123424389
243
4
7
5184
36
5
11907
0
576
54432
8
56
7
8
2268
9
7
0
123435621
567
2646
840
9
0
7
8
0
123456787
63
47040
81
24
5
25088
648
35
9
8
123456747
571536
123456717
25
0
3584
123456787
0
123448041
20
123446709
40
0
35
72
48
123454549
120747285
12
0
123456749
360
108
123449877
0
0
10290
7
30
20736
45
122313717
42
123456669
123456681
3584
1344
972
518400
6048
270
0
6
123456786
5184
0
3
7
7
168
123456785
2
35
291600
508032
56
36
123456501
420
12096
30
315
6
123456597
36
280
9
63
2430
123451929
392
0
123398469
27783
2
8
123398469
9
47628
486
123456629
691200
15
123456741
3
8
27
105000
7
4032
28
123456717
112896
75
9
123447069
8
6
123456787
123456785
10368
36
5040
8
3
123421509
16
576
0
810
122851989
8
63
123456785
123456786
123396309
31752
64
9
12
123456783
123456621
0
123456784
42
96
315
28800
4608
5
96
123456788
648
2304
72
360
360
6
9
123455493
2
123456645
0
0
45
6
54
0
36
8
123456784
432
210
16
3528
123454741
48
5
7
9
72
10206
72
3
9
6
2
8
9
9
81
280
165888
123447717
21168
10368
84
2520
123456783
215040
122368149
4
23040
6
81
0
30
45
123455637
123456509
93312
123456629
0
123456465
240
504
2304
1176
8
0
1008
123456754
9
3
2560
224
2
180
64
8
5
123455277
1944
0
992250
3360
1134
64
315
2352
1008
4
224
3
90720
122903829
0
48
108
72
9
123456773
0
3
9
8
56
9
512
0
64
0
84
0
2304
30
63
123456786
5
3584
1741824
7
24
6
36
5
20412
72
63
123456764
123229989
8
405
8
9
2160
17496
8
2
392
45
128
123452181
336
2880
116640
6
22500
5
123165189
150
9
0
10080
123456780
0
6
256
9
1440
30
9
7
123456726
64
115836309
504
1728
123456735
2
945
0
35
1920
4
16128
270
160
8
8
768
8
648
72
45
139968
72
675
8
0
11520
0
2205
1920
0
7
123456699
123456741
64
42
1920
8
48
9
123438357
17280
25920
123456787
129600
16
112896
6
1350
9720
3780
123456769
123456684
7
3528
4
128
24
12960
20
21168
22680
123442965
42
40
54
56
8
900
7
1
72
192
54
288
8
123456726
3024
3
12
49
48
6
6
0
8
14580
1323
20
48
30240
16
6
3
0
144
0
30
3
1701
1215
123456785
48
4
180
123456765
123456691
123437589
123451605
2268
15309
72
64
72
9
72
4032
123456754
48
80
1512
0
1728
0
504
7
119392533
8
1512
9
21
9
3888
192
123456773
1080
0
123441237
7
4536
123456749
1323
648
123439149
1050
123449877
120
21
576
0
123456753
43008
5
144
26244
5
120
72
123456786
6
4608
8640
123456773
288
9
19600
576
2160
40320
1890
123456761
175
12096
375
12
123456775
20
123440325
45
8
42
162
6075
123456774
12
56
2240
0
7
30
6
272160
360
123456533
124416
5184
35
123213789
123456759
168
8
123456729
2
123456785
6
4
123456753
4
13824
343
1680
3024
123456784
49
1
4536
81
5
32768
28000
0
15
32
324
49
441
48
6
42
48000
3888
25
160
0
294
512
192
45
294
288
8
7
4032
6
42
61236
123335829
8
123453261
432
48
1440
1890
64
72576
576
123456754
49
7
12150
64
245
336
486
123456783
5
4536
72
1296
123456771
20160
3528
20
36
21
70
3
6
700
0
9
0
1568
3456
8
28224
8400
123456429
288
35
441
49
8
40
3
0
123327189
123455817
123350949
122057109
123363477
145152
126
123456785
6
123428565
1890
13608
9
123449589
1
36
123428565
72
123456369
63
1890
81
0
0
144
9
72
11340
40
123455529
123456609
63
9
28
120
420
147
15552
8
63
640
2
123448725
27
6
9
144
37044
5184
1
64
160
378
120
252
123456777
6
882
196
0
123456769
30
12
4
123456453
7
576
123456783
0
123455637
35
36
3528
0
168
60480
9
123456693
6
9
0
0
9
123456785
5
42
0
378
3
140
12
18
30
123456781
240
123456785
40
48
1728
270
8
226800
9
4
9
1680
56
360
12
123443667
0
441
3969
846720
105
0
123449733
378
210
392
0
2352
432
81
135
9
7
5
123456786
54000
123456783
36
9
123456761
9
13230
120844053
1344
72
72
81
40824
123452901
0
123433164
121163029
68040
48
9
0
336
0
48
63
0
30
8
123456465
18
1088640
48
123456786
8100
2
8
216
0
190512
24
8
2800
48
180
567
2
2304
0
486
112
123455829
3024
360
648
10368
3240
0
648
8
0
294
123456777
9
0
16
123456784
2520
8
42
7
9
42336
44100
18
20
50
720
5
0
123480
123456277
12960
336
98
6480
123456453
123456645
405
1296
9
63
110229813
36288
384
1890
42
0
1280
0
56
252
123454629
315
108
123456761
123456309
123456788
49
1458
4536
6720
20736
432
123456784
144
123456213
15876
32
1176
123456579
0
64
0
96
900
123303189
0
9
27648
5184
30
144
432
7
3
64
81
6
294
72
123456725
9072
24
35
9
1568
42
123456757
5
2240
504
123443181
32
6
20
9
1750
42
123263253
8
42
123456771
1260
