540
0
0
8
123456021
1344
2916
0
56
280
9
123086349
40
123456717
0
6
5
448
145800
0
1008
90
120
45
42
123427629
192
40
17920
4
7
2
1470
123456753
7
72
6
378
46656
6
123456781
54
252
63
30
10752
8
123335829
5
10368
5
18
9
123434389
8
7
1728
123456739
7
10240
144
81
8
1728
35
123263253
6480
30
630
80
64
4
30
48
123456021
123449877
63
192
123444693
2
0
216
6
8
0
35
0
9
8
648
0
35
648
123456777
105840
8820
7
7056
0
56
48
12
8
5
252
4
1
9
5
56
123320709
4
0
56
360
123456469
86400
63
4
15
7
504
7
486
225
45
6
5760
0
123456784
7
63
6
64
21
0
9
1
105
20
9
18
32400
42
123451749
9
1512
192
3000
28
1296
45
216
216
8
63
9
432
123456597
12348
48
5
2
70
2
32
4
72
56
54
63
123456787
123376149
63
336
504
39366
8
12150
64
12960
123456429
2205
20736
16
123456141
0
9720
8
567
48
60
123456747
123382701
18
9
1944
10160640
270
4
5
42
512
20
123456213
123454629
8
24
20160
576
40
120810789
336
123455493
0
432
7
84
9
5
0
123456784
72
0
2916
7
123456769
72
7
14
123456749
8640
26880
2
36
2058
6
1344
40
123456765
9
123455349
2016
0
4
72
45
504
30
245
756
123456769
45360
5
72
6
7
6
7
24
0
123293493
2204496
24
5
720
60
122739989
252
24
378
49
7
96
8
22680
288
40
5
6
8
900
1620
1512
72
45
6
196
0
8
432
217728
75264
414720
121987125
64
7
0
8
9
0
896
63
9
648
123446709
36
7
32256
9
27
54
4374
8
48
8
288
967680
7
8
24
7
63
123456141
7
9
8
1960
1728
8
27216
128
17280
123456757
32400
121736469
489888
4
123241749
40
81
0
2
122990229
6
756
8
144
0
729
56
0
16128
72
54
48
378
504
3
45
63
4
8
123432597
9
123456744
123443289
64
9
7
90
7
123456754
144
123456645
1350
720
448
4032
3087
336
720
123424021
10368
120
84
6
2430
123456787
3
72
26460
4536
40824
123456771
72
56
3528
123456597
46080
2160
14
6
48
123456784
1944
56
123456654
123456754
262440
4860
63
123441237
216
2
123456669
8
216
8
189
0
4
72
4480
123456786
123456509
4
123423984
200
648
7
54
6
5
864
3
122585877
9
48
2160
0
762048
238140
47628
9
27216
4032
9
120
2
240
392
123456785
0
18
81
576
0
9
144
288
9
4
7
9
45
1764
288
0
0
9
0
18
4
36
432
126
216
1875
6
162000
8
123456621
1512
9
123435621
123456384
576
64
72
243
123456785
90
32
123456781
72
41472
4
123456708
1764
123456669
3
2
4
123456774
12600
8
5
10
2304
68040
4320
93312
6
9
244944
123456549
49
2016
6720
6
86016
8064
123456747
20
36
5
9
6
3
256
336
8
81
1
15876
729
5
30
15
5
112
8064
9
123456621
123456768
81
700
8
0
123456774
3
432
0
72
14400
123456761
5
8
18144
8820
270
81
405
576
0
2520
8
864
30
648
21
123383889
15680
68040
123456565
2560
0
5
8
123455889
16
209952
64
123456783
151200
3
123456786
72
3
980
81
8
63
123424533
35
2268
1152
7
20412
138240
8505
4032
36
432
378
0
9
16
56
48
12000
432
21
64
367416
324
12
122779413
32
81
294
0
18144
256
9
123454485
16
42
8
0
259200
6480
40
36
49
8
64
576
121075389
6
7
7
8
123453189
20
5
8100
576
144
123449013
7
126
118122453
10976
9408
123454437
123456597
8
123456765
42
123456785
9
243
123366069
504
144
7200
42
8
72
378
672
8
9408
3
122866299
9450
6912
27
392
2
0
32
26880
54
10584
0
45
123456783
279936
123441669
123456741
4032
324
81
63
64
123456600
81
123456754
4
12096
18
120
18
35
123442965
5
19845
216
123456754
56
1
12
68040
2160
9072
123067989
4
123456788
18
16800
112
118693989
8
8
81
2
9
123456785
42
123456649
12
123438357
48
102060
1620
123456768
70560
144
1
648
245
1176
72
123456764
9
123447381
4
54
123456787
9
1008
123456788
8
3
9
30
122504229
250
1080
2268
123456749
1536
378
3
123456357
1180980
123456786
0
2592
123456645
1800
270
0
7
123456474
3
360
0
2419200
123454485
35
13230
15
151200
123455349
2
123403029
3
7
1400
588
17640
216
123456771
9
72
486
123447829
294
36
123456783
320
148176
8
3840
15120
63
324
7560
252
2
8
16
256
7
71442
1764
48
8
576
8
7200
84
5
0
72
45
7
4
34020
320
4
25
5040
21504
28800
0
0
15750
72
2
6
3
245
123451189
48
12
9
1440
3456
113400
24
123456249
8
48
2880
5
648
135
1280
1792
9
72
0
123452181
1568
120
450
123456761
5040
72
0
48
6
42
9
9
5
123456783
1575
123456775
8
288
405
9
504
56
8
0
5
123441237
7
34560
864
7
800
489888
28672
428652
108864
5
17280
121390074
5
336
2520
0
2
5
118811925
123456384
12
54
7350
210
14
123456788
123456741
336
8
216
6300
123456782
49392
96
48
32
12960
8
30
15
123453333
123456762
72
5
5
2
320
30
42
123456693
123456733
7
7
123456785
0
0
483840
72
7
405
123456773
20160
5
34560
25
42
756
296352
0
72
3
2880
0
211680
56
60
80
280
42
4
7
3645
168
123381525
123456783
72
9
6
2
123456781
126
123456465
40
12096
85050
123207957
8
0
864
0
196
576
123456189
2268
123446709
182250
123456747
2880
432
5
12
123456784
123456429
123386229
18144
1920
56
2744
48
17920
252
72
0
9
112
7
144
123456754
2592
123456741
441
1344
270
960
123456609
30240
123410709
123456759
559872
72
5
9
36
168
40
8
567
45
466560
123456735
54
7
72
540
48
9
24
9
980
81
3456
12544
8
5
1260
36
56
40
54
123456782
3
1920
26880
49
23040
2688
0
720
123454549
96768
56
15120
123428565
9072
875
5
2
27
6
288
36
504
0
0
138240
45
9
9
640
8640
9
126
123456773
56
7
63
0
7
36
40824
810
123451749
30
72
45360
1890
300
4
2400
2
8
793800
32256
122150421
123456783
123449589
123171021
8
160
4
504
23328
4608
81
122880549
48
0
700
58320
486
20
123075765
9
8
148176
4
123453549
27
9
2560
40500
123456757
6
0
123456787
123456735
7
123430329
7
0
123456785
90
123456783
810
123456411
7
4
123456735
18
980
123456784
15
19200
63
7
840
123456060
103680
392
240
20412
6
72
64
8100
400
0
210
0
6
576
7
1260
252
2520
2000
9
241920
123456775
8
54
216
123456765
294
378
72
0
120
7
2016
1036800
648
15120
729
432
1440
28
20160
6
30
243
180
123083541
9720
40
63
9
6
54
51030
254016
2304
756
12096
37632
720
96
9
0
17280
2016
6
81
144
42
123456717
144
3
8
0
279936
7560
123414453
48
216
5880
72
576
35
2
123454437
362880
9
55566
123456733
35
30
5
36
10368
19440
245
0
123456783
6912
5
0
0
2048
9
7
7
2100
38880
35
4
40
123327189
30
63
2240
0
576
126
245
840
4
9
6
0
336
108864
123456787
2592
0
123452757
2268
15
108
324
2
6
63
123425037
60480
14
123456005
9
0
4608
245
336
81
123456787
123455349
0
1
122419989
72
2048
72
2187
28224
123456546
2430
8064
81
0
0
123407397
24
1176
123456597
459270
42
4
567
27216
3
5
7
7
24192
118376469
123456771
1
123455925
0
7
3
4
8
123456775
32
126
123448389
1512
486
123125013
3
49
35
2
486
120
81
123418389
48
7
5
123456759
136080
21
23328
72
123456735
28
4
123445029
41160
8
3888
243
9
36288
123456784
729
15
486
123456681
123420949
5
123456229
13440
9408
123235605
16128
1568
9
28
3
90
123456787
302400
8
7
384
1536
8064
9
9
5
9
270
240
5103
65610
189
28
168
240
122972949
71442
48
0
36
1260
38880
123456774
6
123456788
2835
123456784
9
960
1
0
123456781
9
5
9
123456749
123455389
384
972
42
3
40
123456785
9
1728
9
123455529
0
460800
315
72
42
6
15309
336
4
4
315
81
6
172032
8
560
7
75
80
0
123456693
123453717
9
56
576
54
1764
5
15120
123456785
5
0
123456141
5760
175
123456783
2744
72
72
63
432
35
0
123456749
12
123456784
123455709
653184
0
300
4
4608
6
0
28
123448597
123444693
3402
0
192
123456753
42
34020
45
294
1728
5832
123456719
123432789
56
504
1920
160
252
168
8
123435189
9
9
123445125
45
123456544
768
2100
63
2400
3402
370440
2160
36
9
8
123453261
216
2240
35
756
5
0
8
23328
144
123456786
24
2560
7
432
28
48
123456784
123456777
9
27216
9
4
9
4
343
63
123456357
8
24
75
5103
270
4
7
70
5
288
7
645120
3780
8
192
3969
1296
432
123456474
504
1134
123456754
56
123455061
392
122196789
6
432
1134
72
3584
1792
8640
9
9
81
63
123452181
5
24192
17496
6
123456771
900
81
144
123400341
7
8
9
65610
8
648
9
504
3456
0
1
0
900
373248
123389289
123263253
0
17280
0
648
387072
0
7
123456783
9
9
27
3645
20
6
12960
123456609
123445029
1512
7
54
24
123456775
8
360
72030
5
0
160
49
150
1
294
123456397
123456681
441
123454197
64
5
2268
0
20160
9
72
123456693
12096
648
2
4536
9
18
12
9
18225
0
4
123456744
567
1440
123456787
123456645
252
8
123456579
122398389
123417909
123435621
448
42
123455169
123456725
1
28
864
25515
56
123456787
4410
576
10206
1620
144
12
123255189
2058
96
123455445
336
9
122892309
27648
122381589
432
18144
72
72
123456771
392
19440
48600
16464
7776
3
5
1512
2
10125
81
6
150
215040
64
8
54
123456717
0
123456579
0
123455829
72
7000
72
1555848
63
0
6
25
48
21
123451389
63
9
18
48
336
123433749
96
6
9
123456753
1890
18
3
9
6
0
3888
18144
27
21
4
3
9
72
9
36
123456774
6
432
14
72
45
0
392
6
61740
123446421
360
36
504
2
725760
540
5670
81
13608
8
107520
112
3528
315
144000
420
48
72
35280
0
123453189
0
6
10080
8400
768
1792
72
7
28
392
4
15
56
540
6
0
123456733
24
7
378
10752
108
123456733
6
25515
11520
123456717
123446421
72
8
123456677
5400
123456785
123456729
5
28
2
1306368
56
123456509
30240
73728
4
30
224
34020
7560
108760149
1905120
512
123450039
486
2
123295509
123456769
3528
0
4
1152
10368
180
252
123456765
630
42336
0
1260
123454521
127008
37800
72
123456757
5
7
6
3
12
123445449
18225
19440
72
8
123456069
9
119782629
108
1568
1024
4
80
9
122212629
48
252
4096
24192
123456744
5
0
153090
6
8
10
11340
123456733
1
3
9
0
24
1008
56
32
648
32
8
8
15876
5
9
6
768
5
6
123456759
3456
48
12
1
1
81
93312
181440
8
8
162
504
123456761
64
123408405
62720
0
123456787
1470
2268
504
8064
123456021
8
3
5
21168
40
32
5
108
56
108
4096
144
2646
9
24
45
49
1008
123450517
604800
54
63
123425685
9
169344
9
1
3
7
24
1
123451029
35
123456769
36000
123456117
64
288
9
123456453
72
123456783
72
123447717
0
123456757
4
1050
0
4608
1620
30
12096
1
349920
102881493
80
160
9
123456753
560
1792
49
5
100800
123455277
63
8
5
123450489
3528
72
81
123456573
2744
8
8
123456786
21600
9
36
7
1778112
123455466
1620
32
0
0
15
63
2016
27
9
181440
54
0
6048
123452253
96
81
54
23520
8
504
123449013
18
8
123452253
4410
41472
68040
72
504
0
489888
756
27
18144
1
1
8
25
735
123176853
4320
84
270
108864
56
9072
4
0
864
648
72
48
9
7
175
56
80640
45
504
1
1440
280
0
4
121134357
30
123449877
225
42
34020
175
1344
14336
3024
0
24
3528
200
123456741
64
32256
56
420
7
123456357
30
6
63
32
123456717
123404949
5760
8
324
640
123456785
180
56
54
24
1
432
216
72
25
2352
216
123456779
576
6
441
8
123456773
729
123456783
56
123456788
123456285
123290901
7
0
64
3
432
123456781
504
6
3
9
216
2016
72
5376
360
123310989
162
136080
20
9
9
123454845
123454143
1260
504
384
63
6804
324
56
0
162
441
6
384
0
51840
331776
0
0
60
3888
5103
8
504
123456339
441
64
1
13440
576
1600
113973525
2025
123454269
672
3402
123456642
486
0
2520
36
8
108
18
378
288
756
72
64
20
81
3
8
9216
0
72
6
123456689
9
60
54
432
720
45
15
1152
336
8505
9
5
123453189
123456787
25088
7
38880
6
2520
81
8
9
3780
0
36
45
18
123456783
1296
1080
324
2592
320
6
8
0
2
9
945
136080
1470
7
81
8
0
392
25
123456741
6
30
123453717
8
3456
21
30
3456
117578133
24
2835
123456782
0
9
72
336
18
21609
254016
35
9
1458
8
7
256
81648
63
7
2
9
28
36
2880
123456783
32
42
8
802816
9
2
123456762
5
0
1440
123454731
360
6
7
123456780
0
2
3402
123456645
6
97200
13230
72
216
8
123455925
1890
8
21
8
5040
10
186624
4
45
189
123456788
4536
432
54
1080
123453333
216
64
123447339
420
63
648
7776
8
224
2
122972949
35
45
123455979
0
32
0
8
448
47040
123456783
2240
5
72
0
448
24
13608
252
960
35
123454164
360
18
123456785
448
2880
64
7
1280
180
123456573
288
280
56
56
123456744
123456765
63
123456749
96
4
0
0
1008
18
2
4
32
2646
432
123456780
123430869
432
35
11664
5
9
41472
6
20
9072
3600
8
48
112
40
123425685
155520
192
9
123335829
4704
123456786
460992
8
123411429
25
123456786
123456777
123445269
7
54
123453429
567
72
0
21504
1
9
8
0
11340
560
72
4
1411200
30
2592
192
192
7
5
107199765
123455637
336
100
392
0
9
123456784
123455907
2592
4
2916
252
123454549
3969
64
0
0
1440
9
9
8
324
504
105
0
3024
8640
480
8
123003189
123456753
123456339
8
123454197
12800
0
432
1
225
0
0
11664
144
300
123455637
123452181
1792
72
756
0
1728
84
0
14580
30
123456705
3
1680
24
48
216
1764
163296
0
252
6
9
56
36
9
121244949
336
576
15876
42
1280
635040
123456629
123456786
123456777
54
24
16
123456309
216
72
1620
123456741
36288
0
2
123456788
2160
840
108
40
123456739
8
123456784
123451301
1890
0
81
123447717
123450741
5
8
108
36288
45
1512
9
40
9
6
2160
35
81
12
9
18
123455277
4
123456453
123456771
16
123456754
378
8
7200
30
8
3
36
8
8
112
2520
576
7
16
123456781
9
7
123456769
504
6
5040
567
16
144
157464
1
9
81
193536
24
0
4
1
0
0
0
0
123456357
72
36
63
64
123456627
105840
5832
0
123456693
18522
140
123275349
123454869
189
9
5
0
24696
384
123456005
576
54
56
336
2520
53760
123456249
28224
384
840
9
32
63
360
672
72
2688
72
2
448
7
2592
81
15
23328
0
18144
123446421
450
122885253
1960
54
123456033
5
4608
96
504
1
174960
384
123456389
441
6
384
0
36
6
0
1296
1620
7
0
6480
71442
18
2304
2880
34560
294
123410709
56
810
324
8
3
8
5184
1080
595350
2
123456775
48
0
324
7
6
123456788
23040
8
729
0
3645
56
6
123456744
960
105
5
123456754
36
56
24
123069717
244944
7
315
123456754
64
270
144
9
3
26460
806400
3600
63
72
7
36
35
123447573
567
567
6
9
2744
32
123456645
360
8
6
294
4
9
7
6
15120
27
7
123456309
2352
8
576
1
0
56
123456621
56
6480
1470
864
9
123456726
2
216
480
648
576
2940
48
504
2
324
108
40
288
13440
7
1440
8
0
122489109
16
123409749
2
6075
123456779
123455061
270
8
3528
672
1280
64
0
3
0
225
0
5
27
123455169
119070
8
8
0
7838208
16
72
3
8
81
288
122896917
0
7
123447717
840
4
7
0
5040
1
4
8
4
21504
1029
648
8
32
720
9
45
1260
0
21
0
54
10080
36
2352
10
15120
123456785
72
21870
1512
504
9
720
9072
432
1792
20
4
8
3024
123443829
9
4536
128
9
94080
6048
0
49
24
252
8
4592700
2646
6
96768
9
42
2
10080
1764
4
24
72
5
64
810
123454269
54
9
9
1260
42
7
18144
6
46656
80
36
214326
16
864
28
7560
1152
54
2268
121714965
40
362880
123456405
0
27
123456765
7560
17010
30
441
45
9
2
189
576
123456784
196
3
123456787
8
6
294
56
8100
1008
35
34020
1225
48
4704
2520
3
54432
36
0
72
504
123455331
714420
123456773
16
0
2688
0
49
123266277
648
336
4
1260
100
3024
27000
1152
540
25
150
122381589
123416469
123456429
123456785
96
18
0
123456501
123456788
103680
123456645
21
3
6272
3
735
5
324
5
432
90
0
108864
54
181440
123361533
3
6
64
216
123420501
3360
3
9
21168
288
48
9
0
7
123456765
200
123455445
238140
25
192
18
72
3528
123456769
0
0
40320
336
516096
1120
9
405
0
18816
0
0
84
155520
4
39200
60480
40
49
30240
0
123456519
28
40320
112
150
210
12096
360
8000
98784
56
1152
123456708
123456782
123448149
1411200
6561
8
6
87480
105
10368
317520
123456784
40
123386229
432
1944
123456629
12096
1512
6
4608
0
36288
320
123456741
7
2916
123456788
40
252
720
720
124416
1890
123394069
10368
28
6
40
490
9
8
47628
123456717
123456787
0
567
17280
0
1350
18144
630
123447381
123454549
1440
9
56
123336789
14
560
252
3888
1960
288
72
6
8
1680
123456405
6
123456384
1890
2304
1800
1260
6
4
72
72
6
14400
6
123456609
6
72
45
1
7
448
18
30
9
7
672
1080
5
123456759
480
6
864
150
123453333
123456779
1008
145152
189
6
132300
1512
8
1890
8
0
378
63
28224
5
123456747
54
18816
40824
0
3240
4
123454485
94080
56
8
8
1008
1512
123347925
294
123456769
72
49
11340
63
192
54
15
123456654
504
6
123391989
2160
0
441
123448389
288
2240
3240
1728
2592
2592
8
8
28
81
123450069
24192
0
1080
0
672
0
12960
144
123456773
122731029
72
7
8
18
245
1440
2646
3951360
16
45
63
123426069
90
35
63
72
864
72
1440
123456117
8750
96
1
123456786
72
0
9
6
9
4
2016
7
60
54
20160
72
432
9
1920
816480
123456453
45
21
0
32
864
123453765
36
81
123452757
21
9
4
168
1296
120
7
1975680
123451605
7
64
268800
144
108
175
9
123456645
0
123456784
3
1120
840
126
8
270
48
378
64
123456768
72
810
36
123021333
5
0
64
0
192
378
63
6615
5
63
0
7875
504
1
32
54
54
16200
47250
45
1071630
8
25920
20
81
896
9
8
0
5832
49
17010
9
4536
126
9
123452901
2688
432
123456783
336
7
2160
1764
123454359
123456787
123456744
18
2
123456768
486
180
270
2
21
15
192
123417909
504
123456501
567
21
123456785
56
123456782
81
264600
1524096
123456788
9
36
0
123453549
4536
123455709
0
1728
123448149
256
0
28
21870
6
42
123454629
0
320
56
2700
3
256
1620
6804
1161216
75
672
8
123456733
10752
2
72
875
123456565
8
20160
63
1080
117600
16
8
48
135
378
2
40
8
288
123181164
8
40
320
123456589
18
56
72
5103
0
54
9
0
16
2400
0
840
48
2
123456693
10752
123452181
0
72
8
13440
84
1920
123197589
559872
64512
123456753
4200
720
6048
16
0
8
840
972
13824
112
23040
1152
12
123456285
4
50
28224
123456783
123456725
0
123456747
2400
1008
123456429
140
378
84
40
216
3240
1620
8
8
144
19440
122212629
2352
6
45
9
9
0
7
7
40
123456309
12
6
290304
0
43008
123453765
9
0
64
7
294
108
30618
256
4
123456753
70
20160
51840
9
2268
22680
9
35
123456654
1225
0
54
21
2304
3
1323
45
0
45
2903040
210
5
3
200
0
224
419904
8
123455189
150
30
504
5
123456787
9
360
63
2304
123456754
120
0
1296
0
72
7
270
9
27
280
123455349
49
123456645
123456729
18900
9
3
18522
123456782
210
64
2205
48
0
4
882
7
32400
123456768
123456709
8
9600
240
32
10206
32
63
86400
2
1
896
54
8
40
64
120
72
81
2160
0
56
3
6
420
7
8
40
9
8
20
10080
1
45
1344
123409749
6
320
54432
2268
2646
6
123426549
9
480
9
1620
40320
14
108
5
1728
28
20
384
0
24
15
123456785
123436053
54
123443559
280
324
123455781
9072
6
108864
720
123456663
8
1
123372117
54
1536
123456780
1296
6
144
56
40
648
686
27
8
123456780
7
123454689
84
10
441
11760
1728
21
3
2
0
0
90
123456784
7
6
756
9
44100
40
5
9
0
7
123456600
9
245
72
14
123042069
36
2688
123456769
62208
504
32
576
10
63
2592
1176
10368
123438357
54
72
240
123456357
729
6144
42
9
1176
5832
123456661
123456747
0
448
160
72
123453009
378
123456774
45
4608
7
123456453
8400
20
12
80
252
15
123455637
32928
123441669
24
7
72576
0
0
42
25
10080
18
0
123366069
64
123455349
524880
567
256
7
69984
384
6
192
10240
123456708
3024
63
32
9
12960
140
17496
7
4
9
525
2205
123451749
72
10
122950539
81
126
3240
1960
1960
9
192
21
6
84
4374
6
16
9
63
567
128
504
240
60
36
14112
4
12
12096
123432093
24
37800
123456740
840
4
5
360
123386229
7
123456783
0
5
40
6
25
1350
90
12
0
123456741
504
123456783
8
6300
1
226800
2304
123456693
123456642
28
756
123456781
0
84
3
123396309
7
0
12348
123456786
123456784
6
11340
1575
1152
123456771
123456788
210
28
3888
123184629
123456735
4
9
49
3
54
2304
7168
3
216
135
12
64
0
1080
336
1
432
8
123440589
2646
9
5
0
7
2
5184
123456747
720
216
8
248832
72
8
432
30
34992
0
252
3
7056
36
576
6
5
8
123456781
350
2160
7
432
324
27216
2520
36
0
98784
1728
72
1350
90
25
6
126
3
0
32256
123456749
576
576
12
123443829
123382701
3456
336
30
504
4
3
123456787
56
49
123372117
123139269
123408189
1960
72
48
288
0
4
40
0
1866240
512
210
144
60
0
0
123454269
1512
98
72
241920
63
48
123454629
0
7350
6
16128
2058
123452253
4032
18
13440
63
15552
576
144
123456663
3
9
7
9600
123456709
9
288
8
200
1944
8192
884736
5832
52920
9
15552
123456787
72
13122
3584
77760
3
2268
2
294
2688
8
340200
56
4
81
4
8
123456787
81
24
11340
123250989
7
9
192
14
6
4536
81
9
63
9
9
3
0
128
123456774
864
2
103680
686
31360
2
42
10080
123456754
2
2048
360
1890
7938
123451605
64
10
0
121843317
864
576
5103
108
27
30
123418389
0
3
123456786
123456725
7
14
123456573
18
7
1176
6
180
7875
123451605
441
9
123456747
32
48
540
17280
72
8
4800
123456509
105
14
6300
36
123451605
270
112
5
1960
60480
9
64
45927
48
9
2016
123116589
7
0
123456780
41472
196
4
24
123454845
123436629
24
56
20736
0
123456726
3
72
9
0
1715
60480
1
216
15
0
72
864
720
504
36
360
123456780
32
52920
0
17640
4
27
16
0
123438645
504
123456787
7
135
7
54
45
1400
0
122927589
294
123456645
3888
7
576
0
16
123456681
800
787320
123456348
14
0
231525
56
123455389
18
2
5103
8
4000
32
2
2488320
8
36
3
123456777
26880
58320
123456787
3
0
288
123036885
103680
123456495
8
8
123456753
123449229
123456693
5
112
28
9
2625
123456788
123456681
8
6
123456788
64
123456725
9
9
0
45
387072
17010
5103
6
135
0
123218649
5040
0
123456747
315
0
486
233280
0
280
0
0
20
648
240
1
0
7
0
8
35
1296
2520
122440725
840
2916
0
8
100
600
122912469
648
56
1344
28350
11340
0
432
123456786
336
112
210
8
11520
30
53760
2
123456777
72
7
63
64827
123416289
0
25920
81
56
3528
32
2352
432
123455493
162
62208
91854
36
20412
36288
123455829
123447717
23040
123449013
336
7
1
2592
123456759
8
540
123455979
40
9
9
8
123454845
24
40
7
7
7
0
288
160
6
540
7
432
5
6
54
7
216
20
64
144
9
72
54
0
9
148176
280
560
123456609
0
123456784
12096
126
168
0
50
810
123456783
486
6
123456773
123456754
12
4
0
123456773
8820
4
63
729
5
8
16
4
294
0
35
3
28
3
0
68040
112
123456629
21
7
123456765
5376
270
123456771
512
16
9
576
123454997
18
320
123456754
54
12096
1350
123456788
12
15
0
1008
8
294
81
123456775
7
0
108
9
4
0
8505
0
0
123456726
0
58800
1470
16
2592
5103
63
15552
107520
9450
35
189
63
25
504
5832
35
392
123456786
42
6
4
10
360
5
123456765
8
123456757
123456411
123086349
123456309
504
123456744
81
2880
63
8
8820
2048
576
123456645
1512
160
123446499
123456069
2268
8
123456771
29400
123456786
42
8
1260
9
36
9
123134229
123456777
15
56
9
1728
123456765
2
432
4
441
7
0
0
123456411
27
108
6
72
56
544320
123455949
56
10080
3780
11340
252
123456785
600
64
123318549
123456709
1323
135
123456397
122931909
63
5
8
72
81
810
252
0
1680
2
35
63
123455169
123456785
288
864
8
4200
4
64
123456597
2100
7
56
1
8
1
123456717
512
80
9
1
1944
72
48
5
6
2160
123456389
7
1620
7
123456780
120
4
72
123403029
123456785
420
9
25
8
48
123403029
8
1
1440
126
315
123456597
123456537
123456708
15
441
5
8400
0
36
72
4608
4
105
120701169
46656
123456669
7
4860
0
24
7776
1470
3780
384
123456786
0
54
648
123456717
123456669
288
8
64
123456495
12096
123456222
0
8
0
8640
6
56
1470
30
1728
123455253
20
14
123456384
7680
123454829
64
81
4320
52488
3528
288
0
493920
123456781
8
2592
441
15120
127008
200
200
194400
63
123456762
30
123456784
16
2857680
180
1000
75600
63
9
123312789
8100
123456777
5
0
54
1344
144
1344
8
123410133
0
123456788
1260
14
9
56
8
96
3
64
256
19200
40
90
123436539
123429573
123449013
126
81
3360
56
123417909
315
81648
123422229
1680
123435189
2646
4608
123455655
20736
48384
122095989
32
4536
36
72
123456788
5625
60
2025
0
648
9
30
1152
9072
28
1
64
8
9
2352
80
150
0
0
6
0
0
224
11520
112896
123456705
672
123453009
123419157
2592
7
5832
224
0
1800
56700
1176
5184
12
3240
3528
6561
35
0
6
145800
25
672
9
122523669
216
3888
64
168
30240
9072
123455493
3
9
42
9
7
0
9
9
27
0
123456735
0
9
1134
81
123456621
28
7
123456705
648
12150
54
123438645
8
7
0
9
1600
1260
40
0
81
31752
0
123456784
123456781
11664
35
123410133
42
72
3024
31752
123454197
720
180
10800
40
486
392
42
64
1176
123445449
1
7
11760
882
7
9
7
8
7
5
72
1728
123456788
56
972
36864
6
42
352800
72
0
0
123456783
32400
3
123454629
4032
2016
24
1458
0
3
81
56
6
63
2016
245
2430
9
72
123456669
36288
441
123456785
15552
32256
420
196
6
62208
296352
9
9
64
48
1296
123456717
56
5
4375
6
123383061
80640
2058
0
123456705
324
5
0
144
72
6
48
0
0
2
16
123456609
210
1470
123445854
4536
72
5040
0
45
1296
122669469
10
123456627
123425685
123456537
648
147
71442
18
1350
378
81
56
123454997
21
2268
72
20
0
123455109
1280
55566
6
18
21
28
75264
8
72
18
35
360
432
126
14
35
294
7
104490261
144
56
35
1008
315
192
123456768
5
7
3456
9
60
576
3
9
8
123456749
8400
30
224
1440
123428565
72
123439509
840
6
1080
20
9
123456341
0
0
504
123360021
123456786
5
123449013
18
216
54
9
8
3
121642389
6480
48
7
4
42
432
9
9
74088
1
9
2
3456
11025
100
280
96
123166485
123456773
123456717
44800
300
8
2
540
252
504
192
6048
123456741
33600
8
9
123456629
0
360
7
2268
2304
840
8
163296
72
378
512
123456773
123456639
24
0
21
9
123456788
63
123456786
6
192
512
42
56
3
32
7
72
8
20
12960
31360
9720
7
5
42
72
8
190512
45360
20
144000
8
4
8
27216
9
3
216
7
31752
123125013
576
45
6
405
63
9
64
0
8
123456411
2
32
123325077
45
123456677
123455061
2700
42
9
9
54
81
7
6
155520
168
648
123456788
441
2240
480
16
6
378
36
2352
0
123452949
63
3840
18
123402357
48
36
33075
123437349
123456771
245
77760
123454521
0
25
48
9
45000
28
123456761
56
288
6
123366069
8
20412
1728
123295509
54432
2
42
140
4
9
3969
63
288
1008
367416
2
168
13440
24
45
123456775
4
9072
0
49
45
0
6
123350949
175
0
30
35
4
50
378
0
123456788
123318549
2400
123456744
8
10368
8
123436377
123455989
3
6
81
72
9
2
49
11520
18
72
8
1
8
56
48384
315
3024
145152
123400341
72576
7
48
34992
4536
24
108
6
27
8
1120
7
123360021
6
184320
5184
0
672
81
324
5040
123410709
64512
2
42
105840
63
18
64
9
8
8
0
123456788
4704
6
648
18
3888
7
96
162
2880
2
30
123456782
5
6
123456285
66150
1728
1960
5
8
36
80
8
952560
40
486
24
9
2
72
36
9
20
7
8
896000
6
2880
45
288
123456725
9
123456753
123456744
70560
6
486
63
2
54
810
432
1344
40
9
4
17496
2268
392
123456786
30
5
123444693
1176
8
1
12
12096
9
126
63
123456774
13608
756
35
123456725
1440
384
729
102060
8
6480
7
448
123069717
0
123456405
72576
326592
2016
2592
648
81
12
60480
432
123456762
6
123456787
123456783
1
567
123150609
656100
123455319
30
2
123454773
36
6
16128
14
9216
0
1920
256
21
81
840
0
56
8
8
560
8000
1866240
9
144
9
123456788
32
123375789
0
123456705
378
7
0
2
30
7
1890
2592
9
192
256
504
2016
432
5
0
64
0
1
256
0
123456771
490
5400
5
8
14
0
0
5
123456749
123453909
4
283500
7
81
0
56
720
9
4
486
7
135
48
15876
72
9
168
2
81
80640
7056
19440
0
826686
5
123456785
123454584
58320
123451497
217728
123455781
7
567
4
123456762
9
1
48
4
320
10080
567
48
0
324
5
123451669
123456726
123456765
1555200
9
3
1944
960
72
123455319
567
3
1
1680
28
60
17920
960
36450
196
123372117
450
72
123439293
486
122779413
120960
168
1280
123456749
40320
2592
34020
69120
9
123456761
123456761
362880
79380
967680
123456786
123456771
1080
72
280
280
36
3840
5
123456141
123450741
24
54
123456341
9
4704
31104
123456769
48
7
42
36288
28
9
10976
4536
142884
123456729
123456762
3
3456
123456405
80640
9
1944
144
8
9
200
30
36
2268
288
4
0
5
72
460800
9
7
5
435456
125440
1512
1
140
123456573
30
256
504
6
35
2016
123455253
20160
123456453
123453909
0
0
63
0
9
19200
3
123456285
122826933
123442677
15
9
123455829
123456689
56
18
123456693
9
123455389
90
6
72
123351813
123456771
123456744
729
5
8
180
123456754
123441237
5
294
123456785
123456788
40
72
7
36
11907
81
9
16
336
110592
47040
576
0
0
123456777
588
7
240
0
123456787
0
123456787
1728
6
1470
5
123456777
0
54
17920
8
123456780
324
2268
816480
123245109
2240
0
98
7
123480
123456705
1800
8960
40
6
123456341
3600
9
123444639
49
108
32256
90720
135
9
15
2352
15435
54
4
0
216
8820
6720
25200
200
40
16
13230
9
5103
8
63
12
12150
123456597
5
6
1
486
5
17496
0
343
120
270
123456759
56
123456787
4
123414453
0
5880
7
25
45
123456771
216
21504
30
123456788
30240
123434109
42
2058
252
6720
3456
192
30240
300
16
5
7
1890
3240
14112
123456775
0
8
2520
280
122504229
6
180
0
48
7
1280
2
5
672
180
17640
210
235200
0
378
0
216
324
81
123456774
1008
45
123456213
8
1
0
81
6
96
5
123454485
13230
2160
1
7
12
7
72
1440
123456735
8
3888
20
0
9
18
122990229
123456788
18
0
54
9
576
168
7
7
123456786
5
480
8
8
123456677
4480
123455493
123456717
0
6
0
162
5400
123406389
11520
9
6
35
5
64
123456777
123455669
3
504
28
1
6
123456629
112
123448284
27
123455829
1
81
331776
60
4096
7290
3780
1176
252
49
44800
0
123456784
6
30240
42
17010
8
41472
6
77760
253125
72
9
123455253
8
72
81
630
20
441
324
9
8640
123439293
7
123453144
180
5600
96
123456773
24
9
0
86400
63
1481760
80
0
8
0
12
567
6
5600
123456786
3072
123456783
12
90
9
30
48
123432975
63
12600
20736
9
0
7
35
123428117
123456777
648
8640
123456787
80
504
81
123456769
540
8
192
6
72
7
27
9
17640
8
4
4
5
0
6
14
324
504
3
9
49
160
123456474
144
123218649
9
42
84
56
2
54432
4480
0
34992
25
48
7
7680
5
174960
756
280
123456780
36
140
6
15
392
123451989
4
10080
8
9408
504
72
9
0
192
64
123449733
12
567
72
8
36
9
6912
7200
9450
216
504
11520
123456309
20
27
155520
112
168
1620
360
123445449
4
15120
486
3024
12
98
1029000
40
889056
123456663
5
441
432
123455613
4
4
8
2700
2940
8
128
1944
123232789
6
4536
123456060
6
2240
0
123456684
9
6
1029
448
0
9
123456777
123455319
12000
0
28
123088149
1120
8575
5
24
30
40
123456781
16
64800
123456777
45
9
204120
288
42
48
0
1
0
0
10
504
864
2
144
5670
2
5
49
216
81
81
123456759
123093909
56448
86016
810
123418389
10752
504
25920
123456439
81
56
1680
22680
123456785
9
0
15680
4
7
493920
1323
7200
8
15
27
35
49
123456787
0
9
13500
504
23040
3780
7
14
63
123456783
320
6
0
0
5184
31104
5
252
320
1
3600
8
286720
60480
810
123451605
0
140
36
81
54
123176853
0
648
66150
20
750
123075765
16800
3240
15
0
45
0
24
11664
10206
123387669
72
2799360
16800
10368
270
9
123456775
6
123456780
3072
1176
7
1296
270000
153600
123456788
90
9
56
3
8
252
11760
8
9
336
4
7
9
5760
2
72
9
123456747
123396309
48600
4
123456469
3528
336
10368
48384
6
504
123456684
123456717
1814400
768
56
63
4
392
63
123456369
5
123456780
6
8
72576
21
5832
192
5
64
123446709
36288
123437589
0
5
1200
72
123456589
123455844
123456725
9
28
64
18
5
31104
7
2916
9
8
123456779
4
1960
40
9
123442209
8
123456759
7
16
1344
3136
0
324
27
315
216
1
126
63
9
5
4
174960
512
48
36
350
300
2646
12
117600
64
336
63504
25
3
9
123452901
28
24
9
20
36
1350
0
1944
81648
3600
1024
0
5832
123456141
123456771
384
90
2
0
216
192
504
56
123451605
729
5
9216
0
9
123456749
840
1800
6
7
126
86400
36
9
25
20
45360
14
7
123456565
0
123456781
320
1120
123453333
54432
123442383
7
2
150
9
116640
81
42
123384213
16
0
8
123456785
432
243
123456717
40824
139968
123456788
123455669
216
14400
15750
7056
16
512
378
27
123456765
123455781
40
123456021
441
20
123456357
2160
123456749
8
7
0
0
30720
280
7
9
48
64
200
14580
84
123456729
729
10
123456693
960
48
123456783
645120
544320
4032
123456735
123456744
378
0
45
6300
123456783
56
27
48
123242463
6
27
6
9
392
240
42
27
2
10125
2
6
5
54
123450069
4
69984
2025
180
123456627
123456782
123456741
30
123456769
48
35
3
4536
123454101
6
0
96
9
7
245
4
0
10935
180
4608
18
8
24
7
42
20
48
123456771
9
1
138240
3645
384
3
5
0
576
8
5
120916629
27
324
3528
42
123456769
123456069
8
18
72
294
1
243
24
164640
123456757
72
0
81
123456762
123448149
175
35
108
378
9
1440
150
100
32
42
123455061
7
12
32
3
784
123069717
45
0
175
480
24
875
5
8
400
123453639
9
36
734832
405
3402
1
0
2352
378
3
6912
36
80
180
444528
54
123456573
3
224
864
24
123230997
288
3
32256
48
123456784
49
294
180
9
6
123456781
123456537
2352
56
61440
54
252
123456429
48
40
16
10
23520
81
2
8
1920
9
194400
0
123426069
72
810
9
7
123454485
0
384
35
32
7
240
10368
1260
640
3024
123456787
0
0
0
168
112
72
144
123456765
32256
15552
9
108
0
80640
233280
123456405
73728
567
648
1
729
36
9
8
123455221
720
123446583
2592
0
15552
270
320
0
209952
123456787
18
7
150
123456787
72
123448949
0
0
8
6
5
0
12
24
3
123456788
0
4
7
123456786
1680
53760
3
54432
5
112
432
21
224
123456771
16
123118101
123456788
108
9
84
123456341
81
405
123456645
72
10752
81
5
123456765
6125
3
0
123455925
5184
30240
1920
0
20
4
56
0
123456719
8
160
9
10368
123456753
72
84672
9
0
324
5184
0
9
96
35
56
63
0
123456754
122721957
123456735
8
5
123456753
123456761
48
5
42
56
504
123456782
0
123456549
8
123456787
2
2688
32
63
72
0
15
40
806400
336
55296
1
7
8
26460
123454549
10
34560
21600
35
123456627
123456781
42
0
48
28
93312
15
123456663
32
24
3240
123400089
9
0
57600
34560
0
16
80
7
8
56
9
25
6
1524096
2700
504
24
123456677
123456774
192
254016
14
40
0
8
2
8
9
756
360
0
54
2240
0
36
37632
504
7
123456669
86400
0
441
8
7168
8
6
0
2430
45
392
123446583
123455574
64
1440
123456693
112
10
123453333
123447573
0
0
8
1600
64
123456453
512
120
8
4
21
576
123456411
3
6
6
14
80
32
72
48
7
0
21168
4
118164789
56448
94080
0
32
0
84672
0
123456729
0
180
4
14112000
36
0
0
35
48
8
720
140
0
27
24
252
8
672
9
72
6
20
30
36
123456759
63
40
567
168
11760
0
9
123456411
81
12
2
123456784
245
18
123456735
120
123453333
123456785
123456348
180
54
0
6
336
0
123456775
174960
56
56
6
63
1036800
72
120735189
123456785
50
810
9
54
123455277
5
121424661
1728
3024
0
0
123455637
80640
46080
72
39690
37632
0
10080
123456726
1728
16
144
5184
7
3600
9
420
63
27648
5
36
112
123456600
8
36
504
0
9
72
123456747
504
123440789
123456788
6
0
2016
123449589
123446205
84
1890
30870
900
80
8
50400
25920
123439509
7
123202773
49152
123455709
64
180
9
63
320
0
1960
16128
32
123456777
0
211680
16
123456677
6
5
378
420
63
8
36
12
24
576
0
7
17920
5
2
27
189000
11760
123454521
6
7
81
5
7
1920
123176853
123455613
2352
7
32
12
9
32928
7
1440
81
175
12096
9
123456785
2940
9
448
123456788
210
4725
720
7
1350
6
14
81
4536
216
1260
4608
16
0
16
6
9
8
1008
123455893
123456765
7
4
80
6
129600
378
0
210
8
1568
48
0
20736
180
12
168
123456341
8
6048
123318549
6
6
1176
28
123441669
123436629
12150
0
3
288
123455061
56
123443829
1890
7
123456733
2
1920
9
18
7
193536
0
9
72
63000
8
56
40
6048
123451029
3888
123455253
2
0
3024
49
336
0
45
20
1536
0
1800
360
45
30
24
216
123366069
123455844
0
21
24
11520
123456768
7776
1536
6
123456663
40
123449109
192
123455829
123456229
784
6123600
7
252
16
0
648
15552
2
64
10
162
54
0
576
294
123450389
12
8
504
1008
1680
92610
45
35
7
10935
225
72
63
72
144
32928
1701000
0
19440
6
123456761
5184
123125013
8
0
1536
72
11520
123456775
72
14
288
4
123456747
123160437
8
0
6
27216
36
7
9
8
123456765
7
49
311040
9
120
63
6912
56
14
15309
8
1008
123134229
7
123453765
123456775
1944
123411429
129600
123456629
7
384
4
8
6
40824
21
8
123456645
567
123456777
9
7
272160
435456
123455829
224
5
6
8
0
24576
254016
9
123456021
8
4
123456782
123456519
180
225
441
3780
192
123454164
40
12096
45
123452085
45
5
5
6
6
7
9
160
16
16200
122232069
123456639
123456769
15
2016
6
290304
12800
279936
27
160
72
0
5
4
0
1176
0
192
153090
121823829
54
0
123456785
20412
5040
123456741
7
7
48
11340
7
24
3920
604800
0
16
9408
5
0
17280
315
216
0
14
9
24192
123456785
123456788
10
121383189
48
1134
54
6
0
0
8
6
117811989
512
9
123456744
9
9
4
123456021
2646
123456717
8
123456765
192
5184
9
123456783
32
840
240
123456726
123391962
210
392
1120
89164629
3600
14
1
360
6
2612736
123456757
2
105167637
7
588
4
9
72
8
9
16
648
3
81
7
56
18
81
72
36
1536
123456786
8
123327189
7
7
6
576
16128
63
36
63
0
1
75264
31752
122972949
21168
48
5292
5
150
6
2205
3
5184
1280
6
123456771
123083541
123093909
6272
45
448
5
4
18
11340
8
23328
23328
8
35
14
123456781
123456739
7
63
180
7
4
5184
6
27
30
567
123093909
123455221
8
2880
0
128
5
56
25
1296
3
108
160
630
6
7680
2
7
0
486
123455709
6300
9072
0
4
128
1008
24
576
3
294
0
5184
1728
9
6
56
123454197
172800
64
126
15
34020
9
72
4536
5
64
18144
192
4096
123456341
123456726
7
21
72
6000
123456785
175
336
4
192
123455829
54
10
229635
24
123456765
36
4032
123449985
1536
7
2
378
30
720
144
504
24
10368
24192
7
504
123456788
7
280
921600
9
4
6
123456788
19440
9
0
840
2
504
123456645
441
288
3456
18
241920
69120
8
123456762
123456222
20736
4
123452469
123439509
90720
123456765
123456693
10
1
105
5880
84672
10
8
77760
441
343
6
1512
576
100
36
42
123456213
60
123436377
5
8
224
64
8
0
12
25920
6048
810
5
405
81
216
192
192
28
210
192
288
9
320
6
1
9
48
980
0
567
18
64
72
6480
123447829
36
123456784
18816
123456783
144
81
14
63
5
294
56
192
28
54
28
288
28
123456765
2
1440
4
45
123111189
2304
123456784
2688
123456787
42
123447381
210
7
123456786
0
9
123443181
123456489
123456765
20
72
13608
36
123456669
270
0
0
108
0
5832
123456788
86400
8
123355539
123456669
19440
252
28
2
13608
3
9
680400
315
72900
79380
24
3402
123139269
336
123456573
32256
15360
1050
1080
123456609
378
4536
20
210
16
1800
56
123456771
3456
8
9
288
3888
11854080
921600
432
54
35
24
48
0
3
256
72
7
49
378
8
4
42
0
529200
864
56
432
4
123454845
16
1500282
3888
36
210
3888
9
64
7
1890
180
567
123456774
810
8
180
0
11664
0
4
45
2835
54
18432
63
648
40
8640
144
3920
123456777
123456725
5
8
0
126000
243
2058
123443829
123424389
123456397
12
48
36
216
123456777
192
864
8
56
123456726
216
0
0
123249429
5
648
896
8
3
5
63
123106869
123456579
123456645
20
448
9
7
1280
31104
148176
12
8640
123456669
123456609
6048
4608
72576
256
8
5
123429349
123456629
840
0
5
32
123456777
54
123456765
290304
2880
0
123441669
9
7
21
1120
4032
4032
1270080
0
8
576
8
64
6
40
3360
6
72
9
4032
42
123456784
0
8
123456787
420
122523669
9072
56
123456339
972
8
2016
49
432
0
27
123445125
6048
1680
320
56
123456765
480
72
23040
4
6
489888
6
123456708
35
3840
45
0
42
216
123456669
222264
3149280
6
48
123093909
1944
120
0
4
81
2268
1
123456600
459270
123456781
30240
3840
9
3240
9
56
63
207360
2
56
28224
3
882
123454437
192
1
81
882
560
4704
6
672
14
9
64
612360
560
432
240
123447829
123456787
320
4
96
0
1920
63
729
324
252
9
28
1458
3840
1
0
28
9
384
63
480
4
123456726
320
2
123456788
123456761
15680
4860
252
8
864
0
0
9
12800
40
9
123456600
45
504
4
1512
123456677
378
48
216
4
9
123456786
84
2
123444639
5
0
294
2016
42
1260
840
360
7
63
486
0
2205
1680
0
2268
57344
48
7
9450
81
9
123456629
123445589
123456741
102400
0
180
0
110592
48
49
6
28
378
123353109
729
14336
123364629
98
9
0
3
322560
0
123451749
1620
9
123456771
8
486
336
72
122247189
1344
123455061
41160
1512
252
0
6
8
123456021
123456717
123456303
123454899
144
72
8
8
123456645
8
49152
45
448
120
288000
64512
123455829
378
123456593
6
123421797
7
1620
72
123366069
324
0
120
123456757
24
15552
1080
49
0
123379029
960
288
6
0
42
123456369
72
432
14
0
2
1944
405
336
9
6
0
123441669
81
5040
105
0
486
63
0
9
123456453
108
17640
0
4
5
0
8
2268
123422229
24
7
7
7056
32
2352
32
123456726
8
27
0
8
123453429
972
9
123404949
0
7
45
9
123237269
72
123456681
72
35
576
336
56
123430869
4
1323
7
16128
48
378000
210
45
20160
9
63
324
9
123456788
720
123456783
48
734832
168
3456
72
123451497
6
162
123455925
64
72
0
168
32256
0
123456725
120
0
63
1890
32400
123456303
16
1728
504
123406389
123456765
504
123456754
72
0
9
56
4032
32
123456705
186624
123456735
1920
123456774
7
2
4608
14175
8
2835
6
18
32
123456787
10
10368
0
8
240
7
3
5184
9
3024
14
18144
123456369
32
123154389
30
0
7
21168
2381400
123450489
56
5
72
45
288
41472
5
1
62208
360
3024
48
1440
42
576
123456783
315
72
123456784
6
36
64
123456357
24
5
2016
2646
123456627
2352
5
4374
9
1728
504
0
36
9
0
8
9072
123456597
1152
5760
2688
123449013
5760
8
1680
6
320
123456757
0
486
216
0
4032
9
324
217728
324
68040
0
5376
480
4608
216
72
9
35
123425037
9
168
1764
105
294
4536
8505
4536
7
4
0
7
18
8
9
576
49
1
4
35
129654
7
384
540
123456285
1024
56
700
123433749
43200
324
9
286720
512
9
18
1469664
72
30
0
9
7
72
123455061
8
35
123211029
48
3087
72
123456642
123456757
580608
48
1
8
123455817
0
504
123429909
6
1728
210
192
5
980
107520
567
350
8
0
2058
123454773
15
81
112896
15000
9
2240
72
432
48
123456783
0
123456761
84672
42336
162
123456621
2430
123171021
576
24
756
480
63
2160
21
378
640
4536
1323
4
56
63
60
123456765
1000
64
150
120844053
282240
123456788
123456788
30870
3136
36
54
5376
384
7
123456693
720
8
12
486
123456782
224
123456753
0
2430
36000
123456786
7
7
7
81
123456762
24
64
512
2205
64
124416
378
225792
0
39690
0
5
600
1008
432
40
2
972
1260
192
95256
162
3072
0
123454773
55566
6
121575189
0
15
648
189
630
1512
40
441
960
395136
123456777
74088
12
576
0
95256
64
0
5
90
2
1728
64
5
1008
160
90
9
63
0
2205
5400
123456357
252
0
8
4860
9
72
3456
432
108
4
72
1
48
4
8
0
315
560
123456649
27
0
5880
9
123455989
256
8
0
118884501
432
1152
810
123456645
75600
5953500
0
27216
27
123424533
10
567
972
336
8
18
6
192
123456747
122972949
64
183708
7
0
123455655
56
5
9
6
3360
6912
0
1008
1536
6912
1280
15
0
56
3
48
0
2430
9
486
123456788
8
1680
0
336
162
120
648
192
63
20
49
1050
3150
123343893
1296
123456784
8
9
48
7056
64
56
432
113400
388800
0
5
2268
48
3402
9600
36
123456717
90
750
155520
2
20
12
0
0
8
225
126
6
123456781
1152
9
2646
72
0
80
81
123456753
5
0
540
123346197
28224
18
7
1
24
56
0
123456733
42
12000
56
49392
435456
32
123454389
145152
123295509
1350
3
8
1152
0
441
81648
139968
9
123456717
54
162
1
1050
36288
504
1764
72
54
56
49
392
27
0
120231189
103680
123456788
294
4
8
6
16200
5832
6
256
378
635040
0
6
180
0
123446709
648
6
45
0
90
0
0
144
0
7
0
44100
5184
9
35
12
123456705
56
123456787
18
432
1
1080
80
0
648
118884501
972
9
480
123417909
9
392
123406613
217728
54432
4
0
6720
75600
15
0
123456546
123456159
8
8
504
12
336
288
45
432
123456714
40
2903040
123456341
7
0
72
4032
32
0
0
123456777
0
466560
61440
9
5184
1440
5184
14
123456771
9
123456549
14
7
5
45
45
300
123456785
3456
123456741
8
18144
3072
36
280
45
62208
54
6
45360
1
367416
207360
160
864
48384
123404949
5
3150
0
8
123456785
2
4
5103
123456762
90720
0
108864
64
640
240
108
123456453
2520
1
63
63
9
189
0
123456771
5
672
8
45360
8
5
123456549
0
122515989
6
8
729
72
57600
17920
48
28672
112
123456744
0
0
8
18
32
1451520
6
7
2160
64
64
40
123370773
3
9
180
123456779
105840
42
7
420
123456725
30
9
9
225792
21168
0
123455253
0
0
8
4320
2304
123456771
294
2520
8
0
14112
72
19200
15
0
8
123456785
9
1920
56448
7
0
77760
2
2835
9
405
4410
123456785
9216
288
123456769
612360
72
441
123456708
42
1
20160
123456597
63
2
121975029
176400
360
9
96
72
3528
123456589
12096
20
8
9
123456785
123435621
8
4000
14
123456773
112
576
340200
567
8
20160
6
7
123456787
123456784
0
8
576
96
6
1944
2916
123456411
120
123456787
0
2
9
0
123456786
0
504
123455907
252
144
162
15
378
1080
8
28
216
7
0
384
123456677
9
23328
123456777
0
3360
9
720
1120
2160
8
192
8
123456788
5184
12096
72
1152
6
9
6
648
6912
40
1470
40
8400
0
13440
123447381
0
2
80
1920
9
336
8
4
6
28
576
123456780
40
45
320
10368
8
18
0
49
45
672
30
378
756
0
15552
30
2
486
123456309
7
123456765
3528
34560
0
123453333
729
0
15876
63
180
945
2016
7680
1
384
14
120
2
9
64
0
2646
63
25
123456788
123427629
6048
120
123456747
25
3024
2
3087
576
2016
7
9
7
72
1176
1344
123456341
7
123455655
18900
20
2
526848
123456787
123456717
123456787
315
5040
9
56
42
23040
70
35
42
280
8505
8
28
3780
123456357
300
12
120
31104
123456784
30
42
7000
123454101
2
123456784
123456788
8
0
12
1
56
450
4
123438645
122640309
0
864
64
123456785
36
41472
15
240
8
2592
123453909
9
3456
8
3888
123456663
60
36
0
102060
0
144
9
2835
640
288
32768
123456788
72
48384
27
123456784
123456786
72
5
72
9
9072
72
32
7
112
0
9
34560
5
648
9
120
21
36
12096
7
123456753
9216
24
336
25
1
20
5
714420
6
72
123456779
9
252
123452820
10368
419904
1728
45
9
23814
9
28
9
1080
3136
1296
42
98
54
12
9000
3240
9
0
576
9
256
7
63
0
221184
1296
2160
123455809
1
5670
18522
504
392
3136
123456786
192
123441669
0
0
96
78400
0
5
7
378
45
1890
30
96768
2
1143072
123456691
123456539
4
0
576
123456741
2646
1134
72
123456645
97200
7
15
123456669
123456784
72
22680
3
315
63
12
123451644
72
36
12348
35
432
0
504
123456757
123456747
729
1512
81
320
1
2
31104
8
9
18
160
508032
160
9
7840
64
54
0
9720
123456627
1470
7
672
2646
5
1800
1008
123397989
123448725
123456621
0
0
1350
123436053
7
360
8
123456775
2
123456783
7
8
123436629
6
2160
47040
1008
0
49
175
3
1680
18
672
336
360
7
123455349
8
72
9
1920
6
0
123455039
0
32400
3360
864
3
123456783
122912469
49
123456753
4
272160
7
123453909
630
324
10
7776
6561
1
123455253
480
123456785
9
45
3
4
8
756
0
6272
2
12600
16
864
0
72
72
6
64512
6
0
12150
25
9
5
20
123456213
16
6
81
48
0
123456774
0
6
123456693
8
158760
480
36
0
123456699
20736
8
12600
96
52920
8
9
123453589
48
0
6
3456
0
56
2
5760
7
123456744
6
2520
20
0
7
432
63
6
540
15120
9
6
2268
140
224
36
244944
123456708
5
123239061
68040
224
4
5
36
123456501
6720
72
2646
112
1344
16128
8
9
0
3840
9
576
7560
0
960
123456759
9
56
2304
18
6
8
2016
256
0
0
81
245
0
6
8
26880
8
3
123456465
2
14580
0
27
1728
189
123311637
7
1344
13824
1152
17920
123456753
56
1680
0
21
175
123456629
64
777600
54
5
123453009
9
112026069
123436944
7
45
0
4480
540
3528
224
315
6
96
486
8
24
0
3888
12
432
36
123456774
123456787
6
256
4
55296
123456769
123456771
64
0
6
31360
1959552
123456339
123455829
84
640
252
2880
123456501
2
1575
3024
3
123456788
123456201
302400
6
126
63
2
123275349
48
123456783
8
1080
123456341
36288
72
40
48
622080
432
864
252
160
3024
0
72
280
0
648
360
123456757
1260
32
504
8
56
18
1344
49
100
1008
35
9
252
123456501
56
324000
123456735
0
360
207360
1680
2916
4725
18
24
1728
123456784
8
0
8
163296
17640
72
0
5
8
72
168
8
14
512
240
123456033
1344
56
48
0
125
300
123456717
35
2160
172800
2160
63
98784
28
162
6
18816
0
480
3072
6
9
32400
123334317
4032
336
18
315
0
567
40824
168
20412
9
8
72
123456769
123432597
0
30
8
540
1080
6480
63
123445989
5
4032
56
180
25
98784
18900
5880
54
123446709
840
81
8
32256
27
123456788
9
60
123343389
512
9
0
123456285
2
81
3
24
189
2268
1512
64
20736
32400
168
784
48
8640
18
392
324
123176853
79380
35
288
79380
8575
123456708
36
1296
343
2160
123456787
1
216
1152
123456733
123053589
8
0
11664
630
2
123455760
7
0
45
0
829440
81
145152
28
1512
9
4572288
240
9720
72900
630
8
200
123438357
7
567
49
8
18144
123456781
63
486
123456781
7
88184853
5
4
2744
123454089
2520
17280
135
123456787
14
648
1440
123456693
123455781
123456788
48
123445449
0
7
1008
16
123455925
3
3
56
9
720
123456759
122972949
123456786
144
64
2
1890
5
8
840
4
216
31104
35
0
0
1008
7
0
0
5
30
42
8
1960
56
117811989
540
8
120
1728
123449985
123439149
123354729
42
3584
14
7200
672
360
42
9
0
32
2520
672
9
12960
0
123456741
162
123404949
123456564
5
1728
126
216
0
864
9
0
4
18
315
122327829
1620
123456785
35
8
72
72
1620
34560
3456
1728
8
280
8
8
123456779
123456663
448
6
17640
8192
1
123452901
256
210
123287445
9
123455709
2
1512
36
27
24
0
27216
123456784
63
30
123456627
123456784
9
448
123456501
9
4608
96
896
123456627
4
35
320
0
30
8
7
192
0
8
123445269
648
2880
123436053
6
22680
2
0
2
8064
42
12096
1814400
18
1350
123456788
6615
9
1323
79380
7
0
0
6
1224720
8
12
9
0
8
32
900
4
10976
192
1
18
56
5
50400
36
7
5
648
864
0
288
1680
54
123453717
123456774
123450957
392
54
9
8
672
2560
105
3
135
84672
0
54
338688
72
0
9072
123445029
432
1296
123394581
9
48
32
8400
1750
123456759
123456645
45
32
123456753
540
123456357
63
8
39200
1152
21
123456681
1620
0
9
5
54
5
123456782
123456573
3024
6
96768
123453909
72
810
336
14580
2520
45
48
5
0
576
21
11340
3
6
123421789
35
39690
72
1680
189
5880
0
123456783
40
6
6
28
45927
1680
123456341
8
3888
120
3402
6
486
4032
3
635040
3456
441
25
5832
8064
28
32
7680
0
123456784
12
2016
648
7776
45
110592
544320
360
24
6
0
6561
72
360
72
54
0
123442965
54
123456787
54432
252
3
567
9
1
56
4
123452309
36288
9
64
123456753
729
5
8
48
9072
9
0
0
224
123456733
21
40
123375141
8
1166400
18522
123456753
1470
352800
5
567
15552
1008
2
252
0
36
24
72
16
123456788
2304
120
294
0
343
1080
252
378
10080
123456639
4032
441
209952
123434837
392
123456735
252
10080
2160900
7
45
123456465
8
7
8
24192
288
392
65610
1568
2381400
8
128
123454845
6912
12
123441237
7
42
123033429
0
252
34560
123377409
0
123331349
1680
3969
18816
56
7
200
6
0
26880
63
123456784
123425037
14400
28224
441
0
123456786
54
8
0
6
630
0
1080
123455589
10
0
4644864
15552
5
7
576
123403029
35
9
9
123456771
8
2625
123290091
8
123450309
4
123437973
45
567
0
1350
7
42
0
24
3888
72
15
0
63
8
123452589
315
49392
24
9
123456757
123456681
648
9
28
123456747
18225
9
9
1890
54
144
9
8
123451189
0
18
2016
252
1960
45
123456735
120
28
120
4
57344
5
217728
81
123093909
63
80
123456769
72
123456773
29160
4536
40
22050
617400
448
5
72
123453261
14
560
945
123456573
0
7
840
8
64
10080
7
56
7
144
5184
123456309
6
18
9
138240
9
123211845
1
20580
4608
20736
8
44100
9
1
123431589
123456765
9
123456757
6480
0
3528
89600
1620
720
7
56
123442389
9
42
0
0
54
360
1
123454845
123455349
0
1080
63
123456786
4
6804
32
4860
7056
8
162
0
123456788
8
4032
6
64
9
24010
56
4
72
0
1372
5832
123456784
36
432
26880
0
1512
255150
54
960
4
48
224
8
0
81
77760
9
8
3888
61440
144
1512
1944
123420501
96
336
432
0
3840
8
54
405
1944
1568
123443829
0
123341589
45
27
5184
81
123445539
3
302400
9
1920
60
12096
0
158760
56
3
1
10368
384
9
3
21
60480
3
6
85050
1344
8
7
123456785
3087
123249429
6
7
11340
0
27
180
6
189
123454549
32
3
0
1152
875
123456453
0
1134
7
8
14336
96
84
9
5670
123456663
123454989
25
0
21
3
0
13226976
3402
56
168
123456544
270
9
35721
4536
1152
56
123456537
0
1008
3456
567
63
2880
150
9
123456469
123456719
10752
384
0
123198741
27
123456733
9
123437349
123456661
81
3240
27
0
215040
2744
8
1512
0
1050
123456783
9
122453269
4
6
15120
0
123455445
54
120
5670
9
49
49
324
1260
35
1693440
1008
1
56
180
2016
5
56448
6
36
123425429
87480
480
1152
123456501
720
123451497
15
24
5400
21600
103680
280
81
2
123450069
7840
0
2916
13440
0
12348
235200
7
800
22680
486
7200
0
5040
8
175
7
1080
987840
72
123396309
81
72
360
54432
4
5832
64
8
6
4
23328
0
63
2688
123454549
244944
54
123456573
6
15360
123456593
6
123456765
7
42
384
56
8
32
8
540
16
7
210
0
0
162
0
72
18
54
123456773
0
48
0
648
36
75
1620
9
288
4
3
123456717
123454845
17496
233280
8
0
123456757
7
8
123252669
11520
51030
72
288
9
1
768
42
123456735
123456784
54
12096
490
1458
9
0
2304
144
40960
294
75264
3
123456681
181440
5
72
0
8
0
123456717
9
18
1680
40
15
123456777
0
81
5832
17640
0
8
168
8
405
4
72
123456565
36
3
64
126
123455529
3
210
224
4
20
123456699
123456761
123456781
3969
122811669
123456783
9
10
63
123456661
10080
6
0
1728
441
123099579
224
20
81
10080
1344
8
54
0
123456769
0
123456788
504
5
6
123456785
123456117
144
5292
408240
121123989
123456787
24
36
140
36288
11520
18144
123456777
102060
4
29160
81
123456629
8064
2700
7
147
21
864
123453765
32
123456773
2160
7560
84
123456397
123403029
56
36
3
6
9
252
8
648
168
123456765
123456783
7
16
36
640
49
367416
60
648
7
64
144
6615
0
48
6
9
3780
72
45
3
63
123456777
6
121575189
20736
48
8
18144
63504
9
123416469
272160
7
7200
25200
2
6
8
8
9
54
105840
864
56
123456773
2016
123267789
8
30
123456677
123456785
225792
81
24192
189
48600
2058
123442209
432
18
123456781
9
1
32
56
36
864
45
9
3
123456117
0
4
280
672
19845
3
448
245
72
3024
9
20480
2268
123456744
24
122440725
54
2268
81
2450
2160
35280
123446709
9
168
7
7
12
112000
64
96768
16800
1728
80
16128
8
8
30
324
123456249
42
123453653
8
3
540
18000
123456759
123455829
0
26460
8
123456783
144
81
3528
123447573
210
972
2
270
123456501
8
1
1152
8
10080
140
6
189
6
3240
5
123452415
42
2268
126
210
252
9
252
100800
72576
9
6
47040
64
0
1600
23328
7
378
72
864
135
0
30
123456785
9
144
9
18
21
123456645
0
120
1800
123456741
1
123455493
42
5250
123456708
8
17010
768
8
324
0
432
10584
9
2
123209829
0
480
5
5
252
123455025
30
24
10368
8
112
123456741
1050
144
6
123456783
8
123415629
35
729
1400
45
1344
72
288
5
0
0
17010
2
56
1
480
0
127008
56
9
20
8
168
252
9
8
64
10
0
123456787
2304
12
2016
0
72
453600
6
123454899
49
1260
1296
0
9
336
1080
123453873
54
9
720
0
4
15
1620
8100
567
123455781
12
352800
2916
81
1
294
28
442368
36
9
448
1120
216
58800
123446709
123456735
49
2
192
156800
384
54
123452379
123456741
560
243
123456777
122247189
135
123456717
72
12
48
8
32
7
4
31500
123456509
82944
504
162
14
12
168
6
123456708
40
3920
8640
48
123434109
5
123456788
18
3840
5
6
30
36
217728
230400
123456609
288
2
3
54
1008
8820
3
441
378
896
5670
0
1
0
4
486
0
2880
576
24
54
4800
504
56
7
642978
5
12096
2592
4
1620
5040
0
123456787
3240
4
9
123455893
10368
12
122596629
63
0
123456565
72
123456753
10
63
1
9
36
1620
123456784
2352
8
72
72
123448284
7
378
7
64
2
42
128
648
2
3
6
35
7
5
8
9
4
64
256
0
123456501
0
6
18816
252
8
2
63
123456645
181440
504
